#
# There is insufficient memory for the Java Runtime Environment to continue.
# Native memory allocation (malloc) failed to allocate 50331648 bytes for committing reserved memory.
# Possible reasons:
#   The system is out of physical RAM or swap space
#   In 32 bit mode, the process size limit was hit
# Possible solutions:
#   Reduce memory load on the system
#   Increase physical memory or swap space
#   Check if swap backing store is full
#   Use 64 bit Java on a 64 bit OS
#   Decrease Java heap size (-Xmx/-Xms)
#   Decrease number of Java threads
#   Decrease Java thread stack sizes (-Xss)
#   Set larger code cache with -XX:ReservedCodeCacheSize=
# This output file may be truncated or incomplete.
#
#  Out of Memory Error (os_linux.cpp:2798), pid=21931, tid=140554623411968
#
# JRE version: OpenJDK Runtime Environment (7.0_65-b32) (build 1.7.0_65-b32)
# Java VM: OpenJDK 64-Bit Server VM (24.65-b04 mixed mode linux-amd64 compressed oops)
# Derivative: IcedTea 2.5.2
# Distribution: Ubuntu 14.04 LTS, package 7u65-2.5.2-3~14.04
# Failed to write core dump. Core dumps have been disabled. To enable core dumping, try "ulimit -c unlimited" before starting Java again
#

---------------  T H R E A D  ---------------

Current thread (0x00007fd57413d800):  VMThread [stack: 0x00007fd56c566000,0x00007fd56c667000] [id=21944]

Stack: [0x00007fd56c566000,0x00007fd56c667000],  sp=0x00007fd56c665490,  free space=1021k
Native frames: (J=compiled Java code, j=interpreted, Vv=VM code, C=native code)
V  [libjvm.so+0x9486a5]  VMError::report_and_die()+0x175
V  [libjvm.so+0x48b904]  report_vm_out_of_memory(char const*, int, unsigned long, char const*)+0x74
V  [libjvm.so+0x7c76ab]  os::pd_commit_memory(char*, unsigned long, unsigned long, bool)+0xeb
V  [libjvm.so+0x7c216f]  os::commit_memory(char*, unsigned long, unsigned long, bool)+0x1f
V  [libjvm.so+0x8338fb]  PSVirtualSpace::expand_by(unsigned long)+0x5b
V  [libjvm.so+0x834750]  PSYoungGen::resize_generation(unsigned long, unsigned long)+0xb0
V  [libjvm.so+0x834e3b]  PSYoungGen::resize(unsigned long, unsigned long)+0x1b
V  [libjvm.so+0x831120]  PSScavenge::invoke_no_policy()+0xde0
V  [libjvm.so+0x8318f8]  PSScavenge::invoke()+0x38
V  [libjvm.so+0x7e82d3]  ParallelScavengeHeap::failed_mem_allocate(unsigned long)+0x63
V  [libjvm.so+0x94a0a4]  VM_ParallelGCFailedAllocation::doit()+0x84
V  [libjvm.so+0x94e597]  VM_Operation::evaluate()+0x47
V  [libjvm.so+0x94cf08]  VMThread::evaluate_operation(VM_Operation*)+0x318
V  [libjvm.so+0x94d369]  VMThread::loop()+0x219
V  [libjvm.so+0x94d7b2]  VMThread::run()+0x72
V  [libjvm.so+0x7c4572]  java_start(Thread*)+0xf2

VM_Operation (0x00007fd57acad2a0): ParallelGCFailedAllocation, mode: safepoint, requested by thread 0x00007fd57400b000


---------------  P R O C E S S  ---------------

Java Threads: ( => current thread )
  0x00007fd57416e800 JavaThread "Service Thread" daemon [_thread_blocked, id=21950, stack(0x00007fd56781d000,0x00007fd56791e000)]
  0x00007fd57416c000 JavaThread "C2 CompilerThread1" daemon [_thread_blocked, id=21949, stack(0x00007fd56c061000,0x00007fd56c162000)]
  0x00007fd574169000 JavaThread "C2 CompilerThread0" daemon [_thread_blocked, id=21948, stack(0x00007fd56c162000,0x00007fd56c263000)]
  0x00007fd574167000 JavaThread "Signal Dispatcher" daemon [_thread_blocked, id=21947, stack(0x00007fd56c263000,0x00007fd56c364000)]
  0x00007fd574143800 JavaThread "Finalizer" daemon [_thread_blocked, id=21946, stack(0x00007fd56c364000,0x00007fd56c465000)]
  0x00007fd574141800 JavaThread "Reference Handler" daemon [_thread_blocked, id=21945, stack(0x00007fd56c465000,0x00007fd56c566000)]
  0x00007fd57400b000 JavaThread "main" [_thread_blocked, id=21939, stack(0x00007fd57abae000,0x00007fd57acaf000)]

Other Threads:
=>0x00007fd57413d800 VMThread [stack: 0x00007fd56c566000,0x00007fd56c667000] [id=21944]
  0x00007fd574181000 WatcherThread [stack: 0x00007fd56771c000,0x00007fd56781d000] [id=21951]

VM state:at safepoint (normal execution)

VM Mutex/Monitor currently owned by a thread:  ([mutex/lock_event])
[0x00007fd574007270] Threads_lock - owner thread: 0x00007fd57413d800
[0x00007fd574007770] Heap_lock - owner thread: 0x00007fd57400b000

Heap
 PSYoungGen      total 58880K, used 10488K [0x00000000eaa80000, 0x00000000eef80000, 0x0000000100000000)
  eden space 47616K, 0% used [0x00000000eaa80000,0x00000000eaa80000,0x00000000ed900000)
  from space 11264K, 93% used [0x00000000ed900000,0x00000000ee33e140,0x00000000ee400000)
  to   space 10752K, 0% used [0x00000000ee400000,0x00000000ee400000,0x00000000eee80000)
 ParOldGen       total 61952K, used 22824K [0x00000000c0000000, 0x00000000c3c80000, 0x00000000eaa80000)
  object space 61952K, 36% used [0x00000000c0000000,0x00000000c164a1e0,0x00000000c3c80000)
 PSPermGen       total 21504K, used 7317K [0x00000000b5a00000, 0x00000000b6f00000, 0x00000000c0000000)
  object space 21504K, 34% used [0x00000000b5a00000,0x00000000b6125400,0x00000000b6f00000)

Card table byte_map: [0x00007fd570571000,0x00007fd5707c5000] byte_map_base: 0x00007fd56ffc4000

Polling page: 0x00007fd57accc000

Code Cache  [0x00007fd5707c5000, 0x00007fd570a35000, 0x00007fd5737c5000)
 total_blobs=962 nmethods=710 adapters=205 free_code_cache=47058Kb largest_free_block=48143424

Compilation events (10 events):
Event: 3.104 Thread 0x00007fd57416c000  723             java.util.ComparableTimSort::mergeHi (716 bytes)
Event: 3.112 Thread 0x00007fd574169000  724             java.util.TimSort::binarySort (223 bytes)
Event: 3.126 Thread 0x00007fd574169000 nmethod 724 0x00007fd5709d3490 code [0x00007fd5709d3640, 0x00007fd5709d3f98]
Event: 3.128 Thread 0x00007fd574169000  725             com.android.dx.io.instructions.InstructionCodec$16::decode (58 bytes)
Event: 3.129 Thread 0x00007fd57416c000 nmethod 723 0x00007fd5709d9190 code [0x00007fd5709d9380, 0x00007fd5709da830]
Event: 3.129 Thread 0x00007fd57416c000  726             com.android.dx.io.instructions.InstructionCodec$16::encode (37 bytes)
Event: 3.131 Thread 0x00007fd574169000 nmethod 725 0x00007fd5709d4510 code [0x00007fd5709d4660, 0x00007fd5709d4858]
Event: 3.131 Thread 0x00007fd57416c000 nmethod 726 0x00007fd57087edd0 code [0x00007fd57087ef40, 0x00007fd57087f178]
Event: 3.137 Thread 0x00007fd574169000  727             com.android.dx.io.instructions.RegisterRangeDecodedInstruction::<init> (26 bytes)
Event: 3.138 Thread 0x00007fd574169000 nmethod 727 0x00007fd57087ea50 code [0x00007fd57087eba0, 0x00007fd57087ecb8]

GC Heap History (10 events):
Event: 1.611 GC heap after
Heap after GC invocations=2 (full 0):
 PSYoungGen      total 27648K, used 3553K [0x00000000eaa80000, 0x00000000ec900000, 0x0000000100000000)
  eden space 24064K, 0% used [0x00000000eaa80000,0x00000000eaa80000,0x00000000ec200000)
  from space 3584K, 99% used [0x00000000ec580000,0x00000000ec8f8670,0x00000000ec900000)
  to   space 3584K, 0% used [0x00000000ec200000,0x00000000ec200000,0x00000000ec580000)
 ParOldGen       total 61952K, used 5918K [0x00000000c0000000, 0x00000000c3c80000, 0x00000000eaa80000)
  object space 61952K, 9% used [0x00000000c0000000,0x00000000c05c7998,0x00000000c3c80000)
 PSPermGen       total 21504K, used 5936K [0x00000000b5a00000, 0x00000000b6f00000, 0x00000000c0000000)
  object space 21504K, 27% used [0x00000000b5a00000,0x00000000b5fcc210,0x00000000b6f00000)
}
Event: 2.594 GC heap before
{Heap before GC invocations=3 (full 0):
 PSYoungGen      total 27648K, used 27424K [0x00000000eaa80000, 0x00000000ec900000, 0x0000000100000000)
  eden space 24064K, 99% used [0x00000000eaa80000,0x00000000ec1cfd58,0x00000000ec200000)
  from space 3584K, 99% used [0x00000000ec580000,0x00000000ec8f8670,0x00000000ec900000)
  to   space 3584K, 0% used [0x00000000ec200000,0x00000000ec200000,0x00000000ec580000)
 ParOldGen       total 61952K, used 5918K [0x00000000c0000000, 0x00000000c3c80000, 0x00000000eaa80000)
  object space 61952K, 9% used [0x00000000c0000000,0x00000000c05c7998,0x00000000c3c80000)
 PSPermGen       total 21504K, used 7250K [0x00000000b5a00000, 0x00000000b6f00000, 0x00000000c0000000)
  object space 21504K, 33% used [0x00000000b5a00000,0x00000000b6114908,0x00000000b6f00000)
Event: 2.600 GC heap after
Heap after GC invocations=3 (full 0):
 PSYoungGen      total 27648K, used 3552K [0x00000000eaa80000, 0x00000000ec900000, 0x0000000100000000)
  eden space 24064K, 0% used [0x00000000eaa80000,0x00000000eaa80000,0x00000000ec200000)
  from space 3584K, 99% used [0x00000000ec200000,0x00000000ec5781b8,0x00000000ec580000)
  to   space 3584K, 0% used [0x00000000ec580000,0x00000000ec580000,0x00000000ec900000)
 ParOldGen       total 61952K, used 7971K [0x00000000c0000000, 0x00000000c3c80000, 0x00000000eaa80000)
  object space 61952K, 12% used [0x00000000c0000000,0x00000000c07c8c40,0x00000000c3c80000)
 PSPermGen       total 21504K, used 7250K [0x00000000b5a00000, 0x00000000b6f00000, 0x00000000c0000000)
  object space 21504K, 33% used [0x00000000b5a00000,0x00000000b6114908,0x00000000b6f00000)
}
Event: 2.786 GC heap before
{Heap before GC invocations=4 (full 0):
 PSYoungGen      total 27648K, used 27616K [0x00000000eaa80000, 0x00000000ec900000, 0x0000000100000000)
  eden space 24064K, 100% used [0x00000000eaa80000,0x00000000ec200000,0x00000000ec200000)
  from space 3584K, 99% used [0x00000000ec200000,0x00000000ec5781b8,0x00000000ec580000)
  to   space 3584K, 0% used [0x00000000ec580000,0x00000000ec580000,0x00000000ec900000)
 ParOldGen       total 61952K, used 7971K [0x00000000c0000000, 0x00000000c3c80000, 0x00000000eaa80000)
  object space 61952K, 12% used [0x00000000c0000000,0x00000000c07c8c40,0x00000000c3c80000)
 PSPermGen       total 21504K, used 7281K [0x00000000b5a00000, 0x00000000b6f00000, 0x00000000c0000000)
  object space 21504K, 33% used [0x00000000b5a00000,0x00000000b611c600,0x00000000b6f00000)
Event: 2.792 GC heap after
Heap after GC invocations=4 (full 0):
 PSYoungGen      total 27648K, used 3553K [0x00000000eaa80000, 0x00000000ee080000, 0x0000000100000000)
  eden space 24064K, 0% used [0x00000000eaa80000,0x00000000eaa80000,0x00000000ec200000)
  from space 3584K, 99% used [0x00000000ec580000,0x00000000ec8f87d8,0x00000000ec900000)
  to   space 3584K, 0% used [0x00000000ec200000,0x00000000ec200000,0x00000000ec580000)
 ParOldGen       total 61952K, used 10159K [0x00000000c0000000, 0x00000000c3c80000, 0x00000000eaa80000)
  object space 61952K, 16% used [0x00000000c0000000,0x00000000c09ebd58,0x00000000c3c80000)
 PSPermGen       total 21504K, used 7281K [0x00000000b5a00000, 0x00000000b6f00000, 0x00000000c0000000)
  object space 21504K, 33% used [0x00000000b5a00000,0x00000000b611c600,0x00000000b6f00000)
}
Event: 2.907 GC heap before
{Heap before GC invocations=5 (full 0):
 PSYoungGen      total 27648K, used 27617K [0x00000000eaa80000, 0x00000000ee080000, 0x0000000100000000)
  eden space 24064K, 100% used [0x00000000eaa80000,0x00000000ec200000,0x00000000ec200000)
  from space 3584K, 99% used [0x00000000ec580000,0x00000000ec8f87d8,0x00000000ec900000)
  to   space 3584K, 0% used [0x00000000ec200000,0x00000000ec200000,0x00000000ec580000)
 ParOldGen       total 61952K, used 10159K [0x00000000c0000000, 0x00000000c3c80000, 0x00000000eaa80000)
  object space 61952K, 16% used [0x00000000c0000000,0x00000000c09ebd58,0x00000000c3c80000)
 PSPermGen       total 21504K, used 7297K [0x00000000b5a00000, 0x00000000b6f00000, 0x00000000c0000000)
  object space 21504K, 33% used [0x00000000b5a00000,0x00000000b61204b8,0x00000000b6f00000)
Event: 2.912 GC heap after
Heap after GC invocations=5 (full 0):
 PSYoungGen      total 27648K, used 3573K [0x00000000eaa80000, 0x00000000eee80000, 0x0000000100000000)
  eden space 24064K, 0% used [0x00000000eaa80000,0x00000000eaa80000,0x00000000ec200000)
  from space 3584K, 99% used [0x00000000ec200000,0x00000000ec57d7b0,0x00000000ec580000)
  to   space 10752K, 0% used [0x00000000ee400000,0x00000000ee400000,0x00000000eee80000)
 ParOldGen       total 61952K, used 18285K [0x00000000c0000000, 0x00000000c3c80000, 0x00000000eaa80000)
  object space 61952K, 29% used [0x00000000c0000000,0x00000000c11db708,0x00000000c3c80000)
 PSPermGen       total 21504K, used 7297K [0x00000000b5a00000, 0x00000000b6f00000, 0x00000000c0000000)
  object space 21504K, 33% used [0x00000000b5a00000,0x00000000b61204b8,0x00000000b6f00000)
}
Event: 2.998 GC heap before
{Heap before GC invocations=6 (full 0):
 PSYoungGen      total 27648K, used 27637K [0x00000000eaa80000, 0x00000000eee80000, 0x0000000100000000)
  eden space 24064K, 100% used [0x00000000eaa80000,0x00000000ec200000,0x00000000ec200000)
  from space 3584K, 99% used [0x00000000ec200000,0x00000000ec57d7b0,0x00000000ec580000)
  to   space 10752K, 0% used [0x00000000ee400000,0x00000000ee400000,0x00000000eee80000)
 ParOldGen       total 61952K, used 18285K [0x00000000c0000000, 0x00000000c3c80000, 0x00000000eaa80000)
  object space 61952K, 29% used [0x00000000c0000000,0x00000000c11db708,0x00000000c3c80000)
 PSPermGen       total 21504K, used 7309K [0x00000000b5a00000, 0x00000000b6f00000, 0x00000000c0000000)
  object space 21504K, 33% used [0x00000000b5a00000,0x00000000b6123448,0x00000000b6f00000)
Event: 3.009 GC heap after
Heap after GC invocations=6 (full 0):
 PSYoungGen      total 58368K, used 8786K [0x00000000eaa80000, 0x00000000eef80000, 0x0000000100000000)
  eden space 47616K, 0% used [0x00000000eaa80000,0x00000000eaa80000,0x00000000ed900000)
  from space 10752K, 81% used [0x00000000ee400000,0x00000000eec94b10,0x00000000eee80000)
  to   space 11264K, 0% used [0x00000000ed900000,0x00000000ed900000,0x00000000ee400000)
 ParOldGen       total 61952K, used 18285K [0x00000000c0000000, 0x00000000c3c80000, 0x00000000eaa80000)
  object space 61952K, 29% used [0x00000000c0000000,0x00000000c11db708,0x00000000c3c80000)
 PSPermGen       total 21504K, used 7309K [0x00000000b5a00000, 0x00000000b6f00000, 0x00000000c0000000)
  object space 21504K, 33% used [0x00000000b5a00000,0x00000000b6123448,0x00000000b6f00000)
}
Event: 3.160 GC heap before
{Heap before GC invocations=7 (full 0):
 PSYoungGen      total 58368K, used 56402K [0x00000000eaa80000, 0x00000000eef80000, 0x0000000100000000)
  eden space 47616K, 100% used [0x00000000eaa80000,0x00000000ed900000,0x00000000ed900000)
  from space 10752K, 81% used [0x00000000ee400000,0x00000000eec94b10,0x00000000eee80000)
  to   space 11264K, 0% used [0x00000000ed900000,0x00000000ed900000,0x00000000ee400000)
 ParOldGen       total 61952K, used 18285K [0x00000000c0000000, 0x00000000c3c80000, 0x00000000eaa80000)
  object space 61952K, 29% used [0x00000000c0000000,0x00000000c11db708,0x00000000c3c80000)
 PSPermGen       total 21504K, used 7317K [0x00000000b5a00000, 0x00000000b6f00000, 0x00000000c0000000)
  object space 21504K, 34% used [0x00000000b5a00000,0x00000000b6125400,0x00000000b6f00000)

Deoptimization events (10 events):
Event: 2.111 Thread 0x00007fd57400b000 Uncommon trap: reason=class_check action=maybe_recompile pc=0x00007fd570945ec0 method=com.android.dex.Leb128.writeUnsignedLeb128(Lcom/android/dex/util/ByteOutput;I)V @ 40
Event: 2.111 Thread 0x00007fd57400b000 Uncommon trap: reason=class_check action=maybe_recompile pc=0x00007fd570945ec0 method=com.android.dex.Leb128.writeUnsignedLeb128(Lcom/android/dex/util/ByteOutput;I)V @ 40
Event: 2.309 Thread 0x00007fd57400b000 Uncommon trap: reason=predicate action=maybe_recompile pc=0x00007fd570954e08 method=com.android.dex.Leb128.readUnsignedLeb128(Lcom/android/dex/util/ByteInput;)I @ 41
Event: 2.946 Thread 0x00007fd57400b000 Uncommon trap: reason=predicate action=maybe_recompile pc=0x00007fd5709a0ba0 method=java.util.ComparableTimSort.binarySort([Ljava/lang/Object;III)V @ 37
Event: 2.973 Thread 0x00007fd57400b000 Uncommon trap: reason=predicate action=maybe_recompile pc=0x00007fd5709c1a98 method=java.util.TimSort.binarySort([Ljava/lang/Object;IIILjava/util/Comparator;)V @ 37
Event: 3.094 Thread 0x00007fd57400b000 Uncommon trap: reason=array_check action=maybe_recompile pc=0x00007fd570890180 method=java.util.ComparableTimSort.binarySort([Ljava/lang/Object;III)V @ 193
Event: 3.112 Thread 0x00007fd57400b000 Uncommon trap: reason=array_check action=maybe_recompile pc=0x00007fd57091e588 method=java.util.TimSort.binarySort([Ljava/lang/Object;IIILjava/util/Comparator;)V @ 193
Event: 3.112 Thread 0x00007fd57400b000 Uncommon trap: reason=array_check action=maybe_recompile pc=0x00007fd57091e588 method=java.util.TimSort.binarySort([Ljava/lang/Object;IIILjava/util/Comparator;)V @ 193
Event: 3.112 Thread 0x00007fd57400b000 Uncommon trap: reason=array_check action=maybe_recompile pc=0x00007fd57091e588 method=java.util.TimSort.binarySort([Ljava/lang/Object;IIILjava/util/Comparator;)V @ 193
Event: 3.112 Thread 0x00007fd57400b000 Uncommon trap: reason=array_check action=maybe_recompile pc=0x00007fd57091e588 method=java.util.TimSort.binarySort([Ljava/lang/Object;IIILjava/util/Comparator;)V @ 193

Internal exceptions (10 events):
Event: 2.207 Thread 0x00007fd57400b000 Threw 0x00000000eafe5f58 at /build/buildd/openjdk-7-7u65-2.5.2/build/openjdk/hotspot/src/share/vm/prims/jvm.cpp:1247
Event: 2.207 Thread 0x00007fd57400b000 Threw 0x00000000eafe9d00 at /build/buildd/openjdk-7-7u65-2.5.2/build/openjdk/hotspot/src/share/vm/prims/jvm.cpp:1247
Event: 2.208 Thread 0x00007fd57400b000 Threw 0x00000000eafedb88 at /build/buildd/openjdk-7-7u65-2.5.2/build/openjdk/hotspot/src/share/vm/prims/jvm.cpp:1247
Event: 2.209 Thread 0x00007fd57400b000 Threw 0x00000000eaff2310 at /build/buildd/openjdk-7-7u65-2.5.2/build/openjdk/hotspot/src/share/vm/prims/jvm.cpp:1247
Event: 2.209 Thread 0x00007fd57400b000 Threw 0x00000000eaff5fb8 at /build/buildd/openjdk-7-7u65-2.5.2/build/openjdk/hotspot/src/share/vm/prims/jvm.cpp:1247
Event: 2.209 Thread 0x00007fd57400b000 Threw 0x00000000eaff9e58 at /build/buildd/openjdk-7-7u65-2.5.2/build/openjdk/hotspot/src/share/vm/prims/jvm.cpp:1247
Event: 2.209 Thread 0x00007fd57400b000 Threw 0x00000000eaffda60 at /build/buildd/openjdk-7-7u65-2.5.2/build/openjdk/hotspot/src/share/vm/prims/jvm.cpp:1247
Event: 2.211 Thread 0x00007fd57400b000 Threw 0x00000000eb005750 at /build/buildd/openjdk-7-7u65-2.5.2/build/openjdk/hotspot/src/share/vm/prims/jvm.cpp:1247
Event: 2.212 Thread 0x00007fd57400b000 Threw 0x00000000eb0084c8 at /build/buildd/openjdk-7-7u65-2.5.2/build/openjdk/hotspot/src/share/vm/prims/jvm.cpp:1247
Event: 2.579 Thread 0x00007fd57400b000 Threw 0x00000000ec0be1d0 at /build/buildd/openjdk-7-7u65-2.5.2/build/openjdk/hotspot/src/share/vm/prims/jvm.cpp:1247

Events (10 events):
Event: 3.112 Thread 0x00007fd57400b000 Uncommon trap: trap_request=0xffffffd6 fr.pc=0x00007fd57091e588
Event: 3.112 Thread 0x00007fd57400b000 DEOPT PACKING pc=0x00007fd57091e588 sp=0x00007fd57acad490
Event: 3.112 Thread 0x00007fd57400b000 DEOPT UNPACKING pc=0x00007fd5707fe445 sp=0x00007fd57acad458 mode 2
Event: 3.112 Thread 0x00007fd57400b000 Uncommon trap: trap_request=0xffffffd6 fr.pc=0x00007fd57091e588
Event: 3.112 Thread 0x00007fd57400b000 DEOPT PACKING pc=0x00007fd57091e588 sp=0x00007fd57acad490
Event: 3.112 Thread 0x00007fd57400b000 DEOPT UNPACKING pc=0x00007fd5707fe445 sp=0x00007fd57acad458 mode 2
Event: 3.112 Thread 0x00007fd57400b000 Uncommon trap: trap_request=0xffffffd6 fr.pc=0x00007fd57091e588
Event: 3.112 Thread 0x00007fd57400b000 DEOPT PACKING pc=0x00007fd57091e588 sp=0x00007fd57acad490
Event: 3.112 Thread 0x00007fd57400b000 DEOPT UNPACKING pc=0x00007fd5707fe445 sp=0x00007fd57acad458 mode 2
Event: 3.159 Executing VM operation: ParallelGCFailedAllocation


Dynamic libraries:
00400000-00401000 r-xp 00000000 08:01 12980957                           /usr/lib/jvm/java-7-openjdk-amd64/jre/bin/java
00600000-00601000 r--p 00000000 08:01 12980957                           /usr/lib/jvm/java-7-openjdk-amd64/jre/bin/java
00601000-00602000 rw-p 00001000 08:01 12980957                           /usr/lib/jvm/java-7-openjdk-amd64/jre/bin/java
01781000-017a2000 rw-p 00000000 00:00 0                                  [heap]
b5a00000-b6f00000 rw-p 00000000 00:00 0 
b6f00000-c0000000 rw-p 00000000 00:00 0 
c0000000-c3c80000 rw-p 00000000 00:00 0 
c3c80000-eaa80000 rw-p 00000000 00:00 0 
eaa80000-eef80000 rw-p 00000000 00:00 0 
f1f80000-100000000 rw-p 00000000 00:00 0 
7fd520000000-7fd520021000 rw-p 00000000 00:00 0 
7fd520021000-7fd524000000 ---p 00000000 00:00 0 
7fd528000000-7fd528061000 rw-p 00000000 00:00 0 
7fd528061000-7fd52c000000 ---p 00000000 00:00 0 
7fd52c000000-7fd52c021000 rw-p 00000000 00:00 0 
7fd52c021000-7fd530000000 ---p 00000000 00:00 0 
7fd530000000-7fd530021000 rw-p 00000000 00:00 0 
7fd530021000-7fd534000000 ---p 00000000 00:00 0 
7fd534000000-7fd5340c7000 rw-p 00000000 00:00 0 
7fd5340c7000-7fd538000000 ---p 00000000 00:00 0 
7fd538000000-7fd538b13000 rw-p 00000000 00:00 0 
7fd538b13000-7fd53c000000 ---p 00000000 00:00 0 
7fd53c000000-7fd53c021000 rw-p 00000000 00:00 0 
7fd53c021000-7fd540000000 ---p 00000000 00:00 0 
7fd540000000-7fd540021000 rw-p 00000000 00:00 0 
7fd540021000-7fd544000000 ---p 00000000 00:00 0 
7fd544000000-7fd544ae8000 rw-p 00000000 00:00 0 
7fd544ae8000-7fd548000000 ---p 00000000 00:00 0 
7fd548000000-7fd548021000 rw-p 00000000 00:00 0 
7fd548021000-7fd54c000000 ---p 00000000 00:00 0 
7fd54c000000-7fd54c021000 rw-p 00000000 00:00 0 
7fd54c021000-7fd550000000 ---p 00000000 00:00 0 
7fd550000000-7fd550021000 rw-p 00000000 00:00 0 
7fd550021000-7fd554000000 ---p 00000000 00:00 0 
7fd554000000-7fd5540e8000 rw-p 00000000 00:00 0 
7fd5540e8000-7fd558000000 ---p 00000000 00:00 0 
7fd558000000-7fd558021000 rw-p 00000000 00:00 0 
7fd558021000-7fd55c000000 ---p 00000000 00:00 0 
7fd560000000-7fd560021000 rw-p 00000000 00:00 0 
7fd560021000-7fd564000000 ---p 00000000 00:00 0 
7fd565a39000-7fd565b9a000 rw-p 00000000 00:00 0 
7fd565b9a000-7fd565bd7000 r-xp 00000000 08:01 2494466                    /lib/x86_64-linux-gnu/libpcre.so.3.13.1
7fd565bd7000-7fd565dd6000 ---p 0003d000 08:01 2494466                    /lib/x86_64-linux-gnu/libpcre.so.3.13.1
7fd565dd6000-7fd565dd7000 r--p 0003c000 08:01 2494466                    /lib/x86_64-linux-gnu/libpcre.so.3.13.1
7fd565dd7000-7fd565dd8000 rw-p 0003d000 08:01 2494466                    /lib/x86_64-linux-gnu/libpcre.so.3.13.1
7fd565dd8000-7fd565ddf000 r-xp 00000000 08:01 12722241                   /usr/lib/x86_64-linux-gnu/libffi.so.6.0.1
7fd565ddf000-7fd565fde000 ---p 00007000 08:01 12722241                   /usr/lib/x86_64-linux-gnu/libffi.so.6.0.1
7fd565fde000-7fd565fdf000 r--p 00006000 08:01 12722241                   /usr/lib/x86_64-linux-gnu/libffi.so.6.0.1
7fd565fdf000-7fd565fe0000 rw-p 00007000 08:01 12722241                   /usr/lib/x86_64-linux-gnu/libffi.so.6.0.1
7fd565fe0000-7fd565ff7000 r-xp 00000000 08:01 2494363                    /lib/x86_64-linux-gnu/libresolv-2.19.so
7fd565ff7000-7fd5661f7000 ---p 00017000 08:01 2494363                    /lib/x86_64-linux-gnu/libresolv-2.19.so
7fd5661f7000-7fd5661f8000 r--p 00017000 08:01 2494363                    /lib/x86_64-linux-gnu/libresolv-2.19.so
7fd5661f8000-7fd5661f9000 rw-p 00018000 08:01 2494363                    /lib/x86_64-linux-gnu/libresolv-2.19.so
7fd5661f9000-7fd5661fb000 rw-p 00000000 00:00 0 
7fd5661fb000-7fd56621b000 r-xp 00000000 08:01 2494493                    /lib/x86_64-linux-gnu/libselinux.so.1
7fd56621b000-7fd56641a000 ---p 00020000 08:01 2494493                    /lib/x86_64-linux-gnu/libselinux.so.1
7fd56641a000-7fd56641b000 r--p 0001f000 08:01 2494493                    /lib/x86_64-linux-gnu/libselinux.so.1
7fd56641b000-7fd56641c000 rw-p 00020000 08:01 2494493                    /lib/x86_64-linux-gnu/libselinux.so.1
7fd56641c000-7fd56641e000 rw-p 00000000 00:00 0 
7fd56641e000-7fd566421000 r-xp 00000000 08:01 12722358                   /usr/lib/x86_64-linux-gnu/libgmodule-2.0.so.0.4000.0
7fd566421000-7fd566620000 ---p 00003000 08:01 12722358                   /usr/lib/x86_64-linux-gnu/libgmodule-2.0.so.0.4000.0
7fd566620000-7fd566621000 r--p 00002000 08:01 12722358                   /usr/lib/x86_64-linux-gnu/libgmodule-2.0.so.0.4000.0
7fd566621000-7fd566622000 rw-p 00003000 08:01 12722358                   /usr/lib/x86_64-linux-gnu/libgmodule-2.0.so.0.4000.0
7fd566622000-7fd566728000 r-xp 00000000 08:01 2494394                    /lib/x86_64-linux-gnu/libglib-2.0.so.0.4000.0
7fd566728000-7fd566927000 ---p 00106000 08:01 2494394                    /lib/x86_64-linux-gnu/libglib-2.0.so.0.4000.0
7fd566927000-7fd566928000 r--p 00105000 08:01 2494394                    /lib/x86_64-linux-gnu/libglib-2.0.so.0.4000.0
7fd566928000-7fd566929000 rw-p 00106000 08:01 2494394                    /lib/x86_64-linux-gnu/libglib-2.0.so.0.4000.0
7fd566929000-7fd56692a000 rw-p 00000000 00:00 0 
7fd56692a000-7fd566979000 r-xp 00000000 08:01 12722374                   /usr/lib/x86_64-linux-gnu/libgobject-2.0.so.0.4000.0
7fd566979000-7fd566b79000 ---p 0004f000 08:01 12722374                   /usr/lib/x86_64-linux-gnu/libgobject-2.0.so.0.4000.0
7fd566b79000-7fd566b7a000 r--p 0004f000 08:01 12722374                   /usr/lib/x86_64-linux-gnu/libgobject-2.0.so.0.4000.0
7fd566b7a000-7fd566b7b000 rw-p 00050000 08:01 12722374                   /usr/lib/x86_64-linux-gnu/libgobject-2.0.so.0.4000.0
7fd566b7b000-7fd566ce6000 r-xp 00000000 08:01 12722344                   /usr/lib/x86_64-linux-gnu/libgio-2.0.so.0.4000.0
7fd566ce6000-7fd566ee6000 ---p 0016b000 08:01 12722344                   /usr/lib/x86_64-linux-gnu/libgio-2.0.so.0.4000.0
7fd566ee6000-7fd566eea000 r--p 0016b000 08:01 12722344                   /usr/lib/x86_64-linux-gnu/libgio-2.0.so.0.4000.0
7fd566eea000-7fd566eec000 rw-p 0016f000 08:01 12722344                   /usr/lib/x86_64-linux-gnu/libgio-2.0.so.0.4000.0
7fd566eec000-7fd566eee000 rw-p 00000000 00:00 0 
7fd566eee000-7fd566f05000 r-xp 00000000 08:01 12845528                   /usr/lib/jvm/java-7-openjdk-amd64/jre/lib/amd64/libnet.so
7fd566f05000-7fd567104000 ---p 00017000 08:01 12845528                   /usr/lib/jvm/java-7-openjdk-amd64/jre/lib/amd64/libnet.so
7fd567104000-7fd567105000 r--p 00016000 08:01 12845528                   /usr/lib/jvm/java-7-openjdk-amd64/jre/lib/amd64/libnet.so
7fd567105000-7fd567106000 rw-p 00017000 08:01 12845528                   /usr/lib/jvm/java-7-openjdk-amd64/jre/lib/amd64/libnet.so
7fd567106000-7fd567116000 r-xp 00000000 08:01 12845520                   /usr/lib/jvm/java-7-openjdk-amd64/jre/lib/amd64/libnio.so
7fd567116000-7fd567316000 ---p 00010000 08:01 12845520                   /usr/lib/jvm/java-7-openjdk-amd64/jre/lib/amd64/libnio.so
7fd567316000-7fd567317000 r--p 00010000 08:01 12845520                   /usr/lib/jvm/java-7-openjdk-amd64/jre/lib/amd64/libnio.so
7fd567317000-7fd567318000 rw-p 00011000 08:01 12845520                   /usr/lib/jvm/java-7-openjdk-amd64/jre/lib/amd64/libnio.so
7fd567318000-7fd56731b000 ---p 00000000 00:00 0 
7fd56731b000-7fd567419000 rw-p 00000000 00:00 0 
7fd567419000-7fd56741c000 ---p 00000000 00:00 0 
7fd56741c000-7fd56751a000 rw-p 00000000 00:00 0 
7fd56751a000-7fd56751d000 ---p 00000000 00:00 0 
7fd56751d000-7fd56761b000 rw-p 00000000 00:00 0 
7fd56761b000-7fd56761e000 ---p 00000000 00:00 0 
7fd56761e000-7fd56771c000 rw-p 00000000 00:00 0 
7fd56771c000-7fd56771d000 ---p 00000000 00:00 0 
7fd56771d000-7fd56781d000 rw-p 00000000 00:00 0                          [stack:21951]
7fd56781d000-7fd567820000 ---p 00000000 00:00 0 
7fd567820000-7fd56791e000 rw-p 00000000 00:00 0                          [stack:21950]
7fd56791e000-7fd568000000 r--p 00000000 08:01 12720962                   /usr/lib/locale/locale-archive
7fd568000000-7fd568021000 rw-p 00000000 00:00 0 
7fd568021000-7fd56c000000 ---p 00000000 00:00 0 
7fd56c061000-7fd56c064000 ---p 00000000 00:00 0 
7fd56c064000-7fd56c162000 rw-p 00000000 00:00 0                          [stack:21949]
7fd56c162000-7fd56c165000 ---p 00000000 00:00 0 
7fd56c165000-7fd56c263000 rw-p 00000000 00:00 0                          [stack:21948]
7fd56c263000-7fd56c266000 ---p 00000000 00:00 0 
7fd56c266000-7fd56c364000 rw-p 00000000 00:00 0                          [stack:21947]
7fd56c364000-7fd56c367000 ---p 00000000 00:00 0 
7fd56c367000-7fd56c465000 rw-p 00000000 00:00 0                          [stack:21946]
7fd56c465000-7fd56c468000 ---p 00000000 00:00 0 
7fd56c468000-7fd56c566000 rw-p 00000000 00:00 0                          [stack:21945]
7fd56c566000-7fd56c567000 ---p 00000000 00:00 0 
7fd56c567000-7fd56d5bf000 rw-p 00000000 00:00 0                          [stack:21944]
7fd56d5bf000-7fd56d770000 r--s 01d21000 08:01 12845500                   /usr/lib/jvm/java-7-openjdk-amd64/jre/lib/rt.jar
7fd56d770000-7fd56ffc4000 rw-p 00000000 00:00 0 
7fd56ffc4000-7fd56ffc5000 ---p 00000000 00:00 0 
7fd56ffc5000-7fd5700c5000 rw-p 00000000 00:00 0                          [stack:21943]
7fd5700c5000-7fd5700c6000 ---p 00000000 00:00 0 
7fd5700c6000-7fd5701c6000 rw-p 00000000 00:00 0                          [stack:21942]
7fd5701c6000-7fd5701c7000 ---p 00000000 00:00 0 
7fd5701c7000-7fd5702c7000 rw-p 00000000 00:00 0                          [stack:21941]
7fd5702c7000-7fd5702c8000 ---p 00000000 00:00 0 
7fd5702c8000-7fd5703d3000 rw-p 00000000 00:00 0                          [stack:21940]
7fd5703d3000-7fd57041b000 rw-p 00000000 00:00 0 
7fd57041b000-7fd57043a000 rw-p 00000000 00:00 0 
7fd57043a000-7fd570571000 rw-p 00000000 00:00 0 
7fd570571000-7fd57057c000 rw-p 00000000 00:00 0 
7fd57057c000-7fd5705c4000 rw-p 00000000 00:00 0 
7fd5705c4000-7fd5705e3000 rw-p 00000000 00:00 0 
7fd5705e3000-7fd570719000 rw-p 00000000 00:00 0 
7fd570719000-7fd57073c000 rw-p 00000000 00:00 0 
7fd57073c000-7fd5707c4000 rw-p 00000000 00:00 0 
7fd5707c4000-7fd5707c5000 rw-p 00000000 00:00 0 
7fd5707c5000-7fd570a35000 rwxp 00000000 00:00 0 
7fd570a35000-7fd5737c5000 rw-p 00000000 00:00 0 
7fd5737c5000-7fd5737cd000 r-xp 00000000 08:01 12845516                   /usr/lib/jvm/java-7-openjdk-amd64/jre/lib/amd64/libzip.so
7fd5737cd000-7fd5739cc000 ---p 00008000 08:01 12845516                   /usr/lib/jvm/java-7-openjdk-amd64/jre/lib/amd64/libzip.so
7fd5739cc000-7fd5739cd000 r--p 00007000 08:01 12845516                   /usr/lib/jvm/java-7-openjdk-amd64/jre/lib/amd64/libzip.so
7fd5739cd000-7fd5739ce000 rw-p 00008000 08:01 12845516                   /usr/lib/jvm/java-7-openjdk-amd64/jre/lib/amd64/libzip.so
7fd5739ce000-7fd5739d9000 r-xp 00000000 08:01 2494499                    /lib/x86_64-linux-gnu/libnss_files-2.19.so
7fd5739d9000-7fd573bd8000 ---p 0000b000 08:01 2494499                    /lib/x86_64-linux-gnu/libnss_files-2.19.so
7fd573bd8000-7fd573bd9000 r--p 0000a000 08:01 2494499                    /lib/x86_64-linux-gnu/libnss_files-2.19.so
7fd573bd9000-7fd573bda000 rw-p 0000b000 08:01 2494499                    /lib/x86_64-linux-gnu/libnss_files-2.19.so
7fd573bda000-7fd573be5000 r-xp 00000000 08:01 2494503                    /lib/x86_64-linux-gnu/libnss_nis-2.19.so
7fd573be5000-7fd573de4000 ---p 0000b000 08:01 2494503                    /lib/x86_64-linux-gnu/libnss_nis-2.19.so
7fd573de4000-7fd573de5000 r--p 0000a000 08:01 2494503                    /lib/x86_64-linux-gnu/libnss_nis-2.19.so
7fd573de5000-7fd573de6000 rw-p 0000b000 08:01 2494503                    /lib/x86_64-linux-gnu/libnss_nis-2.19.so
7fd573de6000-7fd573dfd000 r-xp 00000000 08:01 2494373                    /lib/x86_64-linux-gnu/libnsl-2.19.so
7fd573dfd000-7fd573ffc000 ---p 00017000 08:01 2494373                    /lib/x86_64-linux-gnu/libnsl-2.19.so
7fd573ffc000-7fd573ffd000 r--p 00016000 08:01 2494373                    /lib/x86_64-linux-gnu/libnsl-2.19.so
7fd573ffd000-7fd573ffe000 rw-p 00017000 08:01 2494373                    /lib/x86_64-linux-gnu/libnsl-2.19.so
7fd573ffe000-7fd574000000 rw-p 00000000 00:00 0 
7fd574000000-7fd574258000 rw-p 00000000 00:00 0 
7fd574258000-7fd578000000 ---p 00000000 00:00 0 
7fd578019000-7fd57801e000 r--s 0004c000 08:01 12845508                   /usr/lib/jvm/java-7-openjdk-amd64/jre/lib/jsse.jar
7fd57801e000-7fd57802c000 r--s 000dc000 00:18 920441                     /home/hscissors/Downloads/android-studio/sdk/build-tools/21.0.0/lib/dx.jar
7fd57802c000-7fd578035000 r-xp 00000000 08:01 2494283                    /lib/x86_64-linux-gnu/libnss_compat-2.19.so
7fd578035000-7fd578234000 ---p 00009000 08:01 2494283                    /lib/x86_64-linux-gnu/libnss_compat-2.19.so
7fd578234000-7fd578235000 r--p 00008000 08:01 2494283                    /lib/x86_64-linux-gnu/libnss_compat-2.19.so
7fd578235000-7fd578236000 rw-p 00009000 08:01 2494283                    /lib/x86_64-linux-gnu/libnss_compat-2.19.so
7fd578236000-7fd578261000 r-xp 00000000 08:01 12845515                   /usr/lib/jvm/java-7-openjdk-amd64/jre/lib/amd64/libjava.so
7fd578261000-7fd578461000 ---p 0002b000 08:01 12845515                   /usr/lib/jvm/java-7-openjdk-amd64/jre/lib/amd64/libjava.so
7fd578461000-7fd578462000 r--p 0002b000 08:01 12845515                   /usr/lib/jvm/java-7-openjdk-amd64/jre/lib/amd64/libjava.so
7fd578462000-7fd578464000 rw-p 0002c000 08:01 12845515                   /usr/lib/jvm/java-7-openjdk-amd64/jre/lib/amd64/libjava.so
7fd578464000-7fd578474000 r-xp 00000000 08:01 12845541                   /usr/lib/jvm/java-7-openjdk-amd64/jre/lib/amd64/libverify.so
7fd578474000-7fd578673000 ---p 00010000 08:01 12845541                   /usr/lib/jvm/java-7-openjdk-amd64/jre/lib/amd64/libverify.so
7fd578673000-7fd578675000 r--p 0000f000 08:01 12845541                   /usr/lib/jvm/java-7-openjdk-amd64/jre/lib/amd64/libverify.so
7fd578675000-7fd578676000 rw-p 00011000 08:01 12845541                   /usr/lib/jvm/java-7-openjdk-amd64/jre/lib/amd64/libverify.so
7fd578676000-7fd57867d000 r-xp 00000000 08:01 2494380                    /lib/x86_64-linux-gnu/librt-2.19.so
7fd57867d000-7fd57887c000 ---p 00007000 08:01 2494380                    /lib/x86_64-linux-gnu/librt-2.19.so
7fd57887c000-7fd57887d000 r--p 00006000 08:01 2494380                    /lib/x86_64-linux-gnu/librt-2.19.so
7fd57887d000-7fd57887e000 rw-p 00007000 08:01 2494380                    /lib/x86_64-linux-gnu/librt-2.19.so
7fd57887e000-7fd578894000 r-xp 00000000 08:01 2490394                    /lib/x86_64-linux-gnu/libgcc_s.so.1
7fd578894000-7fd578a93000 ---p 00016000 08:01 2490394                    /lib/x86_64-linux-gnu/libgcc_s.so.1
7fd578a93000-7fd578a94000 rw-p 00015000 08:01 2490394                    /lib/x86_64-linux-gnu/libgcc_s.so.1
7fd578a94000-7fd578b99000 r-xp 00000000 08:01 2494448                    /lib/x86_64-linux-gnu/libm-2.19.so
7fd578b99000-7fd578d98000 ---p 00105000 08:01 2494448                    /lib/x86_64-linux-gnu/libm-2.19.so
7fd578d98000-7fd578d99000 r--p 00104000 08:01 2494448                    /lib/x86_64-linux-gnu/libm-2.19.so
7fd578d99000-7fd578d9a000 rw-p 00105000 08:01 2494448                    /lib/x86_64-linux-gnu/libm-2.19.so
7fd578d9a000-7fd578e80000 r-xp 00000000 08:01 12722869                   /usr/lib/x86_64-linux-gnu/libstdc++.so.6.0.19
7fd578e80000-7fd57907f000 ---p 000e6000 08:01 12722869                   /usr/lib/x86_64-linux-gnu/libstdc++.so.6.0.19
7fd57907f000-7fd579087000 r--p 000e5000 08:01 12722869                   /usr/lib/x86_64-linux-gnu/libstdc++.so.6.0.19
7fd579087000-7fd579089000 rw-p 000ed000 08:01 12722869                   /usr/lib/x86_64-linux-gnu/libstdc++.so.6.0.19
7fd579089000-7fd57909e000 rw-p 00000000 00:00 0 
7fd57909e000-7fd579bb4000 r-xp 00000000 08:01 12845531                   /usr/lib/jvm/java-7-openjdk-amd64/jre/lib/amd64/server/libjvm.so
7fd579bb4000-7fd579db3000 ---p 00b16000 08:01 12845531                   /usr/lib/jvm/java-7-openjdk-amd64/jre/lib/amd64/server/libjvm.so
7fd579db3000-7fd579e4d000 r--p 00b15000 08:01 12845531                   /usr/lib/jvm/java-7-openjdk-amd64/jre/lib/amd64/server/libjvm.so
7fd579e4d000-7fd579e70000 rw-p 00baf000 08:01 12845531                   /usr/lib/jvm/java-7-openjdk-amd64/jre/lib/amd64/server/libjvm.so
7fd579e70000-7fd579e9e000 rw-p 00000000 00:00 0 
7fd579e9e000-7fd579eb6000 r-xp 00000000 08:01 2494526                    /lib/x86_64-linux-gnu/libz.so.1.2.8
7fd579eb6000-7fd57a0b5000 ---p 00018000 08:01 2494526                    /lib/x86_64-linux-gnu/libz.so.1.2.8
7fd57a0b5000-7fd57a0b6000 r--p 00017000 08:01 2494526                    /lib/x86_64-linux-gnu/libz.so.1.2.8
7fd57a0b6000-7fd57a0b7000 rw-p 00018000 08:01 2494526                    /lib/x86_64-linux-gnu/libz.so.1.2.8
7fd57a0b7000-7fd57a0d0000 r-xp 00000000 08:01 2495718                    /lib/x86_64-linux-gnu/libpthread-2.19.so
7fd57a0d0000-7fd57a2cf000 ---p 00019000 08:01 2495718                    /lib/x86_64-linux-gnu/libpthread-2.19.so
7fd57a2cf000-7fd57a2d0000 r--p 00018000 08:01 2495718                    /lib/x86_64-linux-gnu/libpthread-2.19.so
7fd57a2d0000-7fd57a2d1000 rw-p 00019000 08:01 2495718                    /lib/x86_64-linux-gnu/libpthread-2.19.so
7fd57a2d1000-7fd57a2d5000 rw-p 00000000 00:00 0 
7fd57a2d5000-7fd57a2d8000 r-xp 00000000 08:01 2495712                    /lib/x86_64-linux-gnu/libdl-2.19.so
7fd57a2d8000-7fd57a4d7000 ---p 00003000 08:01 2495712                    /lib/x86_64-linux-gnu/libdl-2.19.so
7fd57a4d7000-7fd57a4d8000 r--p 00002000 08:01 2495712                    /lib/x86_64-linux-gnu/libdl-2.19.so
7fd57a4d8000-7fd57a4d9000 rw-p 00003000 08:01 2495712                    /lib/x86_64-linux-gnu/libdl-2.19.so
7fd57a4d9000-7fd57a694000 r-xp 00000000 08:01 2494434                    /lib/x86_64-linux-gnu/libc-2.19.so
7fd57a694000-7fd57a894000 ---p 001bb000 08:01 2494434                    /lib/x86_64-linux-gnu/libc-2.19.so
7fd57a894000-7fd57a898000 r--p 001bb000 08:01 2494434                    /lib/x86_64-linux-gnu/libc-2.19.so
7fd57a898000-7fd57a89a000 rw-p 001bf000 08:01 2494434                    /lib/x86_64-linux-gnu/libc-2.19.so
7fd57a89a000-7fd57a89f000 rw-p 00000000 00:00 0 
7fd57a89f000-7fd57a8ac000 r-xp 00000000 08:01 12845544                   /usr/lib/jvm/java-7-openjdk-amd64/jre/lib/amd64/jli/libjli.so
7fd57a8ac000-7fd57aaab000 ---p 0000d000 08:01 12845544                   /usr/lib/jvm/java-7-openjdk-amd64/jre/lib/amd64/jli/libjli.so
7fd57aaab000-7fd57aaac000 r--p 0000c000 08:01 12845544                   /usr/lib/jvm/java-7-openjdk-amd64/jre/lib/amd64/jli/libjli.so
7fd57aaac000-7fd57aaad000 rw-p 0000d000 08:01 12845544                   /usr/lib/jvm/java-7-openjdk-amd64/jre/lib/amd64/jli/libjli.so
7fd57aaad000-7fd57aad0000 r-xp 00000000 08:01 2494436                    /lib/x86_64-linux-gnu/ld-2.19.so
7fd57aad2000-7fd57aad3000 rw-p 00000000 00:00 0 
7fd57aad3000-7fd57aad6000 r--s 00032000 08:01 12979352                   /usr/lib/jvm/java-7-openjdk-amd64/jre/lib/ext/sunjce_provider.jar
7fd57aad6000-7fd57aaf8000 rw-p 00000000 00:00 0 
7fd57aaf8000-7fd57abae000 rw-p 00000000 00:00 0 
7fd57abae000-7fd57abb1000 ---p 00000000 00:00 0 
7fd57abb1000-7fd57acb4000 rw-p 00000000 00:00 0                          [stack:21939]
7fd57acb4000-7fd57acb5000 r--s 00002000 08:01 12980329                   /usr/lib/jvm/java-7-openjdk-amd64/jre/lib/ext/dnsns.jar
7fd57acb5000-7fd57acb7000 r--s 00006000 08:01 13114012                   /usr/share/java/java-atk-wrapper.jar
7fd57acb7000-7fd57acba000 r--s 0003c000 08:01 12979354                   /usr/lib/jvm/java-7-openjdk-amd64/jre/lib/ext/sunpkcs11.jar
7fd57acba000-7fd57acbc000 r--s 00012000 08:01 12980328                   /usr/lib/jvm/java-7-openjdk-amd64/jre/lib/ext/zipfs.jar
7fd57acbc000-7fd57acbf000 r--s 0000f000 08:01 12979353                   /usr/lib/jvm/java-7-openjdk-amd64/jre/lib/ext/pulse-java.jar
7fd57acbf000-7fd57acc3000 r--s 00085000 08:01 12980330                   /usr/lib/jvm/java-7-openjdk-amd64/jre/lib/ext/localedata.jar
7fd57acc3000-7fd57accb000 rw-s 00000000 08:01 530460                     /tmp/hsperfdata_hscissors/21931
7fd57accb000-7fd57accc000 rw-p 00000000 00:00 0 
7fd57accc000-7fd57accd000 ---p 00000000 00:00 0 
7fd57accd000-7fd57accf000 rw-p 00000000 00:00 0 
7fd57accf000-7fd57acd0000 r--p 00022000 08:01 2494436                    /lib/x86_64-linux-gnu/ld-2.19.so
7fd57acd0000-7fd57acd1000 rw-p 00023000 08:01 2494436                    /lib/x86_64-linux-gnu/ld-2.19.so
7fd57acd1000-7fd57acd2000 rw-p 00000000 00:00 0 
7fff2b080000-7fff2b0a2000 rw-p 00000000 00:00 0                          [stack]
7fff2b17b000-7fff2b17d000 r-xp 00000000 00:00 0                          [vdso]
ffffffffff600000-ffffffffff601000 r-xp 00000000 00:00 0                  [vsyscall]

VM Arguments:
jvm_args: -Xmx1024M 
java_command: /home/hscissors/Downloads/android-studio/sdk/build-tools/21.0.0/lib/dx.jar --dex --num-threads=4 --output /home/hscissors/AndroidStudioProjects/Timeline2/app/build/intermediates/dex/debug /home/hscissors/AndroidStudioProjects/Timeline2/app/build/intermediates/classes/debug /home/hscissors/AndroidStudioProjects/Timeline2/app/build/intermediates/dependency-cache/debug /home/hscissors/AndroidStudioProjects/Timeline2/app/build/intermediates/pre-dexed/debug/classes-1f3a88afbc04b59d5cb0982a9d856461dc407f43.jar /home/hscissors/AndroidStudioProjects/Timeline2/app/build/intermediates/pre-dexed/debug/internal_impl-21.0.0-377db02a45fd34a8b02e8acc2640dfd13589cb8b.jar /home/hscissors/AndroidStudioProjects/Timeline2/app/build/intermediates/pre-dexed/debug/classes-6dd3177a93feead5d861b1b85559143eca63001e.jar /home/hscissors/AndroidStudioProjects/Timeline2/app/build/intermediates/pre-dexed/debug/classes-00b5005a5548e5cf13217e43048297c36bb1a2db.jar /home/hscissors/AndroidStudioProjects/Timeline2/app/build/intermediates/pre-dexed/debug/classes-3b591c9b30a756c3f29e545b32d4a95ecfc184ab.jar /home/hscissors/AndroidStudioProjects/Timeline2/app/build/intermediates/pre-dexed/debug/classes-e8611ad7a51905126edbbe4c98d39952d1618542.jar /home/hscissors/AndroidStudioProjects/Timeline2/app/build/intermediates/pre-dexed/debug/jsoup-1.8.1-9a259da9fa0e7058e96f6ef65bd9e0021e1b16d0.jar /home/hscissors/AndroidStudioProjects/Timeline2/app/build/intermediates/pre-dexed/debug/classes-50199ec07f9d9d472c182077083cd1d342c256d5.jar /home/hscissors/AndroidStudioProjects/Timeline2/app/build/intermediates/pre-dexed/debug/classes-2c71d107f464df7bc62c9183b04f2fb6e90fe61a.jar /home/hscissors/AndroidStudioProjects/Timeline2/app/build/intermediates/pre-dexed/debug/support-annotations-21.0.0-556e1dd9a86db7803ce7fed8037a0424696cc604.jar
Launcher Type: SUN_STANDARD

Environment Variables:
CLASSPATH=./../lib/bootstrap.jar:./../lib/extensions.jar:./../lib/util.jar:./../lib/jdom.jar:./../lib/log4j.jar:./../lib/trove4j.jar:./../lib/jna.jar:/usr/lib/jvm/java-7-openjdk-amd64/lib/tools.jar
PATH=/home/hscissors/.rvm/gems/ruby-1.9.3-p547/bin:/home/hscissors/.rvm/gems/ruby-1.9.3-p547@global/bin:/home/hscissors/.rvm/rubies/ruby-1.9.3-p547/bin:/usr/local/sbin:/usr/local/bin:/usr/sbin:/usr/bin:/sbin:/bin:/usr/games:/usr/local/games:/home/hscissors/.rvm/bin:/home/hscissors/.rvm/bin
LD_LIBRARY_PATH=.:
SHELL=/bin/bash
DISPLAY=:0

Signal Handlers:
SIGSEGV: [libjvm.so+0x949180], sa_mask[0]=0x7ffbfeff, sa_flags=0x10000004
SIGBUS: [libjvm.so+0x949180], sa_mask[0]=0x7ffbfeff, sa_flags=0x10000004
SIGFPE: [libjvm.so+0x7c2ec0], sa_mask[0]=0x7ffbfeff, sa_flags=0x10000004
SIGPIPE: [libjvm.so+0x7c2ec0], sa_mask[0]=0x7ffbfeff, sa_flags=0x10000004
SIGXFSZ: [libjvm.so+0x7c2ec0], sa_mask[0]=0x7ffbfeff, sa_flags=0x10000004
SIGILL: [libjvm.so+0x7c2ec0], sa_mask[0]=0x7ffbfeff, sa_flags=0x10000004
SIGUSR1: SIG_DFL, sa_mask[0]=0x00000000, sa_flags=0x00000000
SIGUSR2: [libjvm.so+0x7c2d60], sa_mask[0]=0x00000004, sa_flags=0x10000004
SIGHUP: [libjvm.so+0x7c2f40], sa_mask[0]=0x7ffbfeff, sa_flags=0x10000004
SIGINT: [libjvm.so+0x7c2f40], sa_mask[0]=0x7ffbfeff, sa_flags=0x10000004
SIGTERM: [libjvm.so+0x7c2f40], sa_mask[0]=0x7ffbfeff, sa_flags=0x10000004
SIGQUIT: [libjvm.so+0x7c2f40], sa_mask[0]=0x7ffbfeff, sa_flags=0x10000004
SIGTRAP: SIG_DFL, sa_mask[0]=0x00000000, sa_flags=0x00000000


---------------  S Y S T E M  ---------------

OS:Ubuntu 14.04 (trusty)
uname:Linux 3.13.0-36-generic #63-Ubuntu SMP Wed Sep 3 21:30:07 UTC 2014 x86_64
libc:glibc 2.19 NPTL 2.19 
rlimit: STACK 8192k, CORE 0k, NPROC 46371, NOFILE 4096, AS infinity
load average:0.66 0.76 0.76

/proc/meminfo:
MemTotal:        5965356 kB
MemFree:          105620 kB
Buffers:             796 kB
Cached:           442472 kB
SwapCached:            0 kB
Active:          5240180 kB
Inactive:         374708 kB
Active(anon):    5232500 kB
Inactive(anon):   366192 kB
Active(file):       7680 kB
Inactive(file):     8516 kB
Unevictable:          32 kB
Mlocked:              32 kB
SwapTotal:             0 kB
SwapFree:              0 kB
Dirty:               180 kB
Writeback:            36 kB
AnonPages:       5172168 kB
Mapped:           141640 kB
Shmem:            426600 kB
Slab:              93836 kB
SReclaimable:      35252 kB
SUnreclaim:        58584 kB
KernelStack:        6560 kB
PageTables:        64924 kB
NFS_Unstable:          0 kB
Bounce:                0 kB
WritebackTmp:          0 kB
CommitLimit:     2982676 kB
Committed_AS:   12377788 kB
VmallocTotal:   34359738367 kB
VmallocUsed:      354728 kB
VmallocChunk:   34359374860 kB
HardwareCorrupted:     0 kB
AnonHugePages:   2557952 kB
HugePages_Total:       0
HugePages_Free:        0
HugePages_Rsvd:        0
HugePages_Surp:        0
Hugepagesize:       2048 kB
DirectMap4k:       97088 kB
DirectMap2M:     6047744 kB


CPU:total 4 (2 cores per cpu, 2 threads per core) family 6 model 58 stepping 9, cmov, cx8, fxsr, mmx, sse, sse2, sse3, ssse3, sse4.1, sse4.2, popcnt, avx, aes, erms, ht, tsc, tscinvbit, tscinv

/proc/cpuinfo:
processor	: 0
vendor_id	: GenuineIntel
cpu family	: 6
model		: 58
model name	: Intel(R) Core(TM) i5-3230M CPU @ 2.60GHz
stepping	: 9
microcode	: 0x15
cpu MHz		: 1200.000
cache size	: 3072 KB
physical id	: 0
siblings	: 4
core id		: 0
cpu cores	: 2
apicid		: 0
initial apicid	: 0
fpu		: yes
fpu_exception	: yes
cpuid level	: 13
wp		: yes
flags		: fpu vme de pse tsc msr pae mce cx8 apic sep mtrr pge mca cmov pat pse36 clflush dts acpi mmx fxsr sse sse2 ss ht tm pbe syscall nx rdtscp lm constant_tsc arch_perfmon pebs bts rep_good nopl xtopology nonstop_tsc aperfmperf eagerfpu pni pclmulqdq dtes64 monitor ds_cpl vmx est tm2 ssse3 cx16 xtpr pdcm pcid sse4_1 sse4_2 x2apic popcnt tsc_deadline_timer aes xsave avx f16c rdrand lahf_lm ida arat epb xsaveopt pln pts dtherm tpr_shadow vnmi flexpriority ept vpid fsgsbase smep erms
bogomips	: 5188.59
clflush size	: 64
cache_alignment	: 64
address sizes	: 36 bits physical, 48 bits virtual
power management:

processor	: 1
vendor_id	: GenuineIntel
cpu family	: 6
model		: 58
model name	: Intel(R) Core(TM) i5-3230M CPU @ 2.60GHz
stepping	: 9
microcode	: 0x15
cpu MHz		: 2601.000
cache size	: 3072 KB
physical id	: 0
siblings	: 4
core id		: 0
cpu cores	: 2
apicid		: 1
initial apicid	: 1
fpu		: yes
fpu_exception	: yes
cpuid level	: 13
wp		: yes
flags		: fpu vme de pse tsc msr pae mce cx8 apic sep mtrr pge mca cmov pat pse36 clflush dts acpi mmx fxsr sse sse2 ss ht tm pbe syscall nx rdtscp lm constant_tsc arch_perfmon pebs bts rep_good nopl xtopology nonstop_tsc aperfmperf eagerfpu pni pclmulqdq dtes64 monitor ds_cpl vmx est tm2 ssse3 cx16 xtpr pdcm pcid sse4_1 sse4_2 x2apic popcnt tsc_deadline_timer aes xsave avx f16c rdrand lahf_lm ida arat epb xsaveopt pln pts dtherm tpr_shadow vnmi flexpriority ept vpid fsgsbase smep erms
bogomips	: 5188.59
clflush size	: 64
cache_alignment	: 64
address sizes	: 36 bits physical, 48 bits virtual
power management:

processor	: 2
vendor_id	: GenuineIntel
cpu family	: 6
model		: 58
model name	: Intel(R) Core(TM) i5-3230M CPU @ 2.60GHz
stepping	: 9
microcode	: 0x15
cpu MHz		: 1700.000
cache size	: 3072 KB
physical id	: 0
siblings	: 4
core id		: 1
cpu cores	: 2
apicid		: 2
initial apicid	: 2
fpu		: yes
fpu_exception	: yes
cpuid level	: 13
wp		: yes
flags		: fpu vme de pse tsc msr pae mce cx8 apic sep mtrr pge mca cmov pat pse36 clflush dts acpi mmx fxsr sse sse2 ss ht tm pbe syscall nx rdtscp lm constant_tsc arch_perfmon pebs bts rep_good nopl xtopology nonstop_tsc aperfmperf eagerfpu pni pclmulqdq dtes64 monitor ds_cpl vmx est tm2 ssse3 cx16 xtpr pdcm pcid sse4_1 sse4_2 x2apic popcnt tsc_deadline_timer aes xsave avx f16c rdrand lahf_lm ida arat epb xsaveopt pln pts dtherm tpr_shadow vnmi flexpriority ept vpid fsgsbase smep erms
bogomips	: 5188.59
clflush size	: 64
cache_alignment	: 64
address sizes	: 36 bits physical, 48 bits virtual
power management:

processor	: 3
vendor_id	: GenuineIntel
cpu family	: 6
model		: 58
model name	: Intel(R) Core(TM) i5-3230M CPU @ 2.60GHz
stepping	: 9
microcode	: 0x15
cpu MHz		: 2601.000
cache size	: 3072 KB
physical id	: 0
siblings	: 4
core id		: 1
cpu cores	: 2
apicid		: 3
initial apicid	: 3
fpu		: yes
fpu_exception	: yes
cpuid level	: 13
wp		: yes
flags		: fpu vme de pse tsc msr pae mce cx8 apic sep mtrr pge mca cmov pat pse36 clflush dts acpi mmx fxsr sse sse2 ss ht tm pbe syscall nx rdtscp lm constant_tsc arch_perfmon pebs bts rep_good nopl xtopology nonstop_tsc aperfmperf eagerfpu pni pclmulqdq dtes64 monitor ds_cpl vmx est tm2 ssse3 cx16 xtpr pdcm pcid sse4_1 sse4_2 x2apic popcnt tsc_deadline_timer aes xsave avx f16c rdrand lahf_lm ida arat epb xsaveopt pln pts dtherm tpr_shadow vnmi flexpriority ept vpid fsgsbase smep erms
bogomips	: 5188.59
clflush size	: 64
cache_alignment	: 64
address sizes	: 36 bits physical, 48 bits virtual
power management:



Memory: 4k page, physical 5965356k(105620k free), swap 0k(0k free)

vm_info: OpenJDK 64-Bit Server VM (24.65-b04) for linux-amd64 JRE (1.7.0_65-b32), built on Sep 10 2014 05:56:05 by "buildd" with gcc 4.8.2

time: Wed Oct 29 23:47:00 2014
elapsed time: 3 seconds

