#
# There is insufficient memory for the Java Runtime Environment to continue.
# Native memory allocation (malloc) failed to allocate 131072000 bytes for committing reserved memory.
# Possible reasons:
#   The system is out of physical RAM or swap space
#   In 32 bit mode, the process size limit was hit
# Possible solutions:
#   Reduce memory load on the system
#   Increase physical memory or swap space
#   Check if swap backing store is full
#   Use 64 bit Java on a 64 bit OS
#   Decrease Java heap size (-Xmx/-Xms)
#   Decrease number of Java threads
#   Decrease Java thread stack sizes (-Xss)
#   Set larger code cache with -XX:ReservedCodeCacheSize=
# This output file may be truncated or incomplete.
#
#  Out of Memory Error (os_linux.cpp:2798), pid=26947, tid=139975600367360
#
# JRE version: OpenJDK Runtime Environment (7.0_65-b32) (build 1.7.0_65-b32)
# Java VM: OpenJDK 64-Bit Server VM (24.65-b04 mixed mode linux-amd64 compressed oops)
# Derivative: IcedTea 2.5.2
# Distribution: Ubuntu 14.04 LTS, package 7u65-2.5.2-3~14.04
# Failed to write core dump. Core dumps have been disabled. To enable core dumping, try "ulimit -c unlimited" before starting Java again
#

---------------  T H R E A D  ---------------

Current thread (0x00007f4eb413c800):  VMThread [stack: 0x00007f4e9bdfe000,0x00007f4e9beff000] [id=27004]

Stack: [0x00007f4e9bdfe000,0x00007f4e9beff000],  sp=0x00007f4e9befd490,  free space=1021k
Native frames: (J=compiled Java code, j=interpreted, Vv=VM code, C=native code)
V  [libjvm.so+0x9486a5]  VMError::report_and_die()+0x175
V  [libjvm.so+0x48b904]  report_vm_out_of_memory(char const*, int, unsigned long, char const*)+0x74
V  [libjvm.so+0x7c76ab]  os::pd_commit_memory(char*, unsigned long, unsigned long, bool)+0xeb
V  [libjvm.so+0x7c216f]  os::commit_memory(char*, unsigned long, unsigned long, bool)+0x1f
V  [libjvm.so+0x8338fb]  PSVirtualSpace::expand_by(unsigned long)+0x5b
V  [libjvm.so+0x834750]  PSYoungGen::resize_generation(unsigned long, unsigned long)+0xb0
V  [libjvm.so+0x834e3b]  PSYoungGen::resize(unsigned long, unsigned long)+0x1b
V  [libjvm.so+0x831120]  PSScavenge::invoke_no_policy()+0xde0
V  [libjvm.so+0x8318f8]  PSScavenge::invoke()+0x38
V  [libjvm.so+0x7e82d3]  ParallelScavengeHeap::failed_mem_allocate(unsigned long)+0x63
V  [libjvm.so+0x94a0a4]  VM_ParallelGCFailedAllocation::doit()+0x84
V  [libjvm.so+0x94e597]  VM_Operation::evaluate()+0x47
V  [libjvm.so+0x94cf08]  VMThread::evaluate_operation(VM_Operation*)+0x318
V  [libjvm.so+0x94d369]  VMThread::loop()+0x219
V  [libjvm.so+0x94d7b2]  VMThread::run()+0x72
V  [libjvm.so+0x7c4572]  java_start(Thread*)+0xf2

VM_Operation (0x00007f4eba5ccc00): ParallelGCFailedAllocation, mode: safepoint, requested by thread 0x00007f4eb400a000


---------------  P R O C E S S  ---------------

Java Threads: ( => current thread )
  0x00007f4eb416d800 JavaThread "Service Thread" daemon [_thread_blocked, id=27027, stack(0x00007f4e9b116000,0x00007f4e9b217000)]
  0x00007f4eb416b800 JavaThread "C2 CompilerThread1" daemon [_thread_blocked, id=27018, stack(0x00007f4e9b217000,0x00007f4e9b318000)]
  0x00007f4eb4168800 JavaThread "C2 CompilerThread0" daemon [_thread_blocked, id=27017, stack(0x00007f4e9b318000,0x00007f4e9b419000)]
  0x00007f4eb4166000 JavaThread "Signal Dispatcher" daemon [_thread_blocked, id=27014, stack(0x00007f4e9b419000,0x00007f4e9b51a000)]
  0x00007f4eb4143000 JavaThread "Finalizer" daemon [_thread_blocked, id=27009, stack(0x00007f4e9bbfc000,0x00007f4e9bcfd000)]
  0x00007f4eb4141000 JavaThread "Reference Handler" daemon [_thread_blocked, id=27006, stack(0x00007f4e9bcfd000,0x00007f4e9bdfe000)]
  0x00007f4eb400a000 JavaThread "main" [_thread_blocked, id=26984, stack(0x00007f4eba4ce000,0x00007f4eba5cf000)]

Other Threads:
=>0x00007f4eb413c800 VMThread [stack: 0x00007f4e9bdfe000,0x00007f4e9beff000] [id=27004]
  0x00007f4eb4178000 WatcherThread [stack: 0x00007f4e9b015000,0x00007f4e9b116000] [id=27030]

VM state:at safepoint (normal execution)

VM Mutex/Monitor currently owned by a thread:  ([mutex/lock_event])
[0x00007f4eb4006730] Threads_lock - owner thread: 0x00007f4eb413c800
[0x00007f4eb4006c30] Heap_lock - owner thread: 0x00007f4eb400a000

Heap
 PSYoungGen      total 99840K, used 3576K [0x00000000eaa80000, 0x00000000f0f80000, 0x0000000100000000)
  eden space 96256K, 0% used [0x00000000eaa80000,0x00000000eaa80000,0x00000000f0880000)
  from space 3584K, 99% used [0x00000000f0880000,0x00000000f0bfe140,0x00000000f0c00000)
  to   space 3584K, 0% used [0x00000000f0c00000,0x00000000f0c00000,0x00000000f0f80000)
 ParOldGen       total 61952K, used 35039K [0x00000000c0000000, 0x00000000c3c80000, 0x00000000eaa80000)
  object space 61952K, 56% used [0x00000000c0000000,0x00000000c2237ce0,0x00000000c3c80000)
 PSPermGen       total 21504K, used 5906K [0x00000000b5a00000, 0x00000000b6f00000, 0x00000000c0000000)
  object space 21504K, 27% used [0x00000000b5a00000,0x00000000b5fc4bb0,0x00000000b6f00000)

Card table byte_map: [0x00007f4eafd1f000,0x00007f4eaff73000] byte_map_base: 0x00007f4eaf772000

Polling page: 0x00007f4eba5ec000

Code Cache  [0x00007f4eaff73000, 0x00007f4eb0203000, 0x00007f4eb2f73000)
 total_blobs=861 nmethods=633 adapters=181 free_code_cache=46703Kb largest_free_block=47706560

Compilation events (10 events):
Event: 16.872 Thread 0x00007f4eb416b800  645             com.android.dx.ssa.SsaRenamer$BlockRenamer::visitPhiInsn (6 bytes)
Event: 16.875 Thread 0x00007f4eb416b800 nmethod 645 0x00007f4eb01daed0 code [0x00007f4eb01db020, 0x00007f4eb01db158]
Event: 16.875 Thread 0x00007f4eb416b800  646             com.android.dx.ssa.MoveParamCombiner$1::visitPhiInsn (1 bytes)
Event: 16.875 Thread 0x00007f4eb416b800 nmethod 646 0x00007f4eb01b8a90 code [0x00007f4eb01b8bc0, 0x00007f4eb01b8c18]
Event: 16.875 Thread 0x00007f4eb4168800 nmethod 642% 0x00007f4eb01eef90 code [0x00007f4eb01ef460, 0x00007f4eb01f10d8]
Event: 16.877 Thread 0x00007f4eb416b800  648   !         com.android.dx.cf.code.Ropper::doit (126 bytes)
Event: 16.879 Thread 0x00007f4eb4168800  647             java.util.TreeMap$ValueIterator::next (8 bytes)
Event: 16.881 Thread 0x00007f4eb4168800 nmethod 647 0x00007f4eb01b9e10 code [0x00007f4eb01b9f60, 0x00007f4eb01ba098]
Event: 16.894 Thread 0x00007f4eb4168800  649             com.android.dx.rop.type.Type::compareTo (12 bytes)
Event: 16.895 Thread 0x00007f4eb4168800 nmethod 649 0x00007f4eb01a6c50 code [0x00007f4eb01a6da0, 0x00007f4eb01a6ef8]

GC Heap History (9 events):
Event: 2.006 GC heap before
{Heap before GC invocations=1 (full 0):
 PSYoungGen      total 27648K, used 24064K [0x00000000eaa80000, 0x00000000ec900000, 0x0000000100000000)
  eden space 24064K, 100% used [0x00000000eaa80000,0x00000000ec200000,0x00000000ec200000)
  from space 3584K, 0% used [0x00000000ec580000,0x00000000ec580000,0x00000000ec900000)
  to   space 3584K, 0% used [0x00000000ec200000,0x00000000ec200000,0x00000000ec580000)
 ParOldGen       total 61952K, used 0K [0x00000000c0000000, 0x00000000c3c80000, 0x00000000eaa80000)
  object space 61952K, 0% used [0x00000000c0000000,0x00000000c0000000,0x00000000c3c80000)
 PSPermGen       total 21504K, used 5605K [0x00000000b5a00000, 0x00000000b6f00000, 0x00000000c0000000)
  object space 21504K, 26% used [0x00000000b5a00000,0x00000000b5f795a0,0x00000000b6f00000)
Event: 2.037 GC heap after
Heap after GC invocations=1 (full 0):
 PSYoungGen      total 27648K, used 3562K [0x00000000eaa80000, 0x00000000ee080000, 0x0000000100000000)
  eden space 24064K, 0% used [0x00000000eaa80000,0x00000000eaa80000,0x00000000ec200000)
  from space 3584K, 99% used [0x00000000ec200000,0x00000000ec57aaa8,0x00000000ec580000)
  to   space 3584K, 0% used [0x00000000edd00000,0x00000000edd00000,0x00000000ee080000)
 ParOldGen       total 61952K, used 2162K [0x00000000c0000000, 0x00000000c3c80000, 0x00000000eaa80000)
  object space 61952K, 3% used [0x00000000c0000000,0x00000000c021ca28,0x00000000c3c80000)
 PSPermGen       total 21504K, used 5605K [0x00000000b5a00000, 0x00000000b6f00000, 0x00000000c0000000)
  object space 21504K, 26% used [0x00000000b5a00000,0x00000000b5f795a0,0x00000000b6f00000)
}
Event: 5.725 GC heap before
{Heap before GC invocations=2 (full 0):
 PSYoungGen      total 27648K, used 27626K [0x00000000eaa80000, 0x00000000ee080000, 0x0000000100000000)
  eden space 24064K, 100% used [0x00000000eaa80000,0x00000000ec200000,0x00000000ec200000)
  from space 3584K, 99% used [0x00000000ec200000,0x00000000ec57aaa8,0x00000000ec580000)
  to   space 3584K, 0% used [0x00000000edd00000,0x00000000edd00000,0x00000000ee080000)
 ParOldGen       total 61952K, used 2162K [0x00000000c0000000, 0x00000000c3c80000, 0x00000000eaa80000)
  object space 61952K, 3% used [0x00000000c0000000,0x00000000c021ca28,0x00000000c3c80000)
 PSPermGen       total 21504K, used 5729K [0x00000000b5a00000, 0x00000000b6f00000, 0x00000000c0000000)
  object space 21504K, 26% used [0x00000000b5a00000,0x00000000b5f98668,0x00000000b6f00000)
Event: 6.108 GC heap after
Heap after GC invocations=2 (full 0):
 PSYoungGen      total 51712K, used 3570K [0x00000000eaa80000, 0x00000000ee080000, 0x0000000100000000)
  eden space 48128K, 0% used [0x00000000eaa80000,0x00000000eaa80000,0x00000000ed980000)
  from space 3584K, 99% used [0x00000000edd00000,0x00000000ee07ca48,0x00000000ee080000)
  to   space 3584K, 0% used [0x00000000ed980000,0x00000000ed980000,0x00000000edd00000)
 ParOldGen       total 61952K, used 4551K [0x00000000c0000000, 0x00000000c3c80000, 0x00000000eaa80000)
  object space 61952K, 7% used [0x00000000c0000000,0x00000000c0471de8,0x00000000c3c80000)
 PSPermGen       total 21504K, used 5729K [0x00000000b5a00000, 0x00000000b6f00000, 0x00000000c0000000)
  object space 21504K, 26% used [0x00000000b5a00000,0x00000000b5f98668,0x00000000b6f00000)
}
Event: 9.634 GC heap before
{Heap before GC invocations=3 (full 0):
 PSYoungGen      total 51712K, used 51698K [0x00000000eaa80000, 0x00000000ee080000, 0x0000000100000000)
  eden space 48128K, 100% used [0x00000000eaa80000,0x00000000ed980000,0x00000000ed980000)
  from space 3584K, 99% used [0x00000000edd00000,0x00000000ee07ca48,0x00000000ee080000)
  to   space 3584K, 0% used [0x00000000ed980000,0x00000000ed980000,0x00000000edd00000)
 ParOldGen       total 61952K, used 4551K [0x00000000c0000000, 0x00000000c3c80000, 0x00000000eaa80000)
  object space 61952K, 7% used [0x00000000c0000000,0x00000000c0471de8,0x00000000c3c80000)
 PSPermGen       total 21504K, used 5827K [0x00000000b5a00000, 0x00000000b6f00000, 0x00000000c0000000)
  object space 21504K, 27% used [0x00000000b5a00000,0x00000000b5fb0f98,0x00000000b6f00000)
Event: 9.699 GC heap after
Heap after GC invocations=3 (full 0):
 PSYoungGen      total 51712K, used 3565K [0x00000000eaa80000, 0x00000000f0f80000, 0x0000000100000000)
  eden space 48128K, 0% used [0x00000000eaa80000,0x00000000eaa80000,0x00000000ed980000)
  from space 3584K, 99% used [0x00000000ed980000,0x00000000edcfb4f0,0x00000000edd00000)
  to   space 3584K, 0% used [0x00000000f0c00000,0x00000000f0c00000,0x00000000f0f80000)
 ParOldGen       total 61952K, used 12002K [0x00000000c0000000, 0x00000000c3c80000, 0x00000000eaa80000)
  object space 61952K, 19% used [0x00000000c0000000,0x00000000c0bb8920,0x00000000c3c80000)
 PSPermGen       total 21504K, used 5827K [0x00000000b5a00000, 0x00000000b6f00000, 0x00000000c0000000)
  object space 21504K, 27% used [0x00000000b5a00000,0x00000000b5fb0f98,0x00000000b6f00000)
}
Event: 11.482 GC heap before
{Heap before GC invocations=4 (full 0):
 PSYoungGen      total 51712K, used 51693K [0x00000000eaa80000, 0x00000000f0f80000, 0x0000000100000000)
  eden space 48128K, 100% used [0x00000000eaa80000,0x00000000ed980000,0x00000000ed980000)
  from space 3584K, 99% used [0x00000000ed980000,0x00000000edcfb4f0,0x00000000edd00000)
  to   space 3584K, 0% used [0x00000000f0c00000,0x00000000f0c00000,0x00000000f0f80000)
 ParOldGen       total 61952K, used 12002K [0x00000000c0000000, 0x00000000c3c80000, 0x00000000eaa80000)
  object space 61952K, 19% used [0x00000000c0000000,0x00000000c0bb8920,0x00000000c3c80000)
 PSPermGen       total 21504K, used 5861K [0x00000000b5a00000, 0x00000000b6f00000, 0x00000000c0000000)
  object space 21504K, 27% used [0x00000000b5a00000,0x00000000b5fb9648,0x00000000b6f00000)
Event: 11.563 GC heap after
Heap after GC invocations=4 (full 0):
 PSYoungGen      total 99840K, used 3554K [0x00000000eaa80000, 0x00000000f0f80000, 0x0000000100000000)
  eden space 96256K, 0% used [0x00000000eaa80000,0x00000000eaa80000,0x00000000f0880000)
  from space 3584K, 99% used [0x00000000f0c00000,0x00000000f0f78a60,0x00000000f0f80000)
  to   space 3584K, 0% used [0x00000000f0880000,0x00000000f0880000,0x00000000f0c00000)
 ParOldGen       total 61952K, used 19851K [0x00000000c0000000, 0x00000000c3c80000, 0x00000000eaa80000)
  object space 61952K, 32% used [0x00000000c0000000,0x00000000c1362d50,0x00000000c3c80000)
 PSPermGen       total 21504K, used 5861K [0x00000000b5a00000, 0x00000000b6f00000, 0x00000000c0000000)
  object space 21504K, 27% used [0x00000000b5a00000,0x00000000b5fb9648,0x00000000b6f00000)
}
Event: 16.910 GC heap before
{Heap before GC invocations=5 (full 0):
 PSYoungGen      total 99840K, used 99810K [0x00000000eaa80000, 0x00000000f0f80000, 0x0000000100000000)
  eden space 96256K, 100% used [0x00000000eaa80000,0x00000000f0880000,0x00000000f0880000)
  from space 3584K, 99% used [0x00000000f0c00000,0x00000000f0f78a60,0x00000000f0f80000)
  to   space 3584K, 0% used [0x00000000f0880000,0x00000000f0880000,0x00000000f0c00000)
 ParOldGen       total 61952K, used 19851K [0x00000000c0000000, 0x00000000c3c80000, 0x00000000eaa80000)
  object space 61952K, 32% used [0x00000000c0000000,0x00000000c1362d50,0x00000000c3c80000)
 PSPermGen       total 21504K, used 5906K [0x00000000b5a00000, 0x00000000b6f00000, 0x00000000c0000000)
  object space 21504K, 27% used [0x00000000b5a00000,0x00000000b5fc4bb0,0x00000000b6f00000)

Deoptimization events (10 events):
Event: 12.460 Thread 0x00007f4eb400a000 Uncommon trap: reason=null_check action=make_not_entrant pc=0x00007f4eb0193f4c method=com.android.dx.dex.file.FieldIdsSection.intern(Lcom/android/dx/rop/cst/CstFieldRef;)Lcom/android/dx/dex/file/FieldIdItem; @ 26
Event: 15.880 Thread 0x00007f4eb400a000 Uncommon trap: reason=bimorphic action=maybe_recompile pc=0x00007f4eb0164f9c method=com.android.dx.ssa.LiteralOpUpgrader.tryReplacingWithConstant(Lcom/android/dx/ssa/NormalSsaInsn;)Z @ 62
Event: 16.007 Thread 0x00007f4eb400a000 Uncommon trap: reason=class_check action=maybe_recompile pc=0x00007f4eb00f3be0 method=com.android.dx.ssa.SCCP.replaceConstants()V @ 182
Event: 16.012 Thread 0x00007f4eb400a000 Uncommon trap: reason=class_check action=maybe_recompile pc=0x00007f4eb00f3be0 method=com.android.dx.ssa.SCCP.replaceConstants()V @ 182
Event: 16.140 Thread 0x00007f4eb400a000 Uncommon trap: reason=class_check action=maybe_recompile pc=0x00007f4eb01ce9f8 method=com.android.dx.cf.code.RopperMachine.run(Lcom/android/dx/cf/code/Frame;II)V @ 1024
Event: 16.217 Thread 0x00007f4eb400a000 Uncommon trap: reason=bimorphic action=maybe_recompile pc=0x00007f4eb01bea70 method=com.android.dx.cf.code.BytecodeArray.parseInstruction(ILcom/android/dx/cf/code/BytecodeArray$Visitor;)I @ 987
Event: 16.220 Thread 0x00007f4eb400a000 Uncommon trap: reason=bimorphic action=maybe_recompile pc=0x00007f4eb01bea70 method=com.android.dx.cf.code.BytecodeArray.parseInstruction(ILcom/android/dx/cf/code/BytecodeArray$Visitor;)I @ 987
Event: 16.239 Thread 0x00007f4eb400a000 Uncommon trap: reason=unloaded action=reinterpret pc=0x00007f4eb017ae38 method=com.android.dx.cf.code.Ropper.addReturnBlock()V @ 45
Event: 16.239 Thread 0x00007f4eb400a000 Uncommon trap: reason=unreached action=reinterpret pc=0x00007f4eb000cd2c method=com.android.dx.ssa.MoveParamCombiner$1.visitNonMoveInsn(Lcom/android/dx/ssa/NormalSsaInsn;)V @ 27
Event: 16.353 Thread 0x00007f4eb400a000 Uncommon trap: reason=bimorphic action=maybe_recompile pc=0x00007f4eb0164f9c method=com.android.dx.ssa.LiteralOpUpgrader.tryReplacingWithConstant(Lcom/android/dx/ssa/NormalSsaInsn;)Z @ 62

Internal exceptions (10 events):
Event: 8.183 Thread 0x00007f4eb400a000 Threw 0x00000000eb8f4400 at /build/buildd/openjdk-7-7u65-2.5.2/build/openjdk/hotspot/src/share/vm/prims/jvm.cpp:1247
Event: 8.527 Thread 0x00007f4eb400a000 Threw 0x00000000ec0f9a20 at /build/buildd/openjdk-7-7u65-2.5.2/build/openjdk/hotspot/src/share/vm/prims/jvm.cpp:1247
Event: 8.609 Thread 0x00007f4eb400a000 Threw 0x00000000ec3ef4f8 at /build/buildd/openjdk-7-7u65-2.5.2/build/openjdk/hotspot/src/share/vm/prims/jvm.cpp:1247
Event: 8.797 Thread 0x00007f4eb400a000 Threw 0x00000000ec7addf0 at /build/buildd/openjdk-7-7u65-2.5.2/build/openjdk/hotspot/src/share/vm/prims/jvm.cpp:1247
Event: 8.798 Thread 0x00007f4eb400a000 Threw 0x00000000ec7b0df0 at /build/buildd/openjdk-7-7u65-2.5.2/build/openjdk/hotspot/src/share/vm/prims/jvm.cpp:1247
Event: 8.991 Thread 0x00007f4eb400a000 Threw 0x00000000ecb9e5b8 at /build/buildd/openjdk-7-7u65-2.5.2/build/openjdk/hotspot/src/share/vm/prims/jvm.cpp:1247
Event: 8.999 Thread 0x00007f4eb400a000 Threw 0x00000000ecba4748 at /build/buildd/openjdk-7-7u65-2.5.2/build/openjdk/hotspot/src/share/vm/prims/jvm.cpp:1247
Event: 9.002 Thread 0x00007f4eb400a000 Threw 0x00000000ecbaa700 at /build/buildd/openjdk-7-7u65-2.5.2/build/openjdk/hotspot/src/share/vm/prims/jvm.cpp:1247
Event: 11.883 Thread 0x00007f4eb400a000 Implicit null exception at 0x00007f4eb01803ed to 0x00007f4eb01839ed
Event: 15.751 Thread 0x00007f4eb400a000 Threw 0x00000000ecbe6838 at /build/buildd/openjdk-7-7u65-2.5.2/build/openjdk/hotspot/src/share/vm/prims/jvm.cpp:1247

Events (10 events):
Event: 16.239 Thread 0x00007f4eb400a000 DEOPT PACKING pc=0x00007f4eb017ae38 sp=0x00007f4eba5cd080
Event: 16.239 Thread 0x00007f4eb400a000 DEOPT UNPACKING pc=0x00007f4eaffac445 sp=0x00007f4eba5ccfb0 mode 2
Event: 16.239 Thread 0x00007f4eb400a000 Uncommon trap: trap_request=0xffffffad fr.pc=0x00007f4eb000cd2c
Event: 16.239 Thread 0x00007f4eb400a000 DEOPT PACKING pc=0x00007f4eb000cd2c sp=0x00007f4eba5cce10
Event: 16.239 Thread 0x00007f4eb400a000 DEOPT UNPACKING pc=0x00007f4eaffac445 sp=0x00007f4eba5ccd88 mode 2
Event: 16.353 Thread 0x00007f4eb400a000 Uncommon trap: trap_request=0xffffffc6 fr.pc=0x00007f4eb0164f9c
Event: 16.353 Thread 0x00007f4eb400a000 DEOPT PACKING pc=0x00007f4eb0164f9c sp=0x00007f4eba5cce00
Event: 16.353 Thread 0x00007f4eb400a000 DEOPT UNPACKING pc=0x00007f4eaffac445 sp=0x00007f4eba5cccc8 mode 2
Event: 16.881 Thread 0x00007f4eb4168800 flushing nmethod 0x00007f4eb0128850
Event: 16.909 Executing VM operation: ParallelGCFailedAllocation


Dynamic libraries:
00400000-00401000 r-xp 00000000 08:01 12980957                           /usr/lib/jvm/java-7-openjdk-amd64/jre/bin/java
00600000-00601000 r--p 00000000 08:01 12980957                           /usr/lib/jvm/java-7-openjdk-amd64/jre/bin/java
00601000-00602000 rw-p 00001000 08:01 12980957                           /usr/lib/jvm/java-7-openjdk-amd64/jre/bin/java
01da4000-01dc5000 rw-p 00000000 00:00 0                                  [heap]
b5a00000-b6f00000 rw-p 00000000 00:00 0 
b6f00000-c0000000 rw-p 00000000 00:00 0 
c0000000-c3c80000 rw-p 00000000 00:00 0 
c3c80000-eaa80000 rw-p 00000000 00:00 0 
eaa80000-f0f80000 rw-p 00000000 00:00 0 
f8c80000-100000000 rw-p 00000000 00:00 0 
7f4e70000000-7f4e70021000 rw-p 00000000 00:00 0 
7f4e70021000-7f4e74000000 ---p 00000000 00:00 0 
7f4e78000000-7f4e7952c000 rw-p 00000000 00:00 0 
7f4e7952c000-7f4e7c000000 ---p 00000000 00:00 0 
7f4e7c000000-7f4e7c021000 rw-p 00000000 00:00 0 
7f4e7c021000-7f4e80000000 ---p 00000000 00:00 0 
7f4e80000000-7f4e80e20000 rw-p 00000000 00:00 0 
7f4e80e20000-7f4e84000000 ---p 00000000 00:00 0 
7f4e84000000-7f4e84021000 rw-p 00000000 00:00 0 
7f4e84021000-7f4e88000000 ---p 00000000 00:00 0 
7f4e8c000000-7f4e8c021000 rw-p 00000000 00:00 0 
7f4e8c021000-7f4e90000000 ---p 00000000 00:00 0 
7f4e90000000-7f4e90021000 rw-p 00000000 00:00 0 
7f4e90021000-7f4e94000000 ---p 00000000 00:00 0 
7f4e94000000-7f4e94240000 rw-p 00000000 00:00 0 
7f4e94240000-7f4e98000000 ---p 00000000 00:00 0 
7f4e99897000-7f4e998d4000 r-xp 00000000 08:01 2494466                    /lib/x86_64-linux-gnu/libpcre.so.3.13.1
7f4e998d4000-7f4e99ad3000 ---p 0003d000 08:01 2494466                    /lib/x86_64-linux-gnu/libpcre.so.3.13.1
7f4e99ad3000-7f4e99ad4000 r--p 0003c000 08:01 2494466                    /lib/x86_64-linux-gnu/libpcre.so.3.13.1
7f4e99ad4000-7f4e99ad5000 rw-p 0003d000 08:01 2494466                    /lib/x86_64-linux-gnu/libpcre.so.3.13.1
7f4e99ad5000-7f4e99adc000 r-xp 00000000 08:01 12722241                   /usr/lib/x86_64-linux-gnu/libffi.so.6.0.1
7f4e99adc000-7f4e99cdb000 ---p 00007000 08:01 12722241                   /usr/lib/x86_64-linux-gnu/libffi.so.6.0.1
7f4e99cdb000-7f4e99cdc000 r--p 00006000 08:01 12722241                   /usr/lib/x86_64-linux-gnu/libffi.so.6.0.1
7f4e99cdc000-7f4e99cdd000 rw-p 00007000 08:01 12722241                   /usr/lib/x86_64-linux-gnu/libffi.so.6.0.1
7f4e99cdd000-7f4e99cf4000 r-xp 00000000 08:01 2494363                    /lib/x86_64-linux-gnu/libresolv-2.19.so
7f4e99cf4000-7f4e99ef4000 ---p 00017000 08:01 2494363                    /lib/x86_64-linux-gnu/libresolv-2.19.so
7f4e99ef4000-7f4e99ef5000 r--p 00017000 08:01 2494363                    /lib/x86_64-linux-gnu/libresolv-2.19.so
7f4e99ef5000-7f4e99ef6000 rw-p 00018000 08:01 2494363                    /lib/x86_64-linux-gnu/libresolv-2.19.so
7f4e99ef6000-7f4e99ef8000 rw-p 00000000 00:00 0 
7f4e99ef8000-7f4e99f18000 r-xp 00000000 08:01 2494493                    /lib/x86_64-linux-gnu/libselinux.so.1
7f4e99f18000-7f4e9a117000 ---p 00020000 08:01 2494493                    /lib/x86_64-linux-gnu/libselinux.so.1
7f4e9a117000-7f4e9a118000 r--p 0001f000 08:01 2494493                    /lib/x86_64-linux-gnu/libselinux.so.1
7f4e9a118000-7f4e9a119000 rw-p 00020000 08:01 2494493                    /lib/x86_64-linux-gnu/libselinux.so.1
7f4e9a119000-7f4e9a11b000 rw-p 00000000 00:00 0 
7f4e9a11b000-7f4e9a11e000 r-xp 00000000 08:01 12722358                   /usr/lib/x86_64-linux-gnu/libgmodule-2.0.so.0.4000.0
7f4e9a11e000-7f4e9a31d000 ---p 00003000 08:01 12722358                   /usr/lib/x86_64-linux-gnu/libgmodule-2.0.so.0.4000.0
7f4e9a31d000-7f4e9a31e000 r--p 00002000 08:01 12722358                   /usr/lib/x86_64-linux-gnu/libgmodule-2.0.so.0.4000.0
7f4e9a31e000-7f4e9a31f000 rw-p 00003000 08:01 12722358                   /usr/lib/x86_64-linux-gnu/libgmodule-2.0.so.0.4000.0
7f4e9a31f000-7f4e9a425000 r-xp 00000000 08:01 2494394                    /lib/x86_64-linux-gnu/libglib-2.0.so.0.4000.0
7f4e9a425000-7f4e9a624000 ---p 00106000 08:01 2494394                    /lib/x86_64-linux-gnu/libglib-2.0.so.0.4000.0
7f4e9a624000-7f4e9a625000 r--p 00105000 08:01 2494394                    /lib/x86_64-linux-gnu/libglib-2.0.so.0.4000.0
7f4e9a625000-7f4e9a626000 rw-p 00106000 08:01 2494394                    /lib/x86_64-linux-gnu/libglib-2.0.so.0.4000.0
7f4e9a626000-7f4e9a627000 rw-p 00000000 00:00 0 
7f4e9a627000-7f4e9a676000 r-xp 00000000 08:01 12722374                   /usr/lib/x86_64-linux-gnu/libgobject-2.0.so.0.4000.0
7f4e9a676000-7f4e9a876000 ---p 0004f000 08:01 12722374                   /usr/lib/x86_64-linux-gnu/libgobject-2.0.so.0.4000.0
7f4e9a876000-7f4e9a877000 r--p 0004f000 08:01 12722374                   /usr/lib/x86_64-linux-gnu/libgobject-2.0.so.0.4000.0
7f4e9a877000-7f4e9a878000 rw-p 00050000 08:01 12722374                   /usr/lib/x86_64-linux-gnu/libgobject-2.0.so.0.4000.0
7f4e9a878000-7f4e9a9e3000 r-xp 00000000 08:01 12722344                   /usr/lib/x86_64-linux-gnu/libgio-2.0.so.0.4000.0
7f4e9a9e3000-7f4e9abe3000 ---p 0016b000 08:01 12722344                   /usr/lib/x86_64-linux-gnu/libgio-2.0.so.0.4000.0
7f4e9abe3000-7f4e9abe7000 r--p 0016b000 08:01 12722344                   /usr/lib/x86_64-linux-gnu/libgio-2.0.so.0.4000.0
7f4e9abe7000-7f4e9abe9000 rw-p 0016f000 08:01 12722344                   /usr/lib/x86_64-linux-gnu/libgio-2.0.so.0.4000.0
7f4e9abe9000-7f4e9abeb000 rw-p 00000000 00:00 0 
7f4e9abeb000-7f4e9ac02000 r-xp 00000000 08:01 12845528                   /usr/lib/jvm/java-7-openjdk-amd64/jre/lib/amd64/libnet.so
7f4e9ac02000-7f4e9ae01000 ---p 00017000 08:01 12845528                   /usr/lib/jvm/java-7-openjdk-amd64/jre/lib/amd64/libnet.so
7f4e9ae01000-7f4e9ae02000 r--p 00016000 08:01 12845528                   /usr/lib/jvm/java-7-openjdk-amd64/jre/lib/amd64/libnet.so
7f4e9ae02000-7f4e9ae03000 rw-p 00017000 08:01 12845528                   /usr/lib/jvm/java-7-openjdk-amd64/jre/lib/amd64/libnet.so
7f4e9ae03000-7f4e9ae13000 r-xp 00000000 08:01 12845520                   /usr/lib/jvm/java-7-openjdk-amd64/jre/lib/amd64/libnio.so
7f4e9ae13000-7f4e9b013000 ---p 00010000 08:01 12845520                   /usr/lib/jvm/java-7-openjdk-amd64/jre/lib/amd64/libnio.so
7f4e9b013000-7f4e9b014000 r--p 00010000 08:01 12845520                   /usr/lib/jvm/java-7-openjdk-amd64/jre/lib/amd64/libnio.so
7f4e9b014000-7f4e9b015000 rw-p 00011000 08:01 12845520                   /usr/lib/jvm/java-7-openjdk-amd64/jre/lib/amd64/libnio.so
7f4e9b015000-7f4e9b016000 ---p 00000000 00:00 0 
7f4e9b016000-7f4e9b116000 rw-p 00000000 00:00 0                          [stack:27030]
7f4e9b116000-7f4e9b119000 ---p 00000000 00:00 0 
7f4e9b119000-7f4e9b217000 rw-p 00000000 00:00 0                          [stack:27027]
7f4e9b217000-7f4e9b21a000 ---p 00000000 00:00 0 
7f4e9b21a000-7f4e9b318000 rw-p 00000000 00:00 0                          [stack:27018]
7f4e9b318000-7f4e9b31b000 ---p 00000000 00:00 0 
7f4e9b31b000-7f4e9b419000 rw-p 00000000 00:00 0                          [stack:27017]
7f4e9b419000-7f4e9b41c000 ---p 00000000 00:00 0 
7f4e9b41c000-7f4e9b51a000 rw-p 00000000 00:00 0                          [stack:27014]
7f4e9b51a000-7f4e9bbfc000 r--p 00000000 08:01 12720962                   /usr/lib/locale/locale-archive
7f4e9bbfc000-7f4e9bbff000 ---p 00000000 00:00 0 
7f4e9bbff000-7f4e9bcfd000 rw-p 00000000 00:00 0                          [stack:27009]
7f4e9bcfd000-7f4e9bd00000 ---p 00000000 00:00 0 
7f4e9bd00000-7f4e9bdfe000 rw-p 00000000 00:00 0                          [stack:27006]
7f4e9bdfe000-7f4e9bdff000 ---p 00000000 00:00 0 
7f4e9bdff000-7f4e9c000000 rw-p 00000000 00:00 0                          [stack:27004]
7f4e9c000000-7f4e9c021000 rw-p 00000000 00:00 0 
7f4e9c021000-7f4ea0000000 ---p 00000000 00:00 0 
7f4ea0000000-7f4ea0021000 rw-p 00000000 00:00 0 
7f4ea0021000-7f4ea4000000 ---p 00000000 00:00 0 
7f4ea4000000-7f4ea4021000 rw-p 00000000 00:00 0 
7f4ea4021000-7f4ea8000000 ---p 00000000 00:00 0 
7f4ea8000000-7f4ea8021000 rw-p 00000000 00:00 0 
7f4ea8021000-7f4eac000000 ---p 00000000 00:00 0 
7f4eac06c000-7f4eacec3000 rw-p 00000000 00:00 0 
7f4eacec3000-7f4ead074000 r--s 01d21000 08:01 12845500                   /usr/lib/jvm/java-7-openjdk-amd64/jre/lib/rt.jar
7f4ead074000-7f4eaf8c8000 rw-p 00000000 00:00 0 
7f4eaf8c8000-7f4eaf8c9000 ---p 00000000 00:00 0 
7f4eaf8c9000-7f4eaf9c9000 rw-p 00000000 00:00 0                          [stack:27001]
7f4eaf9c9000-7f4eaf9ca000 ---p 00000000 00:00 0 
7f4eaf9ca000-7f4eafaca000 rw-p 00000000 00:00 0                          [stack:27000]
7f4eafaca000-7f4eafacb000 ---p 00000000 00:00 0 
7f4eafacb000-7f4eafbcb000 rw-p 00000000 00:00 0                          [stack:26999]
7f4eafbcb000-7f4eafbcc000 ---p 00000000 00:00 0 
7f4eafbcc000-7f4eafcd7000 rw-p 00000000 00:00 0                          [stack:26998]
7f4eafcd7000-7f4eafd1f000 rw-p 00000000 00:00 0 
7f4eafd1f000-7f4eafd2a000 rw-p 00000000 00:00 0 
7f4eafd2a000-7f4eafd72000 rw-p 00000000 00:00 0 
7f4eafd72000-7f4eafd91000 rw-p 00000000 00:00 0 
7f4eafd91000-7f4eafec7000 rw-p 00000000 00:00 0 
7f4eafec7000-7f4eafefa000 rw-p 00000000 00:00 0 
7f4eafefa000-7f4eaff72000 rw-p 00000000 00:00 0 
7f4eaff72000-7f4eaff73000 rw-p 00000000 00:00 0 
7f4eaff73000-7f4eb0203000 rwxp 00000000 00:00 0 
7f4eb0203000-7f4eb2f73000 rw-p 00000000 00:00 0 
7f4eb2f73000-7f4eb2f7b000 r-xp 00000000 08:01 12845516                   /usr/lib/jvm/java-7-openjdk-amd64/jre/lib/amd64/libzip.so
7f4eb2f7b000-7f4eb317a000 ---p 00008000 08:01 12845516                   /usr/lib/jvm/java-7-openjdk-amd64/jre/lib/amd64/libzip.so
7f4eb317a000-7f4eb317b000 r--p 00007000 08:01 12845516                   /usr/lib/jvm/java-7-openjdk-amd64/jre/lib/amd64/libzip.so
7f4eb317b000-7f4eb317c000 rw-p 00008000 08:01 12845516                   /usr/lib/jvm/java-7-openjdk-amd64/jre/lib/amd64/libzip.so
7f4eb317c000-7f4eb3187000 r-xp 00000000 08:01 2494499                    /lib/x86_64-linux-gnu/libnss_files-2.19.so
7f4eb3187000-7f4eb3386000 ---p 0000b000 08:01 2494499                    /lib/x86_64-linux-gnu/libnss_files-2.19.so
7f4eb3386000-7f4eb3387000 r--p 0000a000 08:01 2494499                    /lib/x86_64-linux-gnu/libnss_files-2.19.so
7f4eb3387000-7f4eb3388000 rw-p 0000b000 08:01 2494499                    /lib/x86_64-linux-gnu/libnss_files-2.19.so
7f4eb3388000-7f4eb3393000 r-xp 00000000 08:01 2494503                    /lib/x86_64-linux-gnu/libnss_nis-2.19.so
7f4eb3393000-7f4eb3592000 ---p 0000b000 08:01 2494503                    /lib/x86_64-linux-gnu/libnss_nis-2.19.so
7f4eb3592000-7f4eb3593000 r--p 0000a000 08:01 2494503                    /lib/x86_64-linux-gnu/libnss_nis-2.19.so
7f4eb3593000-7f4eb3594000 rw-p 0000b000 08:01 2494503                    /lib/x86_64-linux-gnu/libnss_nis-2.19.so
7f4eb3594000-7f4eb35ab000 r-xp 00000000 08:01 2494373                    /lib/x86_64-linux-gnu/libnsl-2.19.so
7f4eb35ab000-7f4eb37aa000 ---p 00017000 08:01 2494373                    /lib/x86_64-linux-gnu/libnsl-2.19.so
7f4eb37aa000-7f4eb37ab000 r--p 00016000 08:01 2494373                    /lib/x86_64-linux-gnu/libnsl-2.19.so
7f4eb37ab000-7f4eb37ac000 rw-p 00017000 08:01 2494373                    /lib/x86_64-linux-gnu/libnsl-2.19.so
7f4eb37ac000-7f4eb37ae000 rw-p 00000000 00:00 0 
7f4eb37ae000-7f4eb37b7000 r-xp 00000000 08:01 2494283                    /lib/x86_64-linux-gnu/libnss_compat-2.19.so
7f4eb37b7000-7f4eb39b6000 ---p 00009000 08:01 2494283                    /lib/x86_64-linux-gnu/libnss_compat-2.19.so
7f4eb39b6000-7f4eb39b7000 r--p 00008000 08:01 2494283                    /lib/x86_64-linux-gnu/libnss_compat-2.19.so
7f4eb39b7000-7f4eb39b8000 rw-p 00009000 08:01 2494283                    /lib/x86_64-linux-gnu/libnss_compat-2.19.so
7f4eb39b8000-7f4eb39e3000 r-xp 00000000 08:01 12845515                   /usr/lib/jvm/java-7-openjdk-amd64/jre/lib/amd64/libjava.so
7f4eb39e3000-7f4eb3be3000 ---p 0002b000 08:01 12845515                   /usr/lib/jvm/java-7-openjdk-amd64/jre/lib/amd64/libjava.so
7f4eb3be3000-7f4eb3be4000 r--p 0002b000 08:01 12845515                   /usr/lib/jvm/java-7-openjdk-amd64/jre/lib/amd64/libjava.so
7f4eb3be4000-7f4eb3be6000 rw-p 0002c000 08:01 12845515                   /usr/lib/jvm/java-7-openjdk-amd64/jre/lib/amd64/libjava.so
7f4eb3be6000-7f4eb3bf6000 r-xp 00000000 08:01 12845541                   /usr/lib/jvm/java-7-openjdk-amd64/jre/lib/amd64/libverify.so
7f4eb3bf6000-7f4eb3df5000 ---p 00010000 08:01 12845541                   /usr/lib/jvm/java-7-openjdk-amd64/jre/lib/amd64/libverify.so
7f4eb3df5000-7f4eb3df7000 r--p 0000f000 08:01 12845541                   /usr/lib/jvm/java-7-openjdk-amd64/jre/lib/amd64/libverify.so
7f4eb3df7000-7f4eb3df8000 rw-p 00011000 08:01 12845541                   /usr/lib/jvm/java-7-openjdk-amd64/jre/lib/amd64/libverify.so
7f4eb3df8000-7f4eb3dff000 r-xp 00000000 08:01 2494380                    /lib/x86_64-linux-gnu/librt-2.19.so
7f4eb3dff000-7f4eb3ffe000 ---p 00007000 08:01 2494380                    /lib/x86_64-linux-gnu/librt-2.19.so
7f4eb3ffe000-7f4eb3fff000 r--p 00006000 08:01 2494380                    /lib/x86_64-linux-gnu/librt-2.19.so
7f4eb3fff000-7f4eb4000000 rw-p 00007000 08:01 2494380                    /lib/x86_64-linux-gnu/librt-2.19.so
7f4eb4000000-7f4eb42e5000 rw-p 00000000 00:00 0 
7f4eb42e5000-7f4eb8000000 ---p 00000000 00:00 0 
7f4eb8031000-7f4eb803a000 r--s 00076000 00:18 2099468                    /home/hscissors/AndroidStudioProjects/Timeline2/app/build/intermediates/exploded-aar/com.android.support/appcompat-v7/21.0.0/classes.jar
7f4eb803a000-7f4eb8048000 r--s 000dc000 00:18 920441                     /home/hscissors/Downloads/android-studio/sdk/build-tools/21.0.0/lib/dx.jar
7f4eb8048000-7f4eb8067000 rw-p 00000000 00:00 0 
7f4eb8067000-7f4eb819e000 rw-p 00000000 00:00 0 
7f4eb819e000-7f4eb81b4000 r-xp 00000000 08:01 2490394                    /lib/x86_64-linux-gnu/libgcc_s.so.1
7f4eb81b4000-7f4eb83b3000 ---p 00016000 08:01 2490394                    /lib/x86_64-linux-gnu/libgcc_s.so.1
7f4eb83b3000-7f4eb83b4000 rw-p 00015000 08:01 2490394                    /lib/x86_64-linux-gnu/libgcc_s.so.1
7f4eb83b4000-7f4eb84b9000 r-xp 00000000 08:01 2494448                    /lib/x86_64-linux-gnu/libm-2.19.so
7f4eb84b9000-7f4eb86b8000 ---p 00105000 08:01 2494448                    /lib/x86_64-linux-gnu/libm-2.19.so
7f4eb86b8000-7f4eb86b9000 r--p 00104000 08:01 2494448                    /lib/x86_64-linux-gnu/libm-2.19.so
7f4eb86b9000-7f4eb86ba000 rw-p 00105000 08:01 2494448                    /lib/x86_64-linux-gnu/libm-2.19.so
7f4eb86ba000-7f4eb87a0000 r-xp 00000000 08:01 12722869                   /usr/lib/x86_64-linux-gnu/libstdc++.so.6.0.19
7f4eb87a0000-7f4eb899f000 ---p 000e6000 08:01 12722869                   /usr/lib/x86_64-linux-gnu/libstdc++.so.6.0.19
7f4eb899f000-7f4eb89a7000 r--p 000e5000 08:01 12722869                   /usr/lib/x86_64-linux-gnu/libstdc++.so.6.0.19
7f4eb89a7000-7f4eb89a9000 rw-p 000ed000 08:01 12722869                   /usr/lib/x86_64-linux-gnu/libstdc++.so.6.0.19
7f4eb89a9000-7f4eb89be000 rw-p 00000000 00:00 0 
7f4eb89be000-7f4eb94d4000 r-xp 00000000 08:01 12845531                   /usr/lib/jvm/java-7-openjdk-amd64/jre/lib/amd64/server/libjvm.so
7f4eb94d4000-7f4eb96d3000 ---p 00b16000 08:01 12845531                   /usr/lib/jvm/java-7-openjdk-amd64/jre/lib/amd64/server/libjvm.so
7f4eb96d3000-7f4eb976d000 r--p 00b15000 08:01 12845531                   /usr/lib/jvm/java-7-openjdk-amd64/jre/lib/amd64/server/libjvm.so
7f4eb976d000-7f4eb9790000 rw-p 00baf000 08:01 12845531                   /usr/lib/jvm/java-7-openjdk-amd64/jre/lib/amd64/server/libjvm.so
7f4eb9790000-7f4eb97be000 rw-p 00000000 00:00 0 
7f4eb97be000-7f4eb97d6000 r-xp 00000000 08:01 2494526                    /lib/x86_64-linux-gnu/libz.so.1.2.8
7f4eb97d6000-7f4eb99d5000 ---p 00018000 08:01 2494526                    /lib/x86_64-linux-gnu/libz.so.1.2.8
7f4eb99d5000-7f4eb99d6000 r--p 00017000 08:01 2494526                    /lib/x86_64-linux-gnu/libz.so.1.2.8
7f4eb99d6000-7f4eb99d7000 rw-p 00018000 08:01 2494526                    /lib/x86_64-linux-gnu/libz.so.1.2.8
7f4eb99d7000-7f4eb99f0000 r-xp 00000000 08:01 2495718                    /lib/x86_64-linux-gnu/libpthread-2.19.so
7f4eb99f0000-7f4eb9bef000 ---p 00019000 08:01 2495718                    /lib/x86_64-linux-gnu/libpthread-2.19.so
7f4eb9bef000-7f4eb9bf0000 r--p 00018000 08:01 2495718                    /lib/x86_64-linux-gnu/libpthread-2.19.so
7f4eb9bf0000-7f4eb9bf1000 rw-p 00019000 08:01 2495718                    /lib/x86_64-linux-gnu/libpthread-2.19.so
7f4eb9bf1000-7f4eb9bf5000 rw-p 00000000 00:00 0 
7f4eb9bf5000-7f4eb9bf8000 r-xp 00000000 08:01 2495712                    /lib/x86_64-linux-gnu/libdl-2.19.so
7f4eb9bf8000-7f4eb9df7000 ---p 00003000 08:01 2495712                    /lib/x86_64-linux-gnu/libdl-2.19.so
7f4eb9df7000-7f4eb9df8000 r--p 00002000 08:01 2495712                    /lib/x86_64-linux-gnu/libdl-2.19.so
7f4eb9df8000-7f4eb9df9000 rw-p 00003000 08:01 2495712                    /lib/x86_64-linux-gnu/libdl-2.19.so
7f4eb9df9000-7f4eb9fb4000 r-xp 00000000 08:01 2494434                    /lib/x86_64-linux-gnu/libc-2.19.so
7f4eb9fb4000-7f4eba1b4000 ---p 001bb000 08:01 2494434                    /lib/x86_64-linux-gnu/libc-2.19.so
7f4eba1b4000-7f4eba1b8000 r--p 001bb000 08:01 2494434                    /lib/x86_64-linux-gnu/libc-2.19.so
7f4eba1b8000-7f4eba1ba000 rw-p 001bf000 08:01 2494434                    /lib/x86_64-linux-gnu/libc-2.19.so
7f4eba1ba000-7f4eba1bf000 rw-p 00000000 00:00 0 
7f4eba1bf000-7f4eba1cc000 r-xp 00000000 08:01 12845544                   /usr/lib/jvm/java-7-openjdk-amd64/jre/lib/amd64/jli/libjli.so
7f4eba1cc000-7f4eba3cb000 ---p 0000d000 08:01 12845544                   /usr/lib/jvm/java-7-openjdk-amd64/jre/lib/amd64/jli/libjli.so
7f4eba3cb000-7f4eba3cc000 r--p 0000c000 08:01 12845544                   /usr/lib/jvm/java-7-openjdk-amd64/jre/lib/amd64/jli/libjli.so
7f4eba3cc000-7f4eba3cd000 rw-p 0000d000 08:01 12845544                   /usr/lib/jvm/java-7-openjdk-amd64/jre/lib/amd64/jli/libjli.so
7f4eba3cd000-7f4eba3f0000 r-xp 00000000 08:01 2494436                    /lib/x86_64-linux-gnu/ld-2.19.so
7f4eba3f2000-7f4eba3f3000 rw-p 00000000 00:00 0 
7f4eba3f3000-7f4eba3f6000 r--s 00032000 08:01 12979352                   /usr/lib/jvm/java-7-openjdk-amd64/jre/lib/ext/sunjce_provider.jar
7f4eba3f6000-7f4eba419000 rw-p 00000000 00:00 0 
7f4eba419000-7f4eba4ce000 rw-p 00000000 00:00 0 
7f4eba4ce000-7f4eba4d1000 ---p 00000000 00:00 0 
7f4eba4d1000-7f4eba5d4000 rw-p 00000000 00:00 0                          [stack:26984]
7f4eba5d4000-7f4eba5d5000 r--s 00002000 08:01 12980329                   /usr/lib/jvm/java-7-openjdk-amd64/jre/lib/ext/dnsns.jar
7f4eba5d5000-7f4eba5d7000 r--s 00006000 08:01 13114012                   /usr/share/java/java-atk-wrapper.jar
7f4eba5d7000-7f4eba5da000 r--s 0003c000 08:01 12979354                   /usr/lib/jvm/java-7-openjdk-amd64/jre/lib/ext/sunpkcs11.jar
7f4eba5da000-7f4eba5dc000 r--s 00012000 08:01 12980328                   /usr/lib/jvm/java-7-openjdk-amd64/jre/lib/ext/zipfs.jar
7f4eba5dc000-7f4eba5df000 r--s 0000f000 08:01 12979353                   /usr/lib/jvm/java-7-openjdk-amd64/jre/lib/ext/pulse-java.jar
7f4eba5df000-7f4eba5e3000 r--s 00085000 08:01 12980330                   /usr/lib/jvm/java-7-openjdk-amd64/jre/lib/ext/localedata.jar
7f4eba5e3000-7f4eba5eb000 rw-s 00000000 08:01 530410                     /tmp/hsperfdata_hscissors/26947
7f4eba5eb000-7f4eba5ec000 rw-p 00000000 00:00 0 
7f4eba5ec000-7f4eba5ed000 ---p 00000000 00:00 0 
7f4eba5ed000-7f4eba5ef000 rw-p 00000000 00:00 0 
7f4eba5ef000-7f4eba5f0000 r--p 00022000 08:01 2494436                    /lib/x86_64-linux-gnu/ld-2.19.so
7f4eba5f0000-7f4eba5f1000 rw-p 00023000 08:01 2494436                    /lib/x86_64-linux-gnu/ld-2.19.so
7f4eba5f1000-7f4eba5f2000 rw-p 00000000 00:00 0 
7fff7483e000-7fff74860000 rw-p 00000000 00:00 0                          [stack]
7fff74948000-7fff7494a000 r-xp 00000000 00:00 0                          [vdso]
ffffffffff600000-ffffffffff601000 r-xp 00000000 00:00 0                  [vsyscall]

VM Arguments:
jvm_args: -Xmx1024M 
java_command: /home/hscissors/Downloads/android-studio/sdk/build-tools/21.0.0/lib/dx.jar --dex --output /home/hscissors/AndroidStudioProjects/Timeline2/app/build/intermediates/pre-dexed/debug/classes-e8611ad7a51905126edbbe4c98d39952d1618542.jar /home/hscissors/AndroidStudioProjects/Timeline2/app/build/intermediates/exploded-aar/com.android.support/appcompat-v7/21.0.0/classes.jar
Launcher Type: SUN_STANDARD

Environment Variables:
CLASSPATH=./../lib/bootstrap.jar:./../lib/extensions.jar:./../lib/util.jar:./../lib/jdom.jar:./../lib/log4j.jar:./../lib/trove4j.jar:./../lib/jna.jar:/usr/lib/jvm/java-7-openjdk-amd64/lib/tools.jar
PATH=/home/hscissors/.rvm/gems/ruby-1.9.3-p547/bin:/home/hscissors/.rvm/gems/ruby-1.9.3-p547@global/bin:/home/hscissors/.rvm/rubies/ruby-1.9.3-p547/bin:/usr/local/sbin:/usr/local/bin:/usr/sbin:/usr/bin:/sbin:/bin:/usr/games:/usr/local/games:/home/hscissors/.rvm/bin:/home/hscissors/.rvm/bin
LD_LIBRARY_PATH=.:
SHELL=/bin/bash
DISPLAY=:0

Signal Handlers:
SIGSEGV: [libjvm.so+0x949180], sa_mask[0]=0x7ffbfeff, sa_flags=0x10000004
SIGBUS: [libjvm.so+0x949180], sa_mask[0]=0x7ffbfeff, sa_flags=0x10000004
SIGFPE: [libjvm.so+0x7c2ec0], sa_mask[0]=0x7ffbfeff, sa_flags=0x10000004
SIGPIPE: [libjvm.so+0x7c2ec0], sa_mask[0]=0x7ffbfeff, sa_flags=0x10000004
SIGXFSZ: [libjvm.so+0x7c2ec0], sa_mask[0]=0x7ffbfeff, sa_flags=0x10000004
SIGILL: [libjvm.so+0x7c2ec0], sa_mask[0]=0x7ffbfeff, sa_flags=0x10000004
SIGUSR1: SIG_DFL, sa_mask[0]=0x00000000, sa_flags=0x00000000
SIGUSR2: [libjvm.so+0x7c2d60], sa_mask[0]=0x00000004, sa_flags=0x10000004
SIGHUP: [libjvm.so+0x7c2f40], sa_mask[0]=0x7ffbfeff, sa_flags=0x10000004
SIGINT: [libjvm.so+0x7c2f40], sa_mask[0]=0x7ffbfeff, sa_flags=0x10000004
SIGTERM: [libjvm.so+0x7c2f40], sa_mask[0]=0x7ffbfeff, sa_flags=0x10000004
SIGQUIT: [libjvm.so+0x7c2f40], sa_mask[0]=0x7ffbfeff, sa_flags=0x10000004
SIGTRAP: SIG_DFL, sa_mask[0]=0x00000000, sa_flags=0x00000000


---------------  S Y S T E M  ---------------

OS:Ubuntu 14.04 (trusty)
uname:Linux 3.13.0-36-generic #63-Ubuntu SMP Wed Sep 3 21:30:07 UTC 2014 x86_64
libc:glibc 2.19 NPTL 2.19 
rlimit: STACK 8192k, CORE 0k, NPROC 46371, NOFILE 4096, AS infinity
load average:5.36 2.09 1.05

/proc/meminfo:
MemTotal:        5965356 kB
MemFree:          107328 kB
Buffers:             824 kB
Cached:           474788 kB
SwapCached:            0 kB
Active:          5106980 kB
Inactive:         466940 kB
Active(anon):    5101512 kB
Inactive(anon):   458240 kB
Active(file):       5468 kB
Inactive(file):     8700 kB
Unevictable:          32 kB
Mlocked:              32 kB
SwapTotal:             0 kB
SwapFree:              0 kB
Dirty:               560 kB
Writeback:             0 kB
AnonPages:       5098880 kB
Mapped:           178256 kB
Shmem:            460936 kB
Slab:             104328 kB
SReclaimable:      37120 kB
SUnreclaim:        67208 kB
KernelStack:        6632 kB
PageTables:        62576 kB
NFS_Unstable:          0 kB
Bounce:                0 kB
WritebackTmp:          0 kB
CommitLimit:     2982676 kB
Committed_AS:   11923644 kB
VmallocTotal:   34359738367 kB
VmallocUsed:      354728 kB
VmallocChunk:   34359374700 kB
HardwareCorrupted:     0 kB
AnonHugePages:   1892352 kB
HugePages_Total:       0
HugePages_Free:        0
HugePages_Rsvd:        0
HugePages_Surp:        0
Hugepagesize:       2048 kB
DirectMap4k:       99136 kB
DirectMap2M:     6045696 kB


CPU:total 4 (2 cores per cpu, 2 threads per core) family 6 model 58 stepping 9, cmov, cx8, fxsr, mmx, sse, sse2, sse3, ssse3, sse4.1, sse4.2, popcnt, avx, aes, erms, ht, tsc, tscinvbit, tscinv

/proc/cpuinfo:
processor	: 0
vendor_id	: GenuineIntel
cpu family	: 6
model		: 58
model name	: Intel(R) Core(TM) i5-3230M CPU @ 2.60GHz
stepping	: 9
microcode	: 0x15
cpu MHz		: 2601.000
cache size	: 3072 KB
physical id	: 0
siblings	: 4
core id		: 0
cpu cores	: 2
apicid		: 0
initial apicid	: 0
fpu		: yes
fpu_exception	: yes
cpuid level	: 13
wp		: yes
flags		: fpu vme de pse tsc msr pae mce cx8 apic sep mtrr pge mca cmov pat pse36 clflush dts acpi mmx fxsr sse sse2 ss ht tm pbe syscall nx rdtscp lm constant_tsc arch_perfmon pebs bts rep_good nopl xtopology nonstop_tsc aperfmperf eagerfpu pni pclmulqdq dtes64 monitor ds_cpl vmx est tm2 ssse3 cx16 xtpr pdcm pcid sse4_1 sse4_2 x2apic popcnt tsc_deadline_timer aes xsave avx f16c rdrand lahf_lm ida arat epb xsaveopt pln pts dtherm tpr_shadow vnmi flexpriority ept vpid fsgsbase smep erms
bogomips	: 5188.69
clflush size	: 64
cache_alignment	: 64
address sizes	: 36 bits physical, 48 bits virtual
power management:

processor	: 1
vendor_id	: GenuineIntel
cpu family	: 6
model		: 58
model name	: Intel(R) Core(TM) i5-3230M CPU @ 2.60GHz
stepping	: 9
microcode	: 0x15
cpu MHz		: 2601.000
cache size	: 3072 KB
physical id	: 0
siblings	: 4
core id		: 0
cpu cores	: 2
apicid		: 1
initial apicid	: 1
fpu		: yes
fpu_exception	: yes
cpuid level	: 13
wp		: yes
flags		: fpu vme de pse tsc msr pae mce cx8 apic sep mtrr pge mca cmov pat pse36 clflush dts acpi mmx fxsr sse sse2 ss ht tm pbe syscall nx rdtscp lm constant_tsc arch_perfmon pebs bts rep_good nopl xtopology nonstop_tsc aperfmperf eagerfpu pni pclmulqdq dtes64 monitor ds_cpl vmx est tm2 ssse3 cx16 xtpr pdcm pcid sse4_1 sse4_2 x2apic popcnt tsc_deadline_timer aes xsave avx f16c rdrand lahf_lm ida arat epb xsaveopt pln pts dtherm tpr_shadow vnmi flexpriority ept vpid fsgsbase smep erms
bogomips	: 5188.69
clflush size	: 64
cache_alignment	: 64
address sizes	: 36 bits physical, 48 bits virtual
power management:

processor	: 2
vendor_id	: GenuineIntel
cpu family	: 6
model		: 58
model name	: Intel(R) Core(TM) i5-3230M CPU @ 2.60GHz
stepping	: 9
microcode	: 0x15
cpu MHz		: 2601.000
cache size	: 3072 KB
physical id	: 0
siblings	: 4
core id		: 1
cpu cores	: 2
apicid		: 2
initial apicid	: 2
fpu		: yes
fpu_exception	: yes
cpuid level	: 13
wp		: yes
flags		: fpu vme de pse tsc msr pae mce cx8 apic sep mtrr pge mca cmov pat pse36 clflush dts acpi mmx fxsr sse sse2 ss ht tm pbe syscall nx rdtscp lm constant_tsc arch_perfmon pebs bts rep_good nopl xtopology nonstop_tsc aperfmperf eagerfpu pni pclmulqdq dtes64 monitor ds_cpl vmx est tm2 ssse3 cx16 xtpr pdcm pcid sse4_1 sse4_2 x2apic popcnt tsc_deadline_timer aes xsave avx f16c rdrand lahf_lm ida arat epb xsaveopt pln pts dtherm tpr_shadow vnmi flexpriority ept vpid fsgsbase smep erms
bogomips	: 5188.69
clflush size	: 64
cache_alignment	: 64
address sizes	: 36 bits physical, 48 bits virtual
power management:

processor	: 3
vendor_id	: GenuineIntel
cpu family	: 6
model		: 58
model name	: Intel(R) Core(TM) i5-3230M CPU @ 2.60GHz
stepping	: 9
microcode	: 0x15
cpu MHz		: 2601.000
cache size	: 3072 KB
physical id	: 0
siblings	: 4
core id		: 1
cpu cores	: 2
apicid		: 3
initial apicid	: 3
fpu		: yes
fpu_exception	: yes
cpuid level	: 13
wp		: yes
flags		: fpu vme de pse tsc msr pae mce cx8 apic sep mtrr pge mca cmov pat pse36 clflush dts acpi mmx fxsr sse sse2 ss ht tm pbe syscall nx rdtscp lm constant_tsc arch_perfmon pebs bts rep_good nopl xtopology nonstop_tsc aperfmperf eagerfpu pni pclmulqdq dtes64 monitor ds_cpl vmx est tm2 ssse3 cx16 xtpr pdcm pcid sse4_1 sse4_2 x2apic popcnt tsc_deadline_timer aes xsave avx f16c rdrand lahf_lm ida arat epb xsaveopt pln pts dtherm tpr_shadow vnmi flexpriority ept vpid fsgsbase smep erms
bogomips	: 5188.69
clflush size	: 64
cache_alignment	: 64
address sizes	: 36 bits physical, 48 bits virtual
power management:



Memory: 4k page, physical 5965356k(107328k free), swap 0k(0k free)

vm_info: OpenJDK 64-Bit Server VM (24.65-b04) for linux-amd64 JRE (1.7.0_65-b32), built on Sep 10 2014 05:56:05 by "buildd" with gcc 4.8.2

time: Sun Oct 26 18:24:59 2014
elapsed time: 17 seconds

