#
# There is insufficient memory for the Java Runtime Environment to continue.
# Native memory allocation (malloc) failed to allocate 45088768 bytes for committing reserved memory.
# Possible reasons:
#   The system is out of physical RAM or swap space
#   In 32 bit mode, the process size limit was hit
# Possible solutions:
#   Reduce memory load on the system
#   Increase physical memory or swap space
#   Check if swap backing store is full
#   Use 64 bit Java on a 64 bit OS
#   Decrease Java heap size (-Xmx/-Xms)
#   Decrease number of Java threads
#   Decrease Java thread stack sizes (-Xss)
#   Set larger code cache with -XX:ReservedCodeCacheSize=
# This output file may be truncated or incomplete.
#
#  Out of Memory Error (os_linux.cpp:2798), pid=21894, tid=140260693042944
#
# JRE version: OpenJDK Runtime Environment (7.0_65-b32) (build 1.7.0_65-b32)
# Java VM: OpenJDK 64-Bit Server VM (24.65-b04 mixed mode linux-amd64 compressed oops)
# Derivative: IcedTea 2.5.2
# Distribution: Ubuntu 14.04 LTS, package 7u65-2.5.2-3~14.04
# Failed to write core dump. Core dumps have been disabled. To enable core dumping, try "ulimit -c unlimited" before starting Java again
#

---------------  T H R E A D  ---------------

Current thread (0x00007f90f813d800):  VMThread [stack: 0x00007f90fcb8e000,0x00007f90fcc8f000] [id=21907]

Stack: [0x00007f90fcb8e000,0x00007f90fcc8f000],  sp=0x00007f90fcc8d490,  free space=1021k
Native frames: (J=compiled Java code, j=interpreted, Vv=VM code, C=native code)
V  [libjvm.so+0x9486a5]  VMError::report_and_die()+0x175
V  [libjvm.so+0x48b904]  report_vm_out_of_memory(char const*, int, unsigned long, char const*)+0x74
V  [libjvm.so+0x7c76ab]  os::pd_commit_memory(char*, unsigned long, unsigned long, bool)+0xeb
V  [libjvm.so+0x7c216f]  os::commit_memory(char*, unsigned long, unsigned long, bool)+0x1f
V  [libjvm.so+0x8338fb]  PSVirtualSpace::expand_by(unsigned long)+0x5b
V  [libjvm.so+0x834750]  PSYoungGen::resize_generation(unsigned long, unsigned long)+0xb0
V  [libjvm.so+0x834e3b]  PSYoungGen::resize(unsigned long, unsigned long)+0x1b
V  [libjvm.so+0x831120]  PSScavenge::invoke_no_policy()+0xde0
V  [libjvm.so+0x8318f8]  PSScavenge::invoke()+0x38
V  [libjvm.so+0x7e82d3]  ParallelScavengeHeap::failed_mem_allocate(unsigned long)+0x63
V  [libjvm.so+0x94a0a4]  VM_ParallelGCFailedAllocation::doit()+0x84
V  [libjvm.so+0x94e597]  VM_Operation::evaluate()+0x47
V  [libjvm.so+0x94cf08]  VMThread::evaluate_operation(VM_Operation*)+0x318
V  [libjvm.so+0x94d369]  VMThread::loop()+0x219
V  [libjvm.so+0x94d7b2]  VMThread::run()+0x72
V  [libjvm.so+0x7c4572]  java_start(Thread*)+0xf2

VM_Operation (0x00007f9101d79250): ParallelGCFailedAllocation, mode: safepoint, requested by thread 0x00007f90f800b000


---------------  P R O C E S S  ---------------

Java Threads: ( => current thread )
  0x00007f90f816e800 JavaThread "Service Thread" daemon [_thread_blocked, id=21913, stack(0x00007f90f4dfe000,0x00007f90f4eff000)]
  0x00007f90f816c000 JavaThread "C2 CompilerThread1" daemon [_thread_blocked, id=21912, stack(0x00007f90f4eff000,0x00007f90f5000000)]
  0x00007f90f8169000 JavaThread "C2 CompilerThread0" daemon [_thread_blocked, id=21911, stack(0x00007f90fc0a8000,0x00007f90fc1a9000)]
  0x00007f90f8167000 JavaThread "Signal Dispatcher" daemon [_thread_blocked, id=21910, stack(0x00007f90fc1a9000,0x00007f90fc2aa000)]
  0x00007f90f8143800 JavaThread "Finalizer" daemon [_thread_blocked, id=21909, stack(0x00007f90fc98c000,0x00007f90fca8d000)]
  0x00007f90f8141800 JavaThread "Reference Handler" daemon [_thread_blocked, id=21908, stack(0x00007f90fca8d000,0x00007f90fcb8e000)]
  0x00007f90f800b000 JavaThread "main" [_thread_blocked, id=21902, stack(0x00007f9101c7a000,0x00007f9101d7b000)]

Other Threads:
=>0x00007f90f813d800 VMThread [stack: 0x00007f90fcb8e000,0x00007f90fcc8f000] [id=21907]
  0x00007f90f8181000 WatcherThread [stack: 0x00007f90f4cfd000,0x00007f90f4dfe000] [id=21914]

VM state:at safepoint (normal execution)

VM Mutex/Monitor currently owned by a thread:  ([mutex/lock_event])
[0x00007f90f8007270] Threads_lock - owner thread: 0x00007f90f813d800
[0x00007f90f8007770] Heap_lock - owner thread: 0x00007f90f800b000

Heap
 PSYoungGen      total 61440K, used 8246K [0x00000000eaa80000, 0x00000000ef580000, 0x0000000100000000)
  eden space 47104K, 0% used [0x00000000eaa80000,0x00000000eaa80000,0x00000000ed880000)
  from space 14336K, 57% used [0x00000000ed880000,0x00000000ee08db78,0x00000000ee680000)
  to   space 13312K, 0% used [0x00000000ee680000,0x00000000ee680000,0x00000000ef380000)
 ParOldGen       total 61952K, used 36010K [0x00000000c0000000, 0x00000000c3c80000, 0x00000000eaa80000)
  object space 61952K, 58% used [0x00000000c0000000,0x00000000c232a9b8,0x00000000c3c80000)
 PSPermGen       total 21504K, used 7316K [0x00000000b5a00000, 0x00000000b6f00000, 0x00000000c0000000)
  object space 21504K, 34% used [0x00000000b5a00000,0x00000000b6125208,0x00000000b6f00000)

Card table byte_map: [0x00007f90fe669000,0x00007f90fe8bd000] byte_map_base: 0x00007f90fe0bc000

Polling page: 0x00007f9101d98000

Code Cache  [0x00007f90f5000000, 0x00007f90f5270000, 0x00007f90f8000000)
 total_blobs=964 nmethods=712 adapters=205 free_code_cache=47075Kb largest_free_block=48154432

Compilation events (10 events):
Event: 3.036 Thread 0x00007f90f8169000 nmethod 724 0x00007f90f51ca610 code [0x00007f90f51ca760, 0x00007f90f51ca8d8]
Event: 3.036 Thread 0x00007f90f8169000  725             java.util.TimSort::binarySort (223 bytes)
Event: 3.050 Thread 0x00007f90f8169000 nmethod 725 0x00007f90f520af90 code [0x00007f90f520b140, 0x00007f90f520bb38]
Event: 3.051 Thread 0x00007f90f8169000  726             com.android.dx.io.instructions.InstructionCodec$16::decode (58 bytes)
Event: 3.054 Thread 0x00007f90f8169000 nmethod 726 0x00007f90f5209190 code [0x00007f90f52092e0, 0x00007f90f52094d8]
Event: 3.054 Thread 0x00007f90f8169000  727             com.android.dx.io.instructions.InstructionCodec$16::encode (37 bytes)
Event: 3.056 Thread 0x00007f90f8169000 nmethod 727 0x00007f90f5208a90 code [0x00007f90f5208c00, 0x00007f90f5208e38]
Event: 3.061 Thread 0x00007f90f8169000  728             com.android.dx.io.instructions.RegisterRangeDecodedInstruction::<init> (26 bytes)
Event: 3.062 Thread 0x00007f90f8169000 nmethod 728 0x00007f90f5209690 code [0x00007f90f52097e0, 0x00007f90f52098f8]
Event: 3.062 Thread 0x00007f90f816c000 nmethod 721 0x00007f90f5210b50 code [0x00007f90f5210d80, 0x00007f90f5212790]

GC Heap History (10 events):
Event: 1.507 GC heap after
Heap after GC invocations=2 (full 0):
 PSYoungGen      total 27648K, used 3569K [0x00000000eaa80000, 0x00000000ec900000, 0x0000000100000000)
  eden space 24064K, 0% used [0x00000000eaa80000,0x00000000eaa80000,0x00000000ec200000)
  from space 3584K, 99% used [0x00000000ec580000,0x00000000ec8fc658,0x00000000ec900000)
  to   space 3584K, 0% used [0x00000000ec200000,0x00000000ec200000,0x00000000ec580000)
 ParOldGen       total 61952K, used 5839K [0x00000000c0000000, 0x00000000c3c80000, 0x00000000eaa80000)
  object space 61952K, 9% used [0x00000000c0000000,0x00000000c05b3e68,0x00000000c3c80000)
 PSPermGen       total 21504K, used 5887K [0x00000000b5a00000, 0x00000000b6f00000, 0x00000000c0000000)
  object space 21504K, 27% used [0x00000000b5a00000,0x00000000b5fbfce8,0x00000000b6f00000)
}
Event: 2.473 GC heap before
{Heap before GC invocations=3 (full 0):
 PSYoungGen      total 27648K, used 27633K [0x00000000eaa80000, 0x00000000ec900000, 0x0000000100000000)
  eden space 24064K, 100% used [0x00000000eaa80000,0x00000000ec200000,0x00000000ec200000)
  from space 3584K, 99% used [0x00000000ec580000,0x00000000ec8fc658,0x00000000ec900000)
  to   space 3584K, 0% used [0x00000000ec200000,0x00000000ec200000,0x00000000ec580000)
 ParOldGen       total 61952K, used 5839K [0x00000000c0000000, 0x00000000c3c80000, 0x00000000eaa80000)
  object space 61952K, 9% used [0x00000000c0000000,0x00000000c05b3e68,0x00000000c3c80000)
 PSPermGen       total 21504K, used 7255K [0x00000000b5a00000, 0x00000000b6f00000, 0x00000000c0000000)
  object space 21504K, 33% used [0x00000000b5a00000,0x00000000b6115e28,0x00000000b6f00000)
Event: 2.478 GC heap after
Heap after GC invocations=3 (full 0):
 PSYoungGen      total 27648K, used 3552K [0x00000000eaa80000, 0x00000000ec900000, 0x0000000100000000)
  eden space 24064K, 0% used [0x00000000eaa80000,0x00000000eaa80000,0x00000000ec200000)
  from space 3584K, 99% used [0x00000000ec200000,0x00000000ec578060,0x00000000ec580000)
  to   space 3584K, 0% used [0x00000000ec580000,0x00000000ec580000,0x00000000ec900000)
 ParOldGen       total 61952K, used 10950K [0x00000000c0000000, 0x00000000c3c80000, 0x00000000eaa80000)
  object space 61952K, 17% used [0x00000000c0000000,0x00000000c0ab1890,0x00000000c3c80000)
 PSPermGen       total 21504K, used 7255K [0x00000000b5a00000, 0x00000000b6f00000, 0x00000000c0000000)
  object space 21504K, 33% used [0x00000000b5a00000,0x00000000b6115e28,0x00000000b6f00000)
}
Event: 2.674 GC heap before
{Heap before GC invocations=4 (full 0):
 PSYoungGen      total 27648K, used 27616K [0x00000000eaa80000, 0x00000000ec900000, 0x0000000100000000)
  eden space 24064K, 100% used [0x00000000eaa80000,0x00000000ec200000,0x00000000ec200000)
  from space 3584K, 99% used [0x00000000ec200000,0x00000000ec578060,0x00000000ec580000)
  to   space 3584K, 0% used [0x00000000ec580000,0x00000000ec580000,0x00000000ec900000)
 ParOldGen       total 61952K, used 10950K [0x00000000c0000000, 0x00000000c3c80000, 0x00000000eaa80000)
  object space 61952K, 17% used [0x00000000c0000000,0x00000000c0ab1890,0x00000000c3c80000)
 PSPermGen       total 21504K, used 7277K [0x00000000b5a00000, 0x00000000b6f00000, 0x00000000c0000000)
  object space 21504K, 33% used [0x00000000b5a00000,0x00000000b611b630,0x00000000b6f00000)
Event: 2.680 GC heap after
Heap after GC invocations=4 (full 0):
 PSYoungGen      total 27648K, used 3582K [0x00000000eaa80000, 0x00000000ee080000, 0x0000000100000000)
  eden space 24064K, 0% used [0x00000000eaa80000,0x00000000eaa80000,0x00000000ec200000)
  from space 3584K, 99% used [0x00000000ec580000,0x00000000ec8ffa88,0x00000000ec900000)
  to   space 3584K, 0% used [0x00000000ec200000,0x00000000ec200000,0x00000000ec580000)
 ParOldGen       total 61952K, used 13780K [0x00000000c0000000, 0x00000000c3c80000, 0x00000000eaa80000)
  object space 61952K, 22% used [0x00000000c0000000,0x00000000c0d75250,0x00000000c3c80000)
 PSPermGen       total 21504K, used 7277K [0x00000000b5a00000, 0x00000000b6f00000, 0x00000000c0000000)
  object space 21504K, 33% used [0x00000000b5a00000,0x00000000b611b630,0x00000000b6f00000)
}
Event: 2.788 GC heap before
{Heap before GC invocations=5 (full 0):
 PSYoungGen      total 27648K, used 27646K [0x00000000eaa80000, 0x00000000ee080000, 0x0000000100000000)
  eden space 24064K, 100% used [0x00000000eaa80000,0x00000000ec200000,0x00000000ec200000)
  from space 3584K, 99% used [0x00000000ec580000,0x00000000ec8ffa88,0x00000000ec900000)
  to   space 3584K, 0% used [0x00000000ec200000,0x00000000ec200000,0x00000000ec580000)
 ParOldGen       total 61952K, used 13780K [0x00000000c0000000, 0x00000000c3c80000, 0x00000000eaa80000)
  object space 61952K, 22% used [0x00000000c0000000,0x00000000c0d75250,0x00000000c3c80000)
 PSPermGen       total 21504K, used 7300K [0x00000000b5a00000, 0x00000000b6f00000, 0x00000000c0000000)
  object space 21504K, 33% used [0x00000000b5a00000,0x00000000b6121118,0x00000000b6f00000)
Event: 2.795 GC heap after
Heap after GC invocations=5 (full 0):
 PSYoungGen      total 27648K, used 3565K [0x00000000eaa80000, 0x00000000ef380000, 0x0000000100000000)
  eden space 24064K, 0% used [0x00000000eaa80000,0x00000000eaa80000,0x00000000ec200000)
  from space 3584K, 99% used [0x00000000ec200000,0x00000000ec57b458,0x00000000ec580000)
  to   space 13312K, 0% used [0x00000000ee680000,0x00000000ee680000,0x00000000ef380000)
 ParOldGen       total 61952K, used 24392K [0x00000000c0000000, 0x00000000c3c80000, 0x00000000eaa80000)
  object space 61952K, 39% used [0x00000000c0000000,0x00000000c17d2238,0x00000000c3c80000)
 PSPermGen       total 21504K, used 7300K [0x00000000b5a00000, 0x00000000b6f00000, 0x00000000c0000000)
  object space 21504K, 33% used [0x00000000b5a00000,0x00000000b6121118,0x00000000b6f00000)
}
Event: 2.909 GC heap before
{Heap before GC invocations=6 (full 0):
 PSYoungGen      total 27648K, used 27629K [0x00000000eaa80000, 0x00000000ef380000, 0x0000000100000000)
  eden space 24064K, 100% used [0x00000000eaa80000,0x00000000ec200000,0x00000000ec200000)
  from space 3584K, 99% used [0x00000000ec200000,0x00000000ec57b458,0x00000000ec580000)
  to   space 13312K, 0% used [0x00000000ee680000,0x00000000ee680000,0x00000000ef380000)
 ParOldGen       total 61952K, used 24392K [0x00000000c0000000, 0x00000000c3c80000, 0x00000000eaa80000)
  object space 61952K, 39% used [0x00000000c0000000,0x00000000c17d2238,0x00000000c3c80000)
 PSPermGen       total 21504K, used 7310K [0x00000000b5a00000, 0x00000000b6f00000, 0x00000000c0000000)
  object space 21504K, 33% used [0x00000000b5a00000,0x00000000b6123968,0x00000000b6f00000)
Event: 2.917 GC heap after
Heap after GC invocations=6 (full 0):
 PSYoungGen      total 60416K, used 10820K [0x00000000eaa80000, 0x00000000ef580000, 0x0000000100000000)
  eden space 47104K, 0% used [0x00000000eaa80000,0x00000000eaa80000,0x00000000ed880000)
  from space 13312K, 81% used [0x00000000ee680000,0x00000000ef1110b8,0x00000000ef380000)
  to   space 14336K, 0% used [0x00000000ed880000,0x00000000ed880000,0x00000000ee680000)
 ParOldGen       total 61952K, used 33628K [0x00000000c0000000, 0x00000000c3c80000, 0x00000000eaa80000)
  object space 61952K, 54% used [0x00000000c0000000,0x00000000c20d7218,0x00000000c3c80000)
 PSPermGen       total 21504K, used 7310K [0x00000000b5a00000, 0x00000000b6f00000, 0x00000000c0000000)
  object space 21504K, 33% used [0x00000000b5a00000,0x00000000b6123968,0x00000000b6f00000)
}
Event: 3.065 GC heap before
{Heap before GC invocations=7 (full 0):
 PSYoungGen      total 60416K, used 57924K [0x00000000eaa80000, 0x00000000ef580000, 0x0000000100000000)
  eden space 47104K, 100% used [0x00000000eaa80000,0x00000000ed880000,0x00000000ed880000)
  from space 13312K, 81% used [0x00000000ee680000,0x00000000ef1110b8,0x00000000ef380000)
  to   space 14336K, 0% used [0x00000000ed880000,0x00000000ed880000,0x00000000ee680000)
 ParOldGen       total 61952K, used 33628K [0x00000000c0000000, 0x00000000c3c80000, 0x00000000eaa80000)
  object space 61952K, 54% used [0x00000000c0000000,0x00000000c20d7218,0x00000000c3c80000)
 PSPermGen       total 21504K, used 7316K [0x00000000b5a00000, 0x00000000b6f00000, 0x00000000c0000000)
  object space 21504K, 34% used [0x00000000b5a00000,0x00000000b6125208,0x00000000b6f00000)

Deoptimization events (10 events):
Event: 2.869 Thread 0x00007f90f800b000 Uncommon trap: reason=array_check action=maybe_recompile pc=0x00007f90f5098040 method=java.util.ComparableTimSort.binarySort([Ljava/lang/Object;III)V @ 215
Event: 2.869 Thread 0x00007f90f800b000 Uncommon trap: reason=array_check action=maybe_recompile pc=0x00007f90f5098104 method=java.util.ComparableTimSort.binarySort([Ljava/lang/Object;III)V @ 193
Event: 2.971 Thread 0x00007f90f800b000 Uncommon trap: reason=array_check action=maybe_recompile pc=0x00007f90f5205e08 method=java.util.TimSort.binarySort([Ljava/lang/Object;IIILjava/util/Comparator;)V @ 193
Event: 2.971 Thread 0x00007f90f800b000 Uncommon trap: reason=array_check action=maybe_recompile pc=0x00007f90f5205e08 method=java.util.TimSort.binarySort([Ljava/lang/Object;IIILjava/util/Comparator;)V @ 193
Event: 2.971 Thread 0x00007f90f800b000 Uncommon trap: reason=array_check action=maybe_recompile pc=0x00007f90f5205e08 method=java.util.TimSort.binarySort([Ljava/lang/Object;IIILjava/util/Comparator;)V @ 193
Event: 2.971 Thread 0x00007f90f800b000 Uncommon trap: reason=array_check action=maybe_recompile pc=0x00007f90f5205ecc method=java.util.TimSort.binarySort([Ljava/lang/Object;IIILjava/util/Comparator;)V @ 183
Event: 2.971 Thread 0x00007f90f800b000 Uncommon trap: reason=array_check action=maybe_recompile pc=0x00007f90f5205e08 method=java.util.TimSort.binarySort([Ljava/lang/Object;IIILjava/util/Comparator;)V @ 193
Event: 3.014 Thread 0x00007f90f800b000 Uncommon trap: reason=array_check action=maybe_recompile pc=0x00007f90f5098104 method=java.util.ComparableTimSort.binarySort([Ljava/lang/Object;III)V @ 193
Event: 3.036 Thread 0x00007f90f800b000 Uncommon trap: reason=array_check action=maybe_recompile pc=0x00007f90f5206f54 method=java.util.TimSort.binarySort([Ljava/lang/Object;IIILjava/util/Comparator;)V @ 215
Event: 3.036 Thread 0x00007f90f800b000 Uncommon trap: reason=array_check action=maybe_recompile pc=0x00007f90f5206f54 method=java.util.TimSort.binarySort([Ljava/lang/Object;IIILjava/util/Comparator;)V @ 215

Internal exceptions (10 events):
Event: 2.111 Thread 0x00007f90f800b000 Threw 0x00000000eb015a48 at /build/buildd/openjdk-7-7u65-2.5.2/build/openjdk/hotspot/src/share/vm/prims/jvm.cpp:1247
Event: 2.111 Thread 0x00007f90f800b000 Threw 0x00000000eb019898 at /build/buildd/openjdk-7-7u65-2.5.2/build/openjdk/hotspot/src/share/vm/prims/jvm.cpp:1247
Event: 2.112 Thread 0x00007f90f800b000 Threw 0x00000000eb01d838 at /build/buildd/openjdk-7-7u65-2.5.2/build/openjdk/hotspot/src/share/vm/prims/jvm.cpp:1247
Event: 2.113 Thread 0x00007f90f800b000 Threw 0x00000000eb0239d8 at /build/buildd/openjdk-7-7u65-2.5.2/build/openjdk/hotspot/src/share/vm/prims/jvm.cpp:1247
Event: 2.113 Thread 0x00007f90f800b000 Threw 0x00000000eb027680 at /build/buildd/openjdk-7-7u65-2.5.2/build/openjdk/hotspot/src/share/vm/prims/jvm.cpp:1247
Event: 2.113 Thread 0x00007f90f800b000 Threw 0x00000000eb02b520 at /build/buildd/openjdk-7-7u65-2.5.2/build/openjdk/hotspot/src/share/vm/prims/jvm.cpp:1247
Event: 2.113 Thread 0x00007f90f800b000 Threw 0x00000000eb02f128 at /build/buildd/openjdk-7-7u65-2.5.2/build/openjdk/hotspot/src/share/vm/prims/jvm.cpp:1247
Event: 2.115 Thread 0x00007f90f800b000 Threw 0x00000000eb036e18 at /build/buildd/openjdk-7-7u65-2.5.2/build/openjdk/hotspot/src/share/vm/prims/jvm.cpp:1247
Event: 2.116 Thread 0x00007f90f800b000 Threw 0x00000000eb039b90 at /build/buildd/openjdk-7-7u65-2.5.2/build/openjdk/hotspot/src/share/vm/prims/jvm.cpp:1247
Event: 2.462 Thread 0x00007f90f800b000 Threw 0x00000000ec170ed0 at /build/buildd/openjdk-7-7u65-2.5.2/build/openjdk/hotspot/src/share/vm/prims/jvm.cpp:1247

Events (10 events):
Event: 3.014 Thread 0x00007f90f800b000 Uncommon trap: trap_request=0xffffffd6 fr.pc=0x00007f90f5098104
Event: 3.014 Thread 0x00007f90f800b000 DEOPT PACKING pc=0x00007f90f5098104 sp=0x00007f9101d79450
Event: 3.014 Thread 0x00007f90f800b000 DEOPT UNPACKING pc=0x00007f90f5039445 sp=0x00007f9101d79418 mode 2
Event: 3.036 Thread 0x00007f90f800b000 Uncommon trap: trap_request=0xffffffd6 fr.pc=0x00007f90f5206f54
Event: 3.036 Thread 0x00007f90f800b000 DEOPT PACKING pc=0x00007f90f5206f54 sp=0x00007f9101d794b0
Event: 3.036 Thread 0x00007f90f800b000 DEOPT UNPACKING pc=0x00007f90f5039445 sp=0x00007f9101d79488 mode 2
Event: 3.036 Thread 0x00007f90f800b000 Uncommon trap: trap_request=0xffffffd6 fr.pc=0x00007f90f5206f54
Event: 3.036 Thread 0x00007f90f800b000 DEOPT PACKING pc=0x00007f90f5206f54 sp=0x00007f9101d794b0
Event: 3.036 Thread 0x00007f90f800b000 DEOPT UNPACKING pc=0x00007f90f5039445 sp=0x00007f9101d79488 mode 2
Event: 3.065 Executing VM operation: ParallelGCFailedAllocation


Dynamic libraries:
00400000-00401000 r-xp 00000000 08:01 12980957                           /usr/lib/jvm/java-7-openjdk-amd64/jre/bin/java
00600000-00601000 r--p 00000000 08:01 12980957                           /usr/lib/jvm/java-7-openjdk-amd64/jre/bin/java
00601000-00602000 rw-p 00001000 08:01 12980957                           /usr/lib/jvm/java-7-openjdk-amd64/jre/bin/java
00d29000-00d4a000 rw-p 00000000 00:00 0                                  [heap]
b5a00000-b6f00000 rw-p 00000000 00:00 0 
b6f00000-c0000000 rw-p 00000000 00:00 0 
c0000000-c3c80000 rw-p 00000000 00:00 0 
c3c80000-eaa80000 rw-p 00000000 00:00 0 
eaa80000-ef580000 rw-p 00000000 00:00 0 
f2080000-100000000 rw-p 00000000 00:00 0 
7f90b0000000-7f90b005e000 rw-p 00000000 00:00 0 
7f90b005e000-7f90b4000000 ---p 00000000 00:00 0 
7f90b4000000-7f90b4021000 rw-p 00000000 00:00 0 
7f90b4021000-7f90b8000000 ---p 00000000 00:00 0 
7f90b8000000-7f90b80c4000 rw-p 00000000 00:00 0 
7f90b80c4000-7f90bc000000 ---p 00000000 00:00 0 
7f90bc000000-7f90bc021000 rw-p 00000000 00:00 0 
7f90bc021000-7f90c0000000 ---p 00000000 00:00 0 
7f90c0000000-7f90c0021000 rw-p 00000000 00:00 0 
7f90c0021000-7f90c4000000 ---p 00000000 00:00 0 
7f90c4000000-7f90c4021000 rw-p 00000000 00:00 0 
7f90c4021000-7f90c8000000 ---p 00000000 00:00 0 
7f90c8000000-7f90c88d6000 rw-p 00000000 00:00 0 
7f90c88d6000-7f90cc000000 ---p 00000000 00:00 0 
7f90cc000000-7f90ccbbf000 rw-p 00000000 00:00 0 
7f90ccbbf000-7f90d0000000 ---p 00000000 00:00 0 
7f90d0000000-7f90d0021000 rw-p 00000000 00:00 0 
7f90d0021000-7f90d4000000 ---p 00000000 00:00 0 
7f90d4000000-7f90d4021000 rw-p 00000000 00:00 0 
7f90d4021000-7f90d8000000 ---p 00000000 00:00 0 
7f90d8000000-7f90d80e0000 rw-p 00000000 00:00 0 
7f90d80e0000-7f90dc000000 ---p 00000000 00:00 0 
7f90dc000000-7f90dc021000 rw-p 00000000 00:00 0 
7f90dc021000-7f90e0000000 ---p 00000000 00:00 0 
7f90e0000000-7f90e0021000 rw-p 00000000 00:00 0 
7f90e0021000-7f90e4000000 ---p 00000000 00:00 0 
7f90e498e000-7f90e4aef000 rw-p 00000000 00:00 0 
7f90e4aef000-7f90e4b2c000 r-xp 00000000 08:01 2494466                    /lib/x86_64-linux-gnu/libpcre.so.3.13.1
7f90e4b2c000-7f90e4d2b000 ---p 0003d000 08:01 2494466                    /lib/x86_64-linux-gnu/libpcre.so.3.13.1
7f90e4d2b000-7f90e4d2c000 r--p 0003c000 08:01 2494466                    /lib/x86_64-linux-gnu/libpcre.so.3.13.1
7f90e4d2c000-7f90e4d2d000 rw-p 0003d000 08:01 2494466                    /lib/x86_64-linux-gnu/libpcre.so.3.13.1
7f90e4d2d000-7f90e4d34000 r-xp 00000000 08:01 12722241                   /usr/lib/x86_64-linux-gnu/libffi.so.6.0.1
7f90e4d34000-7f90e4f33000 ---p 00007000 08:01 12722241                   /usr/lib/x86_64-linux-gnu/libffi.so.6.0.1
7f90e4f33000-7f90e4f34000 r--p 00006000 08:01 12722241                   /usr/lib/x86_64-linux-gnu/libffi.so.6.0.1
7f90e4f34000-7f90e4f35000 rw-p 00007000 08:01 12722241                   /usr/lib/x86_64-linux-gnu/libffi.so.6.0.1
7f90e4f35000-7f90e4f4c000 r-xp 00000000 08:01 2494363                    /lib/x86_64-linux-gnu/libresolv-2.19.so
7f90e4f4c000-7f90e514c000 ---p 00017000 08:01 2494363                    /lib/x86_64-linux-gnu/libresolv-2.19.so
7f90e514c000-7f90e514d000 r--p 00017000 08:01 2494363                    /lib/x86_64-linux-gnu/libresolv-2.19.so
7f90e514d000-7f90e514e000 rw-p 00018000 08:01 2494363                    /lib/x86_64-linux-gnu/libresolv-2.19.so
7f90e514e000-7f90e5150000 rw-p 00000000 00:00 0 
7f90e5150000-7f90e5170000 r-xp 00000000 08:01 2494493                    /lib/x86_64-linux-gnu/libselinux.so.1
7f90e5170000-7f90e536f000 ---p 00020000 08:01 2494493                    /lib/x86_64-linux-gnu/libselinux.so.1
7f90e536f000-7f90e5370000 r--p 0001f000 08:01 2494493                    /lib/x86_64-linux-gnu/libselinux.so.1
7f90e5370000-7f90e5371000 rw-p 00020000 08:01 2494493                    /lib/x86_64-linux-gnu/libselinux.so.1
7f90e5371000-7f90e5373000 rw-p 00000000 00:00 0 
7f90e5373000-7f90e5376000 r-xp 00000000 08:01 12722358                   /usr/lib/x86_64-linux-gnu/libgmodule-2.0.so.0.4000.0
7f90e5376000-7f90e5575000 ---p 00003000 08:01 12722358                   /usr/lib/x86_64-linux-gnu/libgmodule-2.0.so.0.4000.0
7f90e5575000-7f90e5576000 r--p 00002000 08:01 12722358                   /usr/lib/x86_64-linux-gnu/libgmodule-2.0.so.0.4000.0
7f90e5576000-7f90e5577000 rw-p 00003000 08:01 12722358                   /usr/lib/x86_64-linux-gnu/libgmodule-2.0.so.0.4000.0
7f90e5577000-7f90e567d000 r-xp 00000000 08:01 2494394                    /lib/x86_64-linux-gnu/libglib-2.0.so.0.4000.0
7f90e567d000-7f90e587c000 ---p 00106000 08:01 2494394                    /lib/x86_64-linux-gnu/libglib-2.0.so.0.4000.0
7f90e587c000-7f90e587d000 r--p 00105000 08:01 2494394                    /lib/x86_64-linux-gnu/libglib-2.0.so.0.4000.0
7f90e587d000-7f90e587e000 rw-p 00106000 08:01 2494394                    /lib/x86_64-linux-gnu/libglib-2.0.so.0.4000.0
7f90e587e000-7f90e587f000 rw-p 00000000 00:00 0 
7f90e587f000-7f90e58ce000 r-xp 00000000 08:01 12722374                   /usr/lib/x86_64-linux-gnu/libgobject-2.0.so.0.4000.0
7f90e58ce000-7f90e5ace000 ---p 0004f000 08:01 12722374                   /usr/lib/x86_64-linux-gnu/libgobject-2.0.so.0.4000.0
7f90e5ace000-7f90e5acf000 r--p 0004f000 08:01 12722374                   /usr/lib/x86_64-linux-gnu/libgobject-2.0.so.0.4000.0
7f90e5acf000-7f90e5ad0000 rw-p 00050000 08:01 12722374                   /usr/lib/x86_64-linux-gnu/libgobject-2.0.so.0.4000.0
7f90e5ad0000-7f90e8000000 rw-p 00000000 00:00 0 
7f90e8000000-7f90e8021000 rw-p 00000000 00:00 0 
7f90e8021000-7f90ec000000 ---p 00000000 00:00 0 
7f90ec000000-7f90ec021000 rw-p 00000000 00:00 0 
7f90ec021000-7f90f0000000 ---p 00000000 00:00 0 
7f90f0000000-7f90f0021000 rw-p 00000000 00:00 0 
7f90f0021000-7f90f4000000 ---p 00000000 00:00 0 
7f90f415c000-7f90f42c7000 r-xp 00000000 08:01 12722344                   /usr/lib/x86_64-linux-gnu/libgio-2.0.so.0.4000.0
7f90f42c7000-7f90f44c7000 ---p 0016b000 08:01 12722344                   /usr/lib/x86_64-linux-gnu/libgio-2.0.so.0.4000.0
7f90f44c7000-7f90f44cb000 r--p 0016b000 08:01 12722344                   /usr/lib/x86_64-linux-gnu/libgio-2.0.so.0.4000.0
7f90f44cb000-7f90f44cd000 rw-p 0016f000 08:01 12722344                   /usr/lib/x86_64-linux-gnu/libgio-2.0.so.0.4000.0
7f90f44cd000-7f90f44cf000 rw-p 00000000 00:00 0 
7f90f44cf000-7f90f44e6000 r-xp 00000000 08:01 12845528                   /usr/lib/jvm/java-7-openjdk-amd64/jre/lib/amd64/libnet.so
7f90f44e6000-7f90f46e5000 ---p 00017000 08:01 12845528                   /usr/lib/jvm/java-7-openjdk-amd64/jre/lib/amd64/libnet.so
7f90f46e5000-7f90f46e6000 r--p 00016000 08:01 12845528                   /usr/lib/jvm/java-7-openjdk-amd64/jre/lib/amd64/libnet.so
7f90f46e6000-7f90f46e7000 rw-p 00017000 08:01 12845528                   /usr/lib/jvm/java-7-openjdk-amd64/jre/lib/amd64/libnet.so
7f90f46e7000-7f90f46f7000 r-xp 00000000 08:01 12845520                   /usr/lib/jvm/java-7-openjdk-amd64/jre/lib/amd64/libnio.so
7f90f46f7000-7f90f48f7000 ---p 00010000 08:01 12845520                   /usr/lib/jvm/java-7-openjdk-amd64/jre/lib/amd64/libnio.so
7f90f48f7000-7f90f48f8000 r--p 00010000 08:01 12845520                   /usr/lib/jvm/java-7-openjdk-amd64/jre/lib/amd64/libnio.so
7f90f48f8000-7f90f48f9000 rw-p 00011000 08:01 12845520                   /usr/lib/jvm/java-7-openjdk-amd64/jre/lib/amd64/libnio.so
7f90f48f9000-7f90f48fc000 ---p 00000000 00:00 0 
7f90f48fc000-7f90f49fa000 rw-p 00000000 00:00 0 
7f90f49fa000-7f90f49fd000 ---p 00000000 00:00 0 
7f90f49fd000-7f90f4afb000 rw-p 00000000 00:00 0 
7f90f4afb000-7f90f4afe000 ---p 00000000 00:00 0 
7f90f4afe000-7f90f4bfc000 rw-p 00000000 00:00 0 
7f90f4bfc000-7f90f4bff000 ---p 00000000 00:00 0 
7f90f4bff000-7f90f4cfd000 rw-p 00000000 00:00 0 
7f90f4cfd000-7f90f4cfe000 ---p 00000000 00:00 0 
7f90f4cfe000-7f90f4dfe000 rw-p 00000000 00:00 0                          [stack:21914]
7f90f4dfe000-7f90f4e01000 ---p 00000000 00:00 0 
7f90f4e01000-7f90f4eff000 rw-p 00000000 00:00 0                          [stack:21913]
7f90f4eff000-7f90f4f02000 ---p 00000000 00:00 0 
7f90f4f02000-7f90f5000000 rw-p 00000000 00:00 0                          [stack:21912]
7f90f5000000-7f90f5270000 rwxp 00000000 00:00 0 
7f90f5270000-7f90f8288000 rw-p 00000000 00:00 0 
7f90f8288000-7f90fc000000 ---p 00000000 00:00 0 
7f90fc095000-7f90fc09a000 r--s 0004c000 08:01 12845508                   /usr/lib/jvm/java-7-openjdk-amd64/jre/lib/jsse.jar
7f90fc09a000-7f90fc0a8000 r--s 000dc000 00:18 920441                     /home/hscissors/Downloads/android-studio/sdk/build-tools/21.0.0/lib/dx.jar
7f90fc0a8000-7f90fc0ab000 ---p 00000000 00:00 0 
7f90fc0ab000-7f90fc1a9000 rw-p 00000000 00:00 0                          [stack:21911]
7f90fc1a9000-7f90fc1ac000 ---p 00000000 00:00 0 
7f90fc1ac000-7f90fc2aa000 rw-p 00000000 00:00 0                          [stack:21910]
7f90fc2aa000-7f90fc98c000 r--p 00000000 08:01 12720962                   /usr/lib/locale/locale-archive
7f90fc98c000-7f90fc98f000 ---p 00000000 00:00 0 
7f90fc98f000-7f90fca8d000 rw-p 00000000 00:00 0                          [stack:21909]
7f90fca8d000-7f90fca90000 ---p 00000000 00:00 0 
7f90fca90000-7f90fcb8e000 rw-p 00000000 00:00 0                          [stack:21908]
7f90fcb8e000-7f90fcb8f000 ---p 00000000 00:00 0 
7f90fcb8f000-7f90fdbe7000 rw-p 00000000 00:00 0                          [stack:21907]
7f90fdbe7000-7f90fdd98000 r--s 01d21000 08:01 12845500                   /usr/lib/jvm/java-7-openjdk-amd64/jre/lib/rt.jar
7f90fdd98000-7f90fe0bc000 rw-p 00000000 00:00 0 
7f90fe0bc000-7f90fe0bd000 ---p 00000000 00:00 0 
7f90fe0bd000-7f90fe1bd000 rw-p 00000000 00:00 0                          [stack:21906]
7f90fe1bd000-7f90fe1be000 ---p 00000000 00:00 0 
7f90fe1be000-7f90fe2be000 rw-p 00000000 00:00 0                          [stack:21905]
7f90fe2be000-7f90fe2bf000 ---p 00000000 00:00 0 
7f90fe2bf000-7f90fe3bf000 rw-p 00000000 00:00 0                          [stack:21904]
7f90fe3bf000-7f90fe3c0000 ---p 00000000 00:00 0 
7f90fe3c0000-7f90fe4cb000 rw-p 00000000 00:00 0                          [stack:21903]
7f90fe4cb000-7f90fe513000 rw-p 00000000 00:00 0 
7f90fe513000-7f90fe532000 rw-p 00000000 00:00 0 
7f90fe532000-7f90fe669000 rw-p 00000000 00:00 0 
7f90fe669000-7f90fe674000 rw-p 00000000 00:00 0 
7f90fe674000-7f90fe6bc000 rw-p 00000000 00:00 0 
7f90fe6bc000-7f90fe6db000 rw-p 00000000 00:00 0 
7f90fe6db000-7f90fe811000 rw-p 00000000 00:00 0 
7f90fe811000-7f90fe837000 rw-p 00000000 00:00 0 
7f90fe837000-7f90fe8bc000 rw-p 00000000 00:00 0 
7f90fe8bc000-7f90fe8bd000 rw-p 00000000 00:00 0 
7f90fe8bd000-7f90fe8c5000 r-xp 00000000 08:01 12845516                   /usr/lib/jvm/java-7-openjdk-amd64/jre/lib/amd64/libzip.so
7f90fe8c5000-7f90feac4000 ---p 00008000 08:01 12845516                   /usr/lib/jvm/java-7-openjdk-amd64/jre/lib/amd64/libzip.so
7f90feac4000-7f90feac5000 r--p 00007000 08:01 12845516                   /usr/lib/jvm/java-7-openjdk-amd64/jre/lib/amd64/libzip.so
7f90feac5000-7f90feac6000 rw-p 00008000 08:01 12845516                   /usr/lib/jvm/java-7-openjdk-amd64/jre/lib/amd64/libzip.so
7f90feac6000-7f90fead1000 r-xp 00000000 08:01 2494499                    /lib/x86_64-linux-gnu/libnss_files-2.19.so
7f90fead1000-7f90fecd0000 ---p 0000b000 08:01 2494499                    /lib/x86_64-linux-gnu/libnss_files-2.19.so
7f90fecd0000-7f90fecd1000 r--p 0000a000 08:01 2494499                    /lib/x86_64-linux-gnu/libnss_files-2.19.so
7f90fecd1000-7f90fecd2000 rw-p 0000b000 08:01 2494499                    /lib/x86_64-linux-gnu/libnss_files-2.19.so
7f90fecd2000-7f90fecdd000 r-xp 00000000 08:01 2494503                    /lib/x86_64-linux-gnu/libnss_nis-2.19.so
7f90fecdd000-7f90feedc000 ---p 0000b000 08:01 2494503                    /lib/x86_64-linux-gnu/libnss_nis-2.19.so
7f90feedc000-7f90feedd000 r--p 0000a000 08:01 2494503                    /lib/x86_64-linux-gnu/libnss_nis-2.19.so
7f90feedd000-7f90feede000 rw-p 0000b000 08:01 2494503                    /lib/x86_64-linux-gnu/libnss_nis-2.19.so
7f90feede000-7f90feef5000 r-xp 00000000 08:01 2494373                    /lib/x86_64-linux-gnu/libnsl-2.19.so
7f90feef5000-7f90ff0f4000 ---p 00017000 08:01 2494373                    /lib/x86_64-linux-gnu/libnsl-2.19.so
7f90ff0f4000-7f90ff0f5000 r--p 00016000 08:01 2494373                    /lib/x86_64-linux-gnu/libnsl-2.19.so
7f90ff0f5000-7f90ff0f6000 rw-p 00017000 08:01 2494373                    /lib/x86_64-linux-gnu/libnsl-2.19.so
7f90ff0f6000-7f90ff0f8000 rw-p 00000000 00:00 0 
7f90ff0f8000-7f90ff101000 r-xp 00000000 08:01 2494283                    /lib/x86_64-linux-gnu/libnss_compat-2.19.so
7f90ff101000-7f90ff300000 ---p 00009000 08:01 2494283                    /lib/x86_64-linux-gnu/libnss_compat-2.19.so
7f90ff300000-7f90ff301000 r--p 00008000 08:01 2494283                    /lib/x86_64-linux-gnu/libnss_compat-2.19.so
7f90ff301000-7f90ff302000 rw-p 00009000 08:01 2494283                    /lib/x86_64-linux-gnu/libnss_compat-2.19.so
7f90ff302000-7f90ff32d000 r-xp 00000000 08:01 12845515                   /usr/lib/jvm/java-7-openjdk-amd64/jre/lib/amd64/libjava.so
7f90ff32d000-7f90ff52d000 ---p 0002b000 08:01 12845515                   /usr/lib/jvm/java-7-openjdk-amd64/jre/lib/amd64/libjava.so
7f90ff52d000-7f90ff52e000 r--p 0002b000 08:01 12845515                   /usr/lib/jvm/java-7-openjdk-amd64/jre/lib/amd64/libjava.so
7f90ff52e000-7f90ff530000 rw-p 0002c000 08:01 12845515                   /usr/lib/jvm/java-7-openjdk-amd64/jre/lib/amd64/libjava.so
7f90ff530000-7f90ff540000 r-xp 00000000 08:01 12845541                   /usr/lib/jvm/java-7-openjdk-amd64/jre/lib/amd64/libverify.so
7f90ff540000-7f90ff73f000 ---p 00010000 08:01 12845541                   /usr/lib/jvm/java-7-openjdk-amd64/jre/lib/amd64/libverify.so
7f90ff73f000-7f90ff741000 r--p 0000f000 08:01 12845541                   /usr/lib/jvm/java-7-openjdk-amd64/jre/lib/amd64/libverify.so
7f90ff741000-7f90ff742000 rw-p 00011000 08:01 12845541                   /usr/lib/jvm/java-7-openjdk-amd64/jre/lib/amd64/libverify.so
7f90ff742000-7f90ff749000 r-xp 00000000 08:01 2494380                    /lib/x86_64-linux-gnu/librt-2.19.so
7f90ff749000-7f90ff948000 ---p 00007000 08:01 2494380                    /lib/x86_64-linux-gnu/librt-2.19.so
7f90ff948000-7f90ff949000 r--p 00006000 08:01 2494380                    /lib/x86_64-linux-gnu/librt-2.19.so
7f90ff949000-7f90ff94a000 rw-p 00007000 08:01 2494380                    /lib/x86_64-linux-gnu/librt-2.19.so
7f90ff94a000-7f90ff960000 r-xp 00000000 08:01 2490394                    /lib/x86_64-linux-gnu/libgcc_s.so.1
7f90ff960000-7f90ffb5f000 ---p 00016000 08:01 2490394                    /lib/x86_64-linux-gnu/libgcc_s.so.1
7f90ffb5f000-7f90ffb60000 rw-p 00015000 08:01 2490394                    /lib/x86_64-linux-gnu/libgcc_s.so.1
7f90ffb60000-7f90ffc65000 r-xp 00000000 08:01 2494448                    /lib/x86_64-linux-gnu/libm-2.19.so
7f90ffc65000-7f90ffe64000 ---p 00105000 08:01 2494448                    /lib/x86_64-linux-gnu/libm-2.19.so
7f90ffe64000-7f90ffe65000 r--p 00104000 08:01 2494448                    /lib/x86_64-linux-gnu/libm-2.19.so
7f90ffe65000-7f90ffe66000 rw-p 00105000 08:01 2494448                    /lib/x86_64-linux-gnu/libm-2.19.so
7f90ffe66000-7f90fff4c000 r-xp 00000000 08:01 12722869                   /usr/lib/x86_64-linux-gnu/libstdc++.so.6.0.19
7f90fff4c000-7f910014b000 ---p 000e6000 08:01 12722869                   /usr/lib/x86_64-linux-gnu/libstdc++.so.6.0.19
7f910014b000-7f9100153000 r--p 000e5000 08:01 12722869                   /usr/lib/x86_64-linux-gnu/libstdc++.so.6.0.19
7f9100153000-7f9100155000 rw-p 000ed000 08:01 12722869                   /usr/lib/x86_64-linux-gnu/libstdc++.so.6.0.19
7f9100155000-7f910016a000 rw-p 00000000 00:00 0 
7f910016a000-7f9100c80000 r-xp 00000000 08:01 12845531                   /usr/lib/jvm/java-7-openjdk-amd64/jre/lib/amd64/server/libjvm.so
7f9100c80000-7f9100e7f000 ---p 00b16000 08:01 12845531                   /usr/lib/jvm/java-7-openjdk-amd64/jre/lib/amd64/server/libjvm.so
7f9100e7f000-7f9100f19000 r--p 00b15000 08:01 12845531                   /usr/lib/jvm/java-7-openjdk-amd64/jre/lib/amd64/server/libjvm.so
7f9100f19000-7f9100f3c000 rw-p 00baf000 08:01 12845531                   /usr/lib/jvm/java-7-openjdk-amd64/jre/lib/amd64/server/libjvm.so
7f9100f3c000-7f9100f6a000 rw-p 00000000 00:00 0 
7f9100f6a000-7f9100f82000 r-xp 00000000 08:01 2494526                    /lib/x86_64-linux-gnu/libz.so.1.2.8
7f9100f82000-7f9101181000 ---p 00018000 08:01 2494526                    /lib/x86_64-linux-gnu/libz.so.1.2.8
7f9101181000-7f9101182000 r--p 00017000 08:01 2494526                    /lib/x86_64-linux-gnu/libz.so.1.2.8
7f9101182000-7f9101183000 rw-p 00018000 08:01 2494526                    /lib/x86_64-linux-gnu/libz.so.1.2.8
7f9101183000-7f910119c000 r-xp 00000000 08:01 2495718                    /lib/x86_64-linux-gnu/libpthread-2.19.so
7f910119c000-7f910139b000 ---p 00019000 08:01 2495718                    /lib/x86_64-linux-gnu/libpthread-2.19.so
7f910139b000-7f910139c000 r--p 00018000 08:01 2495718                    /lib/x86_64-linux-gnu/libpthread-2.19.so
7f910139c000-7f910139d000 rw-p 00019000 08:01 2495718                    /lib/x86_64-linux-gnu/libpthread-2.19.so
7f910139d000-7f91013a1000 rw-p 00000000 00:00 0 
7f91013a1000-7f91013a4000 r-xp 00000000 08:01 2495712                    /lib/x86_64-linux-gnu/libdl-2.19.so
7f91013a4000-7f91015a3000 ---p 00003000 08:01 2495712                    /lib/x86_64-linux-gnu/libdl-2.19.so
7f91015a3000-7f91015a4000 r--p 00002000 08:01 2495712                    /lib/x86_64-linux-gnu/libdl-2.19.so
7f91015a4000-7f91015a5000 rw-p 00003000 08:01 2495712                    /lib/x86_64-linux-gnu/libdl-2.19.so
7f91015a5000-7f9101760000 r-xp 00000000 08:01 2494434                    /lib/x86_64-linux-gnu/libc-2.19.so
7f9101760000-7f9101960000 ---p 001bb000 08:01 2494434                    /lib/x86_64-linux-gnu/libc-2.19.so
7f9101960000-7f9101964000 r--p 001bb000 08:01 2494434                    /lib/x86_64-linux-gnu/libc-2.19.so
7f9101964000-7f9101966000 rw-p 001bf000 08:01 2494434                    /lib/x86_64-linux-gnu/libc-2.19.so
7f9101966000-7f910196b000 rw-p 00000000 00:00 0 
7f910196b000-7f9101978000 r-xp 00000000 08:01 12845544                   /usr/lib/jvm/java-7-openjdk-amd64/jre/lib/amd64/jli/libjli.so
7f9101978000-7f9101b77000 ---p 0000d000 08:01 12845544                   /usr/lib/jvm/java-7-openjdk-amd64/jre/lib/amd64/jli/libjli.so
7f9101b77000-7f9101b78000 r--p 0000c000 08:01 12845544                   /usr/lib/jvm/java-7-openjdk-amd64/jre/lib/amd64/jli/libjli.so
7f9101b78000-7f9101b79000 rw-p 0000d000 08:01 12845544                   /usr/lib/jvm/java-7-openjdk-amd64/jre/lib/amd64/jli/libjli.so
7f9101b79000-7f9101b9c000 r-xp 00000000 08:01 2494436                    /lib/x86_64-linux-gnu/ld-2.19.so
7f9101b9e000-7f9101b9f000 rw-p 00000000 00:00 0 
7f9101b9f000-7f9101ba2000 r--s 00032000 08:01 12979352                   /usr/lib/jvm/java-7-openjdk-amd64/jre/lib/ext/sunjce_provider.jar
7f9101ba2000-7f9101bc4000 rw-p 00000000 00:00 0 
7f9101bc4000-7f9101c7a000 rw-p 00000000 00:00 0 
7f9101c7a000-7f9101c7d000 ---p 00000000 00:00 0 
7f9101c7d000-7f9101d80000 rw-p 00000000 00:00 0                          [stack:21902]
7f9101d80000-7f9101d81000 r--s 00002000 08:01 12980329                   /usr/lib/jvm/java-7-openjdk-amd64/jre/lib/ext/dnsns.jar
7f9101d81000-7f9101d83000 r--s 00006000 08:01 13114012                   /usr/share/java/java-atk-wrapper.jar
7f9101d83000-7f9101d86000 r--s 0003c000 08:01 12979354                   /usr/lib/jvm/java-7-openjdk-amd64/jre/lib/ext/sunpkcs11.jar
7f9101d86000-7f9101d88000 r--s 00012000 08:01 12980328                   /usr/lib/jvm/java-7-openjdk-amd64/jre/lib/ext/zipfs.jar
7f9101d88000-7f9101d8b000 r--s 0000f000 08:01 12979353                   /usr/lib/jvm/java-7-openjdk-amd64/jre/lib/ext/pulse-java.jar
7f9101d8b000-7f9101d8f000 r--s 00085000 08:01 12980330                   /usr/lib/jvm/java-7-openjdk-amd64/jre/lib/ext/localedata.jar
7f9101d8f000-7f9101d97000 rw-s 00000000 08:01 530460                     /tmp/hsperfdata_hscissors/21894
7f9101d97000-7f9101d98000 rw-p 00000000 00:00 0 
7f9101d98000-7f9101d99000 ---p 00000000 00:00 0 
7f9101d99000-7f9101d9b000 rw-p 00000000 00:00 0 
7f9101d9b000-7f9101d9c000 r--p 00022000 08:01 2494436                    /lib/x86_64-linux-gnu/ld-2.19.so
7f9101d9c000-7f9101d9d000 rw-p 00023000 08:01 2494436                    /lib/x86_64-linux-gnu/ld-2.19.so
7f9101d9d000-7f9101d9e000 rw-p 00000000 00:00 0 
7fff6995b000-7fff6997d000 rw-p 00000000 00:00 0                          [stack]
7fff699fe000-7fff69a00000 r-xp 00000000 00:00 0                          [vdso]
ffffffffff600000-ffffffffff601000 r-xp 00000000 00:00 0                  [vsyscall]

VM Arguments:
jvm_args: -Xmx1024M 
java_command: /home/hscissors/Downloads/android-studio/sdk/build-tools/21.0.0/lib/dx.jar --dex --num-threads=4 --output /home/hscissors/AndroidStudioProjects/Timeline2/app/build/intermediates/dex/debug /home/hscissors/AndroidStudioProjects/Timeline2/app/build/intermediates/classes/debug /home/hscissors/AndroidStudioProjects/Timeline2/app/build/intermediates/dependency-cache/debug /home/hscissors/AndroidStudioProjects/Timeline2/app/build/intermediates/pre-dexed/debug/classes-1f3a88afbc04b59d5cb0982a9d856461dc407f43.jar /home/hscissors/AndroidStudioProjects/Timeline2/app/build/intermediates/pre-dexed/debug/internal_impl-21.0.0-377db02a45fd34a8b02e8acc2640dfd13589cb8b.jar /home/hscissors/AndroidStudioProjects/Timeline2/app/build/intermediates/pre-dexed/debug/classes-6dd3177a93feead5d861b1b85559143eca63001e.jar /home/hscissors/AndroidStudioProjects/Timeline2/app/build/intermediates/pre-dexed/debug/classes-00b5005a5548e5cf13217e43048297c36bb1a2db.jar /home/hscissors/AndroidStudioProjects/Timeline2/app/build/intermediates/pre-dexed/debug/classes-3b591c9b30a756c3f29e545b32d4a95ecfc184ab.jar /home/hscissors/AndroidStudioProjects/Timeline2/app/build/intermediates/pre-dexed/debug/classes-e8611ad7a51905126edbbe4c98d39952d1618542.jar /home/hscissors/AndroidStudioProjects/Timeline2/app/build/intermediates/pre-dexed/debug/jsoup-1.8.1-9a259da9fa0e7058e96f6ef65bd9e0021e1b16d0.jar /home/hscissors/AndroidStudioProjects/Timeline2/app/build/intermediates/pre-dexed/debug/classes-50199ec07f9d9d472c182077083cd1d342c256d5.jar /home/hscissors/AndroidStudioProjects/Timeline2/app/build/intermediates/pre-dexed/debug/classes-2c71d107f464df7bc62c9183b04f2fb6e90fe61a.jar /home/hscissors/AndroidStudioProjects/Timeline2/app/build/intermediates/pre-dexed/debug/support-annotations-21.0.0-556e1dd9a86db7803ce7fed8037a0424696cc604.jar
Launcher Type: SUN_STANDARD

Environment Variables:
CLASSPATH=./../lib/bootstrap.jar:./../lib/extensions.jar:./../lib/util.jar:./../lib/jdom.jar:./../lib/log4j.jar:./../lib/trove4j.jar:./../lib/jna.jar:/usr/lib/jvm/java-7-openjdk-amd64/lib/tools.jar
PATH=/home/hscissors/.rvm/gems/ruby-1.9.3-p547/bin:/home/hscissors/.rvm/gems/ruby-1.9.3-p547@global/bin:/home/hscissors/.rvm/rubies/ruby-1.9.3-p547/bin:/usr/local/sbin:/usr/local/bin:/usr/sbin:/usr/bin:/sbin:/bin:/usr/games:/usr/local/games:/home/hscissors/.rvm/bin:/home/hscissors/.rvm/bin
LD_LIBRARY_PATH=.:
SHELL=/bin/bash
DISPLAY=:0

Signal Handlers:
SIGSEGV: [libjvm.so+0x949180], sa_mask[0]=0x7ffbfeff, sa_flags=0x10000004
SIGBUS: [libjvm.so+0x949180], sa_mask[0]=0x7ffbfeff, sa_flags=0x10000004
SIGFPE: [libjvm.so+0x7c2ec0], sa_mask[0]=0x7ffbfeff, sa_flags=0x10000004
SIGPIPE: [libjvm.so+0x7c2ec0], sa_mask[0]=0x7ffbfeff, sa_flags=0x10000004
SIGXFSZ: [libjvm.so+0x7c2ec0], sa_mask[0]=0x7ffbfeff, sa_flags=0x10000004
SIGILL: [libjvm.so+0x7c2ec0], sa_mask[0]=0x7ffbfeff, sa_flags=0x10000004
SIGUSR1: SIG_DFL, sa_mask[0]=0x00000000, sa_flags=0x00000000
SIGUSR2: [libjvm.so+0x7c2d60], sa_mask[0]=0x00000004, sa_flags=0x10000004
SIGHUP: [libjvm.so+0x7c2f40], sa_mask[0]=0x7ffbfeff, sa_flags=0x10000004
SIGINT: [libjvm.so+0x7c2f40], sa_mask[0]=0x7ffbfeff, sa_flags=0x10000004
SIGTERM: [libjvm.so+0x7c2f40], sa_mask[0]=0x7ffbfeff, sa_flags=0x10000004
SIGQUIT: [libjvm.so+0x7c2f40], sa_mask[0]=0x7ffbfeff, sa_flags=0x10000004
SIGTRAP: SIG_DFL, sa_mask[0]=0x00000000, sa_flags=0x00000000


---------------  S Y S T E M  ---------------

OS:Ubuntu 14.04 (trusty)
uname:Linux 3.13.0-36-generic #63-Ubuntu SMP Wed Sep 3 21:30:07 UTC 2014 x86_64
libc:glibc 2.19 NPTL 2.19 
rlimit: STACK 8192k, CORE 0k, NPROC 46371, NOFILE 4096, AS infinity
load average:0.98 0.82 0.78

/proc/meminfo:
MemTotal:        5965356 kB
MemFree:          104668 kB
Buffers:             392 kB
Cached:           429944 kB
SwapCached:            0 kB
Active:          5247192 kB
Inactive:         368752 kB
Active(anon):    5246760 kB
Inactive(anon):   366200 kB
Active(file):        432 kB
Inactive(file):     2552 kB
Unevictable:          32 kB
Mlocked:              32 kB
SwapTotal:             0 kB
SwapFree:              0 kB
Dirty:                24 kB
Writeback:             0 kB
AnonPages:       5186388 kB
Mapped:           130948 kB
Shmem:            426604 kB
Slab:              93744 kB
SReclaimable:      35144 kB
SUnreclaim:        58600 kB
KernelStack:        6568 kB
PageTables:        65024 kB
NFS_Unstable:          0 kB
Bounce:                0 kB
WritebackTmp:          0 kB
CommitLimit:     2982676 kB
Committed_AS:   12392648 kB
VmallocTotal:   34359738367 kB
VmallocUsed:      354728 kB
VmallocChunk:   34359374860 kB
HardwareCorrupted:     0 kB
AnonHugePages:   2557952 kB
HugePages_Total:       0
HugePages_Free:        0
HugePages_Rsvd:        0
HugePages_Surp:        0
Hugepagesize:       2048 kB
DirectMap4k:       97088 kB
DirectMap2M:     6047744 kB


CPU:total 4 (2 cores per cpu, 2 threads per core) family 6 model 58 stepping 9, cmov, cx8, fxsr, mmx, sse, sse2, sse3, ssse3, sse4.1, sse4.2, popcnt, avx, aes, erms, ht, tsc, tscinvbit, tscinv

/proc/cpuinfo:
processor	: 0
vendor_id	: GenuineIntel
cpu family	: 6
model		: 58
model name	: Intel(R) Core(TM) i5-3230M CPU @ 2.60GHz
stepping	: 9
microcode	: 0x15
cpu MHz		: 2601.000
cache size	: 3072 KB
physical id	: 0
siblings	: 4
core id		: 0
cpu cores	: 2
apicid		: 0
initial apicid	: 0
fpu		: yes
fpu_exception	: yes
cpuid level	: 13
wp		: yes
flags		: fpu vme de pse tsc msr pae mce cx8 apic sep mtrr pge mca cmov pat pse36 clflush dts acpi mmx fxsr sse sse2 ss ht tm pbe syscall nx rdtscp lm constant_tsc arch_perfmon pebs bts rep_good nopl xtopology nonstop_tsc aperfmperf eagerfpu pni pclmulqdq dtes64 monitor ds_cpl vmx est tm2 ssse3 cx16 xtpr pdcm pcid sse4_1 sse4_2 x2apic popcnt tsc_deadline_timer aes xsave avx f16c rdrand lahf_lm ida arat epb xsaveopt pln pts dtherm tpr_shadow vnmi flexpriority ept vpid fsgsbase smep erms
bogomips	: 5188.59
clflush size	: 64
cache_alignment	: 64
address sizes	: 36 bits physical, 48 bits virtual
power management:

processor	: 1
vendor_id	: GenuineIntel
cpu family	: 6
model		: 58
model name	: Intel(R) Core(TM) i5-3230M CPU @ 2.60GHz
stepping	: 9
microcode	: 0x15
cpu MHz		: 2601.000
cache size	: 3072 KB
physical id	: 0
siblings	: 4
core id		: 0
cpu cores	: 2
apicid		: 1
initial apicid	: 1
fpu		: yes
fpu_exception	: yes
cpuid level	: 13
wp		: yes
flags		: fpu vme de pse tsc msr pae mce cx8 apic sep mtrr pge mca cmov pat pse36 clflush dts acpi mmx fxsr sse sse2 ss ht tm pbe syscall nx rdtscp lm constant_tsc arch_perfmon pebs bts rep_good nopl xtopology nonstop_tsc aperfmperf eagerfpu pni pclmulqdq dtes64 monitor ds_cpl vmx est tm2 ssse3 cx16 xtpr pdcm pcid sse4_1 sse4_2 x2apic popcnt tsc_deadline_timer aes xsave avx f16c rdrand lahf_lm ida arat epb xsaveopt pln pts dtherm tpr_shadow vnmi flexpriority ept vpid fsgsbase smep erms
bogomips	: 5188.59
clflush size	: 64
cache_alignment	: 64
address sizes	: 36 bits physical, 48 bits virtual
power management:

processor	: 2
vendor_id	: GenuineIntel
cpu family	: 6
model		: 58
model name	: Intel(R) Core(TM) i5-3230M CPU @ 2.60GHz
stepping	: 9
microcode	: 0x15
cpu MHz		: 2000.000
cache size	: 3072 KB
physical id	: 0
siblings	: 4
core id		: 1
cpu cores	: 2
apicid		: 2
initial apicid	: 2
fpu		: yes
fpu_exception	: yes
cpuid level	: 13
wp		: yes
flags		: fpu vme de pse tsc msr pae mce cx8 apic sep mtrr pge mca cmov pat pse36 clflush dts acpi mmx fxsr sse sse2 ss ht tm pbe syscall nx rdtscp lm constant_tsc arch_perfmon pebs bts rep_good nopl xtopology nonstop_tsc aperfmperf eagerfpu pni pclmulqdq dtes64 monitor ds_cpl vmx est tm2 ssse3 cx16 xtpr pdcm pcid sse4_1 sse4_2 x2apic popcnt tsc_deadline_timer aes xsave avx f16c rdrand lahf_lm ida arat epb xsaveopt pln pts dtherm tpr_shadow vnmi flexpriority ept vpid fsgsbase smep erms
bogomips	: 5188.59
clflush size	: 64
cache_alignment	: 64
address sizes	: 36 bits physical, 48 bits virtual
power management:

processor	: 3
vendor_id	: GenuineIntel
cpu family	: 6
model		: 58
model name	: Intel(R) Core(TM) i5-3230M CPU @ 2.60GHz
stepping	: 9
microcode	: 0x15
cpu MHz		: 2601.000
cache size	: 3072 KB
physical id	: 0
siblings	: 4
core id		: 1
cpu cores	: 2
apicid		: 3
initial apicid	: 3
fpu		: yes
fpu_exception	: yes
cpuid level	: 13
wp		: yes
flags		: fpu vme de pse tsc msr pae mce cx8 apic sep mtrr pge mca cmov pat pse36 clflush dts acpi mmx fxsr sse sse2 ss ht tm pbe syscall nx rdtscp lm constant_tsc arch_perfmon pebs bts rep_good nopl xtopology nonstop_tsc aperfmperf eagerfpu pni pclmulqdq dtes64 monitor ds_cpl vmx est tm2 ssse3 cx16 xtpr pdcm pcid sse4_1 sse4_2 x2apic popcnt tsc_deadline_timer aes xsave avx f16c rdrand lahf_lm ida arat epb xsaveopt pln pts dtherm tpr_shadow vnmi flexpriority ept vpid fsgsbase smep erms
bogomips	: 5188.59
clflush size	: 64
cache_alignment	: 64
address sizes	: 36 bits physical, 48 bits virtual
power management:



Memory: 4k page, physical 5965356k(104420k free), swap 0k(0k free)

vm_info: OpenJDK 64-Bit Server VM (24.65-b04) for linux-amd64 JRE (1.7.0_65-b32), built on Sep 10 2014 05:56:05 by "buildd" with gcc 4.8.2

time: Wed Oct 29 23:46:14 2014
elapsed time: 4 seconds

