#
# There is insufficient memory for the Java Runtime Environment to continue.
# Native memory allocation (malloc) failed to allocate 132120576 bytes for committing reserved memory.
# Possible reasons:
#   The system is out of physical RAM or swap space
#   In 32 bit mode, the process size limit was hit
# Possible solutions:
#   Reduce memory load on the system
#   Increase physical memory or swap space
#   Check if swap backing store is full
#   Use 64 bit Java on a 64 bit OS
#   Decrease Java heap size (-Xmx/-Xms)
#   Decrease number of Java threads
#   Decrease Java thread stack sizes (-Xss)
#   Set larger code cache with -XX:ReservedCodeCacheSize=
# This output file may be truncated or incomplete.
#
#  Out of Memory Error (os_linux.cpp:2798), pid=11458, tid=140527033902848
#
# JRE version: OpenJDK Runtime Environment (7.0_65-b32) (build 1.7.0_65-b32)
# Java VM: OpenJDK 64-Bit Server VM (24.65-b04 mixed mode linux-amd64 compressed oops)
# Derivative: IcedTea 2.5.2
# Distribution: Ubuntu 14.04 LTS, package 7u65-2.5.2-3~14.04
# Failed to write core dump. Core dumps have been disabled. To enable core dumping, try "ulimit -c unlimited" before starting Java again
#

---------------  T H R E A D  ---------------

Current thread (0x00007fcf1413c800):  VMThread [stack: 0x00007fceffdfe000,0x00007fceffeff000] [id=11511]

Stack: [0x00007fceffdfe000,0x00007fceffeff000],  sp=0x00007fceffefd490,  free space=1021k
Native frames: (J=compiled Java code, j=interpreted, Vv=VM code, C=native code)
V  [libjvm.so+0x9486a5]  VMError::report_and_die()+0x175
V  [libjvm.so+0x48b904]  report_vm_out_of_memory(char const*, int, unsigned long, char const*)+0x74
V  [libjvm.so+0x7c76ab]  os::pd_commit_memory(char*, unsigned long, unsigned long, bool)+0xeb
V  [libjvm.so+0x7c216f]  os::commit_memory(char*, unsigned long, unsigned long, bool)+0x1f
V  [libjvm.so+0x8338fb]  PSVirtualSpace::expand_by(unsigned long)+0x5b
V  [libjvm.so+0x834750]  PSYoungGen::resize_generation(unsigned long, unsigned long)+0xb0
V  [libjvm.so+0x834e3b]  PSYoungGen::resize(unsigned long, unsigned long)+0x1b
V  [libjvm.so+0x831120]  PSScavenge::invoke_no_policy()+0xde0
V  [libjvm.so+0x8318f8]  PSScavenge::invoke()+0x38
V  [libjvm.so+0x7e82d3]  ParallelScavengeHeap::failed_mem_allocate(unsigned long)+0x63
V  [libjvm.so+0x94a0a4]  VM_ParallelGCFailedAllocation::doit()+0x84
V  [libjvm.so+0x94e597]  VM_Operation::evaluate()+0x47
V  [libjvm.so+0x94cf08]  VMThread::evaluate_operation(VM_Operation*)+0x318
V  [libjvm.so+0x94d369]  VMThread::loop()+0x219
V  [libjvm.so+0x94d7b2]  VMThread::run()+0x72
V  [libjvm.so+0x7c4572]  java_start(Thread*)+0xf2

VM_Operation (0x00007fcf1a5b9db0): ParallelGCFailedAllocation, mode: safepoint, requested by thread 0x00007fcf1400a000


---------------  P R O C E S S  ---------------

Java Threads: ( => current thread )
  0x00007fcf1416b800 JavaThread "Service Thread" daemon [_thread_blocked, id=11541, stack(0x00007fceff116000,0x00007fceff217000)]
  0x00007fcf14169800 JavaThread "C2 CompilerThread1" daemon [_thread_blocked, id=11539, stack(0x00007fceff217000,0x00007fceff318000)]
  0x00007fcf14166800 JavaThread "C2 CompilerThread0" daemon [_thread_blocked, id=11536, stack(0x00007fceff318000,0x00007fceff419000)]
  0x00007fcf14164000 JavaThread "Signal Dispatcher" daemon [_thread_blocked, id=11533, stack(0x00007fceff419000,0x00007fceff51a000)]
  0x00007fcf14143000 JavaThread "Finalizer" daemon [_thread_blocked, id=11517, stack(0x00007fceffbfc000,0x00007fceffcfd000)]
  0x00007fcf14141000 JavaThread "Reference Handler" daemon [_thread_blocked, id=11514, stack(0x00007fceffcfd000,0x00007fceffdfe000)]
  0x00007fcf1400a000 JavaThread "main" [_thread_blocked, id=11494, stack(0x00007fcf1a4bb000,0x00007fcf1a5bc000)]

Other Threads:
=>0x00007fcf1413c800 VMThread [stack: 0x00007fceffdfe000,0x00007fceffeff000] [id=11511]
  0x00007fcf14176800 WatcherThread [stack: 0x00007fceff015000,0x00007fceff116000] [id=11542]

VM state:at safepoint (normal execution)

VM Mutex/Monitor currently owned by a thread:  ([mutex/lock_event])
[0x00007fcf14006730] Threads_lock - owner thread: 0x00007fcf1413c800
[0x00007fcf14006c30] Heap_lock - owner thread: 0x00007fcf1400a000

Heap
 PSYoungGen      total 99840K, used 3568K [0x00000000eaa80000, 0x00000000f0f80000, 0x0000000100000000)
  eden space 96256K, 0% used [0x00000000eaa80000,0x00000000eaa80000,0x00000000f0880000)
  from space 3584K, 99% used [0x00000000f0880000,0x00000000f0bfc1b0,0x00000000f0c00000)
  to   space 3584K, 0% used [0x00000000f0c00000,0x00000000f0c00000,0x00000000f0f80000)
 ParOldGen       total 61952K, used 34323K [0x00000000c0000000, 0x00000000c3c80000, 0x00000000eaa80000)
  object space 61952K, 55% used [0x00000000c0000000,0x00000000c2184dc8,0x00000000c3c80000)
 PSPermGen       total 21504K, used 5908K [0x00000000b5a00000, 0x00000000b6f00000, 0x00000000c0000000)
  object space 21504K, 27% used [0x00000000b5a00000,0x00000000b5fc5228,0x00000000b6f00000)

Card table byte_map: [0x00007fcf0fd1f000,0x00007fcf0ff73000] byte_map_base: 0x00007fcf0f772000

Polling page: 0x00007fcf1a5d9000

Code Cache  [0x00007fcf0ff73000, 0x00007fcf10213000, 0x00007fcf12f73000)
 total_blobs=867 nmethods=639 adapters=181 free_code_cache=46533Kb largest_free_block=47596672

Compilation events (10 events):
Event: 19.019 Thread 0x00007fcf14166800  650             com.android.dx.ssa.MoveParamCombiner$1::visitNonMoveInsn (213 bytes)
Event: 19.040 Thread 0x00007fcf14166800 nmethod 650 0x00007fcf101d5410 code [0x00007fcf101d5620, 0x00007fcf101d5b70]
Event: 19.062 Thread 0x00007fcf14166800  651             com.android.dx.dex.file.Item::<init> (5 bytes)
Event: 19.063 Thread 0x00007fcf14166800 nmethod 651 0x00007fcf101d5210 code [0x00007fcf101d5340, 0x00007fcf101d5398]
Event: 19.087 Thread 0x00007fcf14166800  652             com.android.dx.rop.type.Type::compareTo (9 bytes)
Event: 19.088 Thread 0x00007fcf14166800 nmethod 652 0x00007fcf101d4e10 code [0x00007fcf101d4f60, 0x00007fcf101d50d8]
Event: 19.154 Thread 0x00007fcf14169800 nmethod 648% 0x00007fcf101fab10 code [0x00007fcf101fafe0, 0x00007fcf101fcd58]
Event: 19.154 Thread 0x00007fcf14166800  653   !         com.android.dx.cf.code.Ropper::doit (126 bytes)
Event: 19.207 Thread 0x00007fcf14169800  654             com.android.dx.ssa.MoveParamCombiner$1::visitPhiInsn (1 bytes)
Event: 19.209 Thread 0x00007fcf14169800 nmethod 654 0x00007fcf101d7810 code [0x00007fcf101d7940, 0x00007fcf101d7998]

GC Heap History (9 events):
Event: 2.755 GC heap before
{Heap before GC invocations=1 (full 0):
 PSYoungGen      total 27648K, used 24064K [0x00000000eaa80000, 0x00000000ec900000, 0x0000000100000000)
  eden space 24064K, 100% used [0x00000000eaa80000,0x00000000ec200000,0x00000000ec200000)
  from space 3584K, 0% used [0x00000000ec580000,0x00000000ec580000,0x00000000ec900000)
  to   space 3584K, 0% used [0x00000000ec200000,0x00000000ec200000,0x00000000ec580000)
 ParOldGen       total 61952K, used 0K [0x00000000c0000000, 0x00000000c3c80000, 0x00000000eaa80000)
  object space 61952K, 0% used [0x00000000c0000000,0x00000000c0000000,0x00000000c3c80000)
 PSPermGen       total 21504K, used 5604K [0x00000000b5a00000, 0x00000000b6f00000, 0x00000000c0000000)
  object space 21504K, 26% used [0x00000000b5a00000,0x00000000b5f791a8,0x00000000b6f00000)
Event: 2.981 GC heap after
Heap after GC invocations=1 (full 0):
 PSYoungGen      total 27648K, used 3578K [0x00000000eaa80000, 0x00000000ee080000, 0x0000000100000000)
  eden space 24064K, 0% used [0x00000000eaa80000,0x00000000eaa80000,0x00000000ec200000)
  from space 3584K, 99% used [0x00000000ec200000,0x00000000ec57ea80,0x00000000ec580000)
  to   space 3584K, 0% used [0x00000000edd00000,0x00000000edd00000,0x00000000ee080000)
 ParOldGen       total 61952K, used 2181K [0x00000000c0000000, 0x00000000c3c80000, 0x00000000eaa80000)
  object space 61952K, 3% used [0x00000000c0000000,0x00000000c0221628,0x00000000c3c80000)
 PSPermGen       total 21504K, used 5604K [0x00000000b5a00000, 0x00000000b6f00000, 0x00000000c0000000)
  object space 21504K, 26% used [0x00000000b5a00000,0x00000000b5f791a8,0x00000000b6f00000)
}
Event: 10.550 GC heap before
{Heap before GC invocations=2 (full 0):
 PSYoungGen      total 27648K, used 27642K [0x00000000eaa80000, 0x00000000ee080000, 0x0000000100000000)
  eden space 24064K, 100% used [0x00000000eaa80000,0x00000000ec200000,0x00000000ec200000)
  from space 3584K, 99% used [0x00000000ec200000,0x00000000ec57ea80,0x00000000ec580000)
  to   space 3584K, 0% used [0x00000000edd00000,0x00000000edd00000,0x00000000ee080000)
 ParOldGen       total 61952K, used 2181K [0x00000000c0000000, 0x00000000c3c80000, 0x00000000eaa80000)
  object space 61952K, 3% used [0x00000000c0000000,0x00000000c0221628,0x00000000c3c80000)
 PSPermGen       total 21504K, used 5732K [0x00000000b5a00000, 0x00000000b6f00000, 0x00000000c0000000)
  object space 21504K, 26% used [0x00000000b5a00000,0x00000000b5f99138,0x00000000b6f00000)
Event: 10.568 GC heap after
Heap after GC invocations=2 (full 0):
 PSYoungGen      total 51712K, used 3563K [0x00000000eaa80000, 0x00000000ee080000, 0x0000000100000000)
  eden space 48128K, 0% used [0x00000000eaa80000,0x00000000eaa80000,0x00000000ed980000)
  from space 3584K, 99% used [0x00000000edd00000,0x00000000ee07af30,0x00000000ee080000)
  to   space 3584K, 0% used [0x00000000ed980000,0x00000000ed980000,0x00000000edd00000)
 ParOldGen       total 61952K, used 4018K [0x00000000c0000000, 0x00000000c3c80000, 0x00000000eaa80000)
  object space 61952K, 6% used [0x00000000c0000000,0x00000000c03ecb28,0x00000000c3c80000)
 PSPermGen       total 21504K, used 5732K [0x00000000b5a00000, 0x00000000b6f00000, 0x00000000c0000000)
  object space 21504K, 26% used [0x00000000b5a00000,0x00000000b5f99138,0x00000000b6f00000)
}
Event: 14.635 GC heap before
{Heap before GC invocations=3 (full 0):
 PSYoungGen      total 51712K, used 51691K [0x00000000eaa80000, 0x00000000ee080000, 0x0000000100000000)
  eden space 48128K, 100% used [0x00000000eaa80000,0x00000000ed980000,0x00000000ed980000)
  from space 3584K, 99% used [0x00000000edd00000,0x00000000ee07af30,0x00000000ee080000)
  to   space 3584K, 0% used [0x00000000ed980000,0x00000000ed980000,0x00000000edd00000)
 ParOldGen       total 61952K, used 4018K [0x00000000c0000000, 0x00000000c3c80000, 0x00000000eaa80000)
  object space 61952K, 6% used [0x00000000c0000000,0x00000000c03ecb28,0x00000000c3c80000)
 PSPermGen       total 21504K, used 5827K [0x00000000b5a00000, 0x00000000b6f00000, 0x00000000c0000000)
  object space 21504K, 27% used [0x00000000b5a00000,0x00000000b5fb0e48,0x00000000b6f00000)
Event: 14.718 GC heap after
Heap after GC invocations=3 (full 0):
 PSYoungGen      total 51712K, used 3579K [0x00000000eaa80000, 0x00000000f0f80000, 0x0000000100000000)
  eden space 48128K, 0% used [0x00000000eaa80000,0x00000000eaa80000,0x00000000ed980000)
  from space 3584K, 99% used [0x00000000ed980000,0x00000000edcfedb0,0x00000000edd00000)
  to   space 3584K, 0% used [0x00000000f0c00000,0x00000000f0c00000,0x00000000f0f80000)
 ParOldGen       total 61952K, used 11330K [0x00000000c0000000, 0x00000000c3c80000, 0x00000000eaa80000)
  object space 61952K, 18% used [0x00000000c0000000,0x00000000c0b10a48,0x00000000c3c80000)
 PSPermGen       total 21504K, used 5827K [0x00000000b5a00000, 0x00000000b6f00000, 0x00000000c0000000)
  object space 21504K, 27% used [0x00000000b5a00000,0x00000000b5fb0e48,0x00000000b6f00000)
}
Event: 16.837 GC heap before
{Heap before GC invocations=4 (full 0):
 PSYoungGen      total 51712K, used 51707K [0x00000000eaa80000, 0x00000000f0f80000, 0x0000000100000000)
  eden space 48128K, 100% used [0x00000000eaa80000,0x00000000ed980000,0x00000000ed980000)
  from space 3584K, 99% used [0x00000000ed980000,0x00000000edcfedb0,0x00000000edd00000)
  to   space 3584K, 0% used [0x00000000f0c00000,0x00000000f0c00000,0x00000000f0f80000)
 ParOldGen       total 61952K, used 11330K [0x00000000c0000000, 0x00000000c3c80000, 0x00000000eaa80000)
  object space 61952K, 18% used [0x00000000c0000000,0x00000000c0b10a48,0x00000000c3c80000)
 PSPermGen       total 21504K, used 5862K [0x00000000b5a00000, 0x00000000b6f00000, 0x00000000c0000000)
  object space 21504K, 27% used [0x00000000b5a00000,0x00000000b5fb98e8,0x00000000b6f00000)
Event: 16.890 GC heap after
Heap after GC invocations=4 (full 0):
 PSYoungGen      total 99840K, used 3568K [0x00000000eaa80000, 0x00000000f0f80000, 0x0000000100000000)
  eden space 96256K, 0% used [0x00000000eaa80000,0x00000000eaa80000,0x00000000f0880000)
  from space 3584K, 99% used [0x00000000f0c00000,0x00000000f0f7c2b0,0x00000000f0f80000)
  to   space 3584K, 0% used [0x00000000f0880000,0x00000000f0880000,0x00000000f0c00000)
 ParOldGen       total 61952K, used 19138K [0x00000000c0000000, 0x00000000c3c80000, 0x00000000eaa80000)
  object space 61952K, 30% used [0x00000000c0000000,0x00000000c12b0968,0x00000000c3c80000)
 PSPermGen       total 21504K, used 5862K [0x00000000b5a00000, 0x00000000b6f00000, 0x00000000c0000000)
  object space 21504K, 27% used [0x00000000b5a00000,0x00000000b5fb98e8,0x00000000b6f00000)
}
Event: 19.232 GC heap before
{Heap before GC invocations=5 (full 0):
 PSYoungGen      total 99840K, used 99824K [0x00000000eaa80000, 0x00000000f0f80000, 0x0000000100000000)
  eden space 96256K, 100% used [0x00000000eaa80000,0x00000000f0880000,0x00000000f0880000)
  from space 3584K, 99% used [0x00000000f0c00000,0x00000000f0f7c2b0,0x00000000f0f80000)
  to   space 3584K, 0% used [0x00000000f0880000,0x00000000f0880000,0x00000000f0c00000)
 ParOldGen       total 61952K, used 19138K [0x00000000c0000000, 0x00000000c3c80000, 0x00000000eaa80000)
  object space 61952K, 30% used [0x00000000c0000000,0x00000000c12b0968,0x00000000c3c80000)
 PSPermGen       total 21504K, used 5908K [0x00000000b5a00000, 0x00000000b6f00000, 0x00000000c0000000)
  object space 21504K, 27% used [0x00000000b5a00000,0x00000000b5fc5228,0x00000000b6f00000)

Deoptimization events (10 events):
Event: 17.118 Thread 0x00007fcf1400a000 Uncommon trap: reason=bimorphic action=maybe_recompile pc=0x00007fcf100d1524 method=com.android.dx.cf.code.BytecodeArray.parseInstruction(ILcom/android/dx/cf/code/BytecodeArray$Visitor;)I @ 1130
Event: 17.118 Thread 0x00007fcf1400a000 Uncommon trap: reason=bimorphic action=maybe_recompile pc=0x00007fcf100d1524 method=com.android.dx.cf.code.BytecodeArray.parseInstruction(ILcom/android/dx/cf/code/BytecodeArray$Visitor;)I @ 1130
Event: 17.768 Thread 0x00007fcf1400a000 Uncommon trap: reason=bimorphic action=maybe_recompile pc=0x00007fcf100cbe5c method=com.android.dx.ssa.LiteralOpUpgrader.tryReplacingWithConstant(Lcom/android/dx/ssa/NormalSsaInsn;)Z @ 62
Event: 17.796 Thread 0x00007fcf1400a000 Uncommon trap: reason=class_check action=maybe_recompile pc=0x00007fcf1010b3a0 method=com.android.dx.ssa.SCCP.replaceConstants()V @ 182
Event: 17.801 Thread 0x00007fcf1400a000 Uncommon trap: reason=class_check action=maybe_recompile pc=0x00007fcf1010b3a0 method=com.android.dx.ssa.SCCP.replaceConstants()V @ 182
Event: 18.016 Thread 0x00007fcf1400a000 Uncommon trap: reason=bimorphic action=maybe_recompile pc=0x00007fcf101c3b78 method=com.android.dx.cf.code.BytecodeArray.parseInstruction(ILcom/android/dx/cf/code/BytecodeArray$Visitor;)I @ 987
Event: 18.016 Thread 0x00007fcf1400a000 Uncommon trap: reason=bimorphic action=maybe_recompile pc=0x00007fcf101c3b78 method=com.android.dx.cf.code.BytecodeArray.parseInstruction(ILcom/android/dx/cf/code/BytecodeArray$Visitor;)I @ 987
Event: 18.019 Thread 0x00007fcf1400a000 Uncommon trap: reason=unloaded action=reinterpret pc=0x00007fcf1006e634 method=com.android.dx.cf.code.Ropper.addReturnBlock()V @ 45
Event: 18.019 Thread 0x00007fcf1400a000 Uncommon trap: reason=unreached action=reinterpret pc=0x00007fcf1000deac method=com.android.dx.ssa.MoveParamCombiner$1.visitNonMoveInsn(Lcom/android/dx/ssa/NormalSsaInsn;)V @ 27
Event: 18.205 Thread 0x00007fcf1400a000 Uncommon trap: reason=bimorphic action=maybe_recompile pc=0x00007fcf100cbe5c method=com.android.dx.ssa.LiteralOpUpgrader.tryReplacingWithConstant(Lcom/android/dx/ssa/NormalSsaInsn;)Z @ 62

Internal exceptions (10 events):
Event: 12.730 Thread 0x00007fcf1400a000 Implicit null exception at 0x00007fcf100a38a3 to 0x00007fcf100a3fd1
Event: 13.123 Thread 0x00007fcf1400a000 Threw 0x00000000ec113030 at /build/buildd/openjdk-7-7u65-2.5.2/build/openjdk/hotspot/src/share/vm/prims/jvm.cpp:1247
Event: 13.654 Thread 0x00007fcf1400a000 Threw 0x00000000ec7c4ba0 at /build/buildd/openjdk-7-7u65-2.5.2/build/openjdk/hotspot/src/share/vm/prims/jvm.cpp:1247
Event: 13.654 Thread 0x00007fcf1400a000 Threw 0x00000000ec7c7ba0 at /build/buildd/openjdk-7-7u65-2.5.2/build/openjdk/hotspot/src/share/vm/prims/jvm.cpp:1247
Event: 13.906 Thread 0x00007fcf1400a000 Threw 0x00000000ecbb5dd8 at /build/buildd/openjdk-7-7u65-2.5.2/build/openjdk/hotspot/src/share/vm/prims/jvm.cpp:1247
Event: 13.907 Thread 0x00007fcf1400a000 Threw 0x00000000ecbbbf68 at /build/buildd/openjdk-7-7u65-2.5.2/build/openjdk/hotspot/src/share/vm/prims/jvm.cpp:1247
Event: 13.908 Thread 0x00007fcf1400a000 Threw 0x00000000ecbc1f20 at /build/buildd/openjdk-7-7u65-2.5.2/build/openjdk/hotspot/src/share/vm/prims/jvm.cpp:1247
Event: 14.968 Thread 0x00007fcf1400a000 Threw 0x00000000eafdfcd8 at /build/buildd/openjdk-7-7u65-2.5.2/build/openjdk/hotspot/src/share/vm/prims/jvm.cpp:1247
Event: 16.957 Thread 0x00007fcf1400a000 Implicit null exception at 0x00007fcf10184339 to 0x00007fcf10187cdd
Event: 17.673 Thread 0x00007fcf1400a000 Threw 0x00000000ecbfe8d8 at /build/buildd/openjdk-7-7u65-2.5.2/build/openjdk/hotspot/src/share/vm/prims/jvm.cpp:1247

Events (10 events):
Event: 18.019 Thread 0x00007fcf1400a000 Uncommon trap: trap_request=0x000000c9 fr.pc=0x00007fcf1006e634
Event: 18.019 Thread 0x00007fcf1400a000 DEOPT PACKING pc=0x00007fcf1006e634 sp=0x00007fcf1a5ba070
Event: 18.019 Thread 0x00007fcf1400a000 DEOPT UNPACKING pc=0x00007fcf0ffac445 sp=0x00007fcf1a5b9fb0 mode 2
Event: 18.019 Thread 0x00007fcf1400a000 Uncommon trap: trap_request=0xffffffad fr.pc=0x00007fcf1000deac
Event: 18.019 Thread 0x00007fcf1400a000 DEOPT PACKING pc=0x00007fcf1000deac sp=0x00007fcf1a5b9e70
Event: 18.019 Thread 0x00007fcf1400a000 DEOPT UNPACKING pc=0x00007fcf0ffac445 sp=0x00007fcf1a5b9de8 mode 2
Event: 18.205 Thread 0x00007fcf1400a000 Uncommon trap: trap_request=0xffffffc6 fr.pc=0x00007fcf100cbe5c
Event: 18.205 Thread 0x00007fcf1400a000 DEOPT PACKING pc=0x00007fcf100cbe5c sp=0x00007fcf1a5b9e60
Event: 18.205 Thread 0x00007fcf1400a000 DEOPT UNPACKING pc=0x00007fcf0ffac445 sp=0x00007fcf1a5b9d28 mode 2
Event: 19.232 Executing VM operation: ParallelGCFailedAllocation


Dynamic libraries:
00400000-00401000 r-xp 00000000 08:01 12980957                           /usr/lib/jvm/java-7-openjdk-amd64/jre/bin/java
00600000-00601000 r--p 00000000 08:01 12980957                           /usr/lib/jvm/java-7-openjdk-amd64/jre/bin/java
00601000-00602000 rw-p 00001000 08:01 12980957                           /usr/lib/jvm/java-7-openjdk-amd64/jre/bin/java
01dab000-01dcc000 rw-p 00000000 00:00 0                                  [heap]
b5a00000-b6f00000 rw-p 00000000 00:00 0 
b6f00000-c0000000 rw-p 00000000 00:00 0 
c0000000-c3c80000 rw-p 00000000 00:00 0 
c3c80000-eaa80000 rw-p 00000000 00:00 0 
eaa80000-f0f80000 rw-p 00000000 00:00 0 
f8d80000-100000000 rw-p 00000000 00:00 0 
7fced4000000-7fced4021000 rw-p 00000000 00:00 0 
7fced4021000-7fced8000000 ---p 00000000 00:00 0 
7fcedc000000-7fcedd23a000 rw-p 00000000 00:00 0 
7fcedd23a000-7fcee0000000 ---p 00000000 00:00 0 
7fcee0000000-7fcee0021000 rw-p 00000000 00:00 0 
7fcee0021000-7fcee4000000 ---p 00000000 00:00 0 
7fcee4000000-7fcee4021000 rw-p 00000000 00:00 0 
7fcee4021000-7fcee8000000 ---p 00000000 00:00 0 
7fcee8000000-7fcee9590000 rw-p 00000000 00:00 0 
7fcee9590000-7fceec000000 ---p 00000000 00:00 0 
7fceec000000-7fceec021000 rw-p 00000000 00:00 0 
7fceec021000-7fcef0000000 ---p 00000000 00:00 0 
7fcef0000000-7fcef0021000 rw-p 00000000 00:00 0 
7fcef0021000-7fcef4000000 ---p 00000000 00:00 0 
7fcef4000000-7fcef4240000 rw-p 00000000 00:00 0 
7fcef4240000-7fcef8000000 ---p 00000000 00:00 0 
7fcef8000000-7fcef8021000 rw-p 00000000 00:00 0 
7fcef8021000-7fcefc000000 ---p 00000000 00:00 0 
7fcefd897000-7fcefd8d4000 r-xp 00000000 08:01 2494466                    /lib/x86_64-linux-gnu/libpcre.so.3.13.1
7fcefd8d4000-7fcefdad3000 ---p 0003d000 08:01 2494466                    /lib/x86_64-linux-gnu/libpcre.so.3.13.1
7fcefdad3000-7fcefdad4000 r--p 0003c000 08:01 2494466                    /lib/x86_64-linux-gnu/libpcre.so.3.13.1
7fcefdad4000-7fcefdad5000 rw-p 0003d000 08:01 2494466                    /lib/x86_64-linux-gnu/libpcre.so.3.13.1
7fcefdad5000-7fcefdadc000 r-xp 00000000 08:01 12722241                   /usr/lib/x86_64-linux-gnu/libffi.so.6.0.1
7fcefdadc000-7fcefdcdb000 ---p 00007000 08:01 12722241                   /usr/lib/x86_64-linux-gnu/libffi.so.6.0.1
7fcefdcdb000-7fcefdcdc000 r--p 00006000 08:01 12722241                   /usr/lib/x86_64-linux-gnu/libffi.so.6.0.1
7fcefdcdc000-7fcefdcdd000 rw-p 00007000 08:01 12722241                   /usr/lib/x86_64-linux-gnu/libffi.so.6.0.1
7fcefdcdd000-7fcefdcf4000 r-xp 00000000 08:01 2494363                    /lib/x86_64-linux-gnu/libresolv-2.19.so
7fcefdcf4000-7fcefdef4000 ---p 00017000 08:01 2494363                    /lib/x86_64-linux-gnu/libresolv-2.19.so
7fcefdef4000-7fcefdef5000 r--p 00017000 08:01 2494363                    /lib/x86_64-linux-gnu/libresolv-2.19.so
7fcefdef5000-7fcefdef6000 rw-p 00018000 08:01 2494363                    /lib/x86_64-linux-gnu/libresolv-2.19.so
7fcefdef6000-7fcefdef8000 rw-p 00000000 00:00 0 
7fcefdef8000-7fcefdf18000 r-xp 00000000 08:01 2494493                    /lib/x86_64-linux-gnu/libselinux.so.1
7fcefdf18000-7fcefe117000 ---p 00020000 08:01 2494493                    /lib/x86_64-linux-gnu/libselinux.so.1
7fcefe117000-7fcefe118000 r--p 0001f000 08:01 2494493                    /lib/x86_64-linux-gnu/libselinux.so.1
7fcefe118000-7fcefe119000 rw-p 00020000 08:01 2494493                    /lib/x86_64-linux-gnu/libselinux.so.1
7fcefe119000-7fcefe11b000 rw-p 00000000 00:00 0 
7fcefe11b000-7fcefe11e000 r-xp 00000000 08:01 12722358                   /usr/lib/x86_64-linux-gnu/libgmodule-2.0.so.0.4000.0
7fcefe11e000-7fcefe31d000 ---p 00003000 08:01 12722358                   /usr/lib/x86_64-linux-gnu/libgmodule-2.0.so.0.4000.0
7fcefe31d000-7fcefe31e000 r--p 00002000 08:01 12722358                   /usr/lib/x86_64-linux-gnu/libgmodule-2.0.so.0.4000.0
7fcefe31e000-7fcefe31f000 rw-p 00003000 08:01 12722358                   /usr/lib/x86_64-linux-gnu/libgmodule-2.0.so.0.4000.0
7fcefe31f000-7fcefe425000 r-xp 00000000 08:01 2494394                    /lib/x86_64-linux-gnu/libglib-2.0.so.0.4000.0
7fcefe425000-7fcefe624000 ---p 00106000 08:01 2494394                    /lib/x86_64-linux-gnu/libglib-2.0.so.0.4000.0
7fcefe624000-7fcefe625000 r--p 00105000 08:01 2494394                    /lib/x86_64-linux-gnu/libglib-2.0.so.0.4000.0
7fcefe625000-7fcefe626000 rw-p 00106000 08:01 2494394                    /lib/x86_64-linux-gnu/libglib-2.0.so.0.4000.0
7fcefe626000-7fcefe627000 rw-p 00000000 00:00 0 
7fcefe627000-7fcefe676000 r-xp 00000000 08:01 12722374                   /usr/lib/x86_64-linux-gnu/libgobject-2.0.so.0.4000.0
7fcefe676000-7fcefe876000 ---p 0004f000 08:01 12722374                   /usr/lib/x86_64-linux-gnu/libgobject-2.0.so.0.4000.0
7fcefe876000-7fcefe877000 r--p 0004f000 08:01 12722374                   /usr/lib/x86_64-linux-gnu/libgobject-2.0.so.0.4000.0
7fcefe877000-7fcefe878000 rw-p 00050000 08:01 12722374                   /usr/lib/x86_64-linux-gnu/libgobject-2.0.so.0.4000.0
7fcefe878000-7fcefe9e3000 r-xp 00000000 08:01 12722344                   /usr/lib/x86_64-linux-gnu/libgio-2.0.so.0.4000.0
7fcefe9e3000-7fcefebe3000 ---p 0016b000 08:01 12722344                   /usr/lib/x86_64-linux-gnu/libgio-2.0.so.0.4000.0
7fcefebe3000-7fcefebe7000 r--p 0016b000 08:01 12722344                   /usr/lib/x86_64-linux-gnu/libgio-2.0.so.0.4000.0
7fcefebe7000-7fcefebe9000 rw-p 0016f000 08:01 12722344                   /usr/lib/x86_64-linux-gnu/libgio-2.0.so.0.4000.0
7fcefebe9000-7fcefebeb000 rw-p 00000000 00:00 0 
7fcefebeb000-7fcefec02000 r-xp 00000000 08:01 12845528                   /usr/lib/jvm/java-7-openjdk-amd64/jre/lib/amd64/libnet.so
7fcefec02000-7fcefee01000 ---p 00017000 08:01 12845528                   /usr/lib/jvm/java-7-openjdk-amd64/jre/lib/amd64/libnet.so
7fcefee01000-7fcefee02000 r--p 00016000 08:01 12845528                   /usr/lib/jvm/java-7-openjdk-amd64/jre/lib/amd64/libnet.so
7fcefee02000-7fcefee03000 rw-p 00017000 08:01 12845528                   /usr/lib/jvm/java-7-openjdk-amd64/jre/lib/amd64/libnet.so
7fcefee03000-7fcefee13000 r-xp 00000000 08:01 12845520                   /usr/lib/jvm/java-7-openjdk-amd64/jre/lib/amd64/libnio.so
7fcefee13000-7fceff013000 ---p 00010000 08:01 12845520                   /usr/lib/jvm/java-7-openjdk-amd64/jre/lib/amd64/libnio.so
7fceff013000-7fceff014000 r--p 00010000 08:01 12845520                   /usr/lib/jvm/java-7-openjdk-amd64/jre/lib/amd64/libnio.so
7fceff014000-7fceff015000 rw-p 00011000 08:01 12845520                   /usr/lib/jvm/java-7-openjdk-amd64/jre/lib/amd64/libnio.so
7fceff015000-7fceff016000 ---p 00000000 00:00 0 
7fceff016000-7fceff116000 rw-p 00000000 00:00 0                          [stack:11542]
7fceff116000-7fceff119000 ---p 00000000 00:00 0 
7fceff119000-7fceff217000 rw-p 00000000 00:00 0                          [stack:11541]
7fceff217000-7fceff21a000 ---p 00000000 00:00 0 
7fceff21a000-7fceff318000 rw-p 00000000 00:00 0                          [stack:11539]
7fceff318000-7fceff31b000 ---p 00000000 00:00 0 
7fceff31b000-7fceff419000 rw-p 00000000 00:00 0                          [stack:11536]
7fceff419000-7fceff41c000 ---p 00000000 00:00 0 
7fceff41c000-7fceff51a000 rw-p 00000000 00:00 0                          [stack:11533]
7fceff51a000-7fceffbfc000 r--p 00000000 08:01 12720962                   /usr/lib/locale/locale-archive
7fceffbfc000-7fceffbff000 ---p 00000000 00:00 0 
7fceffbff000-7fceffcfd000 rw-p 00000000 00:00 0                          [stack:11517]
7fceffcfd000-7fceffd00000 ---p 00000000 00:00 0 
7fceffd00000-7fceffdfe000 rw-p 00000000 00:00 0                          [stack:11514]
7fceffdfe000-7fceffdff000 ---p 00000000 00:00 0 
7fceffdff000-7fcf00000000 rw-p 00000000 00:00 0                          [stack:11511]
7fcf00000000-7fcf00021000 rw-p 00000000 00:00 0 
7fcf00021000-7fcf04000000 ---p 00000000 00:00 0 
7fcf04000000-7fcf04021000 rw-p 00000000 00:00 0 
7fcf04021000-7fcf08000000 ---p 00000000 00:00 0 
7fcf08000000-7fcf08021000 rw-p 00000000 00:00 0 
7fcf08021000-7fcf0c000000 ---p 00000000 00:00 0 
7fcf0c06c000-7fcf0cec3000 rw-p 00000000 00:00 0 
7fcf0cec3000-7fcf0d074000 r--s 01d21000 08:01 12845500                   /usr/lib/jvm/java-7-openjdk-amd64/jre/lib/rt.jar
7fcf0d074000-7fcf0f8c8000 rw-p 00000000 00:00 0 
7fcf0f8c8000-7fcf0f8c9000 ---p 00000000 00:00 0 
7fcf0f8c9000-7fcf0f9c9000 rw-p 00000000 00:00 0                          [stack:11502]
7fcf0f9c9000-7fcf0f9ca000 ---p 00000000 00:00 0 
7fcf0f9ca000-7fcf0faca000 rw-p 00000000 00:00 0                          [stack:11500]
7fcf0faca000-7fcf0facb000 ---p 00000000 00:00 0 
7fcf0facb000-7fcf0fbcb000 rw-p 00000000 00:00 0                          [stack:11498]
7fcf0fbcb000-7fcf0fbcc000 ---p 00000000 00:00 0 
7fcf0fbcc000-7fcf0fcd7000 rw-p 00000000 00:00 0                          [stack:11496]
7fcf0fcd7000-7fcf0fd1f000 rw-p 00000000 00:00 0 
7fcf0fd1f000-7fcf0fd2a000 rw-p 00000000 00:00 0 
7fcf0fd2a000-7fcf0fd72000 rw-p 00000000 00:00 0 
7fcf0fd72000-7fcf0fd91000 rw-p 00000000 00:00 0 
7fcf0fd91000-7fcf0fec7000 rw-p 00000000 00:00 0 
7fcf0fec7000-7fcf0fefa000 rw-p 00000000 00:00 0 
7fcf0fefa000-7fcf0ff72000 rw-p 00000000 00:00 0 
7fcf0ff72000-7fcf0ff73000 rw-p 00000000 00:00 0 
7fcf0ff73000-7fcf10213000 rwxp 00000000 00:00 0 
7fcf10213000-7fcf12f73000 rw-p 00000000 00:00 0 
7fcf12f73000-7fcf12f7b000 r-xp 00000000 08:01 12845516                   /usr/lib/jvm/java-7-openjdk-amd64/jre/lib/amd64/libzip.so
7fcf12f7b000-7fcf1317a000 ---p 00008000 08:01 12845516                   /usr/lib/jvm/java-7-openjdk-amd64/jre/lib/amd64/libzip.so
7fcf1317a000-7fcf1317b000 r--p 00007000 08:01 12845516                   /usr/lib/jvm/java-7-openjdk-amd64/jre/lib/amd64/libzip.so
7fcf1317b000-7fcf1317c000 rw-p 00008000 08:01 12845516                   /usr/lib/jvm/java-7-openjdk-amd64/jre/lib/amd64/libzip.so
7fcf1317c000-7fcf13187000 r-xp 00000000 08:01 2494499                    /lib/x86_64-linux-gnu/libnss_files-2.19.so
7fcf13187000-7fcf13386000 ---p 0000b000 08:01 2494499                    /lib/x86_64-linux-gnu/libnss_files-2.19.so
7fcf13386000-7fcf13387000 r--p 0000a000 08:01 2494499                    /lib/x86_64-linux-gnu/libnss_files-2.19.so
7fcf13387000-7fcf13388000 rw-p 0000b000 08:01 2494499                    /lib/x86_64-linux-gnu/libnss_files-2.19.so
7fcf13388000-7fcf13393000 r-xp 00000000 08:01 2494503                    /lib/x86_64-linux-gnu/libnss_nis-2.19.so
7fcf13393000-7fcf13592000 ---p 0000b000 08:01 2494503                    /lib/x86_64-linux-gnu/libnss_nis-2.19.so
7fcf13592000-7fcf13593000 r--p 0000a000 08:01 2494503                    /lib/x86_64-linux-gnu/libnss_nis-2.19.so
7fcf13593000-7fcf13594000 rw-p 0000b000 08:01 2494503                    /lib/x86_64-linux-gnu/libnss_nis-2.19.so
7fcf13594000-7fcf135ab000 r-xp 00000000 08:01 2494373                    /lib/x86_64-linux-gnu/libnsl-2.19.so
7fcf135ab000-7fcf137aa000 ---p 00017000 08:01 2494373                    /lib/x86_64-linux-gnu/libnsl-2.19.so
7fcf137aa000-7fcf137ab000 r--p 00016000 08:01 2494373                    /lib/x86_64-linux-gnu/libnsl-2.19.so
7fcf137ab000-7fcf137ac000 rw-p 00017000 08:01 2494373                    /lib/x86_64-linux-gnu/libnsl-2.19.so
7fcf137ac000-7fcf137ae000 rw-p 00000000 00:00 0 
7fcf137ae000-7fcf137b7000 r-xp 00000000 08:01 2494283                    /lib/x86_64-linux-gnu/libnss_compat-2.19.so
7fcf137b7000-7fcf139b6000 ---p 00009000 08:01 2494283                    /lib/x86_64-linux-gnu/libnss_compat-2.19.so
7fcf139b6000-7fcf139b7000 r--p 00008000 08:01 2494283                    /lib/x86_64-linux-gnu/libnss_compat-2.19.so
7fcf139b7000-7fcf139b8000 rw-p 00009000 08:01 2494283                    /lib/x86_64-linux-gnu/libnss_compat-2.19.so
7fcf139b8000-7fcf139e3000 r-xp 00000000 08:01 12845515                   /usr/lib/jvm/java-7-openjdk-amd64/jre/lib/amd64/libjava.so
7fcf139e3000-7fcf13be3000 ---p 0002b000 08:01 12845515                   /usr/lib/jvm/java-7-openjdk-amd64/jre/lib/amd64/libjava.so
7fcf13be3000-7fcf13be4000 r--p 0002b000 08:01 12845515                   /usr/lib/jvm/java-7-openjdk-amd64/jre/lib/amd64/libjava.so
7fcf13be4000-7fcf13be6000 rw-p 0002c000 08:01 12845515                   /usr/lib/jvm/java-7-openjdk-amd64/jre/lib/amd64/libjava.so
7fcf13be6000-7fcf13bf6000 r-xp 00000000 08:01 12845541                   /usr/lib/jvm/java-7-openjdk-amd64/jre/lib/amd64/libverify.so
7fcf13bf6000-7fcf13df5000 ---p 00010000 08:01 12845541                   /usr/lib/jvm/java-7-openjdk-amd64/jre/lib/amd64/libverify.so
7fcf13df5000-7fcf13df7000 r--p 0000f000 08:01 12845541                   /usr/lib/jvm/java-7-openjdk-amd64/jre/lib/amd64/libverify.so
7fcf13df7000-7fcf13df8000 rw-p 00011000 08:01 12845541                   /usr/lib/jvm/java-7-openjdk-amd64/jre/lib/amd64/libverify.so
7fcf13df8000-7fcf13dff000 r-xp 00000000 08:01 2494380                    /lib/x86_64-linux-gnu/librt-2.19.so
7fcf13dff000-7fcf13ffe000 ---p 00007000 08:01 2494380                    /lib/x86_64-linux-gnu/librt-2.19.so
7fcf13ffe000-7fcf13fff000 r--p 00006000 08:01 2494380                    /lib/x86_64-linux-gnu/librt-2.19.so
7fcf13fff000-7fcf14000000 rw-p 00007000 08:01 2494380                    /lib/x86_64-linux-gnu/librt-2.19.so
7fcf14000000-7fcf14331000 rw-p 00000000 00:00 0 
7fcf14331000-7fcf18000000 ---p 00000000 00:00 0 
7fcf1801e000-7fcf18027000 r--s 00076000 00:18 2229621                    /home/hscissors/AndroidStudioProjects/Timeline2/app/build/intermediates/exploded-aar/com.android.support/appcompat-v7/21.0.0/classes.jar
7fcf18027000-7fcf18035000 r--s 000dc000 00:18 920441                     /home/hscissors/Downloads/android-studio/sdk/build-tools/21.0.0/lib/dx.jar
7fcf18035000-7fcf18054000 rw-p 00000000 00:00 0 
7fcf18054000-7fcf1818b000 rw-p 00000000 00:00 0 
7fcf1818b000-7fcf181a1000 r-xp 00000000 08:01 2490394                    /lib/x86_64-linux-gnu/libgcc_s.so.1
7fcf181a1000-7fcf183a0000 ---p 00016000 08:01 2490394                    /lib/x86_64-linux-gnu/libgcc_s.so.1
7fcf183a0000-7fcf183a1000 rw-p 00015000 08:01 2490394                    /lib/x86_64-linux-gnu/libgcc_s.so.1
7fcf183a1000-7fcf184a6000 r-xp 00000000 08:01 2494448                    /lib/x86_64-linux-gnu/libm-2.19.so
7fcf184a6000-7fcf186a5000 ---p 00105000 08:01 2494448                    /lib/x86_64-linux-gnu/libm-2.19.so
7fcf186a5000-7fcf186a6000 r--p 00104000 08:01 2494448                    /lib/x86_64-linux-gnu/libm-2.19.so
7fcf186a6000-7fcf186a7000 rw-p 00105000 08:01 2494448                    /lib/x86_64-linux-gnu/libm-2.19.so
7fcf186a7000-7fcf1878d000 r-xp 00000000 08:01 12722869                   /usr/lib/x86_64-linux-gnu/libstdc++.so.6.0.19
7fcf1878d000-7fcf1898c000 ---p 000e6000 08:01 12722869                   /usr/lib/x86_64-linux-gnu/libstdc++.so.6.0.19
7fcf1898c000-7fcf18994000 r--p 000e5000 08:01 12722869                   /usr/lib/x86_64-linux-gnu/libstdc++.so.6.0.19
7fcf18994000-7fcf18996000 rw-p 000ed000 08:01 12722869                   /usr/lib/x86_64-linux-gnu/libstdc++.so.6.0.19
7fcf18996000-7fcf189ab000 rw-p 00000000 00:00 0 
7fcf189ab000-7fcf194c1000 r-xp 00000000 08:01 12845531                   /usr/lib/jvm/java-7-openjdk-amd64/jre/lib/amd64/server/libjvm.so
7fcf194c1000-7fcf196c0000 ---p 00b16000 08:01 12845531                   /usr/lib/jvm/java-7-openjdk-amd64/jre/lib/amd64/server/libjvm.so
7fcf196c0000-7fcf1975a000 r--p 00b15000 08:01 12845531                   /usr/lib/jvm/java-7-openjdk-amd64/jre/lib/amd64/server/libjvm.so
7fcf1975a000-7fcf1977d000 rw-p 00baf000 08:01 12845531                   /usr/lib/jvm/java-7-openjdk-amd64/jre/lib/amd64/server/libjvm.so
7fcf1977d000-7fcf197ab000 rw-p 00000000 00:00 0 
7fcf197ab000-7fcf197c3000 r-xp 00000000 08:01 2494526                    /lib/x86_64-linux-gnu/libz.so.1.2.8
7fcf197c3000-7fcf199c2000 ---p 00018000 08:01 2494526                    /lib/x86_64-linux-gnu/libz.so.1.2.8
7fcf199c2000-7fcf199c3000 r--p 00017000 08:01 2494526                    /lib/x86_64-linux-gnu/libz.so.1.2.8
7fcf199c3000-7fcf199c4000 rw-p 00018000 08:01 2494526                    /lib/x86_64-linux-gnu/libz.so.1.2.8
7fcf199c4000-7fcf199dd000 r-xp 00000000 08:01 2495718                    /lib/x86_64-linux-gnu/libpthread-2.19.so
7fcf199dd000-7fcf19bdc000 ---p 00019000 08:01 2495718                    /lib/x86_64-linux-gnu/libpthread-2.19.so
7fcf19bdc000-7fcf19bdd000 r--p 00018000 08:01 2495718                    /lib/x86_64-linux-gnu/libpthread-2.19.so
7fcf19bdd000-7fcf19bde000 rw-p 00019000 08:01 2495718                    /lib/x86_64-linux-gnu/libpthread-2.19.so
7fcf19bde000-7fcf19be2000 rw-p 00000000 00:00 0 
7fcf19be2000-7fcf19be5000 r-xp 00000000 08:01 2495712                    /lib/x86_64-linux-gnu/libdl-2.19.so
7fcf19be5000-7fcf19de4000 ---p 00003000 08:01 2495712                    /lib/x86_64-linux-gnu/libdl-2.19.so
7fcf19de4000-7fcf19de5000 r--p 00002000 08:01 2495712                    /lib/x86_64-linux-gnu/libdl-2.19.so
7fcf19de5000-7fcf19de6000 rw-p 00003000 08:01 2495712                    /lib/x86_64-linux-gnu/libdl-2.19.so
7fcf19de6000-7fcf19fa1000 r-xp 00000000 08:01 2494434                    /lib/x86_64-linux-gnu/libc-2.19.so
7fcf19fa1000-7fcf1a1a1000 ---p 001bb000 08:01 2494434                    /lib/x86_64-linux-gnu/libc-2.19.so
7fcf1a1a1000-7fcf1a1a5000 r--p 001bb000 08:01 2494434                    /lib/x86_64-linux-gnu/libc-2.19.so
7fcf1a1a5000-7fcf1a1a7000 rw-p 001bf000 08:01 2494434                    /lib/x86_64-linux-gnu/libc-2.19.so
7fcf1a1a7000-7fcf1a1ac000 rw-p 00000000 00:00 0 
7fcf1a1ac000-7fcf1a1b9000 r-xp 00000000 08:01 12845544                   /usr/lib/jvm/java-7-openjdk-amd64/jre/lib/amd64/jli/libjli.so
7fcf1a1b9000-7fcf1a3b8000 ---p 0000d000 08:01 12845544                   /usr/lib/jvm/java-7-openjdk-amd64/jre/lib/amd64/jli/libjli.so
7fcf1a3b8000-7fcf1a3b9000 r--p 0000c000 08:01 12845544                   /usr/lib/jvm/java-7-openjdk-amd64/jre/lib/amd64/jli/libjli.so
7fcf1a3b9000-7fcf1a3ba000 rw-p 0000d000 08:01 12845544                   /usr/lib/jvm/java-7-openjdk-amd64/jre/lib/amd64/jli/libjli.so
7fcf1a3ba000-7fcf1a3dd000 r-xp 00000000 08:01 2494436                    /lib/x86_64-linux-gnu/ld-2.19.so
7fcf1a3df000-7fcf1a3e0000 rw-p 00000000 00:00 0 
7fcf1a3e0000-7fcf1a3e3000 r--s 00032000 08:01 12979352                   /usr/lib/jvm/java-7-openjdk-amd64/jre/lib/ext/sunjce_provider.jar
7fcf1a3e3000-7fcf1a406000 rw-p 00000000 00:00 0 
7fcf1a406000-7fcf1a4bb000 rw-p 00000000 00:00 0 
7fcf1a4bb000-7fcf1a4be000 ---p 00000000 00:00 0 
7fcf1a4be000-7fcf1a5c1000 rw-p 00000000 00:00 0                          [stack:11494]
7fcf1a5c1000-7fcf1a5c2000 r--s 00002000 08:01 12980329                   /usr/lib/jvm/java-7-openjdk-amd64/jre/lib/ext/dnsns.jar
7fcf1a5c2000-7fcf1a5c4000 r--s 00006000 08:01 13114012                   /usr/share/java/java-atk-wrapper.jar
7fcf1a5c4000-7fcf1a5c7000 r--s 0003c000 08:01 12979354                   /usr/lib/jvm/java-7-openjdk-amd64/jre/lib/ext/sunpkcs11.jar
7fcf1a5c7000-7fcf1a5c9000 r--s 00012000 08:01 12980328                   /usr/lib/jvm/java-7-openjdk-amd64/jre/lib/ext/zipfs.jar
7fcf1a5c9000-7fcf1a5cc000 r--s 0000f000 08:01 12979353                   /usr/lib/jvm/java-7-openjdk-amd64/jre/lib/ext/pulse-java.jar
7fcf1a5cc000-7fcf1a5d0000 r--s 00085000 08:01 12980330                   /usr/lib/jvm/java-7-openjdk-amd64/jre/lib/ext/localedata.jar
7fcf1a5d0000-7fcf1a5d8000 rw-s 00000000 08:01 530270                     /tmp/hsperfdata_hscissors/11458
7fcf1a5d8000-7fcf1a5d9000 rw-p 00000000 00:00 0 
7fcf1a5d9000-7fcf1a5da000 ---p 00000000 00:00 0 
7fcf1a5da000-7fcf1a5dc000 rw-p 00000000 00:00 0 
7fcf1a5dc000-7fcf1a5dd000 r--p 00022000 08:01 2494436                    /lib/x86_64-linux-gnu/ld-2.19.so
7fcf1a5dd000-7fcf1a5de000 rw-p 00023000 08:01 2494436                    /lib/x86_64-linux-gnu/ld-2.19.so
7fcf1a5de000-7fcf1a5df000 rw-p 00000000 00:00 0 
7fff0b008000-7fff0b02a000 rw-p 00000000 00:00 0                          [stack]
7fff0b187000-7fff0b189000 r-xp 00000000 00:00 0                          [vdso]
ffffffffff600000-ffffffffff601000 r-xp 00000000 00:00 0                  [vsyscall]

VM Arguments:
jvm_args: -Xmx1024M 
java_command: /home/hscissors/Downloads/android-studio/sdk/build-tools/21.0.0/lib/dx.jar --dex --output /home/hscissors/AndroidStudioProjects/Timeline2/app/build/intermediates/pre-dexed/debug/classes-e8611ad7a51905126edbbe4c98d39952d1618542.jar /home/hscissors/AndroidStudioProjects/Timeline2/app/build/intermediates/exploded-aar/com.android.support/appcompat-v7/21.0.0/classes.jar
Launcher Type: SUN_STANDARD

Environment Variables:
CLASSPATH=./../lib/bootstrap.jar:./../lib/extensions.jar:./../lib/util.jar:./../lib/jdom.jar:./../lib/log4j.jar:./../lib/trove4j.jar:./../lib/jna.jar:/usr/lib/jvm/java-7-openjdk-amd64/lib/tools.jar
PATH=/home/hscissors/.rvm/gems/ruby-1.9.3-p547/bin:/home/hscissors/.rvm/gems/ruby-1.9.3-p547@global/bin:/home/hscissors/.rvm/rubies/ruby-1.9.3-p547/bin:/usr/local/sbin:/usr/local/bin:/usr/sbin:/usr/bin:/sbin:/bin:/usr/games:/usr/local/games:/home/hscissors/.rvm/bin:/home/hscissors/.rvm/bin
LD_LIBRARY_PATH=.:
SHELL=/bin/bash
DISPLAY=:0

Signal Handlers:
SIGSEGV: [libjvm.so+0x949180], sa_mask[0]=0x7ffbfeff, sa_flags=0x10000004
SIGBUS: [libjvm.so+0x949180], sa_mask[0]=0x7ffbfeff, sa_flags=0x10000004
SIGFPE: [libjvm.so+0x7c2ec0], sa_mask[0]=0x7ffbfeff, sa_flags=0x10000004
SIGPIPE: [libjvm.so+0x7c2ec0], sa_mask[0]=0x7ffbfeff, sa_flags=0x10000004
SIGXFSZ: [libjvm.so+0x7c2ec0], sa_mask[0]=0x7ffbfeff, sa_flags=0x10000004
SIGILL: [libjvm.so+0x7c2ec0], sa_mask[0]=0x7ffbfeff, sa_flags=0x10000004
SIGUSR1: SIG_DFL, sa_mask[0]=0x00000000, sa_flags=0x00000000
SIGUSR2: [libjvm.so+0x7c2d60], sa_mask[0]=0x00000004, sa_flags=0x10000004
SIGHUP: [libjvm.so+0x7c2f40], sa_mask[0]=0x7ffbfeff, sa_flags=0x10000004
SIGINT: [libjvm.so+0x7c2f40], sa_mask[0]=0x7ffbfeff, sa_flags=0x10000004
SIGTERM: [libjvm.so+0x7c2f40], sa_mask[0]=0x7ffbfeff, sa_flags=0x10000004
SIGQUIT: [libjvm.so+0x7c2f40], sa_mask[0]=0x7ffbfeff, sa_flags=0x10000004
SIGTRAP: SIG_DFL, sa_mask[0]=0x00000000, sa_flags=0x00000000


---------------  S Y S T E M  ---------------

OS:Ubuntu 14.04 (trusty)
uname:Linux 3.13.0-36-generic #63-Ubuntu SMP Wed Sep 3 21:30:07 UTC 2014 x86_64
libc:glibc 2.19 NPTL 2.19 
rlimit: STACK 8192k, CORE 0k, NPROC 46371, NOFILE 4096, AS infinity
load average:5.32 1.81 1.29

/proc/meminfo:
MemTotal:        5965356 kB
MemFree:           96324 kB
Buffers:             592 kB
Cached:           528740 kB
SwapCached:            0 kB
Active:          5059656 kB
Inactive:         522220 kB
Active(anon):    5056436 kB
Inactive(anon):   485988 kB
Active(file):       3220 kB
Inactive(file):    36232 kB
Unevictable:          32 kB
Mlocked:              32 kB
SwapTotal:             0 kB
SwapFree:              0 kB
Dirty:               356 kB
Writeback:             0 kB
AnonPages:       5053644 kB
Mapped:           194208 kB
Shmem:            488912 kB
Slab:             105364 kB
SReclaimable:      38632 kB
SUnreclaim:        66732 kB
KernelStack:        7432 kB
PageTables:        70604 kB
NFS_Unstable:          0 kB
Bounce:                0 kB
WritebackTmp:          0 kB
CommitLimit:     2982676 kB
Committed_AS:   12926504 kB
VmallocTotal:   34359738367 kB
VmallocUsed:      354728 kB
VmallocChunk:   34359374700 kB
HardwareCorrupted:     0 kB
AnonHugePages:   1466368 kB
HugePages_Total:       0
HugePages_Free:        0
HugePages_Rsvd:        0
HugePages_Surp:        0
Hugepagesize:       2048 kB
DirectMap4k:       99136 kB
DirectMap2M:     6045696 kB


CPU:total 4 (2 cores per cpu, 2 threads per core) family 6 model 58 stepping 9, cmov, cx8, fxsr, mmx, sse, sse2, sse3, ssse3, sse4.1, sse4.2, popcnt, avx, aes, erms, ht, tsc, tscinvbit, tscinv

/proc/cpuinfo:
processor	: 0
vendor_id	: GenuineIntel
cpu family	: 6
model		: 58
model name	: Intel(R) Core(TM) i5-3230M CPU @ 2.60GHz
stepping	: 9
microcode	: 0x15
cpu MHz		: 2601.000
cache size	: 3072 KB
physical id	: 0
siblings	: 4
core id		: 0
cpu cores	: 2
apicid		: 0
initial apicid	: 0
fpu		: yes
fpu_exception	: yes
cpuid level	: 13
wp		: yes
flags		: fpu vme de pse tsc msr pae mce cx8 apic sep mtrr pge mca cmov pat pse36 clflush dts acpi mmx fxsr sse sse2 ss ht tm pbe syscall nx rdtscp lm constant_tsc arch_perfmon pebs bts rep_good nopl xtopology nonstop_tsc aperfmperf eagerfpu pni pclmulqdq dtes64 monitor ds_cpl vmx est tm2 ssse3 cx16 xtpr pdcm pcid sse4_1 sse4_2 x2apic popcnt tsc_deadline_timer aes xsave avx f16c rdrand lahf_lm ida arat epb xsaveopt pln pts dtherm tpr_shadow vnmi flexpriority ept vpid fsgsbase smep erms
bogomips	: 5188.69
clflush size	: 64
cache_alignment	: 64
address sizes	: 36 bits physical, 48 bits virtual
power management:

processor	: 1
vendor_id	: GenuineIntel
cpu family	: 6
model		: 58
model name	: Intel(R) Core(TM) i5-3230M CPU @ 2.60GHz
stepping	: 9
microcode	: 0x15
cpu MHz		: 2601.000
cache size	: 3072 KB
physical id	: 0
siblings	: 4
core id		: 0
cpu cores	: 2
apicid		: 1
initial apicid	: 1
fpu		: yes
fpu_exception	: yes
cpuid level	: 13
wp		: yes
flags		: fpu vme de pse tsc msr pae mce cx8 apic sep mtrr pge mca cmov pat pse36 clflush dts acpi mmx fxsr sse sse2 ss ht tm pbe syscall nx rdtscp lm constant_tsc arch_perfmon pebs bts rep_good nopl xtopology nonstop_tsc aperfmperf eagerfpu pni pclmulqdq dtes64 monitor ds_cpl vmx est tm2 ssse3 cx16 xtpr pdcm pcid sse4_1 sse4_2 x2apic popcnt tsc_deadline_timer aes xsave avx f16c rdrand lahf_lm ida arat epb xsaveopt pln pts dtherm tpr_shadow vnmi flexpriority ept vpid fsgsbase smep erms
bogomips	: 5188.69
clflush size	: 64
cache_alignment	: 64
address sizes	: 36 bits physical, 48 bits virtual
power management:

processor	: 2
vendor_id	: GenuineIntel
cpu family	: 6
model		: 58
model name	: Intel(R) Core(TM) i5-3230M CPU @ 2.60GHz
stepping	: 9
microcode	: 0x15
cpu MHz		: 2601.000
cache size	: 3072 KB
physical id	: 0
siblings	: 4
core id		: 1
cpu cores	: 2
apicid		: 2
initial apicid	: 2
fpu		: yes
fpu_exception	: yes
cpuid level	: 13
wp		: yes
flags		: fpu vme de pse tsc msr pae mce cx8 apic sep mtrr pge mca cmov pat pse36 clflush dts acpi mmx fxsr sse sse2 ss ht tm pbe syscall nx rdtscp lm constant_tsc arch_perfmon pebs bts rep_good nopl xtopology nonstop_tsc aperfmperf eagerfpu pni pclmulqdq dtes64 monitor ds_cpl vmx est tm2 ssse3 cx16 xtpr pdcm pcid sse4_1 sse4_2 x2apic popcnt tsc_deadline_timer aes xsave avx f16c rdrand lahf_lm ida arat epb xsaveopt pln pts dtherm tpr_shadow vnmi flexpriority ept vpid fsgsbase smep erms
bogomips	: 5188.69
clflush size	: 64
cache_alignment	: 64
address sizes	: 36 bits physical, 48 bits virtual
power management:

processor	: 3
vendor_id	: GenuineIntel
cpu family	: 6
model		: 58
model name	: Intel(R) Core(TM) i5-3230M CPU @ 2.60GHz
stepping	: 9
microcode	: 0x15
cpu MHz		: 2601.000
cache size	: 3072 KB
physical id	: 0
siblings	: 4
core id		: 1
cpu cores	: 2
apicid		: 3
initial apicid	: 3
fpu		: yes
fpu_exception	: yes
cpuid level	: 13
wp		: yes
flags		: fpu vme de pse tsc msr pae mce cx8 apic sep mtrr pge mca cmov pat pse36 clflush dts acpi mmx fxsr sse sse2 ss ht tm pbe syscall nx rdtscp lm constant_tsc arch_perfmon pebs bts rep_good nopl xtopology nonstop_tsc aperfmperf eagerfpu pni pclmulqdq dtes64 monitor ds_cpl vmx est tm2 ssse3 cx16 xtpr pdcm pcid sse4_1 sse4_2 x2apic popcnt tsc_deadline_timer aes xsave avx f16c rdrand lahf_lm ida arat epb xsaveopt pln pts dtherm tpr_shadow vnmi flexpriority ept vpid fsgsbase smep erms
bogomips	: 5188.69
clflush size	: 64
cache_alignment	: 64
address sizes	: 36 bits physical, 48 bits virtual
power management:



Memory: 4k page, physical 5965356k(96324k free), swap 0k(0k free)

vm_info: OpenJDK 64-Bit Server VM (24.65-b04) for linux-amd64 JRE (1.7.0_65-b32), built on Sep 10 2014 05:56:05 by "buildd" with gcc 4.8.2

time: Sun Oct 26 12:10:10 2014
elapsed time: 19 seconds

