#
# There is insufficient memory for the Java Runtime Environment to continue.
# Native memory allocation (malloc) failed to allocate 24641536 bytes for committing reserved memory.
# Possible reasons:
#   The system is out of physical RAM or swap space
#   In 32 bit mode, the process size limit was hit
# Possible solutions:
#   Reduce memory load on the system
#   Increase physical memory or swap space
#   Check if swap backing store is full
#   Use 64 bit Java on a 64 bit OS
#   Decrease Java heap size (-Xmx/-Xms)
#   Decrease number of Java threads
#   Decrease Java thread stack sizes (-Xss)
#   Set larger code cache with -XX:ReservedCodeCacheSize=
# This output file may be truncated or incomplete.
#
#  Out of Memory Error (os_linux.cpp:2798), pid=26946, tid=140656561313536
#
# JRE version: OpenJDK Runtime Environment (7.0_65-b32) (build 1.7.0_65-b32)
# Java VM: OpenJDK 64-Bit Server VM (24.65-b04 mixed mode linux-amd64 compressed oops)
# Derivative: IcedTea 2.5.2
# Distribution: Ubuntu 14.04 LTS, package 7u65-2.5.2-3~14.04
# Failed to write core dump. Core dumps have been disabled. To enable core dumping, try "ulimit -c unlimited" before starting Java again
#

---------------  T H R E A D  ---------------

Current thread (0x00007fed2c13c800):  VMThread [stack: 0x00007fed284f5000,0x00007fed285f6000] [id=27002]

Stack: [0x00007fed284f5000,0x00007fed285f6000],  sp=0x00007fed285f4490,  free space=1021k
Native frames: (J=compiled Java code, j=interpreted, Vv=VM code, C=native code)
V  [libjvm.so+0x9486a5]  VMError::report_and_die()+0x175
V  [libjvm.so+0x48b904]  report_vm_out_of_memory(char const*, int, unsigned long, char const*)+0x74
V  [libjvm.so+0x7c76ab]  os::pd_commit_memory(char*, unsigned long, unsigned long, bool)+0xeb
V  [libjvm.so+0x7c216f]  os::commit_memory(char*, unsigned long, unsigned long, bool)+0x1f
V  [libjvm.so+0x8338fb]  PSVirtualSpace::expand_by(unsigned long)+0x5b
V  [libjvm.so+0x834750]  PSYoungGen::resize_generation(unsigned long, unsigned long)+0xb0
V  [libjvm.so+0x834e3b]  PSYoungGen::resize(unsigned long, unsigned long)+0x1b
V  [libjvm.so+0x831120]  PSScavenge::invoke_no_policy()+0xde0
V  [libjvm.so+0x8318f8]  PSScavenge::invoke()+0x38
V  [libjvm.so+0x7e82d3]  ParallelScavengeHeap::failed_mem_allocate(unsigned long)+0x63
V  [libjvm.so+0x94a0a4]  VM_ParallelGCFailedAllocation::doit()+0x84
V  [libjvm.so+0x94e597]  VM_Operation::evaluate()+0x47
V  [libjvm.so+0x94cf08]  VMThread::evaluate_operation(VM_Operation*)+0x318
V  [libjvm.so+0x94d369]  VMThread::loop()+0x219
V  [libjvm.so+0x94d7b2]  VMThread::run()+0x72
V  [libjvm.so+0x7c4572]  java_start(Thread*)+0xf2

VM_Operation (0x00007fed34775ca0): ParallelGCFailedAllocation, mode: safepoint, requested by thread 0x00007fed2c00a000


---------------  P R O C E S S  ---------------

Java Threads: ( => current thread )
  0x00007fed2c16d800 JavaThread "Service Thread" daemon [_thread_blocked, id=27032, stack(0x00007fed211ec000,0x00007fed212ed000)]
  0x00007fed2c16b800 JavaThread "C2 CompilerThread1" daemon [_thread_in_native, id=27029, stack(0x00007fed212ed000,0x00007fed213ee000)]
  0x00007fed2c168800 JavaThread "C2 CompilerThread0" daemon [_thread_blocked, id=27025, stack(0x00007fed280f1000,0x00007fed281f2000)]
  0x00007fed2c166000 JavaThread "Signal Dispatcher" daemon [_thread_blocked, id=27024, stack(0x00007fed281f2000,0x00007fed282f3000)]
  0x00007fed2c143000 JavaThread "Finalizer" daemon [_thread_blocked, id=27013, stack(0x00007fed282f3000,0x00007fed283f4000)]
  0x00007fed2c141000 JavaThread "Reference Handler" daemon [_thread_blocked, id=27007, stack(0x00007fed283f4000,0x00007fed284f5000)]
  0x00007fed2c00a000 JavaThread "main" [_thread_blocked, id=26982, stack(0x00007fed34677000,0x00007fed34778000)]

Other Threads:
=>0x00007fed2c13c800 VMThread [stack: 0x00007fed284f5000,0x00007fed285f6000] [id=27002]
  0x00007fed2c178000 WatcherThread [stack: 0x00007fed210eb000,0x00007fed211ec000] [id=27033]

VM state:at safepoint (normal execution)

VM Mutex/Monitor currently owned by a thread:  ([mutex/lock_event])
[0x00007fed2c006750] Threads_lock - owner thread: 0x00007fed2c13c800
[0x00007fed2c006c50] Heap_lock - owner thread: 0x00007fed2c00a000

Heap
 PSYoungGen      total 27648K, used 3559K [0x00000000eaa80000, 0x00000000ec900000, 0x0000000100000000)
  eden space 24064K, 0% used [0x00000000eaa80000,0x00000000eaa80000,0x00000000ec200000)
  from space 3584K, 99% used [0x00000000ec200000,0x00000000ec579c98,0x00000000ec580000)
  to   space 3584K, 0% used [0x00000000ec580000,0x00000000ec580000,0x00000000ec900000)
 ParOldGen       total 61952K, used 1242K [0x00000000c0000000, 0x00000000c3c80000, 0x00000000eaa80000)
  object space 61952K, 2% used [0x00000000c0000000,0x00000000c0136b20,0x00000000c3c80000)
 PSPermGen       total 21504K, used 5632K [0x00000000b5a00000, 0x00000000b6f00000, 0x00000000c0000000)
  object space 21504K, 26% used [0x00000000b5a00000,0x00000000b5f80328,0x00000000b6f00000)

Card table byte_map: [0x00007fed31066000,0x00007fed312ba000] byte_map_base: 0x00007fed30ab9000

Polling page: 0x00007fed34795000

Code Cache  [0x00007fed29000000, 0x00007fed29270000, 0x00007fed2c000000)
 total_blobs=412 nmethods=184 adapters=181 free_code_cache=48402Kb largest_free_block=49534400

Compilation events (10 events):
Event: 2.104 Thread 0x00007fed2c168800 nmethod 181 0x00007fed290a48d0 code [0x00007fed290a4a20, 0x00007fed290a4aa8]
Event: 2.104 Thread 0x00007fed2c168800  182             com.android.dx.ssa.SsaBasicBlock::forEachPhiInsn (54 bytes)
Event: 2.126 Thread 0x00007fed2c168800 nmethod 182 0x00007fed290be150 code [0x00007fed290be320, 0x00007fed290be898]
Event: 2.126 Thread 0x00007fed2c168800  183   !         com.android.dx.ssa.BasicRegisterMapper::map (44 bytes)
Event: 2.128 Thread 0x00007fed2c168800 nmethod 183 0x00007fed290bdd10 code [0x00007fed290bde60, 0x00007fed290bdf88]
Event: 2.128 Thread 0x00007fed2c168800  184             com.android.dx.ssa.SsaMethod::bitSetFromLabelList (47 bytes)
Event: 2.135 Thread 0x00007fed2c168800 nmethod 184 0x00007fed290c0250 code [0x00007fed290c03e0, 0x00007fed290c0828]
Event: 2.135 Thread 0x00007fed2c168800  185             com.android.dx.rop.code.RegisterSpecSet::intersect (117 bytes)
Event: 2.171 Thread 0x00007fed2c168800 nmethod 185 0x00007fed290bf4d0 code [0x00007fed290bf680, 0x00007fed290bfc70]
Event: 2.171 Thread 0x00007fed2c168800  186             com.android.dx.rop.code.RegisterSpecSet::equals (106 bytes)

GC Heap History (1 events):
Event: 2.185 GC heap before
{Heap before GC invocations=1 (full 0):
 PSYoungGen      total 27648K, used 24064K [0x00000000eaa80000, 0x00000000ec900000, 0x0000000100000000)
  eden space 24064K, 100% used [0x00000000eaa80000,0x00000000ec200000,0x00000000ec200000)
  from space 3584K, 0% used [0x00000000ec580000,0x00000000ec580000,0x00000000ec900000)
  to   space 3584K, 0% used [0x00000000ec200000,0x00000000ec200000,0x00000000ec580000)
 ParOldGen       total 61952K, used 0K [0x00000000c0000000, 0x00000000c3c80000, 0x00000000eaa80000)
  object space 61952K, 0% used [0x00000000c0000000,0x00000000c0000000,0x00000000c3c80000)
 PSPermGen       total 21504K, used 5632K [0x00000000b5a00000, 0x00000000b6f00000, 0x00000000c0000000)
  object space 21504K, 26% used [0x00000000b5a00000,0x00000000b5f80328,0x00000000b6f00000)

Deoptimization events (8 events):
Event: 1.121 Thread 0x00007fed2c00a000 Uncommon trap: reason=null_check action=make_not_entrant pc=0x00007fed2906b208 method=com.android.dx.rop.code.LocalItem.equals(Ljava/lang/Object;)Z @ 1
Event: 1.495 Thread 0x00007fed2c00a000 Uncommon trap: reason=class_check action=maybe_recompile pc=0x00007fed2908f3a8 method=com.android.dx.ssa.NormalSsaInsn.accept(Lcom/android/dx/ssa/SsaInsn$Visitor;)V @ 9
Event: 1.527 Thread 0x00007fed2c00a000 Uncommon trap: reason=class_check action=maybe_recompile pc=0x00007fed2908f3a8 method=com.android.dx.ssa.NormalSsaInsn.accept(Lcom/android/dx/ssa/SsaInsn$Visitor;)V @ 9
Event: 1.527 Thread 0x00007fed2c00a000 Uncommon trap: reason=class_check action=maybe_recompile pc=0x00007fed2908f3a8 method=com.android.dx.ssa.NormalSsaInsn.accept(Lcom/android/dx/ssa/SsaInsn$Visitor;)V @ 9
Event: 1.528 Thread 0x00007fed2c00a000 Uncommon trap: reason=class_check action=maybe_recompile pc=0x00007fed2908f3a8 method=com.android.dx.ssa.NormalSsaInsn.accept(Lcom/android/dx/ssa/SsaInsn$Visitor;)V @ 9
Event: 1.535 Thread 0x00007fed2c00a000 Uncommon trap: reason=class_check action=maybe_recompile pc=0x00007fed290736c8 method=com.android.dx.ssa.NormalSsaInsn.accept(Lcom/android/dx/ssa/SsaInsn$Visitor;)V @ 9
Event: 2.048 Thread 0x00007fed2c00a000 Uncommon trap: reason=null_check action=make_not_entrant pc=0x00007fed290b9978 method=com.android.dx.ssa.SsaRenamer.getLocalForNewReg(I)Lcom/android/dx/rop/code/LocalItem; @ 19
Event: 2.179 Thread 0x00007fed2c00a000 Uncommon trap: reason=null_check action=make_not_entrant pc=0x00007fed290ad2cc method=com.android.dx.rop.code.RegisterSpec.equals(Ljava/lang/Object;)Z @ 1

Internal exceptions (10 events):
Event: 0.754 Thread 0x00007fed2c00a000 Threw 0x00000000eb3bc7f0 at /build/buildd/openjdk-7-7u65-2.5.2/build/openjdk/hotspot/src/share/vm/prims/jvm.cpp:1247
Event: 0.888 Thread 0x00007fed2c00a000 Threw 0x00000000eb4c6cd0 at /build/buildd/openjdk-7-7u65-2.5.2/build/openjdk/hotspot/src/share/vm/prims/jvm.cpp:1247
Event: 0.900 Thread 0x00007fed2c00a000 Threw 0x00000000eb4d16f8 at /build/buildd/openjdk-7-7u65-2.5.2/build/openjdk/hotspot/src/share/vm/prims/jvm.cpp:1247
Event: 0.900 Thread 0x00007fed2c00a000 Threw 0x00000000eb4d4398 at /build/buildd/openjdk-7-7u65-2.5.2/build/openjdk/hotspot/src/share/vm/prims/jvm.cpp:1247
Event: 1.077 Thread 0x00007fed2c00a000 Threw 0x00000000eb6afb40 at /build/buildd/openjdk-7-7u65-2.5.2/build/openjdk/hotspot/src/share/vm/prims/jvm.cpp:1247
Event: 1.077 Thread 0x00007fed2c00a000 Threw 0x00000000eb6b2aa8 at /build/buildd/openjdk-7-7u65-2.5.2/build/openjdk/hotspot/src/share/vm/prims/jvm.cpp:1247
Event: 1.121 Thread 0x00007fed2c00a000 Implicit null exception at 0x00007fed2906ae76 to 0x00007fed2906b1f5
Event: 1.741 Thread 0x00007fed2c00a000 Threw 0x00000000ebe66578 at /build/buildd/openjdk-7-7u65-2.5.2/build/openjdk/hotspot/src/share/vm/prims/jvm.cpp:1247
Event: 2.048 Thread 0x00007fed2c00a000 Implicit null exception at 0x00007fed290b89bf to 0x00007fed290b9955
Event: 2.179 Thread 0x00007fed2c00a000 Implicit null exception at 0x00007fed290ac252 to 0x00007fed290ad2a1

Events (10 events):
Event: 1.535 Thread 0x00007fed2c00a000 DEOPT UNPACKING pc=0x00007fed29039445 sp=0x00007fed34775d80 mode 2
Event: 1.741 loading class 0x00007fed2c282a50
Event: 1.741 loading class 0x00007fed2c282a50 done
Event: 2.048 Thread 0x00007fed2c00a000 Uncommon trap: trap_request=0xfffffff4 fr.pc=0x00007fed290b9978
Event: 2.048 Thread 0x00007fed2c00a000 DEOPT PACKING pc=0x00007fed290b9978 sp=0x00007fed34775d60
Event: 2.048 Thread 0x00007fed2c00a000 DEOPT UNPACKING pc=0x00007fed29039445 sp=0x00007fed34775af8 mode 2
Event: 2.179 Thread 0x00007fed2c00a000 Uncommon trap: trap_request=0xfffffff4 fr.pc=0x00007fed290ad2cc
Event: 2.179 Thread 0x00007fed2c00a000 DEOPT PACKING pc=0x00007fed290ad2cc sp=0x00007fed34775e70
Event: 2.179 Thread 0x00007fed2c00a000 DEOPT UNPACKING pc=0x00007fed29039445 sp=0x00007fed34775da8 mode 2
Event: 2.185 Executing VM operation: ParallelGCFailedAllocation


Dynamic libraries:
00400000-00401000 r-xp 00000000 08:01 12980957                           /usr/lib/jvm/java-7-openjdk-amd64/jre/bin/java
00600000-00601000 r--p 00000000 08:01 12980957                           /usr/lib/jvm/java-7-openjdk-amd64/jre/bin/java
00601000-00602000 rw-p 00001000 08:01 12980957                           /usr/lib/jvm/java-7-openjdk-amd64/jre/bin/java
006e8000-00709000 rw-p 00000000 00:00 0                                  [heap]
b5a00000-b6f00000 rw-p 00000000 00:00 0 
b6f00000-c0000000 rw-p 00000000 00:00 0 
c0000000-c3c80000 rw-p 00000000 00:00 0 
c3c80000-eaa80000 rw-p 00000000 00:00 0 
eaa80000-ec900000 rw-p 00000000 00:00 0 
ee080000-100000000 rw-p 00000000 00:00 0 
7fecec000000-7fecec021000 rw-p 00000000 00:00 0 
7fecec021000-7fecf0000000 ---p 00000000 00:00 0 
7fecf0000000-7fecf05fd000 rw-p 00000000 00:00 0 
7fecf05fd000-7fecf4000000 ---p 00000000 00:00 0 
7fecf4000000-7fecf43e8000 rw-p 00000000 00:00 0 
7fecf43e8000-7fecf8000000 ---p 00000000 00:00 0 
7fecf8000000-7fecf8021000 rw-p 00000000 00:00 0 
7fecf8021000-7fecfc000000 ---p 00000000 00:00 0 
7fecfc000000-7fecfc021000 rw-p 00000000 00:00 0 
7fecfc021000-7fed00000000 ---p 00000000 00:00 0 
7fed04000000-7fed04021000 rw-p 00000000 00:00 0 
7fed04021000-7fed08000000 ---p 00000000 00:00 0 
7fed08000000-7fed08021000 rw-p 00000000 00:00 0 
7fed08021000-7fed0c000000 ---p 00000000 00:00 0 
7fed0c000000-7fed0c021000 rw-p 00000000 00:00 0 
7fed0c021000-7fed10000000 ---p 00000000 00:00 0 
7fed10000000-7fed10021000 rw-p 00000000 00:00 0 
7fed10021000-7fed14000000 ---p 00000000 00:00 0 
7fed14000000-7fed14021000 rw-p 00000000 00:00 0 
7fed14021000-7fed18000000 ---p 00000000 00:00 0 
7fed1b77c000-7fed1b7b9000 r-xp 00000000 08:01 2494466                    /lib/x86_64-linux-gnu/libpcre.so.3.13.1
7fed1b7b9000-7fed1b9b8000 ---p 0003d000 08:01 2494466                    /lib/x86_64-linux-gnu/libpcre.so.3.13.1
7fed1b9b8000-7fed1b9b9000 r--p 0003c000 08:01 2494466                    /lib/x86_64-linux-gnu/libpcre.so.3.13.1
7fed1b9b9000-7fed1b9ba000 rw-p 0003d000 08:01 2494466                    /lib/x86_64-linux-gnu/libpcre.so.3.13.1
7fed1b9ba000-7fed1b9c1000 r-xp 00000000 08:01 12722241                   /usr/lib/x86_64-linux-gnu/libffi.so.6.0.1
7fed1b9c1000-7fed1bbc0000 ---p 00007000 08:01 12722241                   /usr/lib/x86_64-linux-gnu/libffi.so.6.0.1
7fed1bbc0000-7fed1bbc1000 r--p 00006000 08:01 12722241                   /usr/lib/x86_64-linux-gnu/libffi.so.6.0.1
7fed1bbc1000-7fed1bbc2000 rw-p 00007000 08:01 12722241                   /usr/lib/x86_64-linux-gnu/libffi.so.6.0.1
7fed1bbc2000-7fed1bbd9000 r-xp 00000000 08:01 2494363                    /lib/x86_64-linux-gnu/libresolv-2.19.so
7fed1bbd9000-7fed1bdd9000 ---p 00017000 08:01 2494363                    /lib/x86_64-linux-gnu/libresolv-2.19.so
7fed1bdd9000-7fed1bdda000 r--p 00017000 08:01 2494363                    /lib/x86_64-linux-gnu/libresolv-2.19.so
7fed1bdda000-7fed1bddb000 rw-p 00018000 08:01 2494363                    /lib/x86_64-linux-gnu/libresolv-2.19.so
7fed1bddb000-7fed1bddd000 rw-p 00000000 00:00 0 
7fed1bddd000-7fed1bdfd000 r-xp 00000000 08:01 2494493                    /lib/x86_64-linux-gnu/libselinux.so.1
7fed1bdfd000-7fed1bffc000 ---p 00020000 08:01 2494493                    /lib/x86_64-linux-gnu/libselinux.so.1
7fed1bffc000-7fed1bffd000 r--p 0001f000 08:01 2494493                    /lib/x86_64-linux-gnu/libselinux.so.1
7fed1bffd000-7fed1bffe000 rw-p 00020000 08:01 2494493                    /lib/x86_64-linux-gnu/libselinux.so.1
7fed1bffe000-7fed1c000000 rw-p 00000000 00:00 0 
7fed1c000000-7fed1c021000 rw-p 00000000 00:00 0 
7fed1c021000-7fed20000000 ---p 00000000 00:00 0 
7fed20090000-7fed201f1000 rw-p 00000000 00:00 0 
7fed201f1000-7fed201f4000 r-xp 00000000 08:01 12722358                   /usr/lib/x86_64-linux-gnu/libgmodule-2.0.so.0.4000.0
7fed201f4000-7fed203f3000 ---p 00003000 08:01 12722358                   /usr/lib/x86_64-linux-gnu/libgmodule-2.0.so.0.4000.0
7fed203f3000-7fed203f4000 r--p 00002000 08:01 12722358                   /usr/lib/x86_64-linux-gnu/libgmodule-2.0.so.0.4000.0
7fed203f4000-7fed203f5000 rw-p 00003000 08:01 12722358                   /usr/lib/x86_64-linux-gnu/libgmodule-2.0.so.0.4000.0
7fed203f5000-7fed204fb000 r-xp 00000000 08:01 2494394                    /lib/x86_64-linux-gnu/libglib-2.0.so.0.4000.0
7fed204fb000-7fed206fa000 ---p 00106000 08:01 2494394                    /lib/x86_64-linux-gnu/libglib-2.0.so.0.4000.0
7fed206fa000-7fed206fb000 r--p 00105000 08:01 2494394                    /lib/x86_64-linux-gnu/libglib-2.0.so.0.4000.0
7fed206fb000-7fed206fc000 rw-p 00106000 08:01 2494394                    /lib/x86_64-linux-gnu/libglib-2.0.so.0.4000.0
7fed206fc000-7fed206fd000 rw-p 00000000 00:00 0 
7fed206fd000-7fed2074c000 r-xp 00000000 08:01 12722374                   /usr/lib/x86_64-linux-gnu/libgobject-2.0.so.0.4000.0
7fed2074c000-7fed2094c000 ---p 0004f000 08:01 12722374                   /usr/lib/x86_64-linux-gnu/libgobject-2.0.so.0.4000.0
7fed2094c000-7fed2094d000 r--p 0004f000 08:01 12722374                   /usr/lib/x86_64-linux-gnu/libgobject-2.0.so.0.4000.0
7fed2094d000-7fed2094e000 rw-p 00050000 08:01 12722374                   /usr/lib/x86_64-linux-gnu/libgobject-2.0.so.0.4000.0
7fed2094e000-7fed20ab9000 r-xp 00000000 08:01 12722344                   /usr/lib/x86_64-linux-gnu/libgio-2.0.so.0.4000.0
7fed20ab9000-7fed20cb9000 ---p 0016b000 08:01 12722344                   /usr/lib/x86_64-linux-gnu/libgio-2.0.so.0.4000.0
7fed20cb9000-7fed20cbd000 r--p 0016b000 08:01 12722344                   /usr/lib/x86_64-linux-gnu/libgio-2.0.so.0.4000.0
7fed20cbd000-7fed20cbf000 rw-p 0016f000 08:01 12722344                   /usr/lib/x86_64-linux-gnu/libgio-2.0.so.0.4000.0
7fed20cbf000-7fed20cc1000 rw-p 00000000 00:00 0 
7fed20cc1000-7fed20cd8000 r-xp 00000000 08:01 12845528                   /usr/lib/jvm/java-7-openjdk-amd64/jre/lib/amd64/libnet.so
7fed20cd8000-7fed20ed7000 ---p 00017000 08:01 12845528                   /usr/lib/jvm/java-7-openjdk-amd64/jre/lib/amd64/libnet.so
7fed20ed7000-7fed20ed8000 r--p 00016000 08:01 12845528                   /usr/lib/jvm/java-7-openjdk-amd64/jre/lib/amd64/libnet.so
7fed20ed8000-7fed20ed9000 rw-p 00017000 08:01 12845528                   /usr/lib/jvm/java-7-openjdk-amd64/jre/lib/amd64/libnet.so
7fed20ed9000-7fed20ee9000 r-xp 00000000 08:01 12845520                   /usr/lib/jvm/java-7-openjdk-amd64/jre/lib/amd64/libnio.so
7fed20ee9000-7fed210e9000 ---p 00010000 08:01 12845520                   /usr/lib/jvm/java-7-openjdk-amd64/jre/lib/amd64/libnio.so
7fed210e9000-7fed210ea000 r--p 00010000 08:01 12845520                   /usr/lib/jvm/java-7-openjdk-amd64/jre/lib/amd64/libnio.so
7fed210ea000-7fed210eb000 rw-p 00011000 08:01 12845520                   /usr/lib/jvm/java-7-openjdk-amd64/jre/lib/amd64/libnio.so
7fed210eb000-7fed210ec000 ---p 00000000 00:00 0 
7fed210ec000-7fed211ec000 rw-p 00000000 00:00 0                          [stack:27033]
7fed211ec000-7fed211ef000 ---p 00000000 00:00 0 
7fed211ef000-7fed212ed000 rw-p 00000000 00:00 0                          [stack:27032]
7fed212ed000-7fed212f0000 ---p 00000000 00:00 0 
7fed212f0000-7fed213ee000 rw-p 00000000 00:00 0                          [stack:27029]
7fed213ee000-7fed21ad0000 r--p 00000000 08:01 12720962                   /usr/lib/locale/locale-archive
7fed21ad0000-7fed24000000 rw-p 00000000 00:00 0 
7fed24000000-7fed24021000 rw-p 00000000 00:00 0 
7fed24021000-7fed28000000 ---p 00000000 00:00 0 
7fed28018000-7fed280f1000 rw-p 00000000 00:00 0 
7fed280f1000-7fed280f4000 ---p 00000000 00:00 0 
7fed280f4000-7fed281f2000 rw-p 00000000 00:00 0                          [stack:27025]
7fed281f2000-7fed281f5000 ---p 00000000 00:00 0 
7fed281f5000-7fed282f3000 rw-p 00000000 00:00 0                          [stack:27024]
7fed282f3000-7fed282f6000 ---p 00000000 00:00 0 
7fed282f6000-7fed283f4000 rw-p 00000000 00:00 0                          [stack:27013]
7fed283f4000-7fed283f7000 ---p 00000000 00:00 0 
7fed283f7000-7fed284f5000 rw-p 00000000 00:00 0                          [stack:27007]
7fed284f5000-7fed284f6000 ---p 00000000 00:00 0 
7fed284f6000-7fed29000000 rw-p 00000000 00:00 0                          [stack:27002]
7fed29000000-7fed29270000 rwxp 00000000 00:00 0 
7fed29270000-7fed2c2fb000 rw-p 00000000 00:00 0 
7fed2c2fb000-7fed30000000 ---p 00000000 00:00 0 
7fed30087000-7fed30088000 rw-p 00000000 00:00 0 
7fed30088000-7fed30096000 r--s 000dc000 00:18 920441                     /home/hscissors/Downloads/android-studio/sdk/build-tools/21.0.0/lib/dx.jar
7fed30096000-7fed305e4000 rw-p 00000000 00:00 0 
7fed305e4000-7fed30795000 r--s 01d21000 08:01 12845500                   /usr/lib/jvm/java-7-openjdk-amd64/jre/lib/rt.jar
7fed30795000-7fed30ab9000 rw-p 00000000 00:00 0 
7fed30ab9000-7fed30aba000 ---p 00000000 00:00 0 
7fed30aba000-7fed30bba000 rw-p 00000000 00:00 0                          [stack:26997]
7fed30bba000-7fed30bbb000 ---p 00000000 00:00 0 
7fed30bbb000-7fed30cbb000 rw-p 00000000 00:00 0                          [stack:26996]
7fed30cbb000-7fed30cbc000 ---p 00000000 00:00 0 
7fed30cbc000-7fed30dbc000 rw-p 00000000 00:00 0                          [stack:26995]
7fed30dbc000-7fed30dbd000 ---p 00000000 00:00 0 
7fed30dbd000-7fed30ec8000 rw-p 00000000 00:00 0                          [stack:26994]
7fed30ec8000-7fed30f10000 rw-p 00000000 00:00 0 
7fed30f10000-7fed30f2f000 rw-p 00000000 00:00 0 
7fed30f2f000-7fed31066000 rw-p 00000000 00:00 0 
7fed31066000-7fed31071000 rw-p 00000000 00:00 0 
7fed31071000-7fed310b9000 rw-p 00000000 00:00 0 
7fed310b9000-7fed310d8000 rw-p 00000000 00:00 0 
7fed310d8000-7fed3120e000 rw-p 00000000 00:00 0 
7fed3120e000-7fed3121e000 rw-p 00000000 00:00 0 
7fed3121e000-7fed312b9000 rw-p 00000000 00:00 0 
7fed312b9000-7fed312ba000 rw-p 00000000 00:00 0 
7fed312ba000-7fed312c2000 r-xp 00000000 08:01 12845516                   /usr/lib/jvm/java-7-openjdk-amd64/jre/lib/amd64/libzip.so
7fed312c2000-7fed314c1000 ---p 00008000 08:01 12845516                   /usr/lib/jvm/java-7-openjdk-amd64/jre/lib/amd64/libzip.so
7fed314c1000-7fed314c2000 r--p 00007000 08:01 12845516                   /usr/lib/jvm/java-7-openjdk-amd64/jre/lib/amd64/libzip.so
7fed314c2000-7fed314c3000 rw-p 00008000 08:01 12845516                   /usr/lib/jvm/java-7-openjdk-amd64/jre/lib/amd64/libzip.so
7fed314c3000-7fed314ce000 r-xp 00000000 08:01 2494499                    /lib/x86_64-linux-gnu/libnss_files-2.19.so
7fed314ce000-7fed316cd000 ---p 0000b000 08:01 2494499                    /lib/x86_64-linux-gnu/libnss_files-2.19.so
7fed316cd000-7fed316ce000 r--p 0000a000 08:01 2494499                    /lib/x86_64-linux-gnu/libnss_files-2.19.so
7fed316ce000-7fed316cf000 rw-p 0000b000 08:01 2494499                    /lib/x86_64-linux-gnu/libnss_files-2.19.so
7fed316cf000-7fed316da000 r-xp 00000000 08:01 2494503                    /lib/x86_64-linux-gnu/libnss_nis-2.19.so
7fed316da000-7fed318d9000 ---p 0000b000 08:01 2494503                    /lib/x86_64-linux-gnu/libnss_nis-2.19.so
7fed318d9000-7fed318da000 r--p 0000a000 08:01 2494503                    /lib/x86_64-linux-gnu/libnss_nis-2.19.so
7fed318da000-7fed318db000 rw-p 0000b000 08:01 2494503                    /lib/x86_64-linux-gnu/libnss_nis-2.19.so
7fed318db000-7fed318f2000 r-xp 00000000 08:01 2494373                    /lib/x86_64-linux-gnu/libnsl-2.19.so
7fed318f2000-7fed31af1000 ---p 00017000 08:01 2494373                    /lib/x86_64-linux-gnu/libnsl-2.19.so
7fed31af1000-7fed31af2000 r--p 00016000 08:01 2494373                    /lib/x86_64-linux-gnu/libnsl-2.19.so
7fed31af2000-7fed31af3000 rw-p 00017000 08:01 2494373                    /lib/x86_64-linux-gnu/libnsl-2.19.so
7fed31af3000-7fed31af5000 rw-p 00000000 00:00 0 
7fed31af5000-7fed31afe000 r-xp 00000000 08:01 2494283                    /lib/x86_64-linux-gnu/libnss_compat-2.19.so
7fed31afe000-7fed31cfd000 ---p 00009000 08:01 2494283                    /lib/x86_64-linux-gnu/libnss_compat-2.19.so
7fed31cfd000-7fed31cfe000 r--p 00008000 08:01 2494283                    /lib/x86_64-linux-gnu/libnss_compat-2.19.so
7fed31cfe000-7fed31cff000 rw-p 00009000 08:01 2494283                    /lib/x86_64-linux-gnu/libnss_compat-2.19.so
7fed31cff000-7fed31d2a000 r-xp 00000000 08:01 12845515                   /usr/lib/jvm/java-7-openjdk-amd64/jre/lib/amd64/libjava.so
7fed31d2a000-7fed31f2a000 ---p 0002b000 08:01 12845515                   /usr/lib/jvm/java-7-openjdk-amd64/jre/lib/amd64/libjava.so
7fed31f2a000-7fed31f2b000 r--p 0002b000 08:01 12845515                   /usr/lib/jvm/java-7-openjdk-amd64/jre/lib/amd64/libjava.so
7fed31f2b000-7fed31f2d000 rw-p 0002c000 08:01 12845515                   /usr/lib/jvm/java-7-openjdk-amd64/jre/lib/amd64/libjava.so
7fed31f2d000-7fed31f3d000 r-xp 00000000 08:01 12845541                   /usr/lib/jvm/java-7-openjdk-amd64/jre/lib/amd64/libverify.so
7fed31f3d000-7fed3213c000 ---p 00010000 08:01 12845541                   /usr/lib/jvm/java-7-openjdk-amd64/jre/lib/amd64/libverify.so
7fed3213c000-7fed3213e000 r--p 0000f000 08:01 12845541                   /usr/lib/jvm/java-7-openjdk-amd64/jre/lib/amd64/libverify.so
7fed3213e000-7fed3213f000 rw-p 00011000 08:01 12845541                   /usr/lib/jvm/java-7-openjdk-amd64/jre/lib/amd64/libverify.so
7fed3213f000-7fed32146000 r-xp 00000000 08:01 2494380                    /lib/x86_64-linux-gnu/librt-2.19.so
7fed32146000-7fed32345000 ---p 00007000 08:01 2494380                    /lib/x86_64-linux-gnu/librt-2.19.so
7fed32345000-7fed32346000 r--p 00006000 08:01 2494380                    /lib/x86_64-linux-gnu/librt-2.19.so
7fed32346000-7fed32347000 rw-p 00007000 08:01 2494380                    /lib/x86_64-linux-gnu/librt-2.19.so
7fed32347000-7fed3235d000 r-xp 00000000 08:01 2490394                    /lib/x86_64-linux-gnu/libgcc_s.so.1
7fed3235d000-7fed3255c000 ---p 00016000 08:01 2490394                    /lib/x86_64-linux-gnu/libgcc_s.so.1
7fed3255c000-7fed3255d000 rw-p 00015000 08:01 2490394                    /lib/x86_64-linux-gnu/libgcc_s.so.1
7fed3255d000-7fed32662000 r-xp 00000000 08:01 2494448                    /lib/x86_64-linux-gnu/libm-2.19.so
7fed32662000-7fed32861000 ---p 00105000 08:01 2494448                    /lib/x86_64-linux-gnu/libm-2.19.so
7fed32861000-7fed32862000 r--p 00104000 08:01 2494448                    /lib/x86_64-linux-gnu/libm-2.19.so
7fed32862000-7fed32863000 rw-p 00105000 08:01 2494448                    /lib/x86_64-linux-gnu/libm-2.19.so
7fed32863000-7fed32949000 r-xp 00000000 08:01 12722869                   /usr/lib/x86_64-linux-gnu/libstdc++.so.6.0.19
7fed32949000-7fed32b48000 ---p 000e6000 08:01 12722869                   /usr/lib/x86_64-linux-gnu/libstdc++.so.6.0.19
7fed32b48000-7fed32b50000 r--p 000e5000 08:01 12722869                   /usr/lib/x86_64-linux-gnu/libstdc++.so.6.0.19
7fed32b50000-7fed32b52000 rw-p 000ed000 08:01 12722869                   /usr/lib/x86_64-linux-gnu/libstdc++.so.6.0.19
7fed32b52000-7fed32b67000 rw-p 00000000 00:00 0 
7fed32b67000-7fed3367d000 r-xp 00000000 08:01 12845531                   /usr/lib/jvm/java-7-openjdk-amd64/jre/lib/amd64/server/libjvm.so
7fed3367d000-7fed3387c000 ---p 00b16000 08:01 12845531                   /usr/lib/jvm/java-7-openjdk-amd64/jre/lib/amd64/server/libjvm.so
7fed3387c000-7fed33916000 r--p 00b15000 08:01 12845531                   /usr/lib/jvm/java-7-openjdk-amd64/jre/lib/amd64/server/libjvm.so
7fed33916000-7fed33939000 rw-p 00baf000 08:01 12845531                   /usr/lib/jvm/java-7-openjdk-amd64/jre/lib/amd64/server/libjvm.so
7fed33939000-7fed33967000 rw-p 00000000 00:00 0 
7fed33967000-7fed3397f000 r-xp 00000000 08:01 2494526                    /lib/x86_64-linux-gnu/libz.so.1.2.8
7fed3397f000-7fed33b7e000 ---p 00018000 08:01 2494526                    /lib/x86_64-linux-gnu/libz.so.1.2.8
7fed33b7e000-7fed33b7f000 r--p 00017000 08:01 2494526                    /lib/x86_64-linux-gnu/libz.so.1.2.8
7fed33b7f000-7fed33b80000 rw-p 00018000 08:01 2494526                    /lib/x86_64-linux-gnu/libz.so.1.2.8
7fed33b80000-7fed33b99000 r-xp 00000000 08:01 2495718                    /lib/x86_64-linux-gnu/libpthread-2.19.so
7fed33b99000-7fed33d98000 ---p 00019000 08:01 2495718                    /lib/x86_64-linux-gnu/libpthread-2.19.so
7fed33d98000-7fed33d99000 r--p 00018000 08:01 2495718                    /lib/x86_64-linux-gnu/libpthread-2.19.so
7fed33d99000-7fed33d9a000 rw-p 00019000 08:01 2495718                    /lib/x86_64-linux-gnu/libpthread-2.19.so
7fed33d9a000-7fed33d9e000 rw-p 00000000 00:00 0 
7fed33d9e000-7fed33da1000 r-xp 00000000 08:01 2495712                    /lib/x86_64-linux-gnu/libdl-2.19.so
7fed33da1000-7fed33fa0000 ---p 00003000 08:01 2495712                    /lib/x86_64-linux-gnu/libdl-2.19.so
7fed33fa0000-7fed33fa1000 r--p 00002000 08:01 2495712                    /lib/x86_64-linux-gnu/libdl-2.19.so
7fed33fa1000-7fed33fa2000 rw-p 00003000 08:01 2495712                    /lib/x86_64-linux-gnu/libdl-2.19.so
7fed33fa2000-7fed3415d000 r-xp 00000000 08:01 2494434                    /lib/x86_64-linux-gnu/libc-2.19.so
7fed3415d000-7fed3435d000 ---p 001bb000 08:01 2494434                    /lib/x86_64-linux-gnu/libc-2.19.so
7fed3435d000-7fed34361000 r--p 001bb000 08:01 2494434                    /lib/x86_64-linux-gnu/libc-2.19.so
7fed34361000-7fed34363000 rw-p 001bf000 08:01 2494434                    /lib/x86_64-linux-gnu/libc-2.19.so
7fed34363000-7fed34368000 rw-p 00000000 00:00 0 
7fed34368000-7fed34375000 r-xp 00000000 08:01 12845544                   /usr/lib/jvm/java-7-openjdk-amd64/jre/lib/amd64/jli/libjli.so
7fed34375000-7fed34574000 ---p 0000d000 08:01 12845544                   /usr/lib/jvm/java-7-openjdk-amd64/jre/lib/amd64/jli/libjli.so
7fed34574000-7fed34575000 r--p 0000c000 08:01 12845544                   /usr/lib/jvm/java-7-openjdk-amd64/jre/lib/amd64/jli/libjli.so
7fed34575000-7fed34576000 rw-p 0000d000 08:01 12845544                   /usr/lib/jvm/java-7-openjdk-amd64/jre/lib/amd64/jli/libjli.so
7fed34576000-7fed34599000 r-xp 00000000 08:01 2494436                    /lib/x86_64-linux-gnu/ld-2.19.so
7fed34599000-7fed3459c000 r--s 00013000 00:18 2359933                    /home/hscissors/.gradle/caches/modules-2/files-2.1/com.mcxiaoke.volley/library/1.0.7/7d0f75f98b0283208d76bfd9fefebcc3257ec3bf/library-1.0.7.jar
7fed3459c000-7fed3459f000 r--s 00032000 08:01 12979352                   /usr/lib/jvm/java-7-openjdk-amd64/jre/lib/ext/sunjce_provider.jar
7fed3459f000-7fed345c1000 rw-p 00000000 00:00 0 
7fed345c1000-7fed34677000 rw-p 00000000 00:00 0 
7fed34677000-7fed3467a000 ---p 00000000 00:00 0 
7fed3467a000-7fed3477d000 rw-p 00000000 00:00 0                          [stack:26982]
7fed3477d000-7fed3477e000 r--s 00002000 08:01 12980329                   /usr/lib/jvm/java-7-openjdk-amd64/jre/lib/ext/dnsns.jar
7fed3477e000-7fed34780000 r--s 00006000 08:01 13114012                   /usr/share/java/java-atk-wrapper.jar
7fed34780000-7fed34783000 r--s 0003c000 08:01 12979354                   /usr/lib/jvm/java-7-openjdk-amd64/jre/lib/ext/sunpkcs11.jar
7fed34783000-7fed34785000 r--s 00012000 08:01 12980328                   /usr/lib/jvm/java-7-openjdk-amd64/jre/lib/ext/zipfs.jar
7fed34785000-7fed34788000 r--s 0000f000 08:01 12979353                   /usr/lib/jvm/java-7-openjdk-amd64/jre/lib/ext/pulse-java.jar
7fed34788000-7fed3478c000 r--s 00085000 08:01 12980330                   /usr/lib/jvm/java-7-openjdk-amd64/jre/lib/ext/localedata.jar
7fed3478c000-7fed34794000 rw-s 00000000 08:01 530413                     /tmp/hsperfdata_hscissors/26946
7fed34794000-7fed34795000 rw-p 00000000 00:00 0 
7fed34795000-7fed34796000 ---p 00000000 00:00 0 
7fed34796000-7fed34798000 rw-p 00000000 00:00 0 
7fed34798000-7fed34799000 r--p 00022000 08:01 2494436                    /lib/x86_64-linux-gnu/ld-2.19.so
7fed34799000-7fed3479a000 rw-p 00023000 08:01 2494436                    /lib/x86_64-linux-gnu/ld-2.19.so
7fed3479a000-7fed3479b000 rw-p 00000000 00:00 0 
7fffa46ed000-7fffa470f000 rw-p 00000000 00:00 0                          [stack]
7fffa47be000-7fffa47c0000 r-xp 00000000 00:00 0                          [vdso]
ffffffffff600000-ffffffffff601000 r-xp 00000000 00:00 0                  [vsyscall]

VM Arguments:
jvm_args: -Xmx1024M 
java_command: /home/hscissors/Downloads/android-studio/sdk/build-tools/21.0.0/lib/dx.jar --dex --output /home/hscissors/AndroidStudioProjects/Timeline2/app/build/intermediates/pre-dexed/debug/library-1.0.7-dfd5d53aa1785c405e610884cfa89cb5f9991c38.jar /home/hscissors/.gradle/caches/modules-2/files-2.1/com.mcxiaoke.volley/library/1.0.7/7d0f75f98b0283208d76bfd9fefebcc3257ec3bf/library-1.0.7.jar
Launcher Type: SUN_STANDARD

Environment Variables:
CLASSPATH=./../lib/bootstrap.jar:./../lib/extensions.jar:./../lib/util.jar:./../lib/jdom.jar:./../lib/log4j.jar:./../lib/trove4j.jar:./../lib/jna.jar:/usr/lib/jvm/java-7-openjdk-amd64/lib/tools.jar
PATH=/home/hscissors/.rvm/gems/ruby-1.9.3-p547/bin:/home/hscissors/.rvm/gems/ruby-1.9.3-p547@global/bin:/home/hscissors/.rvm/rubies/ruby-1.9.3-p547/bin:/usr/local/sbin:/usr/local/bin:/usr/sbin:/usr/bin:/sbin:/bin:/usr/games:/usr/local/games:/home/hscissors/.rvm/bin:/home/hscissors/.rvm/bin
LD_LIBRARY_PATH=.:
SHELL=/bin/bash
DISPLAY=:0

Signal Handlers:
SIGSEGV: [libjvm.so+0x949180], sa_mask[0]=0x7ffbfeff, sa_flags=0x10000004
SIGBUS: [libjvm.so+0x949180], sa_mask[0]=0x7ffbfeff, sa_flags=0x10000004
SIGFPE: [libjvm.so+0x7c2ec0], sa_mask[0]=0x7ffbfeff, sa_flags=0x10000004
SIGPIPE: [libjvm.so+0x7c2ec0], sa_mask[0]=0x7ffbfeff, sa_flags=0x10000004
SIGXFSZ: [libjvm.so+0x7c2ec0], sa_mask[0]=0x7ffbfeff, sa_flags=0x10000004
SIGILL: [libjvm.so+0x7c2ec0], sa_mask[0]=0x7ffbfeff, sa_flags=0x10000004
SIGUSR1: SIG_DFL, sa_mask[0]=0x00000000, sa_flags=0x00000000
SIGUSR2: [libjvm.so+0x7c2d60], sa_mask[0]=0x00000004, sa_flags=0x10000004
SIGHUP: [libjvm.so+0x7c2f40], sa_mask[0]=0x7ffbfeff, sa_flags=0x10000004
SIGINT: [libjvm.so+0x7c2f40], sa_mask[0]=0x7ffbfeff, sa_flags=0x10000004
SIGTERM: [libjvm.so+0x7c2f40], sa_mask[0]=0x7ffbfeff, sa_flags=0x10000004
SIGQUIT: [libjvm.so+0x7c2f40], sa_mask[0]=0x7ffbfeff, sa_flags=0x10000004
SIGTRAP: SIG_DFL, sa_mask[0]=0x00000000, sa_flags=0x00000000


---------------  S Y S T E M  ---------------

OS:Ubuntu 14.04 (trusty)
uname:Linux 3.13.0-36-generic #63-Ubuntu SMP Wed Sep 3 21:30:07 UTC 2014 x86_64
libc:glibc 2.19 NPTL 2.19 
rlimit: STACK 8192k, CORE 0k, NPROC 46371, NOFILE 4096, AS infinity
load average:2.03 1.32 0.79

/proc/meminfo:
MemTotal:        5965356 kB
MemFree:           95920 kB
Buffers:             404 kB
Cached:           475836 kB
SwapCached:            0 kB
Active:          5107508 kB
Inactive:         471896 kB
Active(anon):    5105864 kB
Inactive(anon):   463364 kB
Active(file):       1644 kB
Inactive(file):     8532 kB
Unevictable:          32 kB
Mlocked:              32 kB
SwapTotal:             0 kB
SwapFree:              0 kB
Dirty:               180 kB
Writeback:             0 kB
AnonPages:       5103356 kB
Mapped:           178464 kB
Shmem:            466060 kB
Slab:             105568 kB
SReclaimable:      38380 kB
SUnreclaim:        67188 kB
KernelStack:        6928 kB
PageTables:        64780 kB
NFS_Unstable:          0 kB
Bounce:                0 kB
WritebackTmp:          0 kB
CommitLimit:     2982676 kB
Committed_AS:   12366100 kB
VmallocTotal:   34359738367 kB
VmallocUsed:      354728 kB
VmallocChunk:   34359374700 kB
HardwareCorrupted:     0 kB
AnonHugePages:   1892352 kB
HugePages_Total:       0
HugePages_Free:        0
HugePages_Rsvd:        0
HugePages_Surp:        0
Hugepagesize:       2048 kB
DirectMap4k:       99136 kB
DirectMap2M:     6045696 kB


CPU:total 4 (2 cores per cpu, 2 threads per core) family 6 model 58 stepping 9, cmov, cx8, fxsr, mmx, sse, sse2, sse3, ssse3, sse4.1, sse4.2, popcnt, avx, aes, erms, ht, tsc, tscinvbit, tscinv

/proc/cpuinfo:
processor	: 0
vendor_id	: GenuineIntel
cpu family	: 6
model		: 58
model name	: Intel(R) Core(TM) i5-3230M CPU @ 2.60GHz
stepping	: 9
microcode	: 0x15
cpu MHz		: 2601.000
cache size	: 3072 KB
physical id	: 0
siblings	: 4
core id		: 0
cpu cores	: 2
apicid		: 0
initial apicid	: 0
fpu		: yes
fpu_exception	: yes
cpuid level	: 13
wp		: yes
flags		: fpu vme de pse tsc msr pae mce cx8 apic sep mtrr pge mca cmov pat pse36 clflush dts acpi mmx fxsr sse sse2 ss ht tm pbe syscall nx rdtscp lm constant_tsc arch_perfmon pebs bts rep_good nopl xtopology nonstop_tsc aperfmperf eagerfpu pni pclmulqdq dtes64 monitor ds_cpl vmx est tm2 ssse3 cx16 xtpr pdcm pcid sse4_1 sse4_2 x2apic popcnt tsc_deadline_timer aes xsave avx f16c rdrand lahf_lm ida arat epb xsaveopt pln pts dtherm tpr_shadow vnmi flexpriority ept vpid fsgsbase smep erms
bogomips	: 5188.69
clflush size	: 64
cache_alignment	: 64
address sizes	: 36 bits physical, 48 bits virtual
power management:

processor	: 1
vendor_id	: GenuineIntel
cpu family	: 6
model		: 58
model name	: Intel(R) Core(TM) i5-3230M CPU @ 2.60GHz
stepping	: 9
microcode	: 0x15
cpu MHz		: 2601.000
cache size	: 3072 KB
physical id	: 0
siblings	: 4
core id		: 0
cpu cores	: 2
apicid		: 1
initial apicid	: 1
fpu		: yes
fpu_exception	: yes
cpuid level	: 13
wp		: yes
flags		: fpu vme de pse tsc msr pae mce cx8 apic sep mtrr pge mca cmov pat pse36 clflush dts acpi mmx fxsr sse sse2 ss ht tm pbe syscall nx rdtscp lm constant_tsc arch_perfmon pebs bts rep_good nopl xtopology nonstop_tsc aperfmperf eagerfpu pni pclmulqdq dtes64 monitor ds_cpl vmx est tm2 ssse3 cx16 xtpr pdcm pcid sse4_1 sse4_2 x2apic popcnt tsc_deadline_timer aes xsave avx f16c rdrand lahf_lm ida arat epb xsaveopt pln pts dtherm tpr_shadow vnmi flexpriority ept vpid fsgsbase smep erms
bogomips	: 5188.69
clflush size	: 64
cache_alignment	: 64
address sizes	: 36 bits physical, 48 bits virtual
power management:

processor	: 2
vendor_id	: GenuineIntel
cpu family	: 6
model		: 58
model name	: Intel(R) Core(TM) i5-3230M CPU @ 2.60GHz
stepping	: 9
microcode	: 0x15
cpu MHz		: 2601.000
cache size	: 3072 KB
physical id	: 0
siblings	: 4
core id		: 1
cpu cores	: 2
apicid		: 2
initial apicid	: 2
fpu		: yes
fpu_exception	: yes
cpuid level	: 13
wp		: yes
flags		: fpu vme de pse tsc msr pae mce cx8 apic sep mtrr pge mca cmov pat pse36 clflush dts acpi mmx fxsr sse sse2 ss ht tm pbe syscall nx rdtscp lm constant_tsc arch_perfmon pebs bts rep_good nopl xtopology nonstop_tsc aperfmperf eagerfpu pni pclmulqdq dtes64 monitor ds_cpl vmx est tm2 ssse3 cx16 xtpr pdcm pcid sse4_1 sse4_2 x2apic popcnt tsc_deadline_timer aes xsave avx f16c rdrand lahf_lm ida arat epb xsaveopt pln pts dtherm tpr_shadow vnmi flexpriority ept vpid fsgsbase smep erms
bogomips	: 5188.69
clflush size	: 64
cache_alignment	: 64
address sizes	: 36 bits physical, 48 bits virtual
power management:

processor	: 3
vendor_id	: GenuineIntel
cpu family	: 6
model		: 58
model name	: Intel(R) Core(TM) i5-3230M CPU @ 2.60GHz
stepping	: 9
microcode	: 0x15
cpu MHz		: 2601.000
cache size	: 3072 KB
physical id	: 0
siblings	: 4
core id		: 1
cpu cores	: 2
apicid		: 3
initial apicid	: 3
fpu		: yes
fpu_exception	: yes
cpuid level	: 13
wp		: yes
flags		: fpu vme de pse tsc msr pae mce cx8 apic sep mtrr pge mca cmov pat pse36 clflush dts acpi mmx fxsr sse sse2 ss ht tm pbe syscall nx rdtscp lm constant_tsc arch_perfmon pebs bts rep_good nopl xtopology nonstop_tsc aperfmperf eagerfpu pni pclmulqdq dtes64 monitor ds_cpl vmx est tm2 ssse3 cx16 xtpr pdcm pcid sse4_1 sse4_2 x2apic popcnt tsc_deadline_timer aes xsave avx f16c rdrand lahf_lm ida arat epb xsaveopt pln pts dtherm tpr_shadow vnmi flexpriority ept vpid fsgsbase smep erms
bogomips	: 5188.69
clflush size	: 64
cache_alignment	: 64
address sizes	: 36 bits physical, 48 bits virtual
power management:



Memory: 4k page, physical 5965356k(95920k free), swap 0k(0k free)

vm_info: OpenJDK 64-Bit Server VM (24.65-b04) for linux-amd64 JRE (1.7.0_65-b32), built on Sep 10 2014 05:56:05 by "buildd" with gcc 4.8.2

time: Sun Oct 26 18:24:45 2014
elapsed time: 2 seconds

