#
# There is insufficient memory for the Java Runtime Environment to continue.
# Native memory allocation (malloc) failed to allocate 112197632 bytes for committing reserved memory.
# Possible reasons:
#   The system is out of physical RAM or swap space
#   In 32 bit mode, the process size limit was hit
# Possible solutions:
#   Reduce memory load on the system
#   Increase physical memory or swap space
#   Check if swap backing store is full
#   Use 64 bit Java on a 64 bit OS
#   Decrease Java heap size (-Xmx/-Xms)
#   Decrease number of Java threads
#   Decrease Java thread stack sizes (-Xss)
#   Set larger code cache with -XX:ReservedCodeCacheSize=
# This output file may be truncated or incomplete.
#
#  Out of Memory Error (os_linux.cpp:2798), pid=26720, tid=139918641448704
#
# JRE version: OpenJDK Runtime Environment (7.0_65-b32) (build 1.7.0_65-b32)
# Java VM: OpenJDK 64-Bit Server VM (24.65-b04 mixed mode linux-amd64 compressed oops)
# Derivative: IcedTea 2.5.2
# Distribution: Ubuntu 14.04 LTS, package 7u65-2.5.2-3~14.04
# Failed to write core dump. Core dumps have been disabled. To enable core dumping, try "ulimit -c unlimited" before starting Java again
#

---------------  T H R E A D  ---------------

Current thread (0x00007f415413c800):  VMThread [stack: 0x00007f4158dbc000,0x00007f4158ebd000] [id=26780]

Stack: [0x00007f4158dbc000,0x00007f4158ebd000],  sp=0x00007f4158ebb490,  free space=1021k
Native frames: (J=compiled Java code, j=interpreted, Vv=VM code, C=native code)
V  [libjvm.so+0x9486a5]  VMError::report_and_die()+0x175
V  [libjvm.so+0x48b904]  report_vm_out_of_memory(char const*, int, unsigned long, char const*)+0x74
V  [libjvm.so+0x7c76ab]  os::pd_commit_memory(char*, unsigned long, unsigned long, bool)+0xeb
V  [libjvm.so+0x7c216f]  os::commit_memory(char*, unsigned long, unsigned long, bool)+0x1f
V  [libjvm.so+0x8338fb]  PSVirtualSpace::expand_by(unsigned long)+0x5b
V  [libjvm.so+0x834750]  PSYoungGen::resize_generation(unsigned long, unsigned long)+0xb0
V  [libjvm.so+0x834e3b]  PSYoungGen::resize(unsigned long, unsigned long)+0x1b
V  [libjvm.so+0x831120]  PSScavenge::invoke_no_policy()+0xde0
V  [libjvm.so+0x8318f8]  PSScavenge::invoke()+0x38
V  [libjvm.so+0x7e82d3]  ParallelScavengeHeap::failed_mem_allocate(unsigned long)+0x63
V  [libjvm.so+0x94a0a4]  VM_ParallelGCFailedAllocation::doit()+0x84
V  [libjvm.so+0x94e597]  VM_Operation::evaluate()+0x47
V  [libjvm.so+0x94cf08]  VMThread::evaluate_operation(VM_Operation*)+0x318
V  [libjvm.so+0x94d369]  VMThread::loop()+0x219
V  [libjvm.so+0x94d7b2]  VMThread::run()+0x72
V  [libjvm.so+0x7c4572]  java_start(Thread*)+0xf2

VM_Operation (0x00007f415dfa6c10): ParallelGCFailedAllocation, mode: safepoint, requested by thread 0x00007f415400a000


---------------  P R O C E S S  ---------------

Java Threads: ( => current thread )
  0x00007f415416d800 JavaThread "Service Thread" daemon [_thread_blocked, id=26802, stack(0x00007f41580d4000,0x00007f41581d5000)]
  0x00007f415416b800 JavaThread "C2 CompilerThread1" daemon [_thread_blocked, id=26801, stack(0x00007f41581d5000,0x00007f41582d6000)]
  0x00007f4154168800 JavaThread "C2 CompilerThread0" daemon [_thread_blocked, id=26800, stack(0x00007f41582d6000,0x00007f41583d7000)]
  0x00007f4154166800 JavaThread "Signal Dispatcher" daemon [_thread_blocked, id=26799, stack(0x00007f41583d7000,0x00007f41584d8000)]
  0x00007f4154143000 JavaThread "Finalizer" daemon [_thread_blocked, id=26783, stack(0x00007f4158bba000,0x00007f4158cbb000)]
  0x00007f4154141000 JavaThread "Reference Handler" daemon [_thread_blocked, id=26782, stack(0x00007f4158cbb000,0x00007f4158dbc000)]
  0x00007f415400a000 JavaThread "main" [_thread_blocked, id=26753, stack(0x00007f415dea8000,0x00007f415dfa9000)]

Other Threads:
=>0x00007f415413c800 VMThread [stack: 0x00007f4158dbc000,0x00007f4158ebd000] [id=26780]
  0x00007f4154178000 WatcherThread [stack: 0x00007f4150eff000,0x00007f4151000000] [id=26803]

VM state:at safepoint (normal execution)

VM Mutex/Monitor currently owned by a thread:  ([mutex/lock_event])
[0x00007f4154006730] Threads_lock - owner thread: 0x00007f415413c800
[0x00007f4154006c30] Heap_lock - owner thread: 0x00007f415400a000

Heap
 PSYoungGen      total 108032K, used 13298K [0x00000000eaa80000, 0x00000000f2280000, 0x0000000100000000)
  eden space 94720K, 0% used [0x00000000eaa80000,0x00000000eaa80000,0x00000000f0700000)
  from space 13312K, 99% used [0x00000000f0700000,0x00000000f13fc918,0x00000000f1400000)
  to   space 11776K, 0% used [0x00000000f1400000,0x00000000f1400000,0x00000000f1f80000)
 ParOldGen       total 61952K, used 33667K [0x00000000c0000000, 0x00000000c3c80000, 0x00000000eaa80000)
  object space 61952K, 54% used [0x00000000c0000000,0x00000000c20e0e78,0x00000000c3c80000)
 PSPermGen       total 21504K, used 5952K [0x00000000b5a00000, 0x00000000b6f00000, 0x00000000c0000000)
  object space 21504K, 27% used [0x00000000b5a00000,0x00000000b5fd0318,0x00000000b6f00000)

Card table byte_map: [0x00007f415a897000,0x00007f415aaeb000] byte_map_base: 0x00007f415a2ea000

Polling page: 0x00007f415dfc6000

Code Cache  [0x00007f4151000000, 0x00007f41512d0000, 0x00007f4154000000)
 total_blobs=867 nmethods=639 adapters=181 free_code_cache=46430Kb largest_free_block=47423872

Compilation events (10 events):
Event: 13.364 Thread 0x00007f4154168800 nmethod 650 0x00007f41510baa10 code [0x00007f41510bab60, 0x00007f41510babf8]
Event: 13.364 Thread 0x00007f4154168800  651   !         com.android.dx.cf.code.BaseMachine::result (36 bytes)
Event: 13.364 Thread 0x00007f4154168800 nmethod 651 0x00007f41510ba750 code [0x00007f41510ba8a0, 0x00007f41510ba938]
Event: 13.365 Thread 0x00007f4154168800  652             com.android.dx.dex.code.RopTranslator$1::visitPlainCstInsn (64 bytes)
Event: 13.366 Thread 0x00007f4154168800 nmethod 652 0x00007f4151154490 code [0x00007f41511545e0, 0x00007f4151154718]
Event: 13.366 Thread 0x00007f4154168800  653             com.android.dx.dex.code.RopTranslator$LocalVariableAwareTranslationVisitor::visitPlainCstInsn (11 bytes)
Event: 13.373 Thread 0x00007f4154168800 nmethod 653 0x00007f41511535d0 code [0x00007f41511537c0, 0x00007f4151153c60]
Event: 13.373 Thread 0x00007f4154168800  654             com.android.dx.dex.code.RopTranslator$TranslationVisitor::visitPlainCstInsn (161 bytes)
Event: 13.387 Thread 0x00007f4154168800 nmethod 654 0x00007f41511499d0 code [0x00007f4151149bc0, 0x00007f4151149ff0]
Event: 13.388 Thread 0x00007f4154168800  655   !         com.android.dx.cf.code.RopperMachine::run (1550 bytes)

GC Heap History (10 events):
Event: 4.744 GC heap after
Heap after GC invocations=2 (full 0):
 PSYoungGen      total 27648K, used 3575K [0x00000000eaa80000, 0x00000000ec900000, 0x0000000100000000)
  eden space 24064K, 0% used [0x00000000eaa80000,0x00000000eaa80000,0x00000000ec200000)
  from space 3584K, 99% used [0x00000000ec580000,0x00000000ec8fdc88,0x00000000ec900000)
  to   space 3584K, 0% used [0x00000000ec200000,0x00000000ec200000,0x00000000ec580000)
 ParOldGen       total 61952K, used 5268K [0x00000000c0000000, 0x00000000c3c80000, 0x00000000eaa80000)
  object space 61952K, 8% used [0x00000000c0000000,0x00000000c0525000,0x00000000c3c80000)
 PSPermGen       total 21504K, used 5762K [0x00000000b5a00000, 0x00000000b6f00000, 0x00000000c0000000)
  object space 21504K, 26% used [0x00000000b5a00000,0x00000000b5fa0970,0x00000000b6f00000)
}
Event: 6.711 GC heap before
{Heap before GC invocations=3 (full 0):
 PSYoungGen      total 27648K, used 27639K [0x00000000eaa80000, 0x00000000ec900000, 0x0000000100000000)
  eden space 24064K, 100% used [0x00000000eaa80000,0x00000000ec200000,0x00000000ec200000)
  from space 3584K, 99% used [0x00000000ec580000,0x00000000ec8fdc88,0x00000000ec900000)
  to   space 3584K, 0% used [0x00000000ec200000,0x00000000ec200000,0x00000000ec580000)
 ParOldGen       total 61952K, used 5268K [0x00000000c0000000, 0x00000000c3c80000, 0x00000000eaa80000)
  object space 61952K, 8% used [0x00000000c0000000,0x00000000c0525000,0x00000000c3c80000)
 PSPermGen       total 21504K, used 5798K [0x00000000b5a00000, 0x00000000b6f00000, 0x00000000c0000000)
  object space 21504K, 26% used [0x00000000b5a00000,0x00000000b5fa99c8,0x00000000b6f00000)
Event: 6.830 GC heap after
Heap after GC invocations=3 (full 0):
 PSYoungGen      total 27648K, used 3552K [0x00000000eaa80000, 0x00000000ee080000, 0x0000000100000000)
  eden space 24064K, 0% used [0x00000000eaa80000,0x00000000eaa80000,0x00000000ec200000)
  from space 3584K, 99% used [0x00000000ec200000,0x00000000ec578028,0x00000000ec580000)
  to   space 3584K, 0% used [0x00000000edd00000,0x00000000edd00000,0x00000000ee080000)
 ParOldGen       total 61952K, used 9673K [0x00000000c0000000, 0x00000000c3c80000, 0x00000000eaa80000)
  object space 61952K, 15% used [0x00000000c0000000,0x00000000c0972628,0x00000000c3c80000)
 PSPermGen       total 21504K, used 5798K [0x00000000b5a00000, 0x00000000b6f00000, 0x00000000c0000000)
  object space 21504K, 26% used [0x00000000b5a00000,0x00000000b5fa99c8,0x00000000b6f00000)
}
Event: 7.962 GC heap before
{Heap before GC invocations=4 (full 0):
 PSYoungGen      total 27648K, used 27616K [0x00000000eaa80000, 0x00000000ee080000, 0x0000000100000000)
  eden space 24064K, 100% used [0x00000000eaa80000,0x00000000ec200000,0x00000000ec200000)
  from space 3584K, 99% used [0x00000000ec200000,0x00000000ec578028,0x00000000ec580000)
  to   space 3584K, 0% used [0x00000000edd00000,0x00000000edd00000,0x00000000ee080000)
 ParOldGen       total 61952K, used 9673K [0x00000000c0000000, 0x00000000c3c80000, 0x00000000eaa80000)
  object space 61952K, 15% used [0x00000000c0000000,0x00000000c0972628,0x00000000c3c80000)
 PSPermGen       total 21504K, used 5816K [0x00000000b5a00000, 0x00000000b6f00000, 0x00000000c0000000)
  object space 21504K, 27% used [0x00000000b5a00000,0x00000000b5fae0f0,0x00000000b6f00000)
Event: 8.010 GC heap after
Heap after GC invocations=4 (full 0):
 PSYoungGen      total 51712K, used 3584K [0x00000000eaa80000, 0x00000000ee080000, 0x0000000100000000)
  eden space 48128K, 0% used [0x00000000eaa80000,0x00000000eaa80000,0x00000000ed980000)
  from space 3584K, 100% used [0x00000000edd00000,0x00000000ee080000,0x00000000ee080000)
  to   space 3584K, 0% used [0x00000000ed980000,0x00000000ed980000,0x00000000edd00000)
 ParOldGen       total 61952K, used 13120K [0x00000000c0000000, 0x00000000c3c80000, 0x00000000eaa80000)
  object space 61952K, 21% used [0x00000000c0000000,0x00000000c0cd00a8,0x00000000c3c80000)
 PSPermGen       total 21504K, used 5816K [0x00000000b5a00000, 0x00000000b6f00000, 0x00000000c0000000)
  object space 21504K, 27% used [0x00000000b5a00000,0x00000000b5fae0f0,0x00000000b6f00000)
}
Event: 10.392 GC heap before
{Heap before GC invocations=5 (full 0):
 PSYoungGen      total 51712K, used 51712K [0x00000000eaa80000, 0x00000000ee080000, 0x0000000100000000)
  eden space 48128K, 100% used [0x00000000eaa80000,0x00000000ed980000,0x00000000ed980000)
  from space 3584K, 100% used [0x00000000edd00000,0x00000000ee080000,0x00000000ee080000)
  to   space 3584K, 0% used [0x00000000ed980000,0x00000000ed980000,0x00000000edd00000)
 ParOldGen       total 61952K, used 13120K [0x00000000c0000000, 0x00000000c3c80000, 0x00000000eaa80000)
  object space 61952K, 21% used [0x00000000c0000000,0x00000000c0cd00a8,0x00000000c3c80000)
 PSPermGen       total 21504K, used 5857K [0x00000000b5a00000, 0x00000000b6f00000, 0x00000000c0000000)
  object space 21504K, 27% used [0x00000000b5a00000,0x00000000b5fb8488,0x00000000b6f00000)
Event: 10.443 GC heap after
Heap after GC invocations=5 (full 0):
 PSYoungGen      total 51712K, used 3569K [0x00000000eaa80000, 0x00000000f1f80000, 0x0000000100000000)
  eden space 48128K, 0% used [0x00000000eaa80000,0x00000000eaa80000,0x00000000ed980000)
  from space 3584K, 99% used [0x00000000ed980000,0x00000000edcfc6e8,0x00000000edd00000)
  to   space 11776K, 0% used [0x00000000f1400000,0x00000000f1400000,0x00000000f1f80000)
 ParOldGen       total 61952K, used 20881K [0x00000000c0000000, 0x00000000c3c80000, 0x00000000eaa80000)
  object space 61952K, 33% used [0x00000000c0000000,0x00000000c1464498,0x00000000c3c80000)
 PSPermGen       total 21504K, used 5857K [0x00000000b5a00000, 0x00000000b6f00000, 0x00000000c0000000)
  object space 21504K, 27% used [0x00000000b5a00000,0x00000000b5fb8488,0x00000000b6f00000)
}
Event: 11.798 GC heap before
{Heap before GC invocations=6 (full 0):
 PSYoungGen      total 51712K, used 51697K [0x00000000eaa80000, 0x00000000f1f80000, 0x0000000100000000)
  eden space 48128K, 100% used [0x00000000eaa80000,0x00000000ed980000,0x00000000ed980000)
  from space 3584K, 99% used [0x00000000ed980000,0x00000000edcfc6e8,0x00000000edd00000)
  to   space 11776K, 0% used [0x00000000f1400000,0x00000000f1400000,0x00000000f1f80000)
 ParOldGen       total 61952K, used 20881K [0x00000000c0000000, 0x00000000c3c80000, 0x00000000eaa80000)
  object space 61952K, 33% used [0x00000000c0000000,0x00000000c1464498,0x00000000c3c80000)
 PSPermGen       total 21504K, used 5898K [0x00000000b5a00000, 0x00000000b6f00000, 0x00000000c0000000)
  object space 21504K, 27% used [0x00000000b5a00000,0x00000000b5fc29c8,0x00000000b6f00000)
Event: 11.847 GC heap after
Heap after GC invocations=6 (full 0):
 PSYoungGen      total 106496K, used 11623K [0x00000000eaa80000, 0x00000000f2280000, 0x0000000100000000)
  eden space 94720K, 0% used [0x00000000eaa80000,0x00000000eaa80000,0x00000000f0700000)
  from space 11776K, 98% used [0x00000000f1400000,0x00000000f1f59c48,0x00000000f1f80000)
  to   space 13312K, 0% used [0x00000000f0700000,0x00000000f0700000,0x00000000f1400000)
 ParOldGen       total 61952K, used 20881K [0x00000000c0000000, 0x00000000c3c80000, 0x00000000eaa80000)
  object space 61952K, 33% used [0x00000000c0000000,0x00000000c1464498,0x00000000c3c80000)
 PSPermGen       total 21504K, used 5898K [0x00000000b5a00000, 0x00000000b6f00000, 0x00000000c0000000)
  object space 21504K, 27% used [0x00000000b5a00000,0x00000000b5fc29c8,0x00000000b6f00000)
}
Event: 13.551 GC heap before
{Heap before GC invocations=7 (full 0):
 PSYoungGen      total 106496K, used 106343K [0x00000000eaa80000, 0x00000000f2280000, 0x0000000100000000)
  eden space 94720K, 100% used [0x00000000eaa80000,0x00000000f0700000,0x00000000f0700000)
  from space 11776K, 98% used [0x00000000f1400000,0x00000000f1f59c48,0x00000000f1f80000)
  to   space 13312K, 0% used [0x00000000f0700000,0x00000000f0700000,0x00000000f1400000)
 ParOldGen       total 61952K, used 20881K [0x00000000c0000000, 0x00000000c3c80000, 0x00000000eaa80000)
  object space 61952K, 33% used [0x00000000c0000000,0x00000000c1464498,0x00000000c3c80000)
 PSPermGen       total 21504K, used 5952K [0x00000000b5a00000, 0x00000000b6f00000, 0x00000000c0000000)
  object space 21504K, 27% used [0x00000000b5a00000,0x00000000b5fd0318,0x00000000b6f00000)

Deoptimization events (10 events):
Event: 11.492 Thread 0x00007f415400a000 Uncommon trap: reason=class_check action=maybe_recompile pc=0x00007f4151127890 method=com.android.dx.cf.code.Ropper.processBlock(Lcom/android/dx/cf/code/ByteBlock;Lcom/android/dx/cf/code/Frame;[I)V @ 777
Event: 11.492 Thread 0x00007f415400a000 Uncommon trap: reason=class_check action=maybe_recompile pc=0x00007f4151127890 method=com.android.dx.cf.code.Ropper.processBlock(Lcom/android/dx/cf/code/ByteBlock;Lcom/android/dx/cf/code/Frame;[I)V @ 777
Event: 11.859 Thread 0x00007f415400a000 Uncommon trap: reason=bimorphic action=maybe_recompile pc=0x00007f41511bd028 method=com.android.dx.cf.code.RopperMachine.run(Lcom/android/dx/cf/code/Frame;II)V @ 310
Event: 11.859 Thread 0x00007f415400a000 Uncommon trap: reason=bimorphic action=maybe_recompile pc=0x00007f41511bd028 method=com.android.dx.cf.code.RopperMachine.run(Lcom/android/dx/cf/code/Frame;II)V @ 310
Event: 11.859 Thread 0x00007f415400a000 Uncommon trap: reason=bimorphic action=maybe_recompile pc=0x00007f41511bd028 method=com.android.dx.cf.code.RopperMachine.run(Lcom/android/dx/cf/code/Frame;II)V @ 310
Event: 12.789 Thread 0x00007f415400a000 Uncommon trap: reason=bimorphic action=maybe_recompile pc=0x00007f41512989c8 method=com.android.dx.cf.code.BytecodeArray.parseInstruction(ILcom/android/dx/cf/code/BytecodeArray$Visitor;)I @ 987
Event: 12.789 Thread 0x00007f415400a000 Uncommon trap: reason=bimorphic action=maybe_recompile pc=0x00007f4151298b74 method=com.android.dx.cf.code.BytecodeArray.parseInstruction(ILcom/android/dx/cf/code/BytecodeArray$Visitor;)I @ 1051
Event: 12.789 Thread 0x00007f415400a000 Uncommon trap: reason=bimorphic action=maybe_recompile pc=0x00007f4151298b74 method=com.android.dx.cf.code.BytecodeArray.parseInstruction(ILcom/android/dx/cf/code/BytecodeArray$Visitor;)I @ 1051
Event: 12.885 Thread 0x00007f415400a000 Uncommon trap: reason=bimorphic action=maybe_recompile pc=0x00007f41511bd028 method=com.android.dx.cf.code.RopperMachine.run(Lcom/android/dx/cf/code/Frame;II)V @ 310
Event: 12.952 Thread 0x00007f415400a000 Uncommon trap: reason=null_check action=make_not_entrant pc=0x00007f415128df30 method=com.android.dx.cf.code.Ropper$CatchInfo.getSetup(Lcom/android/dx/rop/type/Type;)Lcom/android/dx/cf/code/Ropper$ExceptionHandlerSetup; @ 10

Internal exceptions (10 events):
Event: 4.568 Thread 0x00007f415400a000 Threw 0x00000000ec0ad0c8 at /build/buildd/openjdk-7-7u65-2.5.2/build/openjdk/hotspot/src/share/vm/prims/jvm.cpp:1247
Event: 7.391 Thread 0x00007f415400a000 Threw 0x00000000eb767108 at /build/buildd/openjdk-7-7u65-2.5.2/build/openjdk/hotspot/src/share/vm/prims/jvm.cpp:1247
Event: 7.608 Thread 0x00007f415400a000 Implicit null exception at 0x00007f4151161713 to 0x00007f4151161e3d
Event: 10.459 Thread 0x00007f415400a000 Threw 0x00000000eab80a98 at /build/buildd/openjdk-7-7u65-2.5.2/build/openjdk/hotspot/src/share/vm/prims/jvm.cpp:1247
Event: 10.460 Thread 0x00007f415400a000 Threw 0x00000000eab83a98 at /build/buildd/openjdk-7-7u65-2.5.2/build/openjdk/hotspot/src/share/vm/prims/jvm.cpp:1247
Event: 10.462 Thread 0x00007f415400a000 Threw 0x00000000eabb8b50 at /build/buildd/openjdk-7-7u65-2.5.2/build/openjdk/hotspot/src/share/vm/prims/jvm.cpp:1247
Event: 10.468 Thread 0x00007f415400a000 Threw 0x00000000eabbece0 at /build/buildd/openjdk-7-7u65-2.5.2/build/openjdk/hotspot/src/share/vm/prims/jvm.cpp:1247
Event: 10.469 Thread 0x00007f415400a000 Threw 0x00000000eabc4c98 at /build/buildd/openjdk-7-7u65-2.5.2/build/openjdk/hotspot/src/share/vm/prims/jvm.cpp:1247
Event: 11.190 Thread 0x00007f415400a000 Threw 0x00000000ec352ea8 at /build/buildd/openjdk-7-7u65-2.5.2/build/openjdk/hotspot/src/share/vm/prims/jvm.cpp:1247
Event: 12.952 Thread 0x00007f415400a000 Implicit null exception at 0x00007f415128bc19 to 0x00007f415128df25

Events (10 events):
Event: 12.789 Thread 0x00007f415400a000 DEOPT PACKING pc=0x00007f4151298b74 sp=0x00007f415dfa6cf0
Event: 12.789 Thread 0x00007f415400a000 DEOPT UNPACKING pc=0x00007f4151039445 sp=0x00007f415dfa6cb8 mode 2
Event: 12.885 Thread 0x00007f415400a000 Uncommon trap: trap_request=0xffffffc6 fr.pc=0x00007f41511bd028
Event: 12.885 Thread 0x00007f415400a000 DEOPT PACKING pc=0x00007f41511bd028 sp=0x00007f415dfa6d90
Event: 12.885 Thread 0x00007f415400a000 DEOPT UNPACKING pc=0x00007f4151039445 sp=0x00007f415dfa6d20 mode 2
Event: 12.952 Thread 0x00007f415400a000 Uncommon trap: trap_request=0xfffffff4 fr.pc=0x00007f415128df30
Event: 12.952 Thread 0x00007f415400a000 DEOPT PACKING pc=0x00007f415128df30 sp=0x00007f415dfa6f90
Event: 12.952 Thread 0x00007f415400a000 DEOPT UNPACKING pc=0x00007f4151039445 sp=0x00007f415dfa6eb8 mode 2
Event: 13.366 Thread 0x00007f4154168800 flushing nmethod 0x00007f4151216c10
Event: 13.551 Executing VM operation: ParallelGCFailedAllocation


Dynamic libraries:
00400000-00401000 r-xp 00000000 08:01 12980957                           /usr/lib/jvm/java-7-openjdk-amd64/jre/bin/java
00600000-00601000 r--p 00000000 08:01 12980957                           /usr/lib/jvm/java-7-openjdk-amd64/jre/bin/java
00601000-00602000 rw-p 00001000 08:01 12980957                           /usr/lib/jvm/java-7-openjdk-amd64/jre/bin/java
018c4000-018e5000 rw-p 00000000 00:00 0                                  [heap]
b5a00000-b6f00000 rw-p 00000000 00:00 0 
b6f00000-c0000000 rw-p 00000000 00:00 0 
c0000000-c3c80000 rw-p 00000000 00:00 0 
c3c80000-eaa80000 rw-p 00000000 00:00 0 
eaa80000-f2280000 rw-p 00000000 00:00 0 
f8d80000-100000000 rw-p 00000000 00:00 0 
7f4114000000-7f4114021000 rw-p 00000000 00:00 0 
7f4114021000-7f4118000000 ---p 00000000 00:00 0 
7f411c000000-7f411d0e5000 rw-p 00000000 00:00 0 
7f411d0e5000-7f4120000000 ---p 00000000 00:00 0 
7f4120000000-7f4120021000 rw-p 00000000 00:00 0 
7f4120021000-7f4124000000 ---p 00000000 00:00 0 
7f4124000000-7f4124021000 rw-p 00000000 00:00 0 
7f4124021000-7f4128000000 ---p 00000000 00:00 0 
7f4128000000-7f412942d000 rw-p 00000000 00:00 0 
7f412942d000-7f412c000000 ---p 00000000 00:00 0 
7f412c000000-7f412c021000 rw-p 00000000 00:00 0 
7f412c021000-7f4130000000 ---p 00000000 00:00 0 
7f4130000000-7f4130021000 rw-p 00000000 00:00 0 
7f4130021000-7f4134000000 ---p 00000000 00:00 0 
7f4134000000-7f4134021000 rw-p 00000000 00:00 0 
7f4134021000-7f4138000000 ---p 00000000 00:00 0 
7f4138000000-7f4138248000 rw-p 00000000 00:00 0 
7f4138248000-7f413c000000 ---p 00000000 00:00 0 
7f413c000000-7f413c021000 rw-p 00000000 00:00 0 
7f413c021000-7f4140000000 ---p 00000000 00:00 0 
7f4144000000-7f4144021000 rw-p 00000000 00:00 0 
7f4144021000-7f4148000000 ---p 00000000 00:00 0 
7f414924c000-7f4149289000 r-xp 00000000 08:01 2494466                    /lib/x86_64-linux-gnu/libpcre.so.3.13.1
7f4149289000-7f4149488000 ---p 0003d000 08:01 2494466                    /lib/x86_64-linux-gnu/libpcre.so.3.13.1
7f4149488000-7f4149489000 r--p 0003c000 08:01 2494466                    /lib/x86_64-linux-gnu/libpcre.so.3.13.1
7f4149489000-7f414948a000 rw-p 0003d000 08:01 2494466                    /lib/x86_64-linux-gnu/libpcre.so.3.13.1
7f414948a000-7f4149491000 r-xp 00000000 08:01 12722241                   /usr/lib/x86_64-linux-gnu/libffi.so.6.0.1
7f4149491000-7f4149690000 ---p 00007000 08:01 12722241                   /usr/lib/x86_64-linux-gnu/libffi.so.6.0.1
7f4149690000-7f4149691000 r--p 00006000 08:01 12722241                   /usr/lib/x86_64-linux-gnu/libffi.so.6.0.1
7f4149691000-7f4149692000 rw-p 00007000 08:01 12722241                   /usr/lib/x86_64-linux-gnu/libffi.so.6.0.1
7f4149692000-7f41496a9000 r-xp 00000000 08:01 2494363                    /lib/x86_64-linux-gnu/libresolv-2.19.so
7f41496a9000-7f41498a9000 ---p 00017000 08:01 2494363                    /lib/x86_64-linux-gnu/libresolv-2.19.so
7f41498a9000-7f41498aa000 r--p 00017000 08:01 2494363                    /lib/x86_64-linux-gnu/libresolv-2.19.so
7f41498aa000-7f41498ab000 rw-p 00018000 08:01 2494363                    /lib/x86_64-linux-gnu/libresolv-2.19.so
7f41498ab000-7f41498ad000 rw-p 00000000 00:00 0 
7f41498ad000-7f41498cd000 r-xp 00000000 08:01 2494493                    /lib/x86_64-linux-gnu/libselinux.so.1
7f41498cd000-7f4149acc000 ---p 00020000 08:01 2494493                    /lib/x86_64-linux-gnu/libselinux.so.1
7f4149acc000-7f4149acd000 r--p 0001f000 08:01 2494493                    /lib/x86_64-linux-gnu/libselinux.so.1
7f4149acd000-7f4149ace000 rw-p 00020000 08:01 2494493                    /lib/x86_64-linux-gnu/libselinux.so.1
7f4149ace000-7f414c000000 rw-p 00000000 00:00 0 
7f414c000000-7f414c021000 rw-p 00000000 00:00 0 
7f414c021000-7f4150000000 ---p 00000000 00:00 0 
7f4150005000-7f4150008000 r-xp 00000000 08:01 12722358                   /usr/lib/x86_64-linux-gnu/libgmodule-2.0.so.0.4000.0
7f4150008000-7f4150207000 ---p 00003000 08:01 12722358                   /usr/lib/x86_64-linux-gnu/libgmodule-2.0.so.0.4000.0
7f4150207000-7f4150208000 r--p 00002000 08:01 12722358                   /usr/lib/x86_64-linux-gnu/libgmodule-2.0.so.0.4000.0
7f4150208000-7f4150209000 rw-p 00003000 08:01 12722358                   /usr/lib/x86_64-linux-gnu/libgmodule-2.0.so.0.4000.0
7f4150209000-7f415030f000 r-xp 00000000 08:01 2494394                    /lib/x86_64-linux-gnu/libglib-2.0.so.0.4000.0
7f415030f000-7f415050e000 ---p 00106000 08:01 2494394                    /lib/x86_64-linux-gnu/libglib-2.0.so.0.4000.0
7f415050e000-7f415050f000 r--p 00105000 08:01 2494394                    /lib/x86_64-linux-gnu/libglib-2.0.so.0.4000.0
7f415050f000-7f4150510000 rw-p 00106000 08:01 2494394                    /lib/x86_64-linux-gnu/libglib-2.0.so.0.4000.0
7f4150510000-7f4150511000 rw-p 00000000 00:00 0 
7f4150511000-7f4150560000 r-xp 00000000 08:01 12722374                   /usr/lib/x86_64-linux-gnu/libgobject-2.0.so.0.4000.0
7f4150560000-7f4150760000 ---p 0004f000 08:01 12722374                   /usr/lib/x86_64-linux-gnu/libgobject-2.0.so.0.4000.0
7f4150760000-7f4150761000 r--p 0004f000 08:01 12722374                   /usr/lib/x86_64-linux-gnu/libgobject-2.0.so.0.4000.0
7f4150761000-7f4150762000 rw-p 00050000 08:01 12722374                   /usr/lib/x86_64-linux-gnu/libgobject-2.0.so.0.4000.0
7f4150762000-7f41508cd000 r-xp 00000000 08:01 12722344                   /usr/lib/x86_64-linux-gnu/libgio-2.0.so.0.4000.0
7f41508cd000-7f4150acd000 ---p 0016b000 08:01 12722344                   /usr/lib/x86_64-linux-gnu/libgio-2.0.so.0.4000.0
7f4150acd000-7f4150ad1000 r--p 0016b000 08:01 12722344                   /usr/lib/x86_64-linux-gnu/libgio-2.0.so.0.4000.0
7f4150ad1000-7f4150ad3000 rw-p 0016f000 08:01 12722344                   /usr/lib/x86_64-linux-gnu/libgio-2.0.so.0.4000.0
7f4150ad3000-7f4150ad5000 rw-p 00000000 00:00 0 
7f4150ad5000-7f4150aec000 r-xp 00000000 08:01 12845528                   /usr/lib/jvm/java-7-openjdk-amd64/jre/lib/amd64/libnet.so
7f4150aec000-7f4150ceb000 ---p 00017000 08:01 12845528                   /usr/lib/jvm/java-7-openjdk-amd64/jre/lib/amd64/libnet.so
7f4150ceb000-7f4150cec000 r--p 00016000 08:01 12845528                   /usr/lib/jvm/java-7-openjdk-amd64/jre/lib/amd64/libnet.so
7f4150cec000-7f4150ced000 rw-p 00017000 08:01 12845528                   /usr/lib/jvm/java-7-openjdk-amd64/jre/lib/amd64/libnet.so
7f4150ced000-7f4150cfd000 r-xp 00000000 08:01 12845520                   /usr/lib/jvm/java-7-openjdk-amd64/jre/lib/amd64/libnio.so
7f4150cfd000-7f4150efd000 ---p 00010000 08:01 12845520                   /usr/lib/jvm/java-7-openjdk-amd64/jre/lib/amd64/libnio.so
7f4150efd000-7f4150efe000 r--p 00010000 08:01 12845520                   /usr/lib/jvm/java-7-openjdk-amd64/jre/lib/amd64/libnio.so
7f4150efe000-7f4150eff000 rw-p 00011000 08:01 12845520                   /usr/lib/jvm/java-7-openjdk-amd64/jre/lib/amd64/libnio.so
7f4150eff000-7f4150f00000 ---p 00000000 00:00 0 
7f4150f00000-7f4151000000 rw-p 00000000 00:00 0                          [stack:26803]
7f4151000000-7f41512d0000 rwxp 00000000 00:00 0 
7f41512d0000-7f41542ff000 rw-p 00000000 00:00 0 
7f41542ff000-7f4158000000 ---p 00000000 00:00 0 
7f41580b6000-7f41580c6000 r--s 000a9000 00:18 2230204                    /home/hscissors/AndroidStudioProjects/Timeline2/app/build/intermediates/exploded-aar/com.android.support/support-v4/21.0.0/classes.jar
7f41580c6000-7f41580d4000 r--s 000dc000 00:18 920441                     /home/hscissors/Downloads/android-studio/sdk/build-tools/21.0.0/lib/dx.jar
7f41580d4000-7f41580d7000 ---p 00000000 00:00 0 
7f41580d7000-7f41581d5000 rw-p 00000000 00:00 0                          [stack:26802]
7f41581d5000-7f41581d8000 ---p 00000000 00:00 0 
7f41581d8000-7f41582d6000 rw-p 00000000 00:00 0                          [stack:26801]
7f41582d6000-7f41582d9000 ---p 00000000 00:00 0 
7f41582d9000-7f41583d7000 rw-p 00000000 00:00 0                          [stack:26800]
7f41583d7000-7f41583da000 ---p 00000000 00:00 0 
7f41583da000-7f41584d8000 rw-p 00000000 00:00 0                          [stack:26799]
7f41584d8000-7f4158bba000 r--p 00000000 08:01 12720962                   /usr/lib/locale/locale-archive
7f4158bba000-7f4158bbd000 ---p 00000000 00:00 0 
7f4158bbd000-7f4158cbb000 rw-p 00000000 00:00 0                          [stack:26783]
7f4158cbb000-7f4158cbe000 ---p 00000000 00:00 0 
7f4158cbe000-7f4158dbc000 rw-p 00000000 00:00 0                          [stack:26782]
7f4158dbc000-7f4158dbd000 ---p 00000000 00:00 0 
7f4158dbd000-7f4159e15000 rw-p 00000000 00:00 0                          [stack:26780]
7f4159e15000-7f4159fc6000 r--s 01d21000 08:01 12845500                   /usr/lib/jvm/java-7-openjdk-amd64/jre/lib/rt.jar
7f4159fc6000-7f415a2ea000 rw-p 00000000 00:00 0 
7f415a2ea000-7f415a2eb000 ---p 00000000 00:00 0 
7f415a2eb000-7f415a3eb000 rw-p 00000000 00:00 0                          [stack:26771]
7f415a3eb000-7f415a3ec000 ---p 00000000 00:00 0 
7f415a3ec000-7f415a4ec000 rw-p 00000000 00:00 0                          [stack:26770]
7f415a4ec000-7f415a4ed000 ---p 00000000 00:00 0 
7f415a4ed000-7f415a5ed000 rw-p 00000000 00:00 0                          [stack:26769]
7f415a5ed000-7f415a5ee000 ---p 00000000 00:00 0 
7f415a5ee000-7f415a6f9000 rw-p 00000000 00:00 0                          [stack:26758]
7f415a6f9000-7f415a741000 rw-p 00000000 00:00 0 
7f415a741000-7f415a760000 rw-p 00000000 00:00 0 
7f415a760000-7f415a897000 rw-p 00000000 00:00 0 
7f415a897000-7f415a8a2000 rw-p 00000000 00:00 0 
7f415a8a2000-7f415a8ea000 rw-p 00000000 00:00 0 
7f415a8ea000-7f415a909000 rw-p 00000000 00:00 0 
7f415a909000-7f415aa3f000 rw-p 00000000 00:00 0 
7f415aa3f000-7f415aa7c000 rw-p 00000000 00:00 0 
7f415aa7c000-7f415aaea000 rw-p 00000000 00:00 0 
7f415aaea000-7f415aaeb000 rw-p 00000000 00:00 0 
7f415aaeb000-7f415aaf3000 r-xp 00000000 08:01 12845516                   /usr/lib/jvm/java-7-openjdk-amd64/jre/lib/amd64/libzip.so
7f415aaf3000-7f415acf2000 ---p 00008000 08:01 12845516                   /usr/lib/jvm/java-7-openjdk-amd64/jre/lib/amd64/libzip.so
7f415acf2000-7f415acf3000 r--p 00007000 08:01 12845516                   /usr/lib/jvm/java-7-openjdk-amd64/jre/lib/amd64/libzip.so
7f415acf3000-7f415acf4000 rw-p 00008000 08:01 12845516                   /usr/lib/jvm/java-7-openjdk-amd64/jre/lib/amd64/libzip.so
7f415acf4000-7f415acff000 r-xp 00000000 08:01 2494499                    /lib/x86_64-linux-gnu/libnss_files-2.19.so
7f415acff000-7f415aefe000 ---p 0000b000 08:01 2494499                    /lib/x86_64-linux-gnu/libnss_files-2.19.so
7f415aefe000-7f415aeff000 r--p 0000a000 08:01 2494499                    /lib/x86_64-linux-gnu/libnss_files-2.19.so
7f415aeff000-7f415af00000 rw-p 0000b000 08:01 2494499                    /lib/x86_64-linux-gnu/libnss_files-2.19.so
7f415af00000-7f415af0b000 r-xp 00000000 08:01 2494503                    /lib/x86_64-linux-gnu/libnss_nis-2.19.so
7f415af0b000-7f415b10a000 ---p 0000b000 08:01 2494503                    /lib/x86_64-linux-gnu/libnss_nis-2.19.so
7f415b10a000-7f415b10b000 r--p 0000a000 08:01 2494503                    /lib/x86_64-linux-gnu/libnss_nis-2.19.so
7f415b10b000-7f415b10c000 rw-p 0000b000 08:01 2494503                    /lib/x86_64-linux-gnu/libnss_nis-2.19.so
7f415b10c000-7f415b123000 r-xp 00000000 08:01 2494373                    /lib/x86_64-linux-gnu/libnsl-2.19.so
7f415b123000-7f415b322000 ---p 00017000 08:01 2494373                    /lib/x86_64-linux-gnu/libnsl-2.19.so
7f415b322000-7f415b323000 r--p 00016000 08:01 2494373                    /lib/x86_64-linux-gnu/libnsl-2.19.so
7f415b323000-7f415b324000 rw-p 00017000 08:01 2494373                    /lib/x86_64-linux-gnu/libnsl-2.19.so
7f415b324000-7f415b326000 rw-p 00000000 00:00 0 
7f415b326000-7f415b32f000 r-xp 00000000 08:01 2494283                    /lib/x86_64-linux-gnu/libnss_compat-2.19.so
7f415b32f000-7f415b52e000 ---p 00009000 08:01 2494283                    /lib/x86_64-linux-gnu/libnss_compat-2.19.so
7f415b52e000-7f415b52f000 r--p 00008000 08:01 2494283                    /lib/x86_64-linux-gnu/libnss_compat-2.19.so
7f415b52f000-7f415b530000 rw-p 00009000 08:01 2494283                    /lib/x86_64-linux-gnu/libnss_compat-2.19.so
7f415b530000-7f415b55b000 r-xp 00000000 08:01 12845515                   /usr/lib/jvm/java-7-openjdk-amd64/jre/lib/amd64/libjava.so
7f415b55b000-7f415b75b000 ---p 0002b000 08:01 12845515                   /usr/lib/jvm/java-7-openjdk-amd64/jre/lib/amd64/libjava.so
7f415b75b000-7f415b75c000 r--p 0002b000 08:01 12845515                   /usr/lib/jvm/java-7-openjdk-amd64/jre/lib/amd64/libjava.so
7f415b75c000-7f415b75e000 rw-p 0002c000 08:01 12845515                   /usr/lib/jvm/java-7-openjdk-amd64/jre/lib/amd64/libjava.so
7f415b75e000-7f415b76e000 r-xp 00000000 08:01 12845541                   /usr/lib/jvm/java-7-openjdk-amd64/jre/lib/amd64/libverify.so
7f415b76e000-7f415b96d000 ---p 00010000 08:01 12845541                   /usr/lib/jvm/java-7-openjdk-amd64/jre/lib/amd64/libverify.so
7f415b96d000-7f415b96f000 r--p 0000f000 08:01 12845541                   /usr/lib/jvm/java-7-openjdk-amd64/jre/lib/amd64/libverify.so
7f415b96f000-7f415b970000 rw-p 00011000 08:01 12845541                   /usr/lib/jvm/java-7-openjdk-amd64/jre/lib/amd64/libverify.so
7f415b970000-7f415b977000 r-xp 00000000 08:01 2494380                    /lib/x86_64-linux-gnu/librt-2.19.so
7f415b977000-7f415bb76000 ---p 00007000 08:01 2494380                    /lib/x86_64-linux-gnu/librt-2.19.so
7f415bb76000-7f415bb77000 r--p 00006000 08:01 2494380                    /lib/x86_64-linux-gnu/librt-2.19.so
7f415bb77000-7f415bb78000 rw-p 00007000 08:01 2494380                    /lib/x86_64-linux-gnu/librt-2.19.so
7f415bb78000-7f415bb8e000 r-xp 00000000 08:01 2490394                    /lib/x86_64-linux-gnu/libgcc_s.so.1
7f415bb8e000-7f415bd8d000 ---p 00016000 08:01 2490394                    /lib/x86_64-linux-gnu/libgcc_s.so.1
7f415bd8d000-7f415bd8e000 rw-p 00015000 08:01 2490394                    /lib/x86_64-linux-gnu/libgcc_s.so.1
7f415bd8e000-7f415be93000 r-xp 00000000 08:01 2494448                    /lib/x86_64-linux-gnu/libm-2.19.so
7f415be93000-7f415c092000 ---p 00105000 08:01 2494448                    /lib/x86_64-linux-gnu/libm-2.19.so
7f415c092000-7f415c093000 r--p 00104000 08:01 2494448                    /lib/x86_64-linux-gnu/libm-2.19.so
7f415c093000-7f415c094000 rw-p 00105000 08:01 2494448                    /lib/x86_64-linux-gnu/libm-2.19.so
7f415c094000-7f415c17a000 r-xp 00000000 08:01 12722869                   /usr/lib/x86_64-linux-gnu/libstdc++.so.6.0.19
7f415c17a000-7f415c379000 ---p 000e6000 08:01 12722869                   /usr/lib/x86_64-linux-gnu/libstdc++.so.6.0.19
7f415c379000-7f415c381000 r--p 000e5000 08:01 12722869                   /usr/lib/x86_64-linux-gnu/libstdc++.so.6.0.19
7f415c381000-7f415c383000 rw-p 000ed000 08:01 12722869                   /usr/lib/x86_64-linux-gnu/libstdc++.so.6.0.19
7f415c383000-7f415c398000 rw-p 00000000 00:00 0 
7f415c398000-7f415ceae000 r-xp 00000000 08:01 12845531                   /usr/lib/jvm/java-7-openjdk-amd64/jre/lib/amd64/server/libjvm.so
7f415ceae000-7f415d0ad000 ---p 00b16000 08:01 12845531                   /usr/lib/jvm/java-7-openjdk-amd64/jre/lib/amd64/server/libjvm.so
7f415d0ad000-7f415d147000 r--p 00b15000 08:01 12845531                   /usr/lib/jvm/java-7-openjdk-amd64/jre/lib/amd64/server/libjvm.so
7f415d147000-7f415d16a000 rw-p 00baf000 08:01 12845531                   /usr/lib/jvm/java-7-openjdk-amd64/jre/lib/amd64/server/libjvm.so
7f415d16a000-7f415d198000 rw-p 00000000 00:00 0 
7f415d198000-7f415d1b0000 r-xp 00000000 08:01 2494526                    /lib/x86_64-linux-gnu/libz.so.1.2.8
7f415d1b0000-7f415d3af000 ---p 00018000 08:01 2494526                    /lib/x86_64-linux-gnu/libz.so.1.2.8
7f415d3af000-7f415d3b0000 r--p 00017000 08:01 2494526                    /lib/x86_64-linux-gnu/libz.so.1.2.8
7f415d3b0000-7f415d3b1000 rw-p 00018000 08:01 2494526                    /lib/x86_64-linux-gnu/libz.so.1.2.8
7f415d3b1000-7f415d3ca000 r-xp 00000000 08:01 2495718                    /lib/x86_64-linux-gnu/libpthread-2.19.so
7f415d3ca000-7f415d5c9000 ---p 00019000 08:01 2495718                    /lib/x86_64-linux-gnu/libpthread-2.19.so
7f415d5c9000-7f415d5ca000 r--p 00018000 08:01 2495718                    /lib/x86_64-linux-gnu/libpthread-2.19.so
7f415d5ca000-7f415d5cb000 rw-p 00019000 08:01 2495718                    /lib/x86_64-linux-gnu/libpthread-2.19.so
7f415d5cb000-7f415d5cf000 rw-p 00000000 00:00 0 
7f415d5cf000-7f415d5d2000 r-xp 00000000 08:01 2495712                    /lib/x86_64-linux-gnu/libdl-2.19.so
7f415d5d2000-7f415d7d1000 ---p 00003000 08:01 2495712                    /lib/x86_64-linux-gnu/libdl-2.19.so
7f415d7d1000-7f415d7d2000 r--p 00002000 08:01 2495712                    /lib/x86_64-linux-gnu/libdl-2.19.so
7f415d7d2000-7f415d7d3000 rw-p 00003000 08:01 2495712                    /lib/x86_64-linux-gnu/libdl-2.19.so
7f415d7d3000-7f415d98e000 r-xp 00000000 08:01 2494434                    /lib/x86_64-linux-gnu/libc-2.19.so
7f415d98e000-7f415db8e000 ---p 001bb000 08:01 2494434                    /lib/x86_64-linux-gnu/libc-2.19.so
7f415db8e000-7f415db92000 r--p 001bb000 08:01 2494434                    /lib/x86_64-linux-gnu/libc-2.19.so
7f415db92000-7f415db94000 rw-p 001bf000 08:01 2494434                    /lib/x86_64-linux-gnu/libc-2.19.so
7f415db94000-7f415db99000 rw-p 00000000 00:00 0 
7f415db99000-7f415dba6000 r-xp 00000000 08:01 12845544                   /usr/lib/jvm/java-7-openjdk-amd64/jre/lib/amd64/jli/libjli.so
7f415dba6000-7f415dda5000 ---p 0000d000 08:01 12845544                   /usr/lib/jvm/java-7-openjdk-amd64/jre/lib/amd64/jli/libjli.so
7f415dda5000-7f415dda6000 r--p 0000c000 08:01 12845544                   /usr/lib/jvm/java-7-openjdk-amd64/jre/lib/amd64/jli/libjli.so
7f415dda6000-7f415dda7000 rw-p 0000d000 08:01 12845544                   /usr/lib/jvm/java-7-openjdk-amd64/jre/lib/amd64/jli/libjli.so
7f415dda7000-7f415ddca000 r-xp 00000000 08:01 2494436                    /lib/x86_64-linux-gnu/ld-2.19.so
7f415ddcc000-7f415ddcd000 rw-p 00000000 00:00 0 
7f415ddcd000-7f415ddd0000 r--s 00032000 08:01 12979352                   /usr/lib/jvm/java-7-openjdk-amd64/jre/lib/ext/sunjce_provider.jar
7f415ddd0000-7f415ddf4000 rw-p 00000000 00:00 0 
7f415ddf4000-7f415dea8000 rw-p 00000000 00:00 0 
7f415dea8000-7f415deab000 ---p 00000000 00:00 0 
7f415deab000-7f415dfae000 rw-p 00000000 00:00 0                          [stack:26753]
7f415dfae000-7f415dfaf000 r--s 00002000 08:01 12980329                   /usr/lib/jvm/java-7-openjdk-amd64/jre/lib/ext/dnsns.jar
7f415dfaf000-7f415dfb1000 r--s 00006000 08:01 13114012                   /usr/share/java/java-atk-wrapper.jar
7f415dfb1000-7f415dfb4000 r--s 0003c000 08:01 12979354                   /usr/lib/jvm/java-7-openjdk-amd64/jre/lib/ext/sunpkcs11.jar
7f415dfb4000-7f415dfb6000 r--s 00012000 08:01 12980328                   /usr/lib/jvm/java-7-openjdk-amd64/jre/lib/ext/zipfs.jar
7f415dfb6000-7f415dfb9000 r--s 0000f000 08:01 12979353                   /usr/lib/jvm/java-7-openjdk-amd64/jre/lib/ext/pulse-java.jar
7f415dfb9000-7f415dfbd000 r--s 00085000 08:01 12980330                   /usr/lib/jvm/java-7-openjdk-amd64/jre/lib/ext/localedata.jar
7f415dfbd000-7f415dfc5000 rw-s 00000000 08:01 530410                     /tmp/hsperfdata_hscissors/26720
7f415dfc5000-7f415dfc6000 rw-p 00000000 00:00 0 
7f415dfc6000-7f415dfc7000 ---p 00000000 00:00 0 
7f415dfc7000-7f415dfc9000 rw-p 00000000 00:00 0 
7f415dfc9000-7f415dfca000 r--p 00022000 08:01 2494436                    /lib/x86_64-linux-gnu/ld-2.19.so
7f415dfca000-7f415dfcb000 rw-p 00023000 08:01 2494436                    /lib/x86_64-linux-gnu/ld-2.19.so
7f415dfcb000-7f415dfcc000 rw-p 00000000 00:00 0 
7fff8aa2c000-7fff8aa4e000 rw-p 00000000 00:00 0                          [stack]
7fff8abf5000-7fff8abf7000 r-xp 00000000 00:00 0                          [vdso]
ffffffffff600000-ffffffffff601000 r-xp 00000000 00:00 0                  [vsyscall]

VM Arguments:
jvm_args: -Xmx1024M 
java_command: /home/hscissors/Downloads/android-studio/sdk/build-tools/21.0.0/lib/dx.jar --dex --output /home/hscissors/AndroidStudioProjects/Timeline2/app/build/intermediates/pre-dexed/debug/classes-2c71d107f464df7bc62c9183b04f2fb6e90fe61a.jar /home/hscissors/AndroidStudioProjects/Timeline2/app/build/intermediates/exploded-aar/com.android.support/support-v4/21.0.0/classes.jar
Launcher Type: SUN_STANDARD

Environment Variables:
CLASSPATH=./../lib/bootstrap.jar:./../lib/extensions.jar:./../lib/util.jar:./../lib/jdom.jar:./../lib/log4j.jar:./../lib/trove4j.jar:./../lib/jna.jar:/usr/lib/jvm/java-7-openjdk-amd64/lib/tools.jar
PATH=/home/hscissors/.rvm/gems/ruby-1.9.3-p547/bin:/home/hscissors/.rvm/gems/ruby-1.9.3-p547@global/bin:/home/hscissors/.rvm/rubies/ruby-1.9.3-p547/bin:/usr/local/sbin:/usr/local/bin:/usr/sbin:/usr/bin:/sbin:/bin:/usr/games:/usr/local/games:/home/hscissors/.rvm/bin:/home/hscissors/.rvm/bin
LD_LIBRARY_PATH=.:
SHELL=/bin/bash
DISPLAY=:0

Signal Handlers:
SIGSEGV: [libjvm.so+0x949180], sa_mask[0]=0x7ffbfeff, sa_flags=0x10000004
SIGBUS: [libjvm.so+0x949180], sa_mask[0]=0x7ffbfeff, sa_flags=0x10000004
SIGFPE: [libjvm.so+0x7c2ec0], sa_mask[0]=0x7ffbfeff, sa_flags=0x10000004
SIGPIPE: [libjvm.so+0x7c2ec0], sa_mask[0]=0x7ffbfeff, sa_flags=0x10000004
SIGXFSZ: [libjvm.so+0x7c2ec0], sa_mask[0]=0x7ffbfeff, sa_flags=0x10000004
SIGILL: [libjvm.so+0x7c2ec0], sa_mask[0]=0x7ffbfeff, sa_flags=0x10000004
SIGUSR1: SIG_DFL, sa_mask[0]=0x00000000, sa_flags=0x00000000
SIGUSR2: [libjvm.so+0x7c2d60], sa_mask[0]=0x00000004, sa_flags=0x10000004
SIGHUP: [libjvm.so+0x7c2f40], sa_mask[0]=0x7ffbfeff, sa_flags=0x10000004
SIGINT: [libjvm.so+0x7c2f40], sa_mask[0]=0x7ffbfeff, sa_flags=0x10000004
SIGTERM: [libjvm.so+0x7c2f40], sa_mask[0]=0x7ffbfeff, sa_flags=0x10000004
SIGQUIT: [libjvm.so+0x7c2f40], sa_mask[0]=0x7ffbfeff, sa_flags=0x10000004
SIGTRAP: SIG_DFL, sa_mask[0]=0x00000000, sa_flags=0x00000000


---------------  S Y S T E M  ---------------

OS:Ubuntu 14.04 (trusty)
uname:Linux 3.13.0-36-generic #63-Ubuntu SMP Wed Sep 3 21:30:07 UTC 2014 x86_64
libc:glibc 2.19 NPTL 2.19 
rlimit: STACK 8192k, CORE 0k, NPROC 46371, NOFILE 4096, AS infinity
load average:4.31 1.36 0.75

/proc/meminfo:
MemTotal:        5965356 kB
MemFree:          127756 kB
Buffers:             392 kB
Cached:           473696 kB
SwapCached:            0 kB
Active:          5081540 kB
Inactive:         466776 kB
Active(anon):    5078176 kB
Inactive(anon):   461832 kB
Active(file):       3364 kB
Inactive(file):     4944 kB
Unevictable:          32 kB
Mlocked:              32 kB
SwapTotal:             0 kB
SwapFree:              0 kB
Dirty:                 0 kB
Writeback:             0 kB
AnonPages:       5075588 kB
Mapped:           176668 kB
Shmem:            464660 kB
Slab:             105840 kB
SReclaimable:      38392 kB
SUnreclaim:        67448 kB
KernelStack:        6824 kB
PageTables:        64332 kB
NFS_Unstable:          0 kB
Bounce:                0 kB
WritebackTmp:          0 kB
CommitLimit:     2982676 kB
Committed_AS:   12269912 kB
VmallocTotal:   34359738367 kB
VmallocUsed:      354728 kB
VmallocChunk:   34359374700 kB
HardwareCorrupted:     0 kB
AnonHugePages:   1894400 kB
HugePages_Total:       0
HugePages_Free:        0
HugePages_Rsvd:        0
HugePages_Surp:        0
Hugepagesize:       2048 kB
DirectMap4k:       99136 kB
DirectMap2M:     6045696 kB


CPU:total 4 (2 cores per cpu, 2 threads per core) family 6 model 58 stepping 9, cmov, cx8, fxsr, mmx, sse, sse2, sse3, ssse3, sse4.1, sse4.2, popcnt, avx, aes, erms, ht, tsc, tscinvbit, tscinv

/proc/cpuinfo:
processor	: 0
vendor_id	: GenuineIntel
cpu family	: 6
model		: 58
model name	: Intel(R) Core(TM) i5-3230M CPU @ 2.60GHz
stepping	: 9
microcode	: 0x15
cpu MHz		: 2601.000
cache size	: 3072 KB
physical id	: 0
siblings	: 4
core id		: 0
cpu cores	: 2
apicid		: 0
initial apicid	: 0
fpu		: yes
fpu_exception	: yes
cpuid level	: 13
wp		: yes
flags		: fpu vme de pse tsc msr pae mce cx8 apic sep mtrr pge mca cmov pat pse36 clflush dts acpi mmx fxsr sse sse2 ss ht tm pbe syscall nx rdtscp lm constant_tsc arch_perfmon pebs bts rep_good nopl xtopology nonstop_tsc aperfmperf eagerfpu pni pclmulqdq dtes64 monitor ds_cpl vmx est tm2 ssse3 cx16 xtpr pdcm pcid sse4_1 sse4_2 x2apic popcnt tsc_deadline_timer aes xsave avx f16c rdrand lahf_lm ida arat epb xsaveopt pln pts dtherm tpr_shadow vnmi flexpriority ept vpid fsgsbase smep erms
bogomips	: 5188.69
clflush size	: 64
cache_alignment	: 64
address sizes	: 36 bits physical, 48 bits virtual
power management:

processor	: 1
vendor_id	: GenuineIntel
cpu family	: 6
model		: 58
model name	: Intel(R) Core(TM) i5-3230M CPU @ 2.60GHz
stepping	: 9
microcode	: 0x15
cpu MHz		: 2601.000
cache size	: 3072 KB
physical id	: 0
siblings	: 4
core id		: 0
cpu cores	: 2
apicid		: 1
initial apicid	: 1
fpu		: yes
fpu_exception	: yes
cpuid level	: 13
wp		: yes
flags		: fpu vme de pse tsc msr pae mce cx8 apic sep mtrr pge mca cmov pat pse36 clflush dts acpi mmx fxsr sse sse2 ss ht tm pbe syscall nx rdtscp lm constant_tsc arch_perfmon pebs bts rep_good nopl xtopology nonstop_tsc aperfmperf eagerfpu pni pclmulqdq dtes64 monitor ds_cpl vmx est tm2 ssse3 cx16 xtpr pdcm pcid sse4_1 sse4_2 x2apic popcnt tsc_deadline_timer aes xsave avx f16c rdrand lahf_lm ida arat epb xsaveopt pln pts dtherm tpr_shadow vnmi flexpriority ept vpid fsgsbase smep erms
bogomips	: 5188.69
clflush size	: 64
cache_alignment	: 64
address sizes	: 36 bits physical, 48 bits virtual
power management:

processor	: 2
vendor_id	: GenuineIntel
cpu family	: 6
model		: 58
model name	: Intel(R) Core(TM) i5-3230M CPU @ 2.60GHz
stepping	: 9
microcode	: 0x15
cpu MHz		: 2601.000
cache size	: 3072 KB
physical id	: 0
siblings	: 4
core id		: 1
cpu cores	: 2
apicid		: 2
initial apicid	: 2
fpu		: yes
fpu_exception	: yes
cpuid level	: 13
wp		: yes
flags		: fpu vme de pse tsc msr pae mce cx8 apic sep mtrr pge mca cmov pat pse36 clflush dts acpi mmx fxsr sse sse2 ss ht tm pbe syscall nx rdtscp lm constant_tsc arch_perfmon pebs bts rep_good nopl xtopology nonstop_tsc aperfmperf eagerfpu pni pclmulqdq dtes64 monitor ds_cpl vmx est tm2 ssse3 cx16 xtpr pdcm pcid sse4_1 sse4_2 x2apic popcnt tsc_deadline_timer aes xsave avx f16c rdrand lahf_lm ida arat epb xsaveopt pln pts dtherm tpr_shadow vnmi flexpriority ept vpid fsgsbase smep erms
bogomips	: 5188.69
clflush size	: 64
cache_alignment	: 64
address sizes	: 36 bits physical, 48 bits virtual
power management:

processor	: 3
vendor_id	: GenuineIntel
cpu family	: 6
model		: 58
model name	: Intel(R) Core(TM) i5-3230M CPU @ 2.60GHz
stepping	: 9
microcode	: 0x15
cpu MHz		: 2601.000
cache size	: 3072 KB
physical id	: 0
siblings	: 4
core id		: 1
cpu cores	: 2
apicid		: 3
initial apicid	: 3
fpu		: yes
fpu_exception	: yes
cpuid level	: 13
wp		: yes
flags		: fpu vme de pse tsc msr pae mce cx8 apic sep mtrr pge mca cmov pat pse36 clflush dts acpi mmx fxsr sse sse2 ss ht tm pbe syscall nx rdtscp lm constant_tsc arch_perfmon pebs bts rep_good nopl xtopology nonstop_tsc aperfmperf eagerfpu pni pclmulqdq dtes64 monitor ds_cpl vmx est tm2 ssse3 cx16 xtpr pdcm pcid sse4_1 sse4_2 x2apic popcnt tsc_deadline_timer aes xsave avx f16c rdrand lahf_lm ida arat epb xsaveopt pln pts dtherm tpr_shadow vnmi flexpriority ept vpid fsgsbase smep erms
bogomips	: 5188.69
clflush size	: 64
cache_alignment	: 64
address sizes	: 36 bits physical, 48 bits virtual
power management:



Memory: 4k page, physical 5965356k(127068k free), swap 0k(0k free)

vm_info: OpenJDK 64-Bit Server VM (24.65-b04) for linux-amd64 JRE (1.7.0_65-b32), built on Sep 10 2014 05:56:05 by "buildd" with gcc 4.8.2

time: Sun Oct 26 18:23:15 2014
elapsed time: 13 seconds

