#
# There is insufficient memory for the Java Runtime Environment to continue.
# Native memory allocation (malloc) failed to allocate 131072000 bytes for committing reserved memory.
# Possible reasons:
#   The system is out of physical RAM or swap space
#   In 32 bit mode, the process size limit was hit
# Possible solutions:
#   Reduce memory load on the system
#   Increase physical memory or swap space
#   Check if swap backing store is full
#   Use 64 bit Java on a 64 bit OS
#   Decrease Java heap size (-Xmx/-Xms)
#   Decrease number of Java threads
#   Decrease Java thread stack sizes (-Xss)
#   Set larger code cache with -XX:ReservedCodeCacheSize=
# This output file may be truncated or incomplete.
#
#  Out of Memory Error (os_linux.cpp:2798), pid=28261, tid=140540360034048
#
# JRE version: OpenJDK Runtime Environment (7.0_65-b32) (build 1.7.0_65-b32)
# Java VM: OpenJDK 64-Bit Server VM (24.65-b04 mixed mode linux-amd64 compressed oops)
# Derivative: IcedTea 2.5.2
# Distribution: Ubuntu 14.04 LTS, package 7u65-2.5.2-3~14.04
# Failed to write core dump. Core dumps have been disabled. To enable core dumping, try "ulimit -c unlimited" before starting Java again
#

---------------  T H R E A D  ---------------

Current thread (0x00007fd22013c800):  VMThread [stack: 0x00007fd21a2c8000,0x00007fd21a3c9000] [id=28320]

Stack: [0x00007fd21a2c8000,0x00007fd21a3c9000],  sp=0x00007fd21a3c7490,  free space=1021k
Native frames: (J=compiled Java code, j=interpreted, Vv=VM code, C=native code)
V  [libjvm.so+0x9486a5]  VMError::report_and_die()+0x175
V  [libjvm.so+0x48b904]  report_vm_out_of_memory(char const*, int, unsigned long, char const*)+0x74
V  [libjvm.so+0x7c76ab]  os::pd_commit_memory(char*, unsigned long, unsigned long, bool)+0xeb
V  [libjvm.so+0x7c216f]  os::commit_memory(char*, unsigned long, unsigned long, bool)+0x1f
V  [libjvm.so+0x8338fb]  PSVirtualSpace::expand_by(unsigned long)+0x5b
V  [libjvm.so+0x834750]  PSYoungGen::resize_generation(unsigned long, unsigned long)+0xb0
V  [libjvm.so+0x834e3b]  PSYoungGen::resize(unsigned long, unsigned long)+0x1b
V  [libjvm.so+0x831120]  PSScavenge::invoke_no_policy()+0xde0
V  [libjvm.so+0x8318f8]  PSScavenge::invoke()+0x38
V  [libjvm.so+0x7e82d3]  ParallelScavengeHeap::failed_mem_allocate(unsigned long)+0x63
V  [libjvm.so+0x94a0a4]  VM_ParallelGCFailedAllocation::doit()+0x84
V  [libjvm.so+0x94e597]  VM_Operation::evaluate()+0x47
V  [libjvm.so+0x94cf08]  VMThread::evaluate_operation(VM_Operation*)+0x318
V  [libjvm.so+0x94d369]  VMThread::loop()+0x219
V  [libjvm.so+0x94d7b2]  VMThread::run()+0x72
V  [libjvm.so+0x7c4572]  java_start(Thread*)+0xf2

VM_Operation (0x00007fd228a72c60): ParallelGCFailedAllocation, mode: safepoint, requested by thread 0x00007fd22000a000


---------------  P R O C E S S  ---------------

Java Threads: ( => current thread )
  0x00007fd22016b800 JavaThread "Service Thread" daemon [_thread_blocked, id=28338, stack(0x00007fd2195e0000,0x00007fd2196e1000)]
  0x00007fd220169800 JavaThread "C2 CompilerThread1" daemon [_thread_blocked, id=28337, stack(0x00007fd2196e1000,0x00007fd2197e2000)]
  0x00007fd220166800 JavaThread "C2 CompilerThread0" daemon [_thread_blocked, id=28335, stack(0x00007fd2197e2000,0x00007fd2198e3000)]
  0x00007fd220164000 JavaThread "Signal Dispatcher" daemon [_thread_blocked, id=28334, stack(0x00007fd2198e3000,0x00007fd2199e4000)]
  0x00007fd220143000 JavaThread "Finalizer" daemon [_thread_blocked, id=28325, stack(0x00007fd21a0c6000,0x00007fd21a1c7000)]
  0x00007fd220141000 JavaThread "Reference Handler" daemon [_thread_blocked, id=28324, stack(0x00007fd21a1c7000,0x00007fd21a2c8000)]
  0x00007fd22000a000 JavaThread "main" [_thread_blocked, id=28305, stack(0x00007fd228974000,0x00007fd228a75000)]

Other Threads:
=>0x00007fd22013c800 VMThread [stack: 0x00007fd21a2c8000,0x00007fd21a3c9000] [id=28320]
  0x00007fd220176800 WatcherThread [stack: 0x00007fd2194df000,0x00007fd2195e0000] [id=28341]

VM state:at safepoint (normal execution)

VM Mutex/Monitor currently owned by a thread:  ([mutex/lock_event])
[0x00007fd220006730] Threads_lock - owner thread: 0x00007fd22013c800
[0x00007fd220006c30] Heap_lock - owner thread: 0x00007fd22000a000

Heap
 PSYoungGen      total 99840K, used 3565K [0x00000000eaa80000, 0x00000000f0f80000, 0x0000000100000000)
  eden space 96256K, 0% used [0x00000000eaa80000,0x00000000eaa80000,0x00000000f0880000)
  from space 3584K, 99% used [0x00000000f0880000,0x00000000f0bfb568,0x00000000f0c00000)
  to   space 3584K, 0% used [0x00000000f0c00000,0x00000000f0c00000,0x00000000f0f80000)
 ParOldGen       total 61952K, used 34657K [0x00000000c0000000, 0x00000000c3c80000, 0x00000000eaa80000)
  object space 61952K, 55% used [0x00000000c0000000,0x00000000c21d8460,0x00000000c3c80000)
 PSPermGen       total 21504K, used 5908K [0x00000000b5a00000, 0x00000000b6f00000, 0x00000000c0000000)
  object space 21504K, 27% used [0x00000000b5a00000,0x00000000b5fc5120,0x00000000b6f00000)

Card table byte_map: [0x00007fd225363000,0x00007fd2255b7000] byte_map_base: 0x00007fd224db6000

Polling page: 0x00007fd228a92000

Code Cache  [0x00007fd21d000000, 0x00007fd21d290000, 0x00007fd220000000)
 total_blobs=852 nmethods=624 adapters=181 free_code_cache=46732Kb largest_free_block=47705792

Compilation events (10 events):
Event: 12.303 Thread 0x00007fd220166800 nmethod 634 0x00007fd21d25fd90 code [0x00007fd21d25fec0, 0x00007fd21d25ff58]
Event: 12.304 Thread 0x00007fd220166800  635             com.android.dx.rop.cst.CstMemberRef::isCategory2 (2 bytes)
Event: 12.304 Thread 0x00007fd220166800 nmethod 635 0x00007fd21d230650 code [0x00007fd21d230780, 0x00007fd21d2307d8]
Event: 12.304 Thread 0x00007fd220166800  636             com.android.dx.rop.type.Prototype::getParameterFrameTypes (96 bytes)
Event: 12.308 Thread 0x00007fd220169800 nmethod 633 0x00007fd21d25fb50 code [0x00007fd21d25fc80, 0x00007fd21d25fcf8]
Event: 12.308 Thread 0x00007fd220169800  637             com.android.dx.ssa.SsaMethod::access$000 (5 bytes)
Event: 12.308 Thread 0x00007fd220169800 nmethod 637 0x00007fd21d263a50 code [0x00007fd21d263b80, 0x00007fd21d263bd8]
Event: 12.309 Thread 0x00007fd220169800  638             com.android.dx.rop.cst.CstString::getType (4 bytes)
Event: 12.309 Thread 0x00007fd220169800 nmethod 638 0x00007fd21d263850 code [0x00007fd21d263980, 0x00007fd21d2639d8]
Event: 12.312 Thread 0x00007fd220166800 nmethod 636 0x00007fd21d25c5d0 code [0x00007fd21d25c740, 0x00007fd21d25ca78]

GC Heap History (9 events):
Event: 2.205 GC heap before
{Heap before GC invocations=1 (full 0):
 PSYoungGen      total 27648K, used 24064K [0x00000000eaa80000, 0x00000000ec900000, 0x0000000100000000)
  eden space 24064K, 100% used [0x00000000eaa80000,0x00000000ec200000,0x00000000ec200000)
  from space 3584K, 0% used [0x00000000ec580000,0x00000000ec580000,0x00000000ec900000)
  to   space 3584K, 0% used [0x00000000ec200000,0x00000000ec200000,0x00000000ec580000)
 ParOldGen       total 61952K, used 0K [0x00000000c0000000, 0x00000000c3c80000, 0x00000000eaa80000)
  object space 61952K, 0% used [0x00000000c0000000,0x00000000c0000000,0x00000000c3c80000)
 PSPermGen       total 21504K, used 5634K [0x00000000b5a00000, 0x00000000b6f00000, 0x00000000c0000000)
  object space 21504K, 26% used [0x00000000b5a00000,0x00000000b5f80ba8,0x00000000b6f00000)
Event: 2.240 GC heap after
Heap after GC invocations=1 (full 0):
 PSYoungGen      total 27648K, used 3575K [0x00000000eaa80000, 0x00000000ee080000, 0x0000000100000000)
  eden space 24064K, 0% used [0x00000000eaa80000,0x00000000eaa80000,0x00000000ec200000)
  from space 3584K, 99% used [0x00000000ec200000,0x00000000ec57dc78,0x00000000ec580000)
  to   space 3584K, 0% used [0x00000000edd00000,0x00000000edd00000,0x00000000ee080000)
 ParOldGen       total 61952K, used 1562K [0x00000000c0000000, 0x00000000c3c80000, 0x00000000eaa80000)
  object space 61952K, 2% used [0x00000000c0000000,0x00000000c0186ba8,0x00000000c3c80000)
 PSPermGen       total 21504K, used 5634K [0x00000000b5a00000, 0x00000000b6f00000, 0x00000000c0000000)
  object space 21504K, 26% used [0x00000000b5a00000,0x00000000b5f80ba8,0x00000000b6f00000)
}
Event: 4.394 GC heap before
{Heap before GC invocations=2 (full 0):
 PSYoungGen      total 27648K, used 27639K [0x00000000eaa80000, 0x00000000ee080000, 0x0000000100000000)
  eden space 24064K, 100% used [0x00000000eaa80000,0x00000000ec200000,0x00000000ec200000)
  from space 3584K, 99% used [0x00000000ec200000,0x00000000ec57dc78,0x00000000ec580000)
  to   space 3584K, 0% used [0x00000000edd00000,0x00000000edd00000,0x00000000ee080000)
 ParOldGen       total 61952K, used 1562K [0x00000000c0000000, 0x00000000c3c80000, 0x00000000eaa80000)
  object space 61952K, 2% used [0x00000000c0000000,0x00000000c0186ba8,0x00000000c3c80000)
 PSPermGen       total 21504K, used 5761K [0x00000000b5a00000, 0x00000000b6f00000, 0x00000000c0000000)
  object space 21504K, 26% used [0x00000000b5a00000,0x00000000b5fa0730,0x00000000b6f00000)
Event: 4.439 GC heap after
Heap after GC invocations=2 (full 0):
 PSYoungGen      total 51712K, used 3562K [0x00000000eaa80000, 0x00000000ee080000, 0x0000000100000000)
  eden space 48128K, 0% used [0x00000000eaa80000,0x00000000eaa80000,0x00000000ed980000)
  from space 3584K, 99% used [0x00000000edd00000,0x00000000ee07aab8,0x00000000ee080000)
  to   space 3584K, 0% used [0x00000000ed980000,0x00000000ed980000,0x00000000edd00000)
 ParOldGen       total 61952K, used 5159K [0x00000000c0000000, 0x00000000c3c80000, 0x00000000eaa80000)
  object space 61952K, 8% used [0x00000000c0000000,0x00000000c0509f58,0x00000000c3c80000)
 PSPermGen       total 21504K, used 5761K [0x00000000b5a00000, 0x00000000b6f00000, 0x00000000c0000000)
  object space 21504K, 26% used [0x00000000b5a00000,0x00000000b5fa0730,0x00000000b6f00000)
}
Event: 7.458 GC heap before
{Heap before GC invocations=3 (full 0):
 PSYoungGen      total 51712K, used 51690K [0x00000000eaa80000, 0x00000000ee080000, 0x0000000100000000)
  eden space 48128K, 100% used [0x00000000eaa80000,0x00000000ed980000,0x00000000ed980000)
  from space 3584K, 99% used [0x00000000edd00000,0x00000000ee07aab8,0x00000000ee080000)
  to   space 3584K, 0% used [0x00000000ed980000,0x00000000ed980000,0x00000000edd00000)
 ParOldGen       total 61952K, used 5159K [0x00000000c0000000, 0x00000000c3c80000, 0x00000000eaa80000)
  object space 61952K, 8% used [0x00000000c0000000,0x00000000c0509f58,0x00000000c3c80000)
 PSPermGen       total 21504K, used 5817K [0x00000000b5a00000, 0x00000000b6f00000, 0x00000000c0000000)
  object space 21504K, 27% used [0x00000000b5a00000,0x00000000b5fae6a0,0x00000000b6f00000)
Event: 7.524 GC heap after
Heap after GC invocations=3 (full 0):
 PSYoungGen      total 51712K, used 3568K [0x00000000eaa80000, 0x00000000f0f80000, 0x0000000100000000)
  eden space 48128K, 0% used [0x00000000eaa80000,0x00000000eaa80000,0x00000000ed980000)
  from space 3584K, 99% used [0x00000000ed980000,0x00000000edcfc2c0,0x00000000edd00000)
  to   space 3584K, 0% used [0x00000000f0c00000,0x00000000f0c00000,0x00000000f0f80000)
 ParOldGen       total 61952K, used 11833K [0x00000000c0000000, 0x00000000c3c80000, 0x00000000eaa80000)
  object space 61952K, 19% used [0x00000000c0000000,0x00000000c0b8e718,0x00000000c3c80000)
 PSPermGen       total 21504K, used 5817K [0x00000000b5a00000, 0x00000000b6f00000, 0x00000000c0000000)
  object space 21504K, 27% used [0x00000000b5a00000,0x00000000b5fae6a0,0x00000000b6f00000)
}
Event: 10.070 GC heap before
{Heap before GC invocations=4 (full 0):
 PSYoungGen      total 51712K, used 51696K [0x00000000eaa80000, 0x00000000f0f80000, 0x0000000100000000)
  eden space 48128K, 100% used [0x00000000eaa80000,0x00000000ed980000,0x00000000ed980000)
  from space 3584K, 99% used [0x00000000ed980000,0x00000000edcfc2c0,0x00000000edd00000)
  to   space 3584K, 0% used [0x00000000f0c00000,0x00000000f0c00000,0x00000000f0f80000)
 ParOldGen       total 61952K, used 11833K [0x00000000c0000000, 0x00000000c3c80000, 0x00000000eaa80000)
  object space 61952K, 19% used [0x00000000c0000000,0x00000000c0b8e718,0x00000000c3c80000)
 PSPermGen       total 21504K, used 5856K [0x00000000b5a00000, 0x00000000b6f00000, 0x00000000c0000000)
  object space 21504K, 27% used [0x00000000b5a00000,0x00000000b5fb8058,0x00000000b6f00000)
Event: 10.143 GC heap after
Heap after GC invocations=4 (full 0):
 PSYoungGen      total 99840K, used 3554K [0x00000000eaa80000, 0x00000000f0f80000, 0x0000000100000000)
  eden space 96256K, 0% used [0x00000000eaa80000,0x00000000eaa80000,0x00000000f0880000)
  from space 3584K, 99% used [0x00000000f0c00000,0x00000000f0f789a8,0x00000000f0f80000)
  to   space 3584K, 0% used [0x00000000f0880000,0x00000000f0880000,0x00000000f0c00000)
 ParOldGen       total 61952K, used 19601K [0x00000000c0000000, 0x00000000c3c80000, 0x00000000eaa80000)
  object space 61952K, 31% used [0x00000000c0000000,0x00000000c13246d0,0x00000000c3c80000)
 PSPermGen       total 21504K, used 5856K [0x00000000b5a00000, 0x00000000b6f00000, 0x00000000c0000000)
  object space 21504K, 27% used [0x00000000b5a00000,0x00000000b5fb8058,0x00000000b6f00000)
}
Event: 12.337 GC heap before
{Heap before GC invocations=5 (full 0):
 PSYoungGen      total 99840K, used 99810K [0x00000000eaa80000, 0x00000000f0f80000, 0x0000000100000000)
  eden space 96256K, 100% used [0x00000000eaa80000,0x00000000f0880000,0x00000000f0880000)
  from space 3584K, 99% used [0x00000000f0c00000,0x00000000f0f789a8,0x00000000f0f80000)
  to   space 3584K, 0% used [0x00000000f0880000,0x00000000f0880000,0x00000000f0c00000)
 ParOldGen       total 61952K, used 19601K [0x00000000c0000000, 0x00000000c3c80000, 0x00000000eaa80000)
  object space 61952K, 31% used [0x00000000c0000000,0x00000000c13246d0,0x00000000c3c80000)
 PSPermGen       total 21504K, used 5908K [0x00000000b5a00000, 0x00000000b6f00000, 0x00000000c0000000)
  object space 21504K, 27% used [0x00000000b5a00000,0x00000000b5fc5120,0x00000000b6f00000)

Deoptimization events (10 events):
Event: 9.378 Thread 0x00007fd22000a000 Uncommon trap: reason=bimorphic action=maybe_recompile pc=0x00007fd21d131c48 method=com.android.dx.cf.code.BytecodeArray.parseInstruction(ILcom/android/dx/cf/code/BytecodeArray$Visitor;)I @ 2281
Event: 9.378 Thread 0x00007fd22000a000 Uncommon trap: reason=bimorphic action=maybe_recompile pc=0x00007fd21d131c48 method=com.android.dx.cf.code.BytecodeArray.parseInstruction(ILcom/android/dx/cf/code/BytecodeArray$Visitor;)I @ 2281
Event: 10.158 Thread 0x00007fd22000a000 Uncommon trap: reason=null_check action=make_not_entrant pc=0x00007fd21d201a18 method=com.android.dx.dex.file.FieldIdsSection.intern(Lcom/android/dx/rop/cst/CstFieldRef;)Lcom/android/dx/dex/file/FieldIdItem; @ 26
Event: 10.455 Thread 0x00007fd22000a000 Uncommon trap: reason=class_check action=maybe_recompile pc=0x00007fd21d1832b0 method=com.android.dx.ssa.SCCP.replaceConstants()V @ 127
Event: 11.049 Thread 0x00007fd22000a000 Uncommon trap: reason=class_check action=maybe_recompile pc=0x00007fd21d1832b0 method=com.android.dx.ssa.SCCP.replaceConstants()V @ 127
Event: 11.073 Thread 0x00007fd22000a000 Uncommon trap: reason=class_check action=maybe_recompile pc=0x00007fd21d1832b0 method=com.android.dx.ssa.SCCP.replaceConstants()V @ 127
Event: 11.107 Thread 0x00007fd22000a000 Uncommon trap: reason=class_check action=maybe_recompile pc=0x00007fd21d1c0f40 method=com.android.dx.cf.code.RopperMachine.run(Lcom/android/dx/cf/code/Frame;II)V @ 1024
Event: 11.390 Thread 0x00007fd22000a000 Uncommon trap: reason=bimorphic action=maybe_recompile pc=0x00007fd21d1c0f60 method=com.android.dx.cf.code.RopperMachine.run(Lcom/android/dx/cf/code/Frame;II)V @ 310
Event: 11.390 Thread 0x00007fd22000a000 Uncommon trap: reason=bimorphic action=maybe_recompile pc=0x00007fd21d1c0f60 method=com.android.dx.cf.code.RopperMachine.run(Lcom/android/dx/cf/code/Frame;II)V @ 310
Event: 11.390 Thread 0x00007fd22000a000 Uncommon trap: reason=bimorphic action=maybe_recompile pc=0x00007fd21d1c0f60 method=com.android.dx.cf.code.RopperMachine.run(Lcom/android/dx/cf/code/Frame;II)V @ 310

Internal exceptions (10 events):
Event: 4.124 Thread 0x00007fd22000a000 Threw 0x00000000ebf41268 at /build/buildd/openjdk-7-7u65-2.5.2/build/openjdk/hotspot/src/share/vm/prims/jvm.cpp:1247
Event: 4.281 Thread 0x00007fd22000a000 Threw 0x00000000ec0d72a0 at /build/buildd/openjdk-7-7u65-2.5.2/build/openjdk/hotspot/src/share/vm/prims/jvm.cpp:1247
Event: 6.839 Thread 0x00007fd22000a000 Threw 0x00000000ecf4c3d8 at /build/buildd/openjdk-7-7u65-2.5.2/build/openjdk/hotspot/src/share/vm/prims/jvm.cpp:1247
Event: 7.076 Thread 0x00007fd22000a000 Implicit null exception at 0x00007fd21d123553 to 0x00007fd21d123c7d
Event: 10.161 Thread 0x00007fd22000a000 Threw 0x00000000eaba1278 at /build/buildd/openjdk-7-7u65-2.5.2/build/openjdk/hotspot/src/share/vm/prims/jvm.cpp:1247
Event: 10.161 Thread 0x00007fd22000a000 Threw 0x00000000eaba4278 at /build/buildd/openjdk-7-7u65-2.5.2/build/openjdk/hotspot/src/share/vm/prims/jvm.cpp:1247
Event: 10.180 Thread 0x00007fd22000a000 Threw 0x00000000eabd8c60 at /build/buildd/openjdk-7-7u65-2.5.2/build/openjdk/hotspot/src/share/vm/prims/jvm.cpp:1247
Event: 10.181 Thread 0x00007fd22000a000 Threw 0x00000000eabdedf0 at /build/buildd/openjdk-7-7u65-2.5.2/build/openjdk/hotspot/src/share/vm/prims/jvm.cpp:1247
Event: 10.181 Thread 0x00007fd22000a000 Threw 0x00000000eabe4da8 at /build/buildd/openjdk-7-7u65-2.5.2/build/openjdk/hotspot/src/share/vm/prims/jvm.cpp:1247
Event: 10.872 Thread 0x00007fd22000a000 Threw 0x00000000ec3507c8 at /build/buildd/openjdk-7-7u65-2.5.2/build/openjdk/hotspot/src/share/vm/prims/jvm.cpp:1247

Events (10 events):
Event: 11.390 Thread 0x00007fd22000a000 DEOPT PACKING pc=0x00007fd21d1c0f60 sp=0x00007fd228a72da0
Event: 11.390 Thread 0x00007fd22000a000 DEOPT UNPACKING pc=0x00007fd21d039445 sp=0x00007fd228a72d30 mode 2
Event: 11.390 Thread 0x00007fd22000a000 Uncommon trap: trap_request=0xffffffc6 fr.pc=0x00007fd21d1c0f60
Event: 11.390 Thread 0x00007fd22000a000 DEOPT PACKING pc=0x00007fd21d1c0f60 sp=0x00007fd228a72da0
Event: 11.390 Thread 0x00007fd22000a000 DEOPT UNPACKING pc=0x00007fd21d039445 sp=0x00007fd228a72d30 mode 2
Event: 11.390 Thread 0x00007fd22000a000 Uncommon trap: trap_request=0xffffffc6 fr.pc=0x00007fd21d1c0f60
Event: 11.390 Thread 0x00007fd22000a000 DEOPT PACKING pc=0x00007fd21d1c0f60 sp=0x00007fd228a72da0
Event: 11.390 Thread 0x00007fd22000a000 DEOPT UNPACKING pc=0x00007fd21d039445 sp=0x00007fd228a72d30 mode 2
Event: 12.299 Thread 0x00007fd220169800 flushing nmethod 0x00007fd21d12ccd0
Event: 12.336 Executing VM operation: ParallelGCFailedAllocation


Dynamic libraries:
00400000-00401000 r-xp 00000000 08:01 12980957                           /usr/lib/jvm/java-7-openjdk-amd64/jre/bin/java
00600000-00601000 r--p 00000000 08:01 12980957                           /usr/lib/jvm/java-7-openjdk-amd64/jre/bin/java
00601000-00602000 rw-p 00001000 08:01 12980957                           /usr/lib/jvm/java-7-openjdk-amd64/jre/bin/java
01509000-0152a000 rw-p 00000000 00:00 0                                  [heap]
b5a00000-b6f00000 rw-p 00000000 00:00 0 
b6f00000-c0000000 rw-p 00000000 00:00 0 
c0000000-c3c80000 rw-p 00000000 00:00 0 
c3c80000-eaa80000 rw-p 00000000 00:00 0 
eaa80000-f0f80000 rw-p 00000000 00:00 0 
f8c80000-100000000 rw-p 00000000 00:00 0 
7fd1e4000000-7fd1e4021000 rw-p 00000000 00:00 0 
7fd1e4021000-7fd1e8000000 ---p 00000000 00:00 0 
7fd1ebbba000-7fd1ebbf7000 r-xp 00000000 08:01 2494466                    /lib/x86_64-linux-gnu/libpcre.so.3.13.1
7fd1ebbf7000-7fd1ebdf6000 ---p 0003d000 08:01 2494466                    /lib/x86_64-linux-gnu/libpcre.so.3.13.1
7fd1ebdf6000-7fd1ebdf7000 r--p 0003c000 08:01 2494466                    /lib/x86_64-linux-gnu/libpcre.so.3.13.1
7fd1ebdf7000-7fd1ebdf8000 rw-p 0003d000 08:01 2494466                    /lib/x86_64-linux-gnu/libpcre.so.3.13.1
7fd1ebdf8000-7fd1ebdff000 r-xp 00000000 08:01 12722241                   /usr/lib/x86_64-linux-gnu/libffi.so.6.0.1
7fd1ebdff000-7fd1ebffe000 ---p 00007000 08:01 12722241                   /usr/lib/x86_64-linux-gnu/libffi.so.6.0.1
7fd1ebffe000-7fd1ebfff000 r--p 00006000 08:01 12722241                   /usr/lib/x86_64-linux-gnu/libffi.so.6.0.1
7fd1ebfff000-7fd1ec000000 rw-p 00007000 08:01 12722241                   /usr/lib/x86_64-linux-gnu/libffi.so.6.0.1
7fd1ec000000-7fd1ed70a000 rw-p 00000000 00:00 0 
7fd1ed70a000-7fd1f0000000 ---p 00000000 00:00 0 
7fd1f0000000-7fd1f0021000 rw-p 00000000 00:00 0 
7fd1f0021000-7fd1f4000000 ---p 00000000 00:00 0 
7fd1f4000000-7fd1f4021000 rw-p 00000000 00:00 0 
7fd1f4021000-7fd1f8000000 ---p 00000000 00:00 0 
7fd1f8000000-7fd1f9293000 rw-p 00000000 00:00 0 
7fd1f9293000-7fd1fc000000 ---p 00000000 00:00 0 
7fd1fc000000-7fd1fc021000 rw-p 00000000 00:00 0 
7fd1fc021000-7fd200000000 ---p 00000000 00:00 0 
7fd200000000-7fd200021000 rw-p 00000000 00:00 0 
7fd200021000-7fd204000000 ---p 00000000 00:00 0 
7fd204000000-7fd204021000 rw-p 00000000 00:00 0 
7fd204021000-7fd208000000 ---p 00000000 00:00 0 
7fd208000000-7fd208240000 rw-p 00000000 00:00 0 
7fd208240000-7fd20c000000 ---p 00000000 00:00 0 
7fd20c000000-7fd20c021000 rw-p 00000000 00:00 0 
7fd20c021000-7fd210000000 ---p 00000000 00:00 0 
7fd210000000-7fd210021000 rw-p 00000000 00:00 0 
7fd210021000-7fd214000000 ---p 00000000 00:00 0 
7fd214000000-7fd214021000 rw-p 00000000 00:00 0 
7fd214021000-7fd218000000 ---p 00000000 00:00 0 
7fd2181a7000-7fd2181be000 r-xp 00000000 08:01 2494363                    /lib/x86_64-linux-gnu/libresolv-2.19.so
7fd2181be000-7fd2183be000 ---p 00017000 08:01 2494363                    /lib/x86_64-linux-gnu/libresolv-2.19.so
7fd2183be000-7fd2183bf000 r--p 00017000 08:01 2494363                    /lib/x86_64-linux-gnu/libresolv-2.19.so
7fd2183bf000-7fd2183c0000 rw-p 00018000 08:01 2494363                    /lib/x86_64-linux-gnu/libresolv-2.19.so
7fd2183c0000-7fd2183c2000 rw-p 00000000 00:00 0 
7fd2183c2000-7fd2183e2000 r-xp 00000000 08:01 2494493                    /lib/x86_64-linux-gnu/libselinux.so.1
7fd2183e2000-7fd2185e1000 ---p 00020000 08:01 2494493                    /lib/x86_64-linux-gnu/libselinux.so.1
7fd2185e1000-7fd2185e2000 r--p 0001f000 08:01 2494493                    /lib/x86_64-linux-gnu/libselinux.so.1
7fd2185e2000-7fd2185e3000 rw-p 00020000 08:01 2494493                    /lib/x86_64-linux-gnu/libselinux.so.1
7fd2185e3000-7fd2185e5000 rw-p 00000000 00:00 0 
7fd2185e5000-7fd2185e8000 r-xp 00000000 08:01 12722358                   /usr/lib/x86_64-linux-gnu/libgmodule-2.0.so.0.4000.0
7fd2185e8000-7fd2187e7000 ---p 00003000 08:01 12722358                   /usr/lib/x86_64-linux-gnu/libgmodule-2.0.so.0.4000.0
7fd2187e7000-7fd2187e8000 r--p 00002000 08:01 12722358                   /usr/lib/x86_64-linux-gnu/libgmodule-2.0.so.0.4000.0
7fd2187e8000-7fd2187e9000 rw-p 00003000 08:01 12722358                   /usr/lib/x86_64-linux-gnu/libgmodule-2.0.so.0.4000.0
7fd2187e9000-7fd2188ef000 r-xp 00000000 08:01 2494394                    /lib/x86_64-linux-gnu/libglib-2.0.so.0.4000.0
7fd2188ef000-7fd218aee000 ---p 00106000 08:01 2494394                    /lib/x86_64-linux-gnu/libglib-2.0.so.0.4000.0
7fd218aee000-7fd218aef000 r--p 00105000 08:01 2494394                    /lib/x86_64-linux-gnu/libglib-2.0.so.0.4000.0
7fd218aef000-7fd218af0000 rw-p 00106000 08:01 2494394                    /lib/x86_64-linux-gnu/libglib-2.0.so.0.4000.0
7fd218af0000-7fd218af1000 rw-p 00000000 00:00 0 
7fd218af1000-7fd218b40000 r-xp 00000000 08:01 12722374                   /usr/lib/x86_64-linux-gnu/libgobject-2.0.so.0.4000.0
7fd218b40000-7fd218d40000 ---p 0004f000 08:01 12722374                   /usr/lib/x86_64-linux-gnu/libgobject-2.0.so.0.4000.0
7fd218d40000-7fd218d41000 r--p 0004f000 08:01 12722374                   /usr/lib/x86_64-linux-gnu/libgobject-2.0.so.0.4000.0
7fd218d41000-7fd218d42000 rw-p 00050000 08:01 12722374                   /usr/lib/x86_64-linux-gnu/libgobject-2.0.so.0.4000.0
7fd218d42000-7fd218ead000 r-xp 00000000 08:01 12722344                   /usr/lib/x86_64-linux-gnu/libgio-2.0.so.0.4000.0
7fd218ead000-7fd2190ad000 ---p 0016b000 08:01 12722344                   /usr/lib/x86_64-linux-gnu/libgio-2.0.so.0.4000.0
7fd2190ad000-7fd2190b1000 r--p 0016b000 08:01 12722344                   /usr/lib/x86_64-linux-gnu/libgio-2.0.so.0.4000.0
7fd2190b1000-7fd2190b3000 rw-p 0016f000 08:01 12722344                   /usr/lib/x86_64-linux-gnu/libgio-2.0.so.0.4000.0
7fd2190b3000-7fd2190b5000 rw-p 00000000 00:00 0 
7fd2190b5000-7fd2190cc000 r-xp 00000000 08:01 12845528                   /usr/lib/jvm/java-7-openjdk-amd64/jre/lib/amd64/libnet.so
7fd2190cc000-7fd2192cb000 ---p 00017000 08:01 12845528                   /usr/lib/jvm/java-7-openjdk-amd64/jre/lib/amd64/libnet.so
7fd2192cb000-7fd2192cc000 r--p 00016000 08:01 12845528                   /usr/lib/jvm/java-7-openjdk-amd64/jre/lib/amd64/libnet.so
7fd2192cc000-7fd2192cd000 rw-p 00017000 08:01 12845528                   /usr/lib/jvm/java-7-openjdk-amd64/jre/lib/amd64/libnet.so
7fd2192cd000-7fd2192dd000 r-xp 00000000 08:01 12845520                   /usr/lib/jvm/java-7-openjdk-amd64/jre/lib/amd64/libnio.so
7fd2192dd000-7fd2194dd000 ---p 00010000 08:01 12845520                   /usr/lib/jvm/java-7-openjdk-amd64/jre/lib/amd64/libnio.so
7fd2194dd000-7fd2194de000 r--p 00010000 08:01 12845520                   /usr/lib/jvm/java-7-openjdk-amd64/jre/lib/amd64/libnio.so
7fd2194de000-7fd2194df000 rw-p 00011000 08:01 12845520                   /usr/lib/jvm/java-7-openjdk-amd64/jre/lib/amd64/libnio.so
7fd2194df000-7fd2194e0000 ---p 00000000 00:00 0 
7fd2194e0000-7fd2195e0000 rw-p 00000000 00:00 0                          [stack:28341]
7fd2195e0000-7fd2195e3000 ---p 00000000 00:00 0 
7fd2195e3000-7fd2196e1000 rw-p 00000000 00:00 0                          [stack:28338]
7fd2196e1000-7fd2196e4000 ---p 00000000 00:00 0 
7fd2196e4000-7fd2197e2000 rw-p 00000000 00:00 0                          [stack:28337]
7fd2197e2000-7fd2197e5000 ---p 00000000 00:00 0 
7fd2197e5000-7fd2198e3000 rw-p 00000000 00:00 0                          [stack:28335]
7fd2198e3000-7fd2198e6000 ---p 00000000 00:00 0 
7fd2198e6000-7fd2199e4000 rw-p 00000000 00:00 0                          [stack:28334]
7fd2199e4000-7fd21a0c6000 r--p 00000000 08:01 12720962                   /usr/lib/locale/locale-archive
7fd21a0c6000-7fd21a0c9000 ---p 00000000 00:00 0 
7fd21a0c9000-7fd21a1c7000 rw-p 00000000 00:00 0                          [stack:28325]
7fd21a1c7000-7fd21a1ca000 ---p 00000000 00:00 0 
7fd21a1ca000-7fd21a2c8000 rw-p 00000000 00:00 0                          [stack:28324]
7fd21a2c8000-7fd21a2c9000 ---p 00000000 00:00 0 
7fd21a2c9000-7fd21d000000 rw-p 00000000 00:00 0                          [stack:28320]
7fd21d000000-7fd21d290000 rwxp 00000000 00:00 0 
7fd21d290000-7fd2202fc000 rw-p 00000000 00:00 0 
7fd2202fc000-7fd224000000 ---p 00000000 00:00 0 
7fd224072000-7fd224082000 r--s 000a9000 00:18 2230230                    /home/hscissors/AndroidStudioProjects/Timeline2/app/build/intermediates/exploded-aar/com.android.support/support-v4/21.0.0/classes.jar
7fd224082000-7fd224090000 r--s 000dc000 00:18 920441                     /home/hscissors/Downloads/android-studio/sdk/build-tools/21.0.0/lib/dx.jar
7fd224090000-7fd2248e1000 rw-p 00000000 00:00 0 
7fd2248e1000-7fd224a92000 r--s 01d21000 08:01 12845500                   /usr/lib/jvm/java-7-openjdk-amd64/jre/lib/rt.jar
7fd224a92000-7fd224db6000 rw-p 00000000 00:00 0 
7fd224db6000-7fd224db7000 ---p 00000000 00:00 0 
7fd224db7000-7fd224eb7000 rw-p 00000000 00:00 0                          [stack:28313]
7fd224eb7000-7fd224eb8000 ---p 00000000 00:00 0 
7fd224eb8000-7fd224fb8000 rw-p 00000000 00:00 0                          [stack:28312]
7fd224fb8000-7fd224fb9000 ---p 00000000 00:00 0 
7fd224fb9000-7fd2250b9000 rw-p 00000000 00:00 0                          [stack:28311]
7fd2250b9000-7fd2250ba000 ---p 00000000 00:00 0 
7fd2250ba000-7fd2251c5000 rw-p 00000000 00:00 0                          [stack:28310]
7fd2251c5000-7fd22520d000 rw-p 00000000 00:00 0 
7fd22520d000-7fd22522c000 rw-p 00000000 00:00 0 
7fd22522c000-7fd225363000 rw-p 00000000 00:00 0 
7fd225363000-7fd22536e000 rw-p 00000000 00:00 0 
7fd22536e000-7fd2253b6000 rw-p 00000000 00:00 0 
7fd2253b6000-7fd2253d5000 rw-p 00000000 00:00 0 
7fd2253d5000-7fd22550b000 rw-p 00000000 00:00 0 
7fd22550b000-7fd22553e000 rw-p 00000000 00:00 0 
7fd22553e000-7fd2255b6000 rw-p 00000000 00:00 0 
7fd2255b6000-7fd2255b7000 rw-p 00000000 00:00 0 
7fd2255b7000-7fd2255bf000 r-xp 00000000 08:01 12845516                   /usr/lib/jvm/java-7-openjdk-amd64/jre/lib/amd64/libzip.so
7fd2255bf000-7fd2257be000 ---p 00008000 08:01 12845516                   /usr/lib/jvm/java-7-openjdk-amd64/jre/lib/amd64/libzip.so
7fd2257be000-7fd2257bf000 r--p 00007000 08:01 12845516                   /usr/lib/jvm/java-7-openjdk-amd64/jre/lib/amd64/libzip.so
7fd2257bf000-7fd2257c0000 rw-p 00008000 08:01 12845516                   /usr/lib/jvm/java-7-openjdk-amd64/jre/lib/amd64/libzip.so
7fd2257c0000-7fd2257cb000 r-xp 00000000 08:01 2494499                    /lib/x86_64-linux-gnu/libnss_files-2.19.so
7fd2257cb000-7fd2259ca000 ---p 0000b000 08:01 2494499                    /lib/x86_64-linux-gnu/libnss_files-2.19.so
7fd2259ca000-7fd2259cb000 r--p 0000a000 08:01 2494499                    /lib/x86_64-linux-gnu/libnss_files-2.19.so
7fd2259cb000-7fd2259cc000 rw-p 0000b000 08:01 2494499                    /lib/x86_64-linux-gnu/libnss_files-2.19.so
7fd2259cc000-7fd2259d7000 r-xp 00000000 08:01 2494503                    /lib/x86_64-linux-gnu/libnss_nis-2.19.so
7fd2259d7000-7fd225bd6000 ---p 0000b000 08:01 2494503                    /lib/x86_64-linux-gnu/libnss_nis-2.19.so
7fd225bd6000-7fd225bd7000 r--p 0000a000 08:01 2494503                    /lib/x86_64-linux-gnu/libnss_nis-2.19.so
7fd225bd7000-7fd225bd8000 rw-p 0000b000 08:01 2494503                    /lib/x86_64-linux-gnu/libnss_nis-2.19.so
7fd225bd8000-7fd225bef000 r-xp 00000000 08:01 2494373                    /lib/x86_64-linux-gnu/libnsl-2.19.so
7fd225bef000-7fd225dee000 ---p 00017000 08:01 2494373                    /lib/x86_64-linux-gnu/libnsl-2.19.so
7fd225dee000-7fd225def000 r--p 00016000 08:01 2494373                    /lib/x86_64-linux-gnu/libnsl-2.19.so
7fd225def000-7fd225df0000 rw-p 00017000 08:01 2494373                    /lib/x86_64-linux-gnu/libnsl-2.19.so
7fd225df0000-7fd225df2000 rw-p 00000000 00:00 0 
7fd225df2000-7fd225dfb000 r-xp 00000000 08:01 2494283                    /lib/x86_64-linux-gnu/libnss_compat-2.19.so
7fd225dfb000-7fd225ffa000 ---p 00009000 08:01 2494283                    /lib/x86_64-linux-gnu/libnss_compat-2.19.so
7fd225ffa000-7fd225ffb000 r--p 00008000 08:01 2494283                    /lib/x86_64-linux-gnu/libnss_compat-2.19.so
7fd225ffb000-7fd225ffc000 rw-p 00009000 08:01 2494283                    /lib/x86_64-linux-gnu/libnss_compat-2.19.so
7fd225ffc000-7fd226027000 r-xp 00000000 08:01 12845515                   /usr/lib/jvm/java-7-openjdk-amd64/jre/lib/amd64/libjava.so
7fd226027000-7fd226227000 ---p 0002b000 08:01 12845515                   /usr/lib/jvm/java-7-openjdk-amd64/jre/lib/amd64/libjava.so
7fd226227000-7fd226228000 r--p 0002b000 08:01 12845515                   /usr/lib/jvm/java-7-openjdk-amd64/jre/lib/amd64/libjava.so
7fd226228000-7fd22622a000 rw-p 0002c000 08:01 12845515                   /usr/lib/jvm/java-7-openjdk-amd64/jre/lib/amd64/libjava.so
7fd22622a000-7fd22623a000 r-xp 00000000 08:01 12845541                   /usr/lib/jvm/java-7-openjdk-amd64/jre/lib/amd64/libverify.so
7fd22623a000-7fd226439000 ---p 00010000 08:01 12845541                   /usr/lib/jvm/java-7-openjdk-amd64/jre/lib/amd64/libverify.so
7fd226439000-7fd22643b000 r--p 0000f000 08:01 12845541                   /usr/lib/jvm/java-7-openjdk-amd64/jre/lib/amd64/libverify.so
7fd22643b000-7fd22643c000 rw-p 00011000 08:01 12845541                   /usr/lib/jvm/java-7-openjdk-amd64/jre/lib/amd64/libverify.so
7fd22643c000-7fd226443000 r-xp 00000000 08:01 2494380                    /lib/x86_64-linux-gnu/librt-2.19.so
7fd226443000-7fd226642000 ---p 00007000 08:01 2494380                    /lib/x86_64-linux-gnu/librt-2.19.so
7fd226642000-7fd226643000 r--p 00006000 08:01 2494380                    /lib/x86_64-linux-gnu/librt-2.19.so
7fd226643000-7fd226644000 rw-p 00007000 08:01 2494380                    /lib/x86_64-linux-gnu/librt-2.19.so
7fd226644000-7fd22665a000 r-xp 00000000 08:01 2490394                    /lib/x86_64-linux-gnu/libgcc_s.so.1
7fd22665a000-7fd226859000 ---p 00016000 08:01 2490394                    /lib/x86_64-linux-gnu/libgcc_s.so.1
7fd226859000-7fd22685a000 rw-p 00015000 08:01 2490394                    /lib/x86_64-linux-gnu/libgcc_s.so.1
7fd22685a000-7fd22695f000 r-xp 00000000 08:01 2494448                    /lib/x86_64-linux-gnu/libm-2.19.so
7fd22695f000-7fd226b5e000 ---p 00105000 08:01 2494448                    /lib/x86_64-linux-gnu/libm-2.19.so
7fd226b5e000-7fd226b5f000 r--p 00104000 08:01 2494448                    /lib/x86_64-linux-gnu/libm-2.19.so
7fd226b5f000-7fd226b60000 rw-p 00105000 08:01 2494448                    /lib/x86_64-linux-gnu/libm-2.19.so
7fd226b60000-7fd226c46000 r-xp 00000000 08:01 12722869                   /usr/lib/x86_64-linux-gnu/libstdc++.so.6.0.19
7fd226c46000-7fd226e45000 ---p 000e6000 08:01 12722869                   /usr/lib/x86_64-linux-gnu/libstdc++.so.6.0.19
7fd226e45000-7fd226e4d000 r--p 000e5000 08:01 12722869                   /usr/lib/x86_64-linux-gnu/libstdc++.so.6.0.19
7fd226e4d000-7fd226e4f000 rw-p 000ed000 08:01 12722869                   /usr/lib/x86_64-linux-gnu/libstdc++.so.6.0.19
7fd226e4f000-7fd226e64000 rw-p 00000000 00:00 0 
7fd226e64000-7fd22797a000 r-xp 00000000 08:01 12845531                   /usr/lib/jvm/java-7-openjdk-amd64/jre/lib/amd64/server/libjvm.so
7fd22797a000-7fd227b79000 ---p 00b16000 08:01 12845531                   /usr/lib/jvm/java-7-openjdk-amd64/jre/lib/amd64/server/libjvm.so
7fd227b79000-7fd227c13000 r--p 00b15000 08:01 12845531                   /usr/lib/jvm/java-7-openjdk-amd64/jre/lib/amd64/server/libjvm.so
7fd227c13000-7fd227c36000 rw-p 00baf000 08:01 12845531                   /usr/lib/jvm/java-7-openjdk-amd64/jre/lib/amd64/server/libjvm.so
7fd227c36000-7fd227c64000 rw-p 00000000 00:00 0 
7fd227c64000-7fd227c7c000 r-xp 00000000 08:01 2494526                    /lib/x86_64-linux-gnu/libz.so.1.2.8
7fd227c7c000-7fd227e7b000 ---p 00018000 08:01 2494526                    /lib/x86_64-linux-gnu/libz.so.1.2.8
7fd227e7b000-7fd227e7c000 r--p 00017000 08:01 2494526                    /lib/x86_64-linux-gnu/libz.so.1.2.8
7fd227e7c000-7fd227e7d000 rw-p 00018000 08:01 2494526                    /lib/x86_64-linux-gnu/libz.so.1.2.8
7fd227e7d000-7fd227e96000 r-xp 00000000 08:01 2495718                    /lib/x86_64-linux-gnu/libpthread-2.19.so
7fd227e96000-7fd228095000 ---p 00019000 08:01 2495718                    /lib/x86_64-linux-gnu/libpthread-2.19.so
7fd228095000-7fd228096000 r--p 00018000 08:01 2495718                    /lib/x86_64-linux-gnu/libpthread-2.19.so
7fd228096000-7fd228097000 rw-p 00019000 08:01 2495718                    /lib/x86_64-linux-gnu/libpthread-2.19.so
7fd228097000-7fd22809b000 rw-p 00000000 00:00 0 
7fd22809b000-7fd22809e000 r-xp 00000000 08:01 2495712                    /lib/x86_64-linux-gnu/libdl-2.19.so
7fd22809e000-7fd22829d000 ---p 00003000 08:01 2495712                    /lib/x86_64-linux-gnu/libdl-2.19.so
7fd22829d000-7fd22829e000 r--p 00002000 08:01 2495712                    /lib/x86_64-linux-gnu/libdl-2.19.so
7fd22829e000-7fd22829f000 rw-p 00003000 08:01 2495712                    /lib/x86_64-linux-gnu/libdl-2.19.so
7fd22829f000-7fd22845a000 r-xp 00000000 08:01 2494434                    /lib/x86_64-linux-gnu/libc-2.19.so
7fd22845a000-7fd22865a000 ---p 001bb000 08:01 2494434                    /lib/x86_64-linux-gnu/libc-2.19.so
7fd22865a000-7fd22865e000 r--p 001bb000 08:01 2494434                    /lib/x86_64-linux-gnu/libc-2.19.so
7fd22865e000-7fd228660000 rw-p 001bf000 08:01 2494434                    /lib/x86_64-linux-gnu/libc-2.19.so
7fd228660000-7fd228665000 rw-p 00000000 00:00 0 
7fd228665000-7fd228672000 r-xp 00000000 08:01 12845544                   /usr/lib/jvm/java-7-openjdk-amd64/jre/lib/amd64/jli/libjli.so
7fd228672000-7fd228871000 ---p 0000d000 08:01 12845544                   /usr/lib/jvm/java-7-openjdk-amd64/jre/lib/amd64/jli/libjli.so
7fd228871000-7fd228872000 r--p 0000c000 08:01 12845544                   /usr/lib/jvm/java-7-openjdk-amd64/jre/lib/amd64/jli/libjli.so
7fd228872000-7fd228873000 rw-p 0000d000 08:01 12845544                   /usr/lib/jvm/java-7-openjdk-amd64/jre/lib/amd64/jli/libjli.so
7fd228873000-7fd228896000 r-xp 00000000 08:01 2494436                    /lib/x86_64-linux-gnu/ld-2.19.so
7fd228898000-7fd228899000 rw-p 00000000 00:00 0 
7fd228899000-7fd22889c000 r--s 00032000 08:01 12979352                   /usr/lib/jvm/java-7-openjdk-amd64/jre/lib/ext/sunjce_provider.jar
7fd22889c000-7fd2288bf000 rw-p 00000000 00:00 0 
7fd2288bf000-7fd228974000 rw-p 00000000 00:00 0 
7fd228974000-7fd228977000 ---p 00000000 00:00 0 
7fd228977000-7fd228a7a000 rw-p 00000000 00:00 0                          [stack:28305]
7fd228a7a000-7fd228a7b000 r--s 00002000 08:01 12980329                   /usr/lib/jvm/java-7-openjdk-amd64/jre/lib/ext/dnsns.jar
7fd228a7b000-7fd228a7d000 r--s 00006000 08:01 13114012                   /usr/share/java/java-atk-wrapper.jar
7fd228a7d000-7fd228a80000 r--s 0003c000 08:01 12979354                   /usr/lib/jvm/java-7-openjdk-amd64/jre/lib/ext/sunpkcs11.jar
7fd228a80000-7fd228a82000 r--s 00012000 08:01 12980328                   /usr/lib/jvm/java-7-openjdk-amd64/jre/lib/ext/zipfs.jar
7fd228a82000-7fd228a85000 r--s 0000f000 08:01 12979353                   /usr/lib/jvm/java-7-openjdk-amd64/jre/lib/ext/pulse-java.jar
7fd228a85000-7fd228a89000 r--s 00085000 08:01 12980330                   /usr/lib/jvm/java-7-openjdk-amd64/jre/lib/ext/localedata.jar
7fd228a89000-7fd228a91000 rw-s 00000000 08:01 530414                     /tmp/hsperfdata_hscissors/28261
7fd228a91000-7fd228a92000 rw-p 00000000 00:00 0 
7fd228a92000-7fd228a93000 ---p 00000000 00:00 0 
7fd228a93000-7fd228a95000 rw-p 00000000 00:00 0 
7fd228a95000-7fd228a96000 r--p 00022000 08:01 2494436                    /lib/x86_64-linux-gnu/ld-2.19.so
7fd228a96000-7fd228a97000 rw-p 00023000 08:01 2494436                    /lib/x86_64-linux-gnu/ld-2.19.so
7fd228a97000-7fd228a98000 rw-p 00000000 00:00 0 
7fff10f59000-7fff10f7b000 rw-p 00000000 00:00 0                          [stack]
7fff10ffe000-7fff11000000 r-xp 00000000 00:00 0                          [vdso]
ffffffffff600000-ffffffffff601000 r-xp 00000000 00:00 0                  [vsyscall]

VM Arguments:
jvm_args: -Xmx1024M 
java_command: /home/hscissors/Downloads/android-studio/sdk/build-tools/21.0.0/lib/dx.jar --dex --output /home/hscissors/AndroidStudioProjects/Timeline2/app/build/intermediates/pre-dexed/debug/classes-2c71d107f464df7bc62c9183b04f2fb6e90fe61a.jar /home/hscissors/AndroidStudioProjects/Timeline2/app/build/intermediates/exploded-aar/com.android.support/support-v4/21.0.0/classes.jar
Launcher Type: SUN_STANDARD

Environment Variables:
CLASSPATH=./../lib/bootstrap.jar:./../lib/extensions.jar:./../lib/util.jar:./../lib/jdom.jar:./../lib/log4j.jar:./../lib/trove4j.jar:./../lib/jna.jar:/usr/lib/jvm/java-7-openjdk-amd64/lib/tools.jar
PATH=/home/hscissors/.rvm/gems/ruby-1.9.3-p547/bin:/home/hscissors/.rvm/gems/ruby-1.9.3-p547@global/bin:/home/hscissors/.rvm/rubies/ruby-1.9.3-p547/bin:/usr/local/sbin:/usr/local/bin:/usr/sbin:/usr/bin:/sbin:/bin:/usr/games:/usr/local/games:/home/hscissors/.rvm/bin:/home/hscissors/.rvm/bin
LD_LIBRARY_PATH=.:
SHELL=/bin/bash
DISPLAY=:0

Signal Handlers:
SIGSEGV: [libjvm.so+0x949180], sa_mask[0]=0x7ffbfeff, sa_flags=0x10000004
SIGBUS: [libjvm.so+0x949180], sa_mask[0]=0x7ffbfeff, sa_flags=0x10000004
SIGFPE: [libjvm.so+0x7c2ec0], sa_mask[0]=0x7ffbfeff, sa_flags=0x10000004
SIGPIPE: [libjvm.so+0x7c2ec0], sa_mask[0]=0x7ffbfeff, sa_flags=0x10000004
SIGXFSZ: [libjvm.so+0x7c2ec0], sa_mask[0]=0x7ffbfeff, sa_flags=0x10000004
SIGILL: [libjvm.so+0x7c2ec0], sa_mask[0]=0x7ffbfeff, sa_flags=0x10000004
SIGUSR1: SIG_DFL, sa_mask[0]=0x00000000, sa_flags=0x00000000
SIGUSR2: [libjvm.so+0x7c2d60], sa_mask[0]=0x00000004, sa_flags=0x10000004
SIGHUP: [libjvm.so+0x7c2f40], sa_mask[0]=0x7ffbfeff, sa_flags=0x10000004
SIGINT: [libjvm.so+0x7c2f40], sa_mask[0]=0x7ffbfeff, sa_flags=0x10000004
SIGTERM: [libjvm.so+0x7c2f40], sa_mask[0]=0x7ffbfeff, sa_flags=0x10000004
SIGQUIT: [libjvm.so+0x7c2f40], sa_mask[0]=0x7ffbfeff, sa_flags=0x10000004
SIGTRAP: SIG_DFL, sa_mask[0]=0x00000000, sa_flags=0x00000000


---------------  S Y S T E M  ---------------

OS:Ubuntu 14.04 (trusty)
uname:Linux 3.13.0-36-generic #63-Ubuntu SMP Wed Sep 3 21:30:07 UTC 2014 x86_64
libc:glibc 2.19 NPTL 2.19 
rlimit: STACK 8192k, CORE 0k, NPROC 46371, NOFILE 4096, AS infinity
load average:3.03 1.95 1.27

/proc/meminfo:
MemTotal:        5965356 kB
MemFree:          127216 kB
Buffers:             452 kB
Cached:           522332 kB
SwapCached:            0 kB
Active:          5063284 kB
Inactive:         490188 kB
Active(anon):    5033172 kB
Inactive(anon):   460720 kB
Active(file):      30112 kB
Inactive(file):    29468 kB
Unevictable:          32 kB
Mlocked:              32 kB
SwapTotal:             0 kB
SwapFree:              0 kB
Dirty:              5876 kB
Writeback:             0 kB
AnonPages:       5030460 kB
Mapped:           203272 kB
Shmem:            463456 kB
Slab:             104788 kB
SReclaimable:      38124 kB
SUnreclaim:        66664 kB
KernelStack:        6808 kB
PageTables:        63300 kB
NFS_Unstable:          0 kB
Bounce:                0 kB
WritebackTmp:          0 kB
CommitLimit:     2982676 kB
Committed_AS:   11849668 kB
VmallocTotal:   34359738367 kB
VmallocUsed:      354728 kB
VmallocChunk:   34359374700 kB
HardwareCorrupted:     0 kB
AnonHugePages:   1900544 kB
HugePages_Total:       0
HugePages_Free:        0
HugePages_Rsvd:        0
HugePages_Surp:        0
Hugepagesize:       2048 kB
DirectMap4k:       99136 kB
DirectMap2M:     6045696 kB


CPU:total 4 (2 cores per cpu, 2 threads per core) family 6 model 58 stepping 9, cmov, cx8, fxsr, mmx, sse, sse2, sse3, ssse3, sse4.1, sse4.2, popcnt, avx, aes, erms, ht, tsc, tscinvbit, tscinv

/proc/cpuinfo:
processor	: 0
vendor_id	: GenuineIntel
cpu family	: 6
model		: 58
model name	: Intel(R) Core(TM) i5-3230M CPU @ 2.60GHz
stepping	: 9
microcode	: 0x15
cpu MHz		: 2601.000
cache size	: 3072 KB
physical id	: 0
siblings	: 4
core id		: 0
cpu cores	: 2
apicid		: 0
initial apicid	: 0
fpu		: yes
fpu_exception	: yes
cpuid level	: 13
wp		: yes
flags		: fpu vme de pse tsc msr pae mce cx8 apic sep mtrr pge mca cmov pat pse36 clflush dts acpi mmx fxsr sse sse2 ss ht tm pbe syscall nx rdtscp lm constant_tsc arch_perfmon pebs bts rep_good nopl xtopology nonstop_tsc aperfmperf eagerfpu pni pclmulqdq dtes64 monitor ds_cpl vmx est tm2 ssse3 cx16 xtpr pdcm pcid sse4_1 sse4_2 x2apic popcnt tsc_deadline_timer aes xsave avx f16c rdrand lahf_lm ida arat epb xsaveopt pln pts dtherm tpr_shadow vnmi flexpriority ept vpid fsgsbase smep erms
bogomips	: 5188.69
clflush size	: 64
cache_alignment	: 64
address sizes	: 36 bits physical, 48 bits virtual
power management:

processor	: 1
vendor_id	: GenuineIntel
cpu family	: 6
model		: 58
model name	: Intel(R) Core(TM) i5-3230M CPU @ 2.60GHz
stepping	: 9
microcode	: 0x15
cpu MHz		: 2601.000
cache size	: 3072 KB
physical id	: 0
siblings	: 4
core id		: 0
cpu cores	: 2
apicid		: 1
initial apicid	: 1
fpu		: yes
fpu_exception	: yes
cpuid level	: 13
wp		: yes
flags		: fpu vme de pse tsc msr pae mce cx8 apic sep mtrr pge mca cmov pat pse36 clflush dts acpi mmx fxsr sse sse2 ss ht tm pbe syscall nx rdtscp lm constant_tsc arch_perfmon pebs bts rep_good nopl xtopology nonstop_tsc aperfmperf eagerfpu pni pclmulqdq dtes64 monitor ds_cpl vmx est tm2 ssse3 cx16 xtpr pdcm pcid sse4_1 sse4_2 x2apic popcnt tsc_deadline_timer aes xsave avx f16c rdrand lahf_lm ida arat epb xsaveopt pln pts dtherm tpr_shadow vnmi flexpriority ept vpid fsgsbase smep erms
bogomips	: 5188.69
clflush size	: 64
cache_alignment	: 64
address sizes	: 36 bits physical, 48 bits virtual
power management:

processor	: 2
vendor_id	: GenuineIntel
cpu family	: 6
model		: 58
model name	: Intel(R) Core(TM) i5-3230M CPU @ 2.60GHz
stepping	: 9
microcode	: 0x15
cpu MHz		: 2601.000
cache size	: 3072 KB
physical id	: 0
siblings	: 4
core id		: 1
cpu cores	: 2
apicid		: 2
initial apicid	: 2
fpu		: yes
fpu_exception	: yes
cpuid level	: 13
wp		: yes
flags		: fpu vme de pse tsc msr pae mce cx8 apic sep mtrr pge mca cmov pat pse36 clflush dts acpi mmx fxsr sse sse2 ss ht tm pbe syscall nx rdtscp lm constant_tsc arch_perfmon pebs bts rep_good nopl xtopology nonstop_tsc aperfmperf eagerfpu pni pclmulqdq dtes64 monitor ds_cpl vmx est tm2 ssse3 cx16 xtpr pdcm pcid sse4_1 sse4_2 x2apic popcnt tsc_deadline_timer aes xsave avx f16c rdrand lahf_lm ida arat epb xsaveopt pln pts dtherm tpr_shadow vnmi flexpriority ept vpid fsgsbase smep erms
bogomips	: 5188.69
clflush size	: 64
cache_alignment	: 64
address sizes	: 36 bits physical, 48 bits virtual
power management:

processor	: 3
vendor_id	: GenuineIntel
cpu family	: 6
model		: 58
model name	: Intel(R) Core(TM) i5-3230M CPU @ 2.60GHz
stepping	: 9
microcode	: 0x15
cpu MHz		: 2601.000
cache size	: 3072 KB
physical id	: 0
siblings	: 4
core id		: 1
cpu cores	: 2
apicid		: 3
initial apicid	: 3
fpu		: yes
fpu_exception	: yes
cpuid level	: 13
wp		: yes
flags		: fpu vme de pse tsc msr pae mce cx8 apic sep mtrr pge mca cmov pat pse36 clflush dts acpi mmx fxsr sse sse2 ss ht tm pbe syscall nx rdtscp lm constant_tsc arch_perfmon pebs bts rep_good nopl xtopology nonstop_tsc aperfmperf eagerfpu pni pclmulqdq dtes64 monitor ds_cpl vmx est tm2 ssse3 cx16 xtpr pdcm pcid sse4_1 sse4_2 x2apic popcnt tsc_deadline_timer aes xsave avx f16c rdrand lahf_lm ida arat epb xsaveopt pln pts dtherm tpr_shadow vnmi flexpriority ept vpid fsgsbase smep erms
bogomips	: 5188.69
clflush size	: 64
cache_alignment	: 64
address sizes	: 36 bits physical, 48 bits virtual
power management:



Memory: 4k page, physical 5965356k(126720k free), swap 0k(0k free)

vm_info: OpenJDK 64-Bit Server VM (24.65-b04) for linux-amd64 JRE (1.7.0_65-b32), built on Sep 10 2014 05:56:05 by "buildd" with gcc 4.8.2

time: Sun Oct 26 18:30:48 2014
elapsed time: 12 seconds

