#
# There is insufficient memory for the Java Runtime Environment to continue.
# Native memory allocation (malloc) failed to allocate 132120576 bytes for committing reserved memory.
# Possible reasons:
#   The system is out of physical RAM or swap space
#   In 32 bit mode, the process size limit was hit
# Possible solutions:
#   Reduce memory load on the system
#   Increase physical memory or swap space
#   Check if swap backing store is full
#   Use 64 bit Java on a 64 bit OS
#   Decrease Java heap size (-Xmx/-Xms)
#   Decrease number of Java threads
#   Decrease Java thread stack sizes (-Xss)
#   Set larger code cache with -XX:ReservedCodeCacheSize=
# This output file may be truncated or incomplete.
#
#  Out of Memory Error (os_linux.cpp:2798), pid=27126, tid=140362793137920
#
# JRE version: OpenJDK Runtime Environment (7.0_65-b32) (build 1.7.0_65-b32)
# Java VM: OpenJDK 64-Bit Server VM (24.65-b04 mixed mode linux-amd64 compressed oops)
# Derivative: IcedTea 2.5.2
# Distribution: Ubuntu 14.04 LTS, package 7u65-2.5.2-3~14.04
# Failed to write core dump. Core dumps have been disabled. To enable core dumping, try "ulimit -c unlimited" before starting Java again
#

---------------  T H R E A D  ---------------

Current thread (0x00007fa8c813c800):  VMThread [stack: 0x00007fa8c25cb000,0x00007fa8c26cc000] [id=27178]

Stack: [0x00007fa8c25cb000,0x00007fa8c26cc000],  sp=0x00007fa8c26ca490,  free space=1021k
Native frames: (J=compiled Java code, j=interpreted, Vv=VM code, C=native code)
V  [libjvm.so+0x9486a5]  VMError::report_and_die()+0x175
V  [libjvm.so+0x48b904]  report_vm_out_of_memory(char const*, int, unsigned long, char const*)+0x74
V  [libjvm.so+0x7c76ab]  os::pd_commit_memory(char*, unsigned long, unsigned long, bool)+0xeb
V  [libjvm.so+0x7c216f]  os::commit_memory(char*, unsigned long, unsigned long, bool)+0x1f
V  [libjvm.so+0x8338fb]  PSVirtualSpace::expand_by(unsigned long)+0x5b
V  [libjvm.so+0x834750]  PSYoungGen::resize_generation(unsigned long, unsigned long)+0xb0
V  [libjvm.so+0x834e3b]  PSYoungGen::resize(unsigned long, unsigned long)+0x1b
V  [libjvm.so+0x831120]  PSScavenge::invoke_no_policy()+0xde0
V  [libjvm.so+0x8318f8]  PSScavenge::invoke()+0x38
V  [libjvm.so+0x7e82d3]  ParallelScavengeHeap::failed_mem_allocate(unsigned long)+0x63
V  [libjvm.so+0x94a0a4]  VM_ParallelGCFailedAllocation::doit()+0x84
V  [libjvm.so+0x94e597]  VM_Operation::evaluate()+0x47
V  [libjvm.so+0x94cf08]  VMThread::evaluate_operation(VM_Operation*)+0x318
V  [libjvm.so+0x94d369]  VMThread::loop()+0x219
V  [libjvm.so+0x94d7b2]  VMThread::run()+0x72
V  [libjvm.so+0x7c4572]  java_start(Thread*)+0xf2

VM_Operation (0x00007fa8d0d45d70): ParallelGCFailedAllocation, mode: safepoint, requested by thread 0x00007fa8c800a000


---------------  P R O C E S S  ---------------

Java Threads: ( => current thread )
  0x00007fa8c816d800 JavaThread "Service Thread" daemon [_thread_blocked, id=27203, stack(0x00007fa8c18e3000,0x00007fa8c19e4000)]
  0x00007fa8c816b800 JavaThread "C2 CompilerThread1" daemon [_thread_blocked, id=27200, stack(0x00007fa8c19e4000,0x00007fa8c1ae5000)]
  0x00007fa8c8168800 JavaThread "C2 CompilerThread0" daemon [_thread_blocked, id=27196, stack(0x00007fa8c1ae5000,0x00007fa8c1be6000)]
  0x00007fa8c8166800 JavaThread "Signal Dispatcher" daemon [_thread_blocked, id=27189, stack(0x00007fa8c1be6000,0x00007fa8c1ce7000)]
  0x00007fa8c8143000 JavaThread "Finalizer" daemon [_thread_blocked, id=27184, stack(0x00007fa8c23c9000,0x00007fa8c24ca000)]
  0x00007fa8c8141000 JavaThread "Reference Handler" daemon [_thread_blocked, id=27182, stack(0x00007fa8c24ca000,0x00007fa8c25cb000)]
  0x00007fa8c800a000 JavaThread "main" [_thread_blocked, id=27158, stack(0x00007fa8d0c47000,0x00007fa8d0d48000)]

Other Threads:
=>0x00007fa8c813c800 VMThread [stack: 0x00007fa8c25cb000,0x00007fa8c26cc000] [id=27178]
  0x00007fa8c8178000 WatcherThread [stack: 0x00007fa8c17e2000,0x00007fa8c18e3000] [id=27205]

VM state:at safepoint (normal execution)

VM Mutex/Monitor currently owned by a thread:  ([mutex/lock_event])
[0x00007fa8c8006730] Threads_lock - owner thread: 0x00007fa8c813c800
[0x00007fa8c8006c30] Heap_lock - owner thread: 0x00007fa8c800a000

Heap
 PSYoungGen      total 99840K, used 3565K [0x00000000eaa80000, 0x00000000f0f80000, 0x0000000100000000)
  eden space 96256K, 0% used [0x00000000eaa80000,0x00000000eaa80000,0x00000000f0880000)
  from space 3584K, 99% used [0x00000000f0880000,0x00000000f0bfb558,0x00000000f0c00000)
  to   space 3584K, 0% used [0x00000000f0c00000,0x00000000f0c00000,0x00000000f0f80000)
 ParOldGen       total 61952K, used 35184K [0x00000000c0000000, 0x00000000c3c80000, 0x00000000eaa80000)
  object space 61952K, 56% used [0x00000000c0000000,0x00000000c225c1c8,0x00000000c3c80000)
 PSPermGen       total 21504K, used 5915K [0x00000000b5a00000, 0x00000000b6f00000, 0x00000000c0000000)
  object space 21504K, 27% used [0x00000000b5a00000,0x00000000b5fc6c18,0x00000000b6f00000)

Card table byte_map: [0x00007fa8cd636000,0x00007fa8cd88a000] byte_map_base: 0x00007fa8cd089000

Polling page: 0x00007fa8d0d65000

Code Cache  [0x00007fa8c5000000, 0x00007fa8c5270000, 0x00007fa8c8000000)
 total_blobs=796 nmethods=568 adapters=181 free_code_cache=46871Kb largest_free_block=47938112

Compilation events (10 events):
Event: 10.276 Thread 0x00007fa8c816b800 nmethod 577 0x00007fa8c5231350 code [0x00007fa8c52314c0, 0x00007fa8c5231818]
Event: 10.276 Thread 0x00007fa8c816b800  578             com.android.dx.dex.code.CstInsn::<init> (39 bytes)
Event: 10.277 Thread 0x00007fa8c816b800 nmethod 578 0x00007fa8c5230f50 code [0x00007fa8c52310a0, 0x00007fa8c52311f8]
Event: 10.277 Thread 0x00007fa8c816b800  579             com.android.dx.ssa.back.FirstFitLocalCombiningAllocator::handleLocalAssociatedParams (132 bytes)
Event: 10.301 Thread 0x00007fa8c816b800 nmethod 579 0x00007fa8c523fe50 code [0x00007fa8c5240060, 0x00007fa8c5240ac8]
Event: 10.301 Thread 0x00007fa8c816b800  580             com.android.dx.rop.type.Prototype::getParameterTypes (5 bytes)
Event: 10.301 Thread 0x00007fa8c816b800 nmethod 580 0x00007fa8c5230d50 code [0x00007fa8c5230e80, 0x00007fa8c5230ed8]
Event: 10.302 Thread 0x00007fa8c816b800  581             com.android.dx.cf.iface.StdAttributeList::findNext (85 bytes)
Event: 10.306 Thread 0x00007fa8c816b800 nmethod 581 0x00007fa8c50d8110 code [0x00007fa8c50d8280, 0x00007fa8c50d8638]
Event: 10.306 Thread 0x00007fa8c816b800  582             com.android.dx.cf.code.Simulator$SimVisitor::visitLocal (329 bytes)

GC Heap History (9 events):
Event: 2.383 GC heap before
{Heap before GC invocations=1 (full 0):
 PSYoungGen      total 27648K, used 24064K [0x00000000eaa80000, 0x00000000ec900000, 0x0000000100000000)
  eden space 24064K, 100% used [0x00000000eaa80000,0x00000000ec200000,0x00000000ec200000)
  from space 3584K, 0% used [0x00000000ec580000,0x00000000ec580000,0x00000000ec900000)
  to   space 3584K, 0% used [0x00000000ec200000,0x00000000ec200000,0x00000000ec580000)
 ParOldGen       total 61952K, used 0K [0x00000000c0000000, 0x00000000c3c80000, 0x00000000eaa80000)
  object space 61952K, 0% used [0x00000000c0000000,0x00000000c0000000,0x00000000c3c80000)
 PSPermGen       total 21504K, used 5650K [0x00000000b5a00000, 0x00000000b6f00000, 0x00000000c0000000)
  object space 21504K, 26% used [0x00000000b5a00000,0x00000000b5f84888,0x00000000b6f00000)
Event: 2.415 GC heap after
Heap after GC invocations=1 (full 0):
 PSYoungGen      total 27648K, used 3575K [0x00000000eaa80000, 0x00000000ee080000, 0x0000000100000000)
  eden space 24064K, 0% used [0x00000000eaa80000,0x00000000eaa80000,0x00000000ec200000)
  from space 3584K, 99% used [0x00000000ec200000,0x00000000ec57dc78,0x00000000ec580000)
  to   space 3584K, 0% used [0x00000000edd00000,0x00000000edd00000,0x00000000ee080000)
 ParOldGen       total 61952K, used 1592K [0x00000000c0000000, 0x00000000c3c80000, 0x00000000eaa80000)
  object space 61952K, 2% used [0x00000000c0000000,0x00000000c018e0d0,0x00000000c3c80000)
 PSPermGen       total 21504K, used 5650K [0x00000000b5a00000, 0x00000000b6f00000, 0x00000000c0000000)
  object space 21504K, 26% used [0x00000000b5a00000,0x00000000b5f84888,0x00000000b6f00000)
}
Event: 4.884 GC heap before
{Heap before GC invocations=2 (full 0):
 PSYoungGen      total 27648K, used 27639K [0x00000000eaa80000, 0x00000000ee080000, 0x0000000100000000)
  eden space 24064K, 100% used [0x00000000eaa80000,0x00000000ec200000,0x00000000ec200000)
  from space 3584K, 99% used [0x00000000ec200000,0x00000000ec57dc78,0x00000000ec580000)
  to   space 3584K, 0% used [0x00000000edd00000,0x00000000edd00000,0x00000000ee080000)
 ParOldGen       total 61952K, used 1592K [0x00000000c0000000, 0x00000000c3c80000, 0x00000000eaa80000)
  object space 61952K, 2% used [0x00000000c0000000,0x00000000c018e0d0,0x00000000c3c80000)
 PSPermGen       total 21504K, used 5765K [0x00000000b5a00000, 0x00000000b6f00000, 0x00000000c0000000)
  object space 21504K, 26% used [0x00000000b5a00000,0x00000000b5fa15e0,0x00000000b6f00000)
Event: 4.924 GC heap after
Heap after GC invocations=2 (full 0):
 PSYoungGen      total 51712K, used 3575K [0x00000000eaa80000, 0x00000000ee080000, 0x0000000100000000)
  eden space 48128K, 0% used [0x00000000eaa80000,0x00000000eaa80000,0x00000000ed980000)
  from space 3584K, 99% used [0x00000000edd00000,0x00000000ee07dc88,0x00000000ee080000)
  to   space 3584K, 0% used [0x00000000ed980000,0x00000000ed980000,0x00000000edd00000)
 ParOldGen       total 61952K, used 5233K [0x00000000c0000000, 0x00000000c3c80000, 0x00000000eaa80000)
  object space 61952K, 8% used [0x00000000c0000000,0x00000000c051c4a0,0x00000000c3c80000)
 PSPermGen       total 21504K, used 5765K [0x00000000b5a00000, 0x00000000b6f00000, 0x00000000c0000000)
  object space 21504K, 26% used [0x00000000b5a00000,0x00000000b5fa15e0,0x00000000b6f00000)
}
Event: 7.643 GC heap before
{Heap before GC invocations=3 (full 0):
 PSYoungGen      total 51712K, used 51703K [0x00000000eaa80000, 0x00000000ee080000, 0x0000000100000000)
  eden space 48128K, 100% used [0x00000000eaa80000,0x00000000ed980000,0x00000000ed980000)
  from space 3584K, 99% used [0x00000000edd00000,0x00000000ee07dc88,0x00000000ee080000)
  to   space 3584K, 0% used [0x00000000ed980000,0x00000000ed980000,0x00000000edd00000)
 ParOldGen       total 61952K, used 5233K [0x00000000c0000000, 0x00000000c3c80000, 0x00000000eaa80000)
  object space 61952K, 8% used [0x00000000c0000000,0x00000000c051c4a0,0x00000000c3c80000)
 PSPermGen       total 21504K, used 5817K [0x00000000b5a00000, 0x00000000b6f00000, 0x00000000c0000000)
  object space 21504K, 27% used [0x00000000b5a00000,0x00000000b5fae668,0x00000000b6f00000)
Event: 7.760 GC heap after
Heap after GC invocations=3 (full 0):
 PSYoungGen      total 51712K, used 3568K [0x00000000eaa80000, 0x00000000f0f80000, 0x0000000100000000)
  eden space 48128K, 0% used [0x00000000eaa80000,0x00000000eaa80000,0x00000000ed980000)
  from space 3584K, 99% used [0x00000000ed980000,0x00000000edcfc2b0,0x00000000edd00000)
  to   space 3584K, 0% used [0x00000000f0c00000,0x00000000f0c00000,0x00000000f0f80000)
 ParOldGen       total 61952K, used 11940K [0x00000000c0000000, 0x00000000c3c80000, 0x00000000eaa80000)
  object space 61952K, 19% used [0x00000000c0000000,0x00000000c0ba9278,0x00000000c3c80000)
 PSPermGen       total 21504K, used 5817K [0x00000000b5a00000, 0x00000000b6f00000, 0x00000000c0000000)
  object space 21504K, 27% used [0x00000000b5a00000,0x00000000b5fae668,0x00000000b6f00000)
}
Event: 9.203 GC heap before
{Heap before GC invocations=4 (full 0):
 PSYoungGen      total 51712K, used 51696K [0x00000000eaa80000, 0x00000000f0f80000, 0x0000000100000000)
  eden space 48128K, 100% used [0x00000000eaa80000,0x00000000ed980000,0x00000000ed980000)
  from space 3584K, 99% used [0x00000000ed980000,0x00000000edcfc2b0,0x00000000edd00000)
  to   space 3584K, 0% used [0x00000000f0c00000,0x00000000f0c00000,0x00000000f0f80000)
 ParOldGen       total 61952K, used 11940K [0x00000000c0000000, 0x00000000c3c80000, 0x00000000eaa80000)
  object space 61952K, 19% used [0x00000000c0000000,0x00000000c0ba9278,0x00000000c3c80000)
 PSPermGen       total 21504K, used 5859K [0x00000000b5a00000, 0x00000000b6f00000, 0x00000000c0000000)
  object space 21504K, 27% used [0x00000000b5a00000,0x00000000b5fb8c58,0x00000000b6f00000)
Event: 9.257 GC heap after
Heap after GC invocations=4 (full 0):
 PSYoungGen      total 99840K, used 3554K [0x00000000eaa80000, 0x00000000f0f80000, 0x0000000100000000)
  eden space 96256K, 0% used [0x00000000eaa80000,0x00000000eaa80000,0x00000000f0880000)
  from space 3584K, 99% used [0x00000000f0c00000,0x00000000f0f78998,0x00000000f0f80000)
  to   space 3584K, 0% used [0x00000000f0880000,0x00000000f0880000,0x00000000f0c00000)
 ParOldGen       total 61952K, used 19744K [0x00000000c0000000, 0x00000000c3c80000, 0x00000000eaa80000)
  object space 61952K, 31% used [0x00000000c0000000,0x00000000c1348058,0x00000000c3c80000)
 PSPermGen       total 21504K, used 5859K [0x00000000b5a00000, 0x00000000b6f00000, 0x00000000c0000000)
  object space 21504K, 27% used [0x00000000b5a00000,0x00000000b5fb8c58,0x00000000b6f00000)
}
Event: 10.327 GC heap before
{Heap before GC invocations=5 (full 0):
 PSYoungGen      total 99840K, used 99810K [0x00000000eaa80000, 0x00000000f0f80000, 0x0000000100000000)
  eden space 96256K, 100% used [0x00000000eaa80000,0x00000000f0880000,0x00000000f0880000)
  from space 3584K, 99% used [0x00000000f0c00000,0x00000000f0f78998,0x00000000f0f80000)
  to   space 3584K, 0% used [0x00000000f0880000,0x00000000f0880000,0x00000000f0c00000)
 ParOldGen       total 61952K, used 19744K [0x00000000c0000000, 0x00000000c3c80000, 0x00000000eaa80000)
  object space 61952K, 31% used [0x00000000c0000000,0x00000000c1348058,0x00000000c3c80000)
 PSPermGen       total 21504K, used 5915K [0x00000000b5a00000, 0x00000000b6f00000, 0x00000000c0000000)
  object space 21504K, 27% used [0x00000000b5a00000,0x00000000b5fc6c18,0x00000000b6f00000)

Deoptimization events (10 events):
Event: 9.043 Thread 0x00007fa8c800a000 Uncommon trap: reason=bimorphic action=maybe_recompile pc=0x00007fa8c5144ab0 method=com.android.dx.cf.code.BytecodeArray.parseInstruction(ILcom/android/dx/cf/code/BytecodeArray$Visitor;)I @ 2281
Event: 9.303 Thread 0x00007fa8c800a000 Uncommon trap: reason=null_check action=make_not_entrant pc=0x00007fa8c522c14c method=com.android.dx.dex.file.FieldIdsSection.intern(Lcom/android/dx/rop/cst/CstFieldRef;)Lcom/android/dx/dex/file/FieldIdItem; @ 26
Event: 9.360 Thread 0x00007fa8c800a000 Uncommon trap: reason=class_check action=maybe_recompile pc=0x00007fa8c518c898 method=com.android.dx.ssa.SCCP.replaceConstants()V @ 127
Event: 9.546 Thread 0x00007fa8c800a000 Uncommon trap: reason=class_check action=maybe_recompile pc=0x00007fa8c50c2e94 method=com.android.dx.ssa.back.FirstFitLocalCombiningAllocator.findNextUnreservedRopReg(IILcom/android/dx/ssa/back/FirstFitLocalCombiningAllocator$Alignment;)I @ 60
Event: 9.617 Thread 0x00007fa8c800a000 Uncommon trap: reason=class_check action=maybe_recompile pc=0x00007fa8c518c898 method=com.android.dx.ssa.SCCP.replaceConstants()V @ 127
Event: 9.629 Thread 0x00007fa8c800a000 Uncommon trap: reason=class_check action=maybe_recompile pc=0x00007fa8c518c898 method=com.android.dx.ssa.SCCP.replaceConstants()V @ 127
Event: 9.639 Thread 0x00007fa8c800a000 Uncommon trap: reason=class_check action=maybe_recompile pc=0x00007fa8c51bd9d8 method=com.android.dx.cf.code.RopperMachine.run(Lcom/android/dx/cf/code/Frame;II)V @ 1024
Event: 9.766 Thread 0x00007fa8c800a000 Uncommon trap: reason=bimorphic action=maybe_recompile pc=0x00007fa8c51bdb0c method=com.android.dx.cf.code.RopperMachine.run(Lcom/android/dx/cf/code/Frame;II)V @ 310
Event: 9.766 Thread 0x00007fa8c800a000 Uncommon trap: reason=bimorphic action=maybe_recompile pc=0x00007fa8c51bdb0c method=com.android.dx.cf.code.RopperMachine.run(Lcom/android/dx/cf/code/Frame;II)V @ 310
Event: 9.766 Thread 0x00007fa8c800a000 Uncommon trap: reason=bimorphic action=maybe_recompile pc=0x00007fa8c51bdb0c method=com.android.dx.cf.code.RopperMachine.run(Lcom/android/dx/cf/code/Frame;II)V @ 310

Internal exceptions (10 events):
Event: 4.558 Thread 0x00007fa8c800a000 Threw 0x00000000ebf17ed0 at /build/buildd/openjdk-7-7u65-2.5.2/build/openjdk/hotspot/src/share/vm/prims/jvm.cpp:1247
Event: 4.729 Thread 0x00007fa8c800a000 Threw 0x00000000ec0adf38 at /build/buildd/openjdk-7-7u65-2.5.2/build/openjdk/hotspot/src/share/vm/prims/jvm.cpp:1247
Event: 5.967 Thread 0x00007fa8c800a000 Implicit null exception at 0x00007fa8c515cbd3 to 0x00007fa8c515d2fd
Event: 8.387 Thread 0x00007fa8c800a000 Threw 0x00000000eb854f28 at /build/buildd/openjdk-7-7u65-2.5.2/build/openjdk/hotspot/src/share/vm/prims/jvm.cpp:1247
Event: 9.264 Thread 0x00007fa8c800a000 Threw 0x00000000eab32628 at /build/buildd/openjdk-7-7u65-2.5.2/build/openjdk/hotspot/src/share/vm/prims/jvm.cpp:1247
Event: 9.264 Thread 0x00007fa8c800a000 Threw 0x00000000eab35628 at /build/buildd/openjdk-7-7u65-2.5.2/build/openjdk/hotspot/src/share/vm/prims/jvm.cpp:1247
Event: 9.267 Thread 0x00007fa8c800a000 Threw 0x00000000eab6a600 at /build/buildd/openjdk-7-7u65-2.5.2/build/openjdk/hotspot/src/share/vm/prims/jvm.cpp:1247
Event: 9.267 Thread 0x00007fa8c800a000 Threw 0x00000000eab70790 at /build/buildd/openjdk-7-7u65-2.5.2/build/openjdk/hotspot/src/share/vm/prims/jvm.cpp:1247
Event: 9.268 Thread 0x00007fa8c800a000 Threw 0x00000000eab76748 at /build/buildd/openjdk-7-7u65-2.5.2/build/openjdk/hotspot/src/share/vm/prims/jvm.cpp:1247
Event: 9.524 Thread 0x00007fa8c800a000 Threw 0x00000000ec303fa8 at /build/buildd/openjdk-7-7u65-2.5.2/build/openjdk/hotspot/src/share/vm/prims/jvm.cpp:1247

Events (10 events):
Event: 9.766 Thread 0x00007fa8c800a000 Uncommon trap: trap_request=0xffffffc6 fr.pc=0x00007fa8c51bdb0c
Event: 9.766 Thread 0x00007fa8c800a000 DEOPT PACKING pc=0x00007fa8c51bdb0c sp=0x00007fa8d0d45da0
Event: 9.766 Thread 0x00007fa8c800a000 DEOPT UNPACKING pc=0x00007fa8c5039445 sp=0x00007fa8d0d45d30 mode 2
Event: 9.766 Thread 0x00007fa8c800a000 Uncommon trap: trap_request=0xffffffc6 fr.pc=0x00007fa8c51bdb0c
Event: 9.766 Thread 0x00007fa8c800a000 DEOPT PACKING pc=0x00007fa8c51bdb0c sp=0x00007fa8d0d45da0
Event: 9.766 Thread 0x00007fa8c800a000 DEOPT UNPACKING pc=0x00007fa8c5039445 sp=0x00007fa8d0d45d30 mode 2
Event: 9.766 Thread 0x00007fa8c800a000 Uncommon trap: trap_request=0xffffffc6 fr.pc=0x00007fa8c51bdb0c
Event: 9.766 Thread 0x00007fa8c800a000 DEOPT PACKING pc=0x00007fa8c51bdb0c sp=0x00007fa8d0d45da0
Event: 9.766 Thread 0x00007fa8c800a000 DEOPT UNPACKING pc=0x00007fa8c5039445 sp=0x00007fa8d0d45d30 mode 2
Event: 10.327 Executing VM operation: ParallelGCFailedAllocation


Dynamic libraries:
00400000-00401000 r-xp 00000000 08:01 12980957                           /usr/lib/jvm/java-7-openjdk-amd64/jre/bin/java
00600000-00601000 r--p 00000000 08:01 12980957                           /usr/lib/jvm/java-7-openjdk-amd64/jre/bin/java
00601000-00602000 rw-p 00001000 08:01 12980957                           /usr/lib/jvm/java-7-openjdk-amd64/jre/bin/java
011f6000-01217000 rw-p 00000000 00:00 0                                  [heap]
b5a00000-b6f00000 rw-p 00000000 00:00 0 
b6f00000-c0000000 rw-p 00000000 00:00 0 
c0000000-c3c80000 rw-p 00000000 00:00 0 
c3c80000-eaa80000 rw-p 00000000 00:00 0 
eaa80000-f0f80000 rw-p 00000000 00:00 0 
f8d80000-100000000 rw-p 00000000 00:00 0 
7fa88c000000-7fa88c021000 rw-p 00000000 00:00 0 
7fa88c021000-7fa890000000 ---p 00000000 00:00 0 
7fa894000000-7fa894d0d000 rw-p 00000000 00:00 0 
7fa894d0d000-7fa898000000 ---p 00000000 00:00 0 
7fa898000000-7fa898021000 rw-p 00000000 00:00 0 
7fa898021000-7fa89c000000 ---p 00000000 00:00 0 
7fa89c000000-7fa89c021000 rw-p 00000000 00:00 0 
7fa89c021000-7fa8a0000000 ---p 00000000 00:00 0 
7fa8a0000000-7fa8a16a2000 rw-p 00000000 00:00 0 
7fa8a16a2000-7fa8a4000000 ---p 00000000 00:00 0 
7fa8a4000000-7fa8a4021000 rw-p 00000000 00:00 0 
7fa8a4021000-7fa8a8000000 ---p 00000000 00:00 0 
7fa8a8000000-7fa8a8021000 rw-p 00000000 00:00 0 
7fa8a8021000-7fa8ac000000 ---p 00000000 00:00 0 
7fa8ac000000-7fa8ac021000 rw-p 00000000 00:00 0 
7fa8ac021000-7fa8b0000000 ---p 00000000 00:00 0 
7fa8b0000000-7fa8b0240000 rw-p 00000000 00:00 0 
7fa8b0240000-7fa8b4000000 ---p 00000000 00:00 0 
7fa8b4000000-7fa8b4021000 rw-p 00000000 00:00 0 
7fa8b4021000-7fa8b8000000 ---p 00000000 00:00 0 
7fa8b8000000-7fa8b8021000 rw-p 00000000 00:00 0 
7fa8b8021000-7fa8bc000000 ---p 00000000 00:00 0 
7fa8bc000000-7fa8bc021000 rw-p 00000000 00:00 0 
7fa8bc021000-7fa8c0000000 ---p 00000000 00:00 0 
7fa8c0064000-7fa8c00a1000 r-xp 00000000 08:01 2494466                    /lib/x86_64-linux-gnu/libpcre.so.3.13.1
7fa8c00a1000-7fa8c02a0000 ---p 0003d000 08:01 2494466                    /lib/x86_64-linux-gnu/libpcre.so.3.13.1
7fa8c02a0000-7fa8c02a1000 r--p 0003c000 08:01 2494466                    /lib/x86_64-linux-gnu/libpcre.so.3.13.1
7fa8c02a1000-7fa8c02a2000 rw-p 0003d000 08:01 2494466                    /lib/x86_64-linux-gnu/libpcre.so.3.13.1
7fa8c02a2000-7fa8c02a9000 r-xp 00000000 08:01 12722241                   /usr/lib/x86_64-linux-gnu/libffi.so.6.0.1
7fa8c02a9000-7fa8c04a8000 ---p 00007000 08:01 12722241                   /usr/lib/x86_64-linux-gnu/libffi.so.6.0.1
7fa8c04a8000-7fa8c04a9000 r--p 00006000 08:01 12722241                   /usr/lib/x86_64-linux-gnu/libffi.so.6.0.1
7fa8c04a9000-7fa8c04aa000 rw-p 00007000 08:01 12722241                   /usr/lib/x86_64-linux-gnu/libffi.so.6.0.1
7fa8c04aa000-7fa8c04c1000 r-xp 00000000 08:01 2494363                    /lib/x86_64-linux-gnu/libresolv-2.19.so
7fa8c04c1000-7fa8c06c1000 ---p 00017000 08:01 2494363                    /lib/x86_64-linux-gnu/libresolv-2.19.so
7fa8c06c1000-7fa8c06c2000 r--p 00017000 08:01 2494363                    /lib/x86_64-linux-gnu/libresolv-2.19.so
7fa8c06c2000-7fa8c06c3000 rw-p 00018000 08:01 2494363                    /lib/x86_64-linux-gnu/libresolv-2.19.so
7fa8c06c3000-7fa8c06c5000 rw-p 00000000 00:00 0 
7fa8c06c5000-7fa8c06e5000 r-xp 00000000 08:01 2494493                    /lib/x86_64-linux-gnu/libselinux.so.1
7fa8c06e5000-7fa8c08e4000 ---p 00020000 08:01 2494493                    /lib/x86_64-linux-gnu/libselinux.so.1
7fa8c08e4000-7fa8c08e5000 r--p 0001f000 08:01 2494493                    /lib/x86_64-linux-gnu/libselinux.so.1
7fa8c08e5000-7fa8c08e6000 rw-p 00020000 08:01 2494493                    /lib/x86_64-linux-gnu/libselinux.so.1
7fa8c08e6000-7fa8c08e8000 rw-p 00000000 00:00 0 
7fa8c08e8000-7fa8c08eb000 r-xp 00000000 08:01 12722358                   /usr/lib/x86_64-linux-gnu/libgmodule-2.0.so.0.4000.0
7fa8c08eb000-7fa8c0aea000 ---p 00003000 08:01 12722358                   /usr/lib/x86_64-linux-gnu/libgmodule-2.0.so.0.4000.0
7fa8c0aea000-7fa8c0aeb000 r--p 00002000 08:01 12722358                   /usr/lib/x86_64-linux-gnu/libgmodule-2.0.so.0.4000.0
7fa8c0aeb000-7fa8c0aec000 rw-p 00003000 08:01 12722358                   /usr/lib/x86_64-linux-gnu/libgmodule-2.0.so.0.4000.0
7fa8c0aec000-7fa8c0bf2000 r-xp 00000000 08:01 2494394                    /lib/x86_64-linux-gnu/libglib-2.0.so.0.4000.0
7fa8c0bf2000-7fa8c0df1000 ---p 00106000 08:01 2494394                    /lib/x86_64-linux-gnu/libglib-2.0.so.0.4000.0
7fa8c0df1000-7fa8c0df2000 r--p 00105000 08:01 2494394                    /lib/x86_64-linux-gnu/libglib-2.0.so.0.4000.0
7fa8c0df2000-7fa8c0df3000 rw-p 00106000 08:01 2494394                    /lib/x86_64-linux-gnu/libglib-2.0.so.0.4000.0
7fa8c0df3000-7fa8c0df4000 rw-p 00000000 00:00 0 
7fa8c0df4000-7fa8c0e43000 r-xp 00000000 08:01 12722374                   /usr/lib/x86_64-linux-gnu/libgobject-2.0.so.0.4000.0
7fa8c0e43000-7fa8c1043000 ---p 0004f000 08:01 12722374                   /usr/lib/x86_64-linux-gnu/libgobject-2.0.so.0.4000.0
7fa8c1043000-7fa8c1044000 r--p 0004f000 08:01 12722374                   /usr/lib/x86_64-linux-gnu/libgobject-2.0.so.0.4000.0
7fa8c1044000-7fa8c1045000 rw-p 00050000 08:01 12722374                   /usr/lib/x86_64-linux-gnu/libgobject-2.0.so.0.4000.0
7fa8c1045000-7fa8c11b0000 r-xp 00000000 08:01 12722344                   /usr/lib/x86_64-linux-gnu/libgio-2.0.so.0.4000.0
7fa8c11b0000-7fa8c13b0000 ---p 0016b000 08:01 12722344                   /usr/lib/x86_64-linux-gnu/libgio-2.0.so.0.4000.0
7fa8c13b0000-7fa8c13b4000 r--p 0016b000 08:01 12722344                   /usr/lib/x86_64-linux-gnu/libgio-2.0.so.0.4000.0
7fa8c13b4000-7fa8c13b6000 rw-p 0016f000 08:01 12722344                   /usr/lib/x86_64-linux-gnu/libgio-2.0.so.0.4000.0
7fa8c13b6000-7fa8c13b8000 rw-p 00000000 00:00 0 
7fa8c13b8000-7fa8c13cf000 r-xp 00000000 08:01 12845528                   /usr/lib/jvm/java-7-openjdk-amd64/jre/lib/amd64/libnet.so
7fa8c13cf000-7fa8c15ce000 ---p 00017000 08:01 12845528                   /usr/lib/jvm/java-7-openjdk-amd64/jre/lib/amd64/libnet.so
7fa8c15ce000-7fa8c15cf000 r--p 00016000 08:01 12845528                   /usr/lib/jvm/java-7-openjdk-amd64/jre/lib/amd64/libnet.so
7fa8c15cf000-7fa8c15d0000 rw-p 00017000 08:01 12845528                   /usr/lib/jvm/java-7-openjdk-amd64/jre/lib/amd64/libnet.so
7fa8c15d0000-7fa8c15e0000 r-xp 00000000 08:01 12845520                   /usr/lib/jvm/java-7-openjdk-amd64/jre/lib/amd64/libnio.so
7fa8c15e0000-7fa8c17e0000 ---p 00010000 08:01 12845520                   /usr/lib/jvm/java-7-openjdk-amd64/jre/lib/amd64/libnio.so
7fa8c17e0000-7fa8c17e1000 r--p 00010000 08:01 12845520                   /usr/lib/jvm/java-7-openjdk-amd64/jre/lib/amd64/libnio.so
7fa8c17e1000-7fa8c17e2000 rw-p 00011000 08:01 12845520                   /usr/lib/jvm/java-7-openjdk-amd64/jre/lib/amd64/libnio.so
7fa8c17e2000-7fa8c17e3000 ---p 00000000 00:00 0 
7fa8c17e3000-7fa8c18e3000 rw-p 00000000 00:00 0                          [stack:27205]
7fa8c18e3000-7fa8c18e6000 ---p 00000000 00:00 0 
7fa8c18e6000-7fa8c19e4000 rw-p 00000000 00:00 0                          [stack:27203]
7fa8c19e4000-7fa8c19e7000 ---p 00000000 00:00 0 
7fa8c19e7000-7fa8c1ae5000 rw-p 00000000 00:00 0                          [stack:27200]
7fa8c1ae5000-7fa8c1ae8000 ---p 00000000 00:00 0 
7fa8c1ae8000-7fa8c1be6000 rw-p 00000000 00:00 0                          [stack:27196]
7fa8c1be6000-7fa8c1be9000 ---p 00000000 00:00 0 
7fa8c1be9000-7fa8c1ce7000 rw-p 00000000 00:00 0                          [stack:27189]
7fa8c1ce7000-7fa8c23c9000 r--p 00000000 08:01 12720962                   /usr/lib/locale/locale-archive
7fa8c23c9000-7fa8c23cc000 ---p 00000000 00:00 0 
7fa8c23cc000-7fa8c24ca000 rw-p 00000000 00:00 0                          [stack:27184]
7fa8c24ca000-7fa8c24cd000 ---p 00000000 00:00 0 
7fa8c24cd000-7fa8c25cb000 rw-p 00000000 00:00 0                          [stack:27182]
7fa8c25cb000-7fa8c25cc000 ---p 00000000 00:00 0 
7fa8c25cc000-7fa8c5000000 rw-p 00000000 00:00 0                          [stack:27178]
7fa8c5000000-7fa8c5270000 rwxp 00000000 00:00 0 
7fa8c5270000-7fa8c82fb000 rw-p 00000000 00:00 0 
7fa8c82fb000-7fa8cc000000 ---p 00000000 00:00 0 
7fa8cc042000-7fa8cc052000 r--s 000a9000 00:18 2230204                    /home/hscissors/AndroidStudioProjects/Timeline2/app/build/intermediates/exploded-aar/com.android.support/support-v4/21.0.0/classes.jar
7fa8cc052000-7fa8cc060000 r--s 000dc000 00:18 920441                     /home/hscissors/Downloads/android-studio/sdk/build-tools/21.0.0/lib/dx.jar
7fa8cc060000-7fa8ccbb4000 rw-p 00000000 00:00 0 
7fa8ccbb4000-7fa8ccd65000 r--s 01d21000 08:01 12845500                   /usr/lib/jvm/java-7-openjdk-amd64/jre/lib/rt.jar
7fa8ccd65000-7fa8cd089000 rw-p 00000000 00:00 0 
7fa8cd089000-7fa8cd08a000 ---p 00000000 00:00 0 
7fa8cd08a000-7fa8cd18a000 rw-p 00000000 00:00 0                          [stack:27175]
7fa8cd18a000-7fa8cd18b000 ---p 00000000 00:00 0 
7fa8cd18b000-7fa8cd28b000 rw-p 00000000 00:00 0                          [stack:27174]
7fa8cd28b000-7fa8cd28c000 ---p 00000000 00:00 0 
7fa8cd28c000-7fa8cd38c000 rw-p 00000000 00:00 0                          [stack:27173]
7fa8cd38c000-7fa8cd38d000 ---p 00000000 00:00 0 
7fa8cd38d000-7fa8cd498000 rw-p 00000000 00:00 0                          [stack:27172]
7fa8cd498000-7fa8cd4e0000 rw-p 00000000 00:00 0 
7fa8cd4e0000-7fa8cd4ff000 rw-p 00000000 00:00 0 
7fa8cd4ff000-7fa8cd636000 rw-p 00000000 00:00 0 
7fa8cd636000-7fa8cd641000 rw-p 00000000 00:00 0 
7fa8cd641000-7fa8cd689000 rw-p 00000000 00:00 0 
7fa8cd689000-7fa8cd6a8000 rw-p 00000000 00:00 0 
7fa8cd6a8000-7fa8cd7de000 rw-p 00000000 00:00 0 
7fa8cd7de000-7fa8cd811000 rw-p 00000000 00:00 0 
7fa8cd811000-7fa8cd889000 rw-p 00000000 00:00 0 
7fa8cd889000-7fa8cd88a000 rw-p 00000000 00:00 0 
7fa8cd88a000-7fa8cd892000 r-xp 00000000 08:01 12845516                   /usr/lib/jvm/java-7-openjdk-amd64/jre/lib/amd64/libzip.so
7fa8cd892000-7fa8cda91000 ---p 00008000 08:01 12845516                   /usr/lib/jvm/java-7-openjdk-amd64/jre/lib/amd64/libzip.so
7fa8cda91000-7fa8cda92000 r--p 00007000 08:01 12845516                   /usr/lib/jvm/java-7-openjdk-amd64/jre/lib/amd64/libzip.so
7fa8cda92000-7fa8cda93000 rw-p 00008000 08:01 12845516                   /usr/lib/jvm/java-7-openjdk-amd64/jre/lib/amd64/libzip.so
7fa8cda93000-7fa8cda9e000 r-xp 00000000 08:01 2494499                    /lib/x86_64-linux-gnu/libnss_files-2.19.so
7fa8cda9e000-7fa8cdc9d000 ---p 0000b000 08:01 2494499                    /lib/x86_64-linux-gnu/libnss_files-2.19.so
7fa8cdc9d000-7fa8cdc9e000 r--p 0000a000 08:01 2494499                    /lib/x86_64-linux-gnu/libnss_files-2.19.so
7fa8cdc9e000-7fa8cdc9f000 rw-p 0000b000 08:01 2494499                    /lib/x86_64-linux-gnu/libnss_files-2.19.so
7fa8cdc9f000-7fa8cdcaa000 r-xp 00000000 08:01 2494503                    /lib/x86_64-linux-gnu/libnss_nis-2.19.so
7fa8cdcaa000-7fa8cdea9000 ---p 0000b000 08:01 2494503                    /lib/x86_64-linux-gnu/libnss_nis-2.19.so
7fa8cdea9000-7fa8cdeaa000 r--p 0000a000 08:01 2494503                    /lib/x86_64-linux-gnu/libnss_nis-2.19.so
7fa8cdeaa000-7fa8cdeab000 rw-p 0000b000 08:01 2494503                    /lib/x86_64-linux-gnu/libnss_nis-2.19.so
7fa8cdeab000-7fa8cdec2000 r-xp 00000000 08:01 2494373                    /lib/x86_64-linux-gnu/libnsl-2.19.so
7fa8cdec2000-7fa8ce0c1000 ---p 00017000 08:01 2494373                    /lib/x86_64-linux-gnu/libnsl-2.19.so
7fa8ce0c1000-7fa8ce0c2000 r--p 00016000 08:01 2494373                    /lib/x86_64-linux-gnu/libnsl-2.19.so
7fa8ce0c2000-7fa8ce0c3000 rw-p 00017000 08:01 2494373                    /lib/x86_64-linux-gnu/libnsl-2.19.so
7fa8ce0c3000-7fa8ce0c5000 rw-p 00000000 00:00 0 
7fa8ce0c5000-7fa8ce0ce000 r-xp 00000000 08:01 2494283                    /lib/x86_64-linux-gnu/libnss_compat-2.19.so
7fa8ce0ce000-7fa8ce2cd000 ---p 00009000 08:01 2494283                    /lib/x86_64-linux-gnu/libnss_compat-2.19.so
7fa8ce2cd000-7fa8ce2ce000 r--p 00008000 08:01 2494283                    /lib/x86_64-linux-gnu/libnss_compat-2.19.so
7fa8ce2ce000-7fa8ce2cf000 rw-p 00009000 08:01 2494283                    /lib/x86_64-linux-gnu/libnss_compat-2.19.so
7fa8ce2cf000-7fa8ce2fa000 r-xp 00000000 08:01 12845515                   /usr/lib/jvm/java-7-openjdk-amd64/jre/lib/amd64/libjava.so
7fa8ce2fa000-7fa8ce4fa000 ---p 0002b000 08:01 12845515                   /usr/lib/jvm/java-7-openjdk-amd64/jre/lib/amd64/libjava.so
7fa8ce4fa000-7fa8ce4fb000 r--p 0002b000 08:01 12845515                   /usr/lib/jvm/java-7-openjdk-amd64/jre/lib/amd64/libjava.so
7fa8ce4fb000-7fa8ce4fd000 rw-p 0002c000 08:01 12845515                   /usr/lib/jvm/java-7-openjdk-amd64/jre/lib/amd64/libjava.so
7fa8ce4fd000-7fa8ce50d000 r-xp 00000000 08:01 12845541                   /usr/lib/jvm/java-7-openjdk-amd64/jre/lib/amd64/libverify.so
7fa8ce50d000-7fa8ce70c000 ---p 00010000 08:01 12845541                   /usr/lib/jvm/java-7-openjdk-amd64/jre/lib/amd64/libverify.so
7fa8ce70c000-7fa8ce70e000 r--p 0000f000 08:01 12845541                   /usr/lib/jvm/java-7-openjdk-amd64/jre/lib/amd64/libverify.so
7fa8ce70e000-7fa8ce70f000 rw-p 00011000 08:01 12845541                   /usr/lib/jvm/java-7-openjdk-amd64/jre/lib/amd64/libverify.so
7fa8ce70f000-7fa8ce716000 r-xp 00000000 08:01 2494380                    /lib/x86_64-linux-gnu/librt-2.19.so
7fa8ce716000-7fa8ce915000 ---p 00007000 08:01 2494380                    /lib/x86_64-linux-gnu/librt-2.19.so
7fa8ce915000-7fa8ce916000 r--p 00006000 08:01 2494380                    /lib/x86_64-linux-gnu/librt-2.19.so
7fa8ce916000-7fa8ce917000 rw-p 00007000 08:01 2494380                    /lib/x86_64-linux-gnu/librt-2.19.so
7fa8ce917000-7fa8ce92d000 r-xp 00000000 08:01 2490394                    /lib/x86_64-linux-gnu/libgcc_s.so.1
7fa8ce92d000-7fa8ceb2c000 ---p 00016000 08:01 2490394                    /lib/x86_64-linux-gnu/libgcc_s.so.1
7fa8ceb2c000-7fa8ceb2d000 rw-p 00015000 08:01 2490394                    /lib/x86_64-linux-gnu/libgcc_s.so.1
7fa8ceb2d000-7fa8cec32000 r-xp 00000000 08:01 2494448                    /lib/x86_64-linux-gnu/libm-2.19.so
7fa8cec32000-7fa8cee31000 ---p 00105000 08:01 2494448                    /lib/x86_64-linux-gnu/libm-2.19.so
7fa8cee31000-7fa8cee32000 r--p 00104000 08:01 2494448                    /lib/x86_64-linux-gnu/libm-2.19.so
7fa8cee32000-7fa8cee33000 rw-p 00105000 08:01 2494448                    /lib/x86_64-linux-gnu/libm-2.19.so
7fa8cee33000-7fa8cef19000 r-xp 00000000 08:01 12722869                   /usr/lib/x86_64-linux-gnu/libstdc++.so.6.0.19
7fa8cef19000-7fa8cf118000 ---p 000e6000 08:01 12722869                   /usr/lib/x86_64-linux-gnu/libstdc++.so.6.0.19
7fa8cf118000-7fa8cf120000 r--p 000e5000 08:01 12722869                   /usr/lib/x86_64-linux-gnu/libstdc++.so.6.0.19
7fa8cf120000-7fa8cf122000 rw-p 000ed000 08:01 12722869                   /usr/lib/x86_64-linux-gnu/libstdc++.so.6.0.19
7fa8cf122000-7fa8cf137000 rw-p 00000000 00:00 0 
7fa8cf137000-7fa8cfc4d000 r-xp 00000000 08:01 12845531                   /usr/lib/jvm/java-7-openjdk-amd64/jre/lib/amd64/server/libjvm.so
7fa8cfc4d000-7fa8cfe4c000 ---p 00b16000 08:01 12845531                   /usr/lib/jvm/java-7-openjdk-amd64/jre/lib/amd64/server/libjvm.so
7fa8cfe4c000-7fa8cfee6000 r--p 00b15000 08:01 12845531                   /usr/lib/jvm/java-7-openjdk-amd64/jre/lib/amd64/server/libjvm.so
7fa8cfee6000-7fa8cff09000 rw-p 00baf000 08:01 12845531                   /usr/lib/jvm/java-7-openjdk-amd64/jre/lib/amd64/server/libjvm.so
7fa8cff09000-7fa8cff37000 rw-p 00000000 00:00 0 
7fa8cff37000-7fa8cff4f000 r-xp 00000000 08:01 2494526                    /lib/x86_64-linux-gnu/libz.so.1.2.8
7fa8cff4f000-7fa8d014e000 ---p 00018000 08:01 2494526                    /lib/x86_64-linux-gnu/libz.so.1.2.8
7fa8d014e000-7fa8d014f000 r--p 00017000 08:01 2494526                    /lib/x86_64-linux-gnu/libz.so.1.2.8
7fa8d014f000-7fa8d0150000 rw-p 00018000 08:01 2494526                    /lib/x86_64-linux-gnu/libz.so.1.2.8
7fa8d0150000-7fa8d0169000 r-xp 00000000 08:01 2495718                    /lib/x86_64-linux-gnu/libpthread-2.19.so
7fa8d0169000-7fa8d0368000 ---p 00019000 08:01 2495718                    /lib/x86_64-linux-gnu/libpthread-2.19.so
7fa8d0368000-7fa8d0369000 r--p 00018000 08:01 2495718                    /lib/x86_64-linux-gnu/libpthread-2.19.so
7fa8d0369000-7fa8d036a000 rw-p 00019000 08:01 2495718                    /lib/x86_64-linux-gnu/libpthread-2.19.so
7fa8d036a000-7fa8d036e000 rw-p 00000000 00:00 0 
7fa8d036e000-7fa8d0371000 r-xp 00000000 08:01 2495712                    /lib/x86_64-linux-gnu/libdl-2.19.so
7fa8d0371000-7fa8d0570000 ---p 00003000 08:01 2495712                    /lib/x86_64-linux-gnu/libdl-2.19.so
7fa8d0570000-7fa8d0571000 r--p 00002000 08:01 2495712                    /lib/x86_64-linux-gnu/libdl-2.19.so
7fa8d0571000-7fa8d0572000 rw-p 00003000 08:01 2495712                    /lib/x86_64-linux-gnu/libdl-2.19.so
7fa8d0572000-7fa8d072d000 r-xp 00000000 08:01 2494434                    /lib/x86_64-linux-gnu/libc-2.19.so
7fa8d072d000-7fa8d092d000 ---p 001bb000 08:01 2494434                    /lib/x86_64-linux-gnu/libc-2.19.so
7fa8d092d000-7fa8d0931000 r--p 001bb000 08:01 2494434                    /lib/x86_64-linux-gnu/libc-2.19.so
7fa8d0931000-7fa8d0933000 rw-p 001bf000 08:01 2494434                    /lib/x86_64-linux-gnu/libc-2.19.so
7fa8d0933000-7fa8d0938000 rw-p 00000000 00:00 0 
7fa8d0938000-7fa8d0945000 r-xp 00000000 08:01 12845544                   /usr/lib/jvm/java-7-openjdk-amd64/jre/lib/amd64/jli/libjli.so
7fa8d0945000-7fa8d0b44000 ---p 0000d000 08:01 12845544                   /usr/lib/jvm/java-7-openjdk-amd64/jre/lib/amd64/jli/libjli.so
7fa8d0b44000-7fa8d0b45000 r--p 0000c000 08:01 12845544                   /usr/lib/jvm/java-7-openjdk-amd64/jre/lib/amd64/jli/libjli.so
7fa8d0b45000-7fa8d0b46000 rw-p 0000d000 08:01 12845544                   /usr/lib/jvm/java-7-openjdk-amd64/jre/lib/amd64/jli/libjli.so
7fa8d0b46000-7fa8d0b69000 r-xp 00000000 08:01 2494436                    /lib/x86_64-linux-gnu/ld-2.19.so
7fa8d0b6b000-7fa8d0b6c000 rw-p 00000000 00:00 0 
7fa8d0b6c000-7fa8d0b6f000 r--s 00032000 08:01 12979352                   /usr/lib/jvm/java-7-openjdk-amd64/jre/lib/ext/sunjce_provider.jar
7fa8d0b6f000-7fa8d0b91000 rw-p 00000000 00:00 0 
7fa8d0b91000-7fa8d0c47000 rw-p 00000000 00:00 0 
7fa8d0c47000-7fa8d0c4a000 ---p 00000000 00:00 0 
7fa8d0c4a000-7fa8d0d4d000 rw-p 00000000 00:00 0                          [stack:27158]
7fa8d0d4d000-7fa8d0d4e000 r--s 00002000 08:01 12980329                   /usr/lib/jvm/java-7-openjdk-amd64/jre/lib/ext/dnsns.jar
7fa8d0d4e000-7fa8d0d50000 r--s 00006000 08:01 13114012                   /usr/share/java/java-atk-wrapper.jar
7fa8d0d50000-7fa8d0d53000 r--s 0003c000 08:01 12979354                   /usr/lib/jvm/java-7-openjdk-amd64/jre/lib/ext/sunpkcs11.jar
7fa8d0d53000-7fa8d0d55000 r--s 00012000 08:01 12980328                   /usr/lib/jvm/java-7-openjdk-amd64/jre/lib/ext/zipfs.jar
7fa8d0d55000-7fa8d0d58000 r--s 0000f000 08:01 12979353                   /usr/lib/jvm/java-7-openjdk-amd64/jre/lib/ext/pulse-java.jar
7fa8d0d58000-7fa8d0d5c000 r--s 00085000 08:01 12980330                   /usr/lib/jvm/java-7-openjdk-amd64/jre/lib/ext/localedata.jar
7fa8d0d5c000-7fa8d0d64000 rw-s 00000000 08:01 530414                     /tmp/hsperfdata_hscissors/27126
7fa8d0d64000-7fa8d0d65000 rw-p 00000000 00:00 0 
7fa8d0d65000-7fa8d0d66000 ---p 00000000 00:00 0 
7fa8d0d66000-7fa8d0d68000 rw-p 00000000 00:00 0 
7fa8d0d68000-7fa8d0d69000 r--p 00022000 08:01 2494436                    /lib/x86_64-linux-gnu/ld-2.19.so
7fa8d0d69000-7fa8d0d6a000 rw-p 00023000 08:01 2494436                    /lib/x86_64-linux-gnu/ld-2.19.so
7fa8d0d6a000-7fa8d0d6b000 rw-p 00000000 00:00 0 
7fffff1a8000-7fffff1ca000 rw-p 00000000 00:00 0                          [stack]
7fffff1fe000-7fffff200000 r-xp 00000000 00:00 0                          [vdso]
ffffffffff600000-ffffffffff601000 r-xp 00000000 00:00 0                  [vsyscall]

VM Arguments:
jvm_args: -Xmx1024M 
java_command: /home/hscissors/Downloads/android-studio/sdk/build-tools/21.0.0/lib/dx.jar --dex --output /home/hscissors/AndroidStudioProjects/Timeline2/app/build/intermediates/pre-dexed/debug/classes-2c71d107f464df7bc62c9183b04f2fb6e90fe61a.jar /home/hscissors/AndroidStudioProjects/Timeline2/app/build/intermediates/exploded-aar/com.android.support/support-v4/21.0.0/classes.jar
Launcher Type: SUN_STANDARD

Environment Variables:
CLASSPATH=./../lib/bootstrap.jar:./../lib/extensions.jar:./../lib/util.jar:./../lib/jdom.jar:./../lib/log4j.jar:./../lib/trove4j.jar:./../lib/jna.jar:/usr/lib/jvm/java-7-openjdk-amd64/lib/tools.jar
PATH=/home/hscissors/.rvm/gems/ruby-1.9.3-p547/bin:/home/hscissors/.rvm/gems/ruby-1.9.3-p547@global/bin:/home/hscissors/.rvm/rubies/ruby-1.9.3-p547/bin:/usr/local/sbin:/usr/local/bin:/usr/sbin:/usr/bin:/sbin:/bin:/usr/games:/usr/local/games:/home/hscissors/.rvm/bin:/home/hscissors/.rvm/bin
LD_LIBRARY_PATH=.:
SHELL=/bin/bash
DISPLAY=:0

Signal Handlers:
SIGSEGV: [libjvm.so+0x949180], sa_mask[0]=0x7ffbfeff, sa_flags=0x10000004
SIGBUS: [libjvm.so+0x949180], sa_mask[0]=0x7ffbfeff, sa_flags=0x10000004
SIGFPE: [libjvm.so+0x7c2ec0], sa_mask[0]=0x7ffbfeff, sa_flags=0x10000004
SIGPIPE: [libjvm.so+0x7c2ec0], sa_mask[0]=0x7ffbfeff, sa_flags=0x10000004
SIGXFSZ: [libjvm.so+0x7c2ec0], sa_mask[0]=0x7ffbfeff, sa_flags=0x10000004
SIGILL: [libjvm.so+0x7c2ec0], sa_mask[0]=0x7ffbfeff, sa_flags=0x10000004
SIGUSR1: SIG_DFL, sa_mask[0]=0x00000000, sa_flags=0x00000000
SIGUSR2: [libjvm.so+0x7c2d60], sa_mask[0]=0x00000004, sa_flags=0x10000004
SIGHUP: [libjvm.so+0x7c2f40], sa_mask[0]=0x7ffbfeff, sa_flags=0x10000004
SIGINT: [libjvm.so+0x7c2f40], sa_mask[0]=0x7ffbfeff, sa_flags=0x10000004
SIGTERM: [libjvm.so+0x7c2f40], sa_mask[0]=0x7ffbfeff, sa_flags=0x10000004
SIGQUIT: [libjvm.so+0x7c2f40], sa_mask[0]=0x7ffbfeff, sa_flags=0x10000004
SIGTRAP: SIG_DFL, sa_mask[0]=0x00000000, sa_flags=0x00000000


---------------  S Y S T E M  ---------------

OS:Ubuntu 14.04 (trusty)
uname:Linux 3.13.0-36-generic #63-Ubuntu SMP Wed Sep 3 21:30:07 UTC 2014 x86_64
libc:glibc 2.19 NPTL 2.19 
rlimit: STACK 8192k, CORE 0k, NPROC 46371, NOFILE 4096, AS infinity
load average:4.08 2.21 1.16

/proc/meminfo:
MemTotal:        5965356 kB
MemFree:          143704 kB
Buffers:            2192 kB
Cached:           516512 kB
SwapCached:            0 kB
Active:          5049140 kB
Inactive:         488220 kB
Active(anon):    5021824 kB
Inactive(anon):   458340 kB
Active(file):      27316 kB
Inactive(file):    29880 kB
Unevictable:          32 kB
Mlocked:              32 kB
SwapTotal:             0 kB
SwapFree:              0 kB
Dirty:             10800 kB
Writeback:             0 kB
AnonPages:       5019348 kB
Mapped:           199280 kB
Shmem:            461228 kB
Slab:             105444 kB
SReclaimable:      38452 kB
SUnreclaim:        66992 kB
KernelStack:        6800 kB
PageTables:        62696 kB
NFS_Unstable:          0 kB
Bounce:                0 kB
WritebackTmp:          0 kB
CommitLimit:     2982676 kB
Committed_AS:   11946288 kB
VmallocTotal:   34359738367 kB
VmallocUsed:      354728 kB
VmallocChunk:   34359374700 kB
HardwareCorrupted:     0 kB
AnonHugePages:   1892352 kB
HugePages_Total:       0
HugePages_Free:        0
HugePages_Rsvd:        0
HugePages_Surp:        0
Hugepagesize:       2048 kB
DirectMap4k:       99136 kB
DirectMap2M:     6045696 kB


CPU:total 4 (2 cores per cpu, 2 threads per core) family 6 model 58 stepping 9, cmov, cx8, fxsr, mmx, sse, sse2, sse3, ssse3, sse4.1, sse4.2, popcnt, avx, aes, erms, ht, tsc, tscinvbit, tscinv

/proc/cpuinfo:
processor	: 0
vendor_id	: GenuineIntel
cpu family	: 6
model		: 58
model name	: Intel(R) Core(TM) i5-3230M CPU @ 2.60GHz
stepping	: 9
microcode	: 0x15
cpu MHz		: 2601.000
cache size	: 3072 KB
physical id	: 0
siblings	: 4
core id		: 0
cpu cores	: 2
apicid		: 0
initial apicid	: 0
fpu		: yes
fpu_exception	: yes
cpuid level	: 13
wp		: yes
flags		: fpu vme de pse tsc msr pae mce cx8 apic sep mtrr pge mca cmov pat pse36 clflush dts acpi mmx fxsr sse sse2 ss ht tm pbe syscall nx rdtscp lm constant_tsc arch_perfmon pebs bts rep_good nopl xtopology nonstop_tsc aperfmperf eagerfpu pni pclmulqdq dtes64 monitor ds_cpl vmx est tm2 ssse3 cx16 xtpr pdcm pcid sse4_1 sse4_2 x2apic popcnt tsc_deadline_timer aes xsave avx f16c rdrand lahf_lm ida arat epb xsaveopt pln pts dtherm tpr_shadow vnmi flexpriority ept vpid fsgsbase smep erms
bogomips	: 5188.69
clflush size	: 64
cache_alignment	: 64
address sizes	: 36 bits physical, 48 bits virtual
power management:

processor	: 1
vendor_id	: GenuineIntel
cpu family	: 6
model		: 58
model name	: Intel(R) Core(TM) i5-3230M CPU @ 2.60GHz
stepping	: 9
microcode	: 0x15
cpu MHz		: 2601.000
cache size	: 3072 KB
physical id	: 0
siblings	: 4
core id		: 0
cpu cores	: 2
apicid		: 1
initial apicid	: 1
fpu		: yes
fpu_exception	: yes
cpuid level	: 13
wp		: yes
flags		: fpu vme de pse tsc msr pae mce cx8 apic sep mtrr pge mca cmov pat pse36 clflush dts acpi mmx fxsr sse sse2 ss ht tm pbe syscall nx rdtscp lm constant_tsc arch_perfmon pebs bts rep_good nopl xtopology nonstop_tsc aperfmperf eagerfpu pni pclmulqdq dtes64 monitor ds_cpl vmx est tm2 ssse3 cx16 xtpr pdcm pcid sse4_1 sse4_2 x2apic popcnt tsc_deadline_timer aes xsave avx f16c rdrand lahf_lm ida arat epb xsaveopt pln pts dtherm tpr_shadow vnmi flexpriority ept vpid fsgsbase smep erms
bogomips	: 5188.69
clflush size	: 64
cache_alignment	: 64
address sizes	: 36 bits physical, 48 bits virtual
power management:

processor	: 2
vendor_id	: GenuineIntel
cpu family	: 6
model		: 58
model name	: Intel(R) Core(TM) i5-3230M CPU @ 2.60GHz
stepping	: 9
microcode	: 0x15
cpu MHz		: 2601.000
cache size	: 3072 KB
physical id	: 0
siblings	: 4
core id		: 1
cpu cores	: 2
apicid		: 2
initial apicid	: 2
fpu		: yes
fpu_exception	: yes
cpuid level	: 13
wp		: yes
flags		: fpu vme de pse tsc msr pae mce cx8 apic sep mtrr pge mca cmov pat pse36 clflush dts acpi mmx fxsr sse sse2 ss ht tm pbe syscall nx rdtscp lm constant_tsc arch_perfmon pebs bts rep_good nopl xtopology nonstop_tsc aperfmperf eagerfpu pni pclmulqdq dtes64 monitor ds_cpl vmx est tm2 ssse3 cx16 xtpr pdcm pcid sse4_1 sse4_2 x2apic popcnt tsc_deadline_timer aes xsave avx f16c rdrand lahf_lm ida arat epb xsaveopt pln pts dtherm tpr_shadow vnmi flexpriority ept vpid fsgsbase smep erms
bogomips	: 5188.69
clflush size	: 64
cache_alignment	: 64
address sizes	: 36 bits physical, 48 bits virtual
power management:

processor	: 3
vendor_id	: GenuineIntel
cpu family	: 6
model		: 58
model name	: Intel(R) Core(TM) i5-3230M CPU @ 2.60GHz
stepping	: 9
microcode	: 0x15
cpu MHz		: 2601.000
cache size	: 3072 KB
physical id	: 0
siblings	: 4
core id		: 1
cpu cores	: 2
apicid		: 3
initial apicid	: 3
fpu		: yes
fpu_exception	: yes
cpuid level	: 13
wp		: yes
flags		: fpu vme de pse tsc msr pae mce cx8 apic sep mtrr pge mca cmov pat pse36 clflush dts acpi mmx fxsr sse sse2 ss ht tm pbe syscall nx rdtscp lm constant_tsc arch_perfmon pebs bts rep_good nopl xtopology nonstop_tsc aperfmperf eagerfpu pni pclmulqdq dtes64 monitor ds_cpl vmx est tm2 ssse3 cx16 xtpr pdcm pcid sse4_1 sse4_2 x2apic popcnt tsc_deadline_timer aes xsave avx f16c rdrand lahf_lm ida arat epb xsaveopt pln pts dtherm tpr_shadow vnmi flexpriority ept vpid fsgsbase smep erms
bogomips	: 5188.69
clflush size	: 64
cache_alignment	: 64
address sizes	: 36 bits physical, 48 bits virtual
power management:



Memory: 4k page, physical 5965356k(143456k free), swap 0k(0k free)

vm_info: OpenJDK 64-Bit Server VM (24.65-b04) for linux-amd64 JRE (1.7.0_65-b32), built on Sep 10 2014 05:56:05 by "buildd" with gcc 4.8.2

time: Sun Oct 26 18:26:03 2014
elapsed time: 10 seconds

