#
# There is insufficient memory for the Java Runtime Environment to continue.
# Native memory allocation (malloc) failed to allocate 50331648 bytes for committing reserved memory.
# Possible reasons:
#   The system is out of physical RAM or swap space
#   In 32 bit mode, the process size limit was hit
# Possible solutions:
#   Reduce memory load on the system
#   Increase physical memory or swap space
#   Check if swap backing store is full
#   Use 64 bit Java on a 64 bit OS
#   Decrease Java heap size (-Xmx/-Xms)
#   Decrease number of Java threads
#   Decrease Java thread stack sizes (-Xss)
#   Set larger code cache with -XX:ReservedCodeCacheSize=
# This output file may be truncated or incomplete.
#
#  Out of Memory Error (os_linux.cpp:2798), pid=21818, tid=140346986018560
#
# JRE version: OpenJDK Runtime Environment (7.0_65-b32) (build 1.7.0_65-b32)
# Java VM: OpenJDK 64-Bit Server VM (24.65-b04 mixed mode linux-amd64 compressed oops)
# Derivative: IcedTea 2.5.2
# Distribution: Ubuntu 14.04 LTS, package 7u65-2.5.2-3~14.04
# Failed to write core dump. Core dumps have been disabled. To enable core dumping, try "ulimit -c unlimited" before starting Java again
#

---------------  T H R E A D  ---------------

Current thread (0x00007fa51813d800):  VMThread [stack: 0x00007fa5142f3000,0x00007fa5143f4000] [id=21831]

Stack: [0x00007fa5142f3000,0x00007fa5143f4000],  sp=0x00007fa5143f2490,  free space=1021k
Native frames: (J=compiled Java code, j=interpreted, Vv=VM code, C=native code)
V  [libjvm.so+0x9486a5]  VMError::report_and_die()+0x175
V  [libjvm.so+0x48b904]  report_vm_out_of_memory(char const*, int, unsigned long, char const*)+0x74
V  [libjvm.so+0x7c76ab]  os::pd_commit_memory(char*, unsigned long, unsigned long, bool)+0xeb
V  [libjvm.so+0x7c216f]  os::commit_memory(char*, unsigned long, unsigned long, bool)+0x1f
V  [libjvm.so+0x8338fb]  PSVirtualSpace::expand_by(unsigned long)+0x5b
V  [libjvm.so+0x834750]  PSYoungGen::resize_generation(unsigned long, unsigned long)+0xb0
V  [libjvm.so+0x834e3b]  PSYoungGen::resize(unsigned long, unsigned long)+0x1b
V  [libjvm.so+0x831120]  PSScavenge::invoke_no_policy()+0xde0
V  [libjvm.so+0x8318f8]  PSScavenge::invoke()+0x38
V  [libjvm.so+0x7e82d3]  ParallelScavengeHeap::failed_mem_allocate(unsigned long)+0x63
V  [libjvm.so+0x94a0a4]  VM_ParallelGCFailedAllocation::doit()+0x84
V  [libjvm.so+0x94e597]  VM_Operation::evaluate()+0x47
V  [libjvm.so+0x94cf08]  VMThread::evaluate_operation(VM_Operation*)+0x318
V  [libjvm.so+0x94d369]  VMThread::loop()+0x219
V  [libjvm.so+0x94d7b2]  VMThread::run()+0x72
V  [libjvm.so+0x7c4572]  java_start(Thread*)+0xf2

VM_Operation (0x00007fa5205832b0): ParallelGCFailedAllocation, mode: safepoint, requested by thread 0x00007fa51800b000


---------------  P R O C E S S  ---------------

Java Threads: ( => current thread )
  0x00007fa51816c800 JavaThread "Service Thread" daemon [_thread_blocked, id=21837, stack(0x00007fa50cfea000,0x00007fa50d0eb000)]
  0x00007fa51816a000 JavaThread "C2 CompilerThread1" daemon [_thread_blocked, id=21836, stack(0x00007fa50d0eb000,0x00007fa50d1ec000)]
  0x00007fa518167000 JavaThread "C2 CompilerThread0" daemon [_thread_blocked, id=21835, stack(0x00007fa50d1ec000,0x00007fa50d2ed000)]
  0x00007fa518165000 JavaThread "Signal Dispatcher" daemon [_thread_blocked, id=21834, stack(0x00007fa50d2ed000,0x00007fa50d3ee000)]
  0x00007fa518143800 JavaThread "Finalizer" daemon [_thread_blocked, id=21833, stack(0x00007fa5140f1000,0x00007fa5141f2000)]
  0x00007fa518141800 JavaThread "Reference Handler" daemon [_thread_blocked, id=21832, stack(0x00007fa5141f2000,0x00007fa5142f3000)]
  0x00007fa51800b000 JavaThread "main" [_thread_blocked, id=21826, stack(0x00007fa520484000,0x00007fa520585000)]

Other Threads:
=>0x00007fa51813d800 VMThread [stack: 0x00007fa5142f3000,0x00007fa5143f4000] [id=21831]
  0x00007fa518177000 WatcherThread [stack: 0x00007fa50cee9000,0x00007fa50cfea000] [id=21838]

VM state:at safepoint (normal execution)

VM Mutex/Monitor currently owned by a thread:  ([mutex/lock_event])
[0x00007fa518007270] Threads_lock - owner thread: 0x00007fa51813d800
[0x00007fa518007770] Heap_lock - owner thread: 0x00007fa51800b000

Heap
 PSYoungGen      total 60928K, used 11500K [0x00000000eaa80000, 0x00000000ef380000, 0x0000000100000000)
  eden space 47616K, 0% used [0x00000000eaa80000,0x00000000eaa80000,0x00000000ed900000)
  from space 13312K, 86% used [0x00000000ed900000,0x00000000ee43b2b0,0x00000000ee600000)
  to   space 12800K, 0% used [0x00000000ee600000,0x00000000ee600000,0x00000000ef280000)
 ParOldGen       total 61952K, used 22620K [0x00000000c0000000, 0x00000000c3c80000, 0x00000000eaa80000)
  object space 61952K, 36% used [0x00000000c0000000,0x00000000c1617368,0x00000000c3c80000)
 PSPermGen       total 21504K, used 7316K [0x00000000b5a00000, 0x00000000b6f00000, 0x00000000c0000000)
  object space 21504K, 34% used [0x00000000b5a00000,0x00000000b6125310,0x00000000b6f00000)

Card table byte_map: [0x00007fa51ce73000,0x00007fa51d0c7000] byte_map_base: 0x00007fa51c8c6000

Polling page: 0x00007fa5205a2000

Code Cache  [0x00007fa515000000, 0x00007fa515270000, 0x00007fa518000000)
 total_blobs=963 nmethods=711 adapters=205 free_code_cache=47065Kb largest_free_block=48150144

Compilation events (10 events):
Event: 3.096 Thread 0x00007fa51816a000 nmethod 722 0x00007fa515207b50 code [0x00007fa515207ca0, 0x00007fa515207e18]
Event: 3.096 Thread 0x00007fa51816a000  723             java.util.TimSort::binarySort (223 bytes)
Event: 3.110 Thread 0x00007fa51816a000 nmethod 723 0x00007fa51520b810 code [0x00007fa51520b9c0, 0x00007fa51520c3b8]
Event: 3.118 Thread 0x00007fa518167000 nmethod 719 0x00007fa515211c10 code [0x00007fa515211e40, 0x00007fa515213850]
Event: 3.127 Thread 0x00007fa518167000  725             com.android.dx.io.instructions.InstructionCodec$16::encode (37 bytes)
Event: 3.127 Thread 0x00007fa51816a000  724             com.android.dx.io.instructions.InstructionCodec$16::decode (58 bytes)
Event: 3.130 Thread 0x00007fa51816a000 nmethod 724 0x00007fa515207650 code [0x00007fa5152077a0, 0x00007fa515207998]
Event: 3.130 Thread 0x00007fa518167000 nmethod 725 0x00007fa51520cdd0 code [0x00007fa51520cf40, 0x00007fa51520d178]
Event: 3.131 Thread 0x00007fa51816a000  726             com.android.dx.io.instructions.RegisterRangeDecodedInstruction::<init> (26 bytes)
Event: 3.132 Thread 0x00007fa51816a000 nmethod 726 0x00007fa51520ca50 code [0x00007fa51520cba0, 0x00007fa51520ccb8]

GC Heap History (10 events):
Event: 1.511 GC heap after
Heap after GC invocations=2 (full 0):
 PSYoungGen      total 27648K, used 3553K [0x00000000eaa80000, 0x00000000ec900000, 0x0000000100000000)
  eden space 24064K, 0% used [0x00000000eaa80000,0x00000000eaa80000,0x00000000ec200000)
  from space 3584K, 99% used [0x00000000ec580000,0x00000000ec8f8668,0x00000000ec900000)
  to   space 3584K, 0% used [0x00000000ec200000,0x00000000ec200000,0x00000000ec580000)
 ParOldGen       total 61952K, used 5881K [0x00000000c0000000, 0x00000000c3c80000, 0x00000000eaa80000)
  object space 61952K, 9% used [0x00000000c0000000,0x00000000c05be5d8,0x00000000c3c80000)
 PSPermGen       total 21504K, used 5887K [0x00000000b5a00000, 0x00000000b6f00000, 0x00000000c0000000)
  object space 21504K, 27% used [0x00000000b5a00000,0x00000000b5fbfeb8,0x00000000b6f00000)
}
Event: 2.545 GC heap before
{Heap before GC invocations=3 (full 0):
 PSYoungGen      total 27648K, used 26632K [0x00000000eaa80000, 0x00000000ec900000, 0x0000000100000000)
  eden space 24064K, 95% used [0x00000000eaa80000,0x00000000ec109cf8,0x00000000ec200000)
  from space 3584K, 99% used [0x00000000ec580000,0x00000000ec8f8668,0x00000000ec900000)
  to   space 3584K, 0% used [0x00000000ec200000,0x00000000ec200000,0x00000000ec580000)
 ParOldGen       total 61952K, used 5881K [0x00000000c0000000, 0x00000000c3c80000, 0x00000000eaa80000)
  object space 61952K, 9% used [0x00000000c0000000,0x00000000c05be5d8,0x00000000c3c80000)
 PSPermGen       total 21504K, used 7250K [0x00000000b5a00000, 0x00000000b6f00000, 0x00000000c0000000)
  object space 21504K, 33% used [0x00000000b5a00000,0x00000000b6114888,0x00000000b6f00000)
Event: 2.554 GC heap after
Heap after GC invocations=3 (full 0):
 PSYoungGen      total 27648K, used 3568K [0x00000000eaa80000, 0x00000000ec900000, 0x0000000100000000)
  eden space 24064K, 0% used [0x00000000eaa80000,0x00000000eaa80000,0x00000000ec200000)
  from space 3584K, 99% used [0x00000000ec200000,0x00000000ec57c050,0x00000000ec580000)
  to   space 3584K, 0% used [0x00000000ec580000,0x00000000ec580000,0x00000000ec900000)
 ParOldGen       total 61952K, used 7562K [0x00000000c0000000, 0x00000000c3c80000, 0x00000000eaa80000)
  object space 61952K, 12% used [0x00000000c0000000,0x00000000c0762ba8,0x00000000c3c80000)
 PSPermGen       total 21504K, used 7250K [0x00000000b5a00000, 0x00000000b6f00000, 0x00000000c0000000)
  object space 21504K, 33% used [0x00000000b5a00000,0x00000000b6114888,0x00000000b6f00000)
}
Event: 2.710 GC heap before
{Heap before GC invocations=4 (full 0):
 PSYoungGen      total 27648K, used 27632K [0x00000000eaa80000, 0x00000000ec900000, 0x0000000100000000)
  eden space 24064K, 100% used [0x00000000eaa80000,0x00000000ec200000,0x00000000ec200000)
  from space 3584K, 99% used [0x00000000ec200000,0x00000000ec57c050,0x00000000ec580000)
  to   space 3584K, 0% used [0x00000000ec580000,0x00000000ec580000,0x00000000ec900000)
 ParOldGen       total 61952K, used 7562K [0x00000000c0000000, 0x00000000c3c80000, 0x00000000eaa80000)
  object space 61952K, 12% used [0x00000000c0000000,0x00000000c0762ba8,0x00000000c3c80000)
 PSPermGen       total 21504K, used 7273K [0x00000000b5a00000, 0x00000000b6f00000, 0x00000000c0000000)
  object space 21504K, 33% used [0x00000000b5a00000,0x00000000b611a780,0x00000000b6f00000)
Event: 2.719 GC heap after
Heap after GC invocations=4 (full 0):
 PSYoungGen      total 27648K, used 3581K [0x00000000eaa80000, 0x00000000ee080000, 0x0000000100000000)
  eden space 24064K, 0% used [0x00000000eaa80000,0x00000000eaa80000,0x00000000ec200000)
  from space 3584K, 99% used [0x00000000ec580000,0x00000000ec8ff440,0x00000000ec900000)
  to   space 3584K, 0% used [0x00000000ec200000,0x00000000ec200000,0x00000000ec580000)
 ParOldGen       total 61952K, used 17407K [0x00000000c0000000, 0x00000000c3c80000, 0x00000000eaa80000)
  object space 61952K, 28% used [0x00000000c0000000,0x00000000c10ffc18,0x00000000c3c80000)
 PSPermGen       total 21504K, used 7273K [0x00000000b5a00000, 0x00000000b6f00000, 0x00000000c0000000)
  object space 21504K, 33% used [0x00000000b5a00000,0x00000000b611a780,0x00000000b6f00000)
}
Event: 2.884 GC heap before
{Heap before GC invocations=5 (full 0):
 PSYoungGen      total 27648K, used 27645K [0x00000000eaa80000, 0x00000000ee080000, 0x0000000100000000)
  eden space 24064K, 100% used [0x00000000eaa80000,0x00000000ec200000,0x00000000ec200000)
  from space 3584K, 99% used [0x00000000ec580000,0x00000000ec8ff440,0x00000000ec900000)
  to   space 3584K, 0% used [0x00000000ec200000,0x00000000ec200000,0x00000000ec580000)
 ParOldGen       total 61952K, used 17407K [0x00000000c0000000, 0x00000000c3c80000, 0x00000000eaa80000)
  object space 61952K, 28% used [0x00000000c0000000,0x00000000c10ffc18,0x00000000c3c80000)
 PSPermGen       total 21504K, used 7299K [0x00000000b5a00000, 0x00000000b6f00000, 0x00000000c0000000)
  object space 21504K, 33% used [0x00000000b5a00000,0x00000000b6120cb8,0x00000000b6f00000)
Event: 2.891 GC heap after
Heap after GC invocations=5 (full 0):
 PSYoungGen      total 27648K, used 3581K [0x00000000eaa80000, 0x00000000ef280000, 0x0000000100000000)
  eden space 24064K, 0% used [0x00000000eaa80000,0x00000000eaa80000,0x00000000ec200000)
  from space 3584K, 99% used [0x00000000ec200000,0x00000000ec57f440,0x00000000ec580000)
  to   space 12800K, 0% used [0x00000000ee600000,0x00000000ee600000,0x00000000ef280000)
 ParOldGen       total 61952K, used 20118K [0x00000000c0000000, 0x00000000c3c80000, 0x00000000eaa80000)
  object space 61952K, 32% used [0x00000000c0000000,0x00000000c13a5998,0x00000000c3c80000)
 PSPermGen       total 21504K, used 7299K [0x00000000b5a00000, 0x00000000b6f00000, 0x00000000c0000000)
  object space 21504K, 33% used [0x00000000b5a00000,0x00000000b6120cb8,0x00000000b6f00000)
}
Event: 2.987 GC heap before
{Heap before GC invocations=6 (full 0):
 PSYoungGen      total 27648K, used 27645K [0x00000000eaa80000, 0x00000000ef280000, 0x0000000100000000)
  eden space 24064K, 100% used [0x00000000eaa80000,0x00000000ec200000,0x00000000ec200000)
  from space 3584K, 99% used [0x00000000ec200000,0x00000000ec57f440,0x00000000ec580000)
  to   space 12800K, 0% used [0x00000000ee600000,0x00000000ee600000,0x00000000ef280000)
 ParOldGen       total 61952K, used 20118K [0x00000000c0000000, 0x00000000c3c80000, 0x00000000eaa80000)
  object space 61952K, 32% used [0x00000000c0000000,0x00000000c13a5998,0x00000000c3c80000)
 PSPermGen       total 21504K, used 7309K [0x00000000b5a00000, 0x00000000b6f00000, 0x00000000c0000000)
  object space 21504K, 33% used [0x00000000b5a00000,0x00000000b6123428,0x00000000b6f00000)
Event: 3.001 GC heap after
Heap after GC invocations=6 (full 0):
 PSYoungGen      total 60416K, used 10188K [0x00000000eaa80000, 0x00000000ef380000, 0x0000000100000000)
  eden space 47616K, 0% used [0x00000000eaa80000,0x00000000eaa80000,0x00000000ed900000)
  from space 12800K, 79% used [0x00000000ee600000,0x00000000eeff31c8,0x00000000ef280000)
  to   space 13312K, 0% used [0x00000000ed900000,0x00000000ed900000,0x00000000ee600000)
 ParOldGen       total 61952K, used 20118K [0x00000000c0000000, 0x00000000c3c80000, 0x00000000eaa80000)
  object space 61952K, 32% used [0x00000000c0000000,0x00000000c13a5998,0x00000000c3c80000)
 PSPermGen       total 21504K, used 7309K [0x00000000b5a00000, 0x00000000b6f00000, 0x00000000c0000000)
  object space 21504K, 33% used [0x00000000b5a00000,0x00000000b6123428,0x00000000b6f00000)
}
Event: 3.133 GC heap before
{Heap before GC invocations=7 (full 0):
 PSYoungGen      total 60416K, used 57804K [0x00000000eaa80000, 0x00000000ef380000, 0x0000000100000000)
  eden space 47616K, 100% used [0x00000000eaa80000,0x00000000ed900000,0x00000000ed900000)
  from space 12800K, 79% used [0x00000000ee600000,0x00000000eeff31c8,0x00000000ef280000)
  to   space 13312K, 0% used [0x00000000ed900000,0x00000000ed900000,0x00000000ee600000)
 ParOldGen       total 61952K, used 20118K [0x00000000c0000000, 0x00000000c3c80000, 0x00000000eaa80000)
  object space 61952K, 32% used [0x00000000c0000000,0x00000000c13a5998,0x00000000c3c80000)
 PSPermGen       total 21504K, used 7316K [0x00000000b5a00000, 0x00000000b6f00000, 0x00000000c0000000)
  object space 21504K, 34% used [0x00000000b5a00000,0x00000000b6125310,0x00000000b6f00000)

Deoptimization events (10 events):
Event: 2.935 Thread 0x00007fa51800b000 Uncommon trap: reason=array_check action=maybe_recompile pc=0x00007fa515095248 method=java.util.ComparableTimSort.binarySort([Ljava/lang/Object;III)V @ 215
Event: 2.935 Thread 0x00007fa51800b000 Uncommon trap: reason=array_check action=maybe_recompile pc=0x00007fa515095344 method=java.util.ComparableTimSort.binarySort([Ljava/lang/Object;III)V @ 193
Event: 3.039 Thread 0x00007fa51800b000 Uncommon trap: reason=array_check action=maybe_recompile pc=0x00007fa5150b5c08 method=java.util.TimSort.binarySort([Ljava/lang/Object;IIILjava/util/Comparator;)V @ 193
Event: 3.039 Thread 0x00007fa51800b000 Uncommon trap: reason=array_check action=maybe_recompile pc=0x00007fa5150b5c08 method=java.util.TimSort.binarySort([Ljava/lang/Object;IIILjava/util/Comparator;)V @ 193
Event: 3.039 Thread 0x00007fa51800b000 Uncommon trap: reason=array_check action=maybe_recompile pc=0x00007fa5150b5c08 method=java.util.TimSort.binarySort([Ljava/lang/Object;IIILjava/util/Comparator;)V @ 193
Event: 3.039 Thread 0x00007fa51800b000 Uncommon trap: reason=array_check action=maybe_recompile pc=0x00007fa5150b5ccc method=java.util.TimSort.binarySort([Ljava/lang/Object;IIILjava/util/Comparator;)V @ 183
Event: 3.039 Thread 0x00007fa51800b000 Uncommon trap: reason=array_check action=maybe_recompile pc=0x00007fa5150b5c08 method=java.util.TimSort.binarySort([Ljava/lang/Object;IIILjava/util/Comparator;)V @ 193
Event: 3.073 Thread 0x00007fa51800b000 Uncommon trap: reason=array_check action=maybe_recompile pc=0x00007fa515095344 method=java.util.ComparableTimSort.binarySort([Ljava/lang/Object;III)V @ 193
Event: 3.095 Thread 0x00007fa51800b000 Uncommon trap: reason=array_check action=maybe_recompile pc=0x00007fa515209014 method=java.util.TimSort.binarySort([Ljava/lang/Object;IIILjava/util/Comparator;)V @ 215
Event: 3.096 Thread 0x00007fa51800b000 Uncommon trap: reason=array_check action=maybe_recompile pc=0x00007fa515209014 method=java.util.TimSort.binarySort([Ljava/lang/Object;IIILjava/util/Comparator;)V @ 215

Internal exceptions (10 events):
Event: 2.173 Thread 0x00007fa51800b000 Threw 0x00000000eb0155a8 at /build/buildd/openjdk-7-7u65-2.5.2/build/openjdk/hotspot/src/share/vm/prims/jvm.cpp:1247
Event: 2.173 Thread 0x00007fa51800b000 Threw 0x00000000eb0193f8 at /build/buildd/openjdk-7-7u65-2.5.2/build/openjdk/hotspot/src/share/vm/prims/jvm.cpp:1247
Event: 2.173 Thread 0x00007fa51800b000 Threw 0x00000000eb01d398 at /build/buildd/openjdk-7-7u65-2.5.2/build/openjdk/hotspot/src/share/vm/prims/jvm.cpp:1247
Event: 2.174 Thread 0x00007fa51800b000 Threw 0x00000000eb023538 at /build/buildd/openjdk-7-7u65-2.5.2/build/openjdk/hotspot/src/share/vm/prims/jvm.cpp:1247
Event: 2.175 Thread 0x00007fa51800b000 Threw 0x00000000eb0271e0 at /build/buildd/openjdk-7-7u65-2.5.2/build/openjdk/hotspot/src/share/vm/prims/jvm.cpp:1247
Event: 2.175 Thread 0x00007fa51800b000 Threw 0x00000000eb02b080 at /build/buildd/openjdk-7-7u65-2.5.2/build/openjdk/hotspot/src/share/vm/prims/jvm.cpp:1247
Event: 2.175 Thread 0x00007fa51800b000 Threw 0x00000000eb02ec88 at /build/buildd/openjdk-7-7u65-2.5.2/build/openjdk/hotspot/src/share/vm/prims/jvm.cpp:1247
Event: 2.177 Thread 0x00007fa51800b000 Threw 0x00000000eb036978 at /build/buildd/openjdk-7-7u65-2.5.2/build/openjdk/hotspot/src/share/vm/prims/jvm.cpp:1247
Event: 2.178 Thread 0x00007fa51800b000 Threw 0x00000000eb0396f0 at /build/buildd/openjdk-7-7u65-2.5.2/build/openjdk/hotspot/src/share/vm/prims/jvm.cpp:1247
Event: 2.520 Thread 0x00007fa51800b000 Threw 0x00000000ebf200b8 at /build/buildd/openjdk-7-7u65-2.5.2/build/openjdk/hotspot/src/share/vm/prims/jvm.cpp:1247

Events (10 events):
Event: 3.073 Thread 0x00007fa51800b000 Uncommon trap: trap_request=0xffffffd6 fr.pc=0x00007fa515095344
Event: 3.073 Thread 0x00007fa51800b000 DEOPT PACKING pc=0x00007fa515095344 sp=0x00007fa520583440
Event: 3.073 Thread 0x00007fa51800b000 DEOPT UNPACKING pc=0x00007fa515039445 sp=0x00007fa520583418 mode 2
Event: 3.095 Thread 0x00007fa51800b000 Uncommon trap: trap_request=0xffffffd6 fr.pc=0x00007fa515209014
Event: 3.096 Thread 0x00007fa51800b000 DEOPT PACKING pc=0x00007fa515209014 sp=0x00007fa520583480
Event: 3.096 Thread 0x00007fa51800b000 DEOPT UNPACKING pc=0x00007fa515039445 sp=0x00007fa520583458 mode 2
Event: 3.096 Thread 0x00007fa51800b000 Uncommon trap: trap_request=0xffffffd6 fr.pc=0x00007fa515209014
Event: 3.096 Thread 0x00007fa51800b000 DEOPT PACKING pc=0x00007fa515209014 sp=0x00007fa520583480
Event: 3.096 Thread 0x00007fa51800b000 DEOPT UNPACKING pc=0x00007fa515039445 sp=0x00007fa520583458 mode 2
Event: 3.133 Executing VM operation: ParallelGCFailedAllocation


Dynamic libraries:
00400000-00401000 r-xp 00000000 08:01 12980957                           /usr/lib/jvm/java-7-openjdk-amd64/jre/bin/java
00600000-00601000 r--p 00000000 08:01 12980957                           /usr/lib/jvm/java-7-openjdk-amd64/jre/bin/java
00601000-00602000 rw-p 00001000 08:01 12980957                           /usr/lib/jvm/java-7-openjdk-amd64/jre/bin/java
015f4000-01615000 rw-p 00000000 00:00 0                                  [heap]
b5a00000-b6f00000 rw-p 00000000 00:00 0 
b6f00000-c0000000 rw-p 00000000 00:00 0 
c0000000-c3c80000 rw-p 00000000 00:00 0 
c3c80000-eaa80000 rw-p 00000000 00:00 0 
eaa80000-ef380000 rw-p 00000000 00:00 0 
f2380000-100000000 rw-p 00000000 00:00 0 
7fa4cc000000-7fa4cc021000 rw-p 00000000 00:00 0 
7fa4cc021000-7fa4d0000000 ---p 00000000 00:00 0 
7fa4d310f000-7fa4d3270000 rw-p 00000000 00:00 0 
7fa4d3270000-7fa4d32ad000 r-xp 00000000 08:01 2494466                    /lib/x86_64-linux-gnu/libpcre.so.3.13.1
7fa4d32ad000-7fa4d34ac000 ---p 0003d000 08:01 2494466                    /lib/x86_64-linux-gnu/libpcre.so.3.13.1
7fa4d34ac000-7fa4d34ad000 r--p 0003c000 08:01 2494466                    /lib/x86_64-linux-gnu/libpcre.so.3.13.1
7fa4d34ad000-7fa4d34ae000 rw-p 0003d000 08:01 2494466                    /lib/x86_64-linux-gnu/libpcre.so.3.13.1
7fa4d34ae000-7fa4d34b5000 r-xp 00000000 08:01 12722241                   /usr/lib/x86_64-linux-gnu/libffi.so.6.0.1
7fa4d34b5000-7fa4d36b4000 ---p 00007000 08:01 12722241                   /usr/lib/x86_64-linux-gnu/libffi.so.6.0.1
7fa4d36b4000-7fa4d36b5000 r--p 00006000 08:01 12722241                   /usr/lib/x86_64-linux-gnu/libffi.so.6.0.1
7fa4d36b5000-7fa4d36b6000 rw-p 00007000 08:01 12722241                   /usr/lib/x86_64-linux-gnu/libffi.so.6.0.1
7fa4d36b6000-7fa4d36cd000 r-xp 00000000 08:01 2494363                    /lib/x86_64-linux-gnu/libresolv-2.19.so
7fa4d36cd000-7fa4d38cd000 ---p 00017000 08:01 2494363                    /lib/x86_64-linux-gnu/libresolv-2.19.so
7fa4d38cd000-7fa4d38ce000 r--p 00017000 08:01 2494363                    /lib/x86_64-linux-gnu/libresolv-2.19.so
7fa4d38ce000-7fa4d38cf000 rw-p 00018000 08:01 2494363                    /lib/x86_64-linux-gnu/libresolv-2.19.so
7fa4d38cf000-7fa4d38d1000 rw-p 00000000 00:00 0 
7fa4d38d1000-7fa4d38f1000 r-xp 00000000 08:01 2494493                    /lib/x86_64-linux-gnu/libselinux.so.1
7fa4d38f1000-7fa4d3af0000 ---p 00020000 08:01 2494493                    /lib/x86_64-linux-gnu/libselinux.so.1
7fa4d3af0000-7fa4d3af1000 r--p 0001f000 08:01 2494493                    /lib/x86_64-linux-gnu/libselinux.so.1
7fa4d3af1000-7fa4d3af2000 rw-p 00020000 08:01 2494493                    /lib/x86_64-linux-gnu/libselinux.so.1
7fa4d3af2000-7fa4d3af4000 rw-p 00000000 00:00 0 
7fa4d3af4000-7fa4d3af7000 r-xp 00000000 08:01 12722358                   /usr/lib/x86_64-linux-gnu/libgmodule-2.0.so.0.4000.0
7fa4d3af7000-7fa4d3cf6000 ---p 00003000 08:01 12722358                   /usr/lib/x86_64-linux-gnu/libgmodule-2.0.so.0.4000.0
7fa4d3cf6000-7fa4d3cf7000 r--p 00002000 08:01 12722358                   /usr/lib/x86_64-linux-gnu/libgmodule-2.0.so.0.4000.0
7fa4d3cf7000-7fa4d3cf8000 rw-p 00003000 08:01 12722358                   /usr/lib/x86_64-linux-gnu/libgmodule-2.0.so.0.4000.0
7fa4d3cf8000-7fa4d3dfe000 r-xp 00000000 08:01 2494394                    /lib/x86_64-linux-gnu/libglib-2.0.so.0.4000.0
7fa4d3dfe000-7fa4d3ffd000 ---p 00106000 08:01 2494394                    /lib/x86_64-linux-gnu/libglib-2.0.so.0.4000.0
7fa4d3ffd000-7fa4d3ffe000 r--p 00105000 08:01 2494394                    /lib/x86_64-linux-gnu/libglib-2.0.so.0.4000.0
7fa4d3ffe000-7fa4d3fff000 rw-p 00106000 08:01 2494394                    /lib/x86_64-linux-gnu/libglib-2.0.so.0.4000.0
7fa4d3fff000-7fa4d4000000 rw-p 00000000 00:00 0 
7fa4d4000000-7fa4d4063000 rw-p 00000000 00:00 0 
7fa4d4063000-7fa4d8000000 ---p 00000000 00:00 0 
7fa4d8000000-7fa4d8021000 rw-p 00000000 00:00 0 
7fa4d8021000-7fa4dc000000 ---p 00000000 00:00 0 
7fa4dc000000-7fa4dc021000 rw-p 00000000 00:00 0 
7fa4dc021000-7fa4e0000000 ---p 00000000 00:00 0 
7fa4e0000000-7fa4e00b2000 rw-p 00000000 00:00 0 
7fa4e00b2000-7fa4e4000000 ---p 00000000 00:00 0 
7fa4e4000000-7fa4e4c9a000 rw-p 00000000 00:00 0 
7fa4e4c9a000-7fa4e8000000 ---p 00000000 00:00 0 
7fa4e8000000-7fa4e8021000 rw-p 00000000 00:00 0 
7fa4e8021000-7fa4ec000000 ---p 00000000 00:00 0 
7fa4ec000000-7fa4ec021000 rw-p 00000000 00:00 0 
7fa4ec021000-7fa4f0000000 ---p 00000000 00:00 0 
7fa4f0000000-7fa4f0cb4000 rw-p 00000000 00:00 0 
7fa4f0cb4000-7fa4f4000000 ---p 00000000 00:00 0 
7fa4f4000000-7fa4f4021000 rw-p 00000000 00:00 0 
7fa4f4021000-7fa4f8000000 ---p 00000000 00:00 0 
7fa4f8000000-7fa4f8021000 rw-p 00000000 00:00 0 
7fa4f8021000-7fa4fc000000 ---p 00000000 00:00 0 
7fa4fc000000-7fa4fc021000 rw-p 00000000 00:00 0 
7fa4fc021000-7fa500000000 ---p 00000000 00:00 0 
7fa500000000-7fa5000e0000 rw-p 00000000 00:00 0 
7fa5000e0000-7fa504000000 ---p 00000000 00:00 0 
7fa504000000-7fa504021000 rw-p 00000000 00:00 0 
7fa504021000-7fa508000000 ---p 00000000 00:00 0 
7fa508000000-7fa508021000 rw-p 00000000 00:00 0 
7fa508021000-7fa50c000000 ---p 00000000 00:00 0 
7fa50c0f7000-7fa50c146000 r-xp 00000000 08:01 12722374                   /usr/lib/x86_64-linux-gnu/libgobject-2.0.so.0.4000.0
7fa50c146000-7fa50c346000 ---p 0004f000 08:01 12722374                   /usr/lib/x86_64-linux-gnu/libgobject-2.0.so.0.4000.0
7fa50c346000-7fa50c347000 r--p 0004f000 08:01 12722374                   /usr/lib/x86_64-linux-gnu/libgobject-2.0.so.0.4000.0
7fa50c347000-7fa50c348000 rw-p 00050000 08:01 12722374                   /usr/lib/x86_64-linux-gnu/libgobject-2.0.so.0.4000.0
7fa50c348000-7fa50c4b3000 r-xp 00000000 08:01 12722344                   /usr/lib/x86_64-linux-gnu/libgio-2.0.so.0.4000.0
7fa50c4b3000-7fa50c6b3000 ---p 0016b000 08:01 12722344                   /usr/lib/x86_64-linux-gnu/libgio-2.0.so.0.4000.0
7fa50c6b3000-7fa50c6b7000 r--p 0016b000 08:01 12722344                   /usr/lib/x86_64-linux-gnu/libgio-2.0.so.0.4000.0
7fa50c6b7000-7fa50c6b9000 rw-p 0016f000 08:01 12722344                   /usr/lib/x86_64-linux-gnu/libgio-2.0.so.0.4000.0
7fa50c6b9000-7fa50c6bb000 rw-p 00000000 00:00 0 
7fa50c6bb000-7fa50c6d2000 r-xp 00000000 08:01 12845528                   /usr/lib/jvm/java-7-openjdk-amd64/jre/lib/amd64/libnet.so
7fa50c6d2000-7fa50c8d1000 ---p 00017000 08:01 12845528                   /usr/lib/jvm/java-7-openjdk-amd64/jre/lib/amd64/libnet.so
7fa50c8d1000-7fa50c8d2000 r--p 00016000 08:01 12845528                   /usr/lib/jvm/java-7-openjdk-amd64/jre/lib/amd64/libnet.so
7fa50c8d2000-7fa50c8d3000 rw-p 00017000 08:01 12845528                   /usr/lib/jvm/java-7-openjdk-amd64/jre/lib/amd64/libnet.so
7fa50c8d3000-7fa50c8e3000 r-xp 00000000 08:01 12845520                   /usr/lib/jvm/java-7-openjdk-amd64/jre/lib/amd64/libnio.so
7fa50c8e3000-7fa50cae3000 ---p 00010000 08:01 12845520                   /usr/lib/jvm/java-7-openjdk-amd64/jre/lib/amd64/libnio.so
7fa50cae3000-7fa50cae4000 r--p 00010000 08:01 12845520                   /usr/lib/jvm/java-7-openjdk-amd64/jre/lib/amd64/libnio.so
7fa50cae4000-7fa50cae5000 rw-p 00011000 08:01 12845520                   /usr/lib/jvm/java-7-openjdk-amd64/jre/lib/amd64/libnio.so
7fa50cae5000-7fa50cae8000 ---p 00000000 00:00 0 
7fa50cae8000-7fa50cbe6000 rw-p 00000000 00:00 0 
7fa50cbe6000-7fa50cbe9000 ---p 00000000 00:00 0 
7fa50cbe9000-7fa50cce7000 rw-p 00000000 00:00 0 
7fa50cce7000-7fa50ccea000 ---p 00000000 00:00 0 
7fa50ccea000-7fa50cde8000 rw-p 00000000 00:00 0 
7fa50cde8000-7fa50cdeb000 ---p 00000000 00:00 0 
7fa50cdeb000-7fa50cee9000 rw-p 00000000 00:00 0 
7fa50cee9000-7fa50ceea000 ---p 00000000 00:00 0 
7fa50ceea000-7fa50cfea000 rw-p 00000000 00:00 0                          [stack:21838]
7fa50cfea000-7fa50cfed000 ---p 00000000 00:00 0 
7fa50cfed000-7fa50d0eb000 rw-p 00000000 00:00 0                          [stack:21837]
7fa50d0eb000-7fa50d0ee000 ---p 00000000 00:00 0 
7fa50d0ee000-7fa50d1ec000 rw-p 00000000 00:00 0                          [stack:21836]
7fa50d1ec000-7fa50d1ef000 ---p 00000000 00:00 0 
7fa50d1ef000-7fa50d2ed000 rw-p 00000000 00:00 0                          [stack:21835]
7fa50d2ed000-7fa50d2f0000 ---p 00000000 00:00 0 
7fa50d2f0000-7fa50d3ee000 rw-p 00000000 00:00 0                          [stack:21834]
7fa50d3ee000-7fa50dad0000 r--p 00000000 08:01 12720962                   /usr/lib/locale/locale-archive
7fa50dad0000-7fa510000000 rw-p 00000000 00:00 0 
7fa510000000-7fa510021000 rw-p 00000000 00:00 0 
7fa510021000-7fa514000000 ---p 00000000 00:00 0 
7fa5140f1000-7fa5140f4000 ---p 00000000 00:00 0 
7fa5140f4000-7fa5141f2000 rw-p 00000000 00:00 0                          [stack:21833]
7fa5141f2000-7fa5141f5000 ---p 00000000 00:00 0 
7fa5141f5000-7fa5142f3000 rw-p 00000000 00:00 0                          [stack:21832]
7fa5142f3000-7fa5142f4000 ---p 00000000 00:00 0 
7fa5142f4000-7fa515000000 rw-p 00000000 00:00 0                          [stack:21831]
7fa515000000-7fa515270000 rwxp 00000000 00:00 0 
7fa515270000-7fa51825e000 rw-p 00000000 00:00 0 
7fa51825e000-7fa51c000000 ---p 00000000 00:00 0 
7fa51c092000-7fa51c097000 r--s 0004c000 08:01 12845508                   /usr/lib/jvm/java-7-openjdk-amd64/jre/lib/jsse.jar
7fa51c097000-7fa51c0a5000 r--s 000dc000 00:18 920441                     /home/hscissors/Downloads/android-studio/sdk/build-tools/21.0.0/lib/dx.jar
7fa51c0a5000-7fa51c3f1000 rw-p 00000000 00:00 0 
7fa51c3f1000-7fa51c5a2000 r--s 01d21000 08:01 12845500                   /usr/lib/jvm/java-7-openjdk-amd64/jre/lib/rt.jar
7fa51c5a2000-7fa51c8c6000 rw-p 00000000 00:00 0 
7fa51c8c6000-7fa51c8c7000 ---p 00000000 00:00 0 
7fa51c8c7000-7fa51c9c7000 rw-p 00000000 00:00 0                          [stack:21830]
7fa51c9c7000-7fa51c9c8000 ---p 00000000 00:00 0 
7fa51c9c8000-7fa51cac8000 rw-p 00000000 00:00 0                          [stack:21829]
7fa51cac8000-7fa51cac9000 ---p 00000000 00:00 0 
7fa51cac9000-7fa51cbc9000 rw-p 00000000 00:00 0                          [stack:21828]
7fa51cbc9000-7fa51cbca000 ---p 00000000 00:00 0 
7fa51cbca000-7fa51ccd5000 rw-p 00000000 00:00 0                          [stack:21827]
7fa51ccd5000-7fa51cd1d000 rw-p 00000000 00:00 0 
7fa51cd1d000-7fa51cd3c000 rw-p 00000000 00:00 0 
7fa51cd3c000-7fa51ce73000 rw-p 00000000 00:00 0 
7fa51ce73000-7fa51ce7e000 rw-p 00000000 00:00 0 
7fa51ce7e000-7fa51cec6000 rw-p 00000000 00:00 0 
7fa51cec6000-7fa51cee5000 rw-p 00000000 00:00 0 
7fa51cee5000-7fa51d01b000 rw-p 00000000 00:00 0 
7fa51d01b000-7fa51d040000 rw-p 00000000 00:00 0 
7fa51d040000-7fa51d0c6000 rw-p 00000000 00:00 0 
7fa51d0c6000-7fa51d0c7000 rw-p 00000000 00:00 0 
7fa51d0c7000-7fa51d0cf000 r-xp 00000000 08:01 12845516                   /usr/lib/jvm/java-7-openjdk-amd64/jre/lib/amd64/libzip.so
7fa51d0cf000-7fa51d2ce000 ---p 00008000 08:01 12845516                   /usr/lib/jvm/java-7-openjdk-amd64/jre/lib/amd64/libzip.so
7fa51d2ce000-7fa51d2cf000 r--p 00007000 08:01 12845516                   /usr/lib/jvm/java-7-openjdk-amd64/jre/lib/amd64/libzip.so
7fa51d2cf000-7fa51d2d0000 rw-p 00008000 08:01 12845516                   /usr/lib/jvm/java-7-openjdk-amd64/jre/lib/amd64/libzip.so
7fa51d2d0000-7fa51d2db000 r-xp 00000000 08:01 2494499                    /lib/x86_64-linux-gnu/libnss_files-2.19.so
7fa51d2db000-7fa51d4da000 ---p 0000b000 08:01 2494499                    /lib/x86_64-linux-gnu/libnss_files-2.19.so
7fa51d4da000-7fa51d4db000 r--p 0000a000 08:01 2494499                    /lib/x86_64-linux-gnu/libnss_files-2.19.so
7fa51d4db000-7fa51d4dc000 rw-p 0000b000 08:01 2494499                    /lib/x86_64-linux-gnu/libnss_files-2.19.so
7fa51d4dc000-7fa51d4e7000 r-xp 00000000 08:01 2494503                    /lib/x86_64-linux-gnu/libnss_nis-2.19.so
7fa51d4e7000-7fa51d6e6000 ---p 0000b000 08:01 2494503                    /lib/x86_64-linux-gnu/libnss_nis-2.19.so
7fa51d6e6000-7fa51d6e7000 r--p 0000a000 08:01 2494503                    /lib/x86_64-linux-gnu/libnss_nis-2.19.so
7fa51d6e7000-7fa51d6e8000 rw-p 0000b000 08:01 2494503                    /lib/x86_64-linux-gnu/libnss_nis-2.19.so
7fa51d6e8000-7fa51d6ff000 r-xp 00000000 08:01 2494373                    /lib/x86_64-linux-gnu/libnsl-2.19.so
7fa51d6ff000-7fa51d8fe000 ---p 00017000 08:01 2494373                    /lib/x86_64-linux-gnu/libnsl-2.19.so
7fa51d8fe000-7fa51d8ff000 r--p 00016000 08:01 2494373                    /lib/x86_64-linux-gnu/libnsl-2.19.so
7fa51d8ff000-7fa51d900000 rw-p 00017000 08:01 2494373                    /lib/x86_64-linux-gnu/libnsl-2.19.so
7fa51d900000-7fa51d902000 rw-p 00000000 00:00 0 
7fa51d902000-7fa51d90b000 r-xp 00000000 08:01 2494283                    /lib/x86_64-linux-gnu/libnss_compat-2.19.so
7fa51d90b000-7fa51db0a000 ---p 00009000 08:01 2494283                    /lib/x86_64-linux-gnu/libnss_compat-2.19.so
7fa51db0a000-7fa51db0b000 r--p 00008000 08:01 2494283                    /lib/x86_64-linux-gnu/libnss_compat-2.19.so
7fa51db0b000-7fa51db0c000 rw-p 00009000 08:01 2494283                    /lib/x86_64-linux-gnu/libnss_compat-2.19.so
7fa51db0c000-7fa51db37000 r-xp 00000000 08:01 12845515                   /usr/lib/jvm/java-7-openjdk-amd64/jre/lib/amd64/libjava.so
7fa51db37000-7fa51dd37000 ---p 0002b000 08:01 12845515                   /usr/lib/jvm/java-7-openjdk-amd64/jre/lib/amd64/libjava.so
7fa51dd37000-7fa51dd38000 r--p 0002b000 08:01 12845515                   /usr/lib/jvm/java-7-openjdk-amd64/jre/lib/amd64/libjava.so
7fa51dd38000-7fa51dd3a000 rw-p 0002c000 08:01 12845515                   /usr/lib/jvm/java-7-openjdk-amd64/jre/lib/amd64/libjava.so
7fa51dd3a000-7fa51dd4a000 r-xp 00000000 08:01 12845541                   /usr/lib/jvm/java-7-openjdk-amd64/jre/lib/amd64/libverify.so
7fa51dd4a000-7fa51df49000 ---p 00010000 08:01 12845541                   /usr/lib/jvm/java-7-openjdk-amd64/jre/lib/amd64/libverify.so
7fa51df49000-7fa51df4b000 r--p 0000f000 08:01 12845541                   /usr/lib/jvm/java-7-openjdk-amd64/jre/lib/amd64/libverify.so
7fa51df4b000-7fa51df4c000 rw-p 00011000 08:01 12845541                   /usr/lib/jvm/java-7-openjdk-amd64/jre/lib/amd64/libverify.so
7fa51df4c000-7fa51df53000 r-xp 00000000 08:01 2494380                    /lib/x86_64-linux-gnu/librt-2.19.so
7fa51df53000-7fa51e152000 ---p 00007000 08:01 2494380                    /lib/x86_64-linux-gnu/librt-2.19.so
7fa51e152000-7fa51e153000 r--p 00006000 08:01 2494380                    /lib/x86_64-linux-gnu/librt-2.19.so
7fa51e153000-7fa51e154000 rw-p 00007000 08:01 2494380                    /lib/x86_64-linux-gnu/librt-2.19.so
7fa51e154000-7fa51e16a000 r-xp 00000000 08:01 2490394                    /lib/x86_64-linux-gnu/libgcc_s.so.1
7fa51e16a000-7fa51e369000 ---p 00016000 08:01 2490394                    /lib/x86_64-linux-gnu/libgcc_s.so.1
7fa51e369000-7fa51e36a000 rw-p 00015000 08:01 2490394                    /lib/x86_64-linux-gnu/libgcc_s.so.1
7fa51e36a000-7fa51e46f000 r-xp 00000000 08:01 2494448                    /lib/x86_64-linux-gnu/libm-2.19.so
7fa51e46f000-7fa51e66e000 ---p 00105000 08:01 2494448                    /lib/x86_64-linux-gnu/libm-2.19.so
7fa51e66e000-7fa51e66f000 r--p 00104000 08:01 2494448                    /lib/x86_64-linux-gnu/libm-2.19.so
7fa51e66f000-7fa51e670000 rw-p 00105000 08:01 2494448                    /lib/x86_64-linux-gnu/libm-2.19.so
7fa51e670000-7fa51e756000 r-xp 00000000 08:01 12722869                   /usr/lib/x86_64-linux-gnu/libstdc++.so.6.0.19
7fa51e756000-7fa51e955000 ---p 000e6000 08:01 12722869                   /usr/lib/x86_64-linux-gnu/libstdc++.so.6.0.19
7fa51e955000-7fa51e95d000 r--p 000e5000 08:01 12722869                   /usr/lib/x86_64-linux-gnu/libstdc++.so.6.0.19
7fa51e95d000-7fa51e95f000 rw-p 000ed000 08:01 12722869                   /usr/lib/x86_64-linux-gnu/libstdc++.so.6.0.19
7fa51e95f000-7fa51e974000 rw-p 00000000 00:00 0 
7fa51e974000-7fa51f48a000 r-xp 00000000 08:01 12845531                   /usr/lib/jvm/java-7-openjdk-amd64/jre/lib/amd64/server/libjvm.so
7fa51f48a000-7fa51f689000 ---p 00b16000 08:01 12845531                   /usr/lib/jvm/java-7-openjdk-amd64/jre/lib/amd64/server/libjvm.so
7fa51f689000-7fa51f723000 r--p 00b15000 08:01 12845531                   /usr/lib/jvm/java-7-openjdk-amd64/jre/lib/amd64/server/libjvm.so
7fa51f723000-7fa51f746000 rw-p 00baf000 08:01 12845531                   /usr/lib/jvm/java-7-openjdk-amd64/jre/lib/amd64/server/libjvm.so
7fa51f746000-7fa51f774000 rw-p 00000000 00:00 0 
7fa51f774000-7fa51f78c000 r-xp 00000000 08:01 2494526                    /lib/x86_64-linux-gnu/libz.so.1.2.8
7fa51f78c000-7fa51f98b000 ---p 00018000 08:01 2494526                    /lib/x86_64-linux-gnu/libz.so.1.2.8
7fa51f98b000-7fa51f98c000 r--p 00017000 08:01 2494526                    /lib/x86_64-linux-gnu/libz.so.1.2.8
7fa51f98c000-7fa51f98d000 rw-p 00018000 08:01 2494526                    /lib/x86_64-linux-gnu/libz.so.1.2.8
7fa51f98d000-7fa51f9a6000 r-xp 00000000 08:01 2495718                    /lib/x86_64-linux-gnu/libpthread-2.19.so
7fa51f9a6000-7fa51fba5000 ---p 00019000 08:01 2495718                    /lib/x86_64-linux-gnu/libpthread-2.19.so
7fa51fba5000-7fa51fba6000 r--p 00018000 08:01 2495718                    /lib/x86_64-linux-gnu/libpthread-2.19.so
7fa51fba6000-7fa51fba7000 rw-p 00019000 08:01 2495718                    /lib/x86_64-linux-gnu/libpthread-2.19.so
7fa51fba7000-7fa51fbab000 rw-p 00000000 00:00 0 
7fa51fbab000-7fa51fbae000 r-xp 00000000 08:01 2495712                    /lib/x86_64-linux-gnu/libdl-2.19.so
7fa51fbae000-7fa51fdad000 ---p 00003000 08:01 2495712                    /lib/x86_64-linux-gnu/libdl-2.19.so
7fa51fdad000-7fa51fdae000 r--p 00002000 08:01 2495712                    /lib/x86_64-linux-gnu/libdl-2.19.so
7fa51fdae000-7fa51fdaf000 rw-p 00003000 08:01 2495712                    /lib/x86_64-linux-gnu/libdl-2.19.so
7fa51fdaf000-7fa51ff6a000 r-xp 00000000 08:01 2494434                    /lib/x86_64-linux-gnu/libc-2.19.so
7fa51ff6a000-7fa52016a000 ---p 001bb000 08:01 2494434                    /lib/x86_64-linux-gnu/libc-2.19.so
7fa52016a000-7fa52016e000 r--p 001bb000 08:01 2494434                    /lib/x86_64-linux-gnu/libc-2.19.so
7fa52016e000-7fa520170000 rw-p 001bf000 08:01 2494434                    /lib/x86_64-linux-gnu/libc-2.19.so
7fa520170000-7fa520175000 rw-p 00000000 00:00 0 
7fa520175000-7fa520182000 r-xp 00000000 08:01 12845544                   /usr/lib/jvm/java-7-openjdk-amd64/jre/lib/amd64/jli/libjli.so
7fa520182000-7fa520381000 ---p 0000d000 08:01 12845544                   /usr/lib/jvm/java-7-openjdk-amd64/jre/lib/amd64/jli/libjli.so
7fa520381000-7fa520382000 r--p 0000c000 08:01 12845544                   /usr/lib/jvm/java-7-openjdk-amd64/jre/lib/amd64/jli/libjli.so
7fa520382000-7fa520383000 rw-p 0000d000 08:01 12845544                   /usr/lib/jvm/java-7-openjdk-amd64/jre/lib/amd64/jli/libjli.so
7fa520383000-7fa5203a6000 r-xp 00000000 08:01 2494436                    /lib/x86_64-linux-gnu/ld-2.19.so
7fa5203a8000-7fa5203a9000 rw-p 00000000 00:00 0 
7fa5203a9000-7fa5203ac000 r--s 00032000 08:01 12979352                   /usr/lib/jvm/java-7-openjdk-amd64/jre/lib/ext/sunjce_provider.jar
7fa5203ac000-7fa5203ce000 rw-p 00000000 00:00 0 
7fa5203ce000-7fa520484000 rw-p 00000000 00:00 0 
7fa520484000-7fa520487000 ---p 00000000 00:00 0 
7fa520487000-7fa52058a000 rw-p 00000000 00:00 0                          [stack:21826]
7fa52058a000-7fa52058b000 r--s 00002000 08:01 12980329                   /usr/lib/jvm/java-7-openjdk-amd64/jre/lib/ext/dnsns.jar
7fa52058b000-7fa52058d000 r--s 00006000 08:01 13114012                   /usr/share/java/java-atk-wrapper.jar
7fa52058d000-7fa520590000 r--s 0003c000 08:01 12979354                   /usr/lib/jvm/java-7-openjdk-amd64/jre/lib/ext/sunpkcs11.jar
7fa520590000-7fa520592000 r--s 00012000 08:01 12980328                   /usr/lib/jvm/java-7-openjdk-amd64/jre/lib/ext/zipfs.jar
7fa520592000-7fa520595000 r--s 0000f000 08:01 12979353                   /usr/lib/jvm/java-7-openjdk-amd64/jre/lib/ext/pulse-java.jar
7fa520595000-7fa520599000 r--s 00085000 08:01 12980330                   /usr/lib/jvm/java-7-openjdk-amd64/jre/lib/ext/localedata.jar
7fa520599000-7fa5205a1000 rw-s 00000000 08:01 530459                     /tmp/hsperfdata_hscissors/21818
7fa5205a1000-7fa5205a2000 rw-p 00000000 00:00 0 
7fa5205a2000-7fa5205a3000 ---p 00000000 00:00 0 
7fa5205a3000-7fa5205a5000 rw-p 00000000 00:00 0 
7fa5205a5000-7fa5205a6000 r--p 00022000 08:01 2494436                    /lib/x86_64-linux-gnu/ld-2.19.so
7fa5205a6000-7fa5205a7000 rw-p 00023000 08:01 2494436                    /lib/x86_64-linux-gnu/ld-2.19.so
7fa5205a7000-7fa5205a8000 rw-p 00000000 00:00 0 
7fff1e0d3000-7fff1e0f5000 rw-p 00000000 00:00 0                          [stack]
7fff1e1fe000-7fff1e200000 r-xp 00000000 00:00 0                          [vdso]
ffffffffff600000-ffffffffff601000 r-xp 00000000 00:00 0                  [vsyscall]

VM Arguments:
jvm_args: -Xmx1024M 
java_command: /home/hscissors/Downloads/android-studio/sdk/build-tools/21.0.0/lib/dx.jar --dex --num-threads=4 --output /home/hscissors/AndroidStudioProjects/Timeline2/app/build/intermediates/dex/debug /home/hscissors/AndroidStudioProjects/Timeline2/app/build/intermediates/classes/debug /home/hscissors/AndroidStudioProjects/Timeline2/app/build/intermediates/dependency-cache/debug /home/hscissors/AndroidStudioProjects/Timeline2/app/build/intermediates/pre-dexed/debug/classes-1f3a88afbc04b59d5cb0982a9d856461dc407f43.jar /home/hscissors/AndroidStudioProjects/Timeline2/app/build/intermediates/pre-dexed/debug/internal_impl-21.0.0-377db02a45fd34a8b02e8acc2640dfd13589cb8b.jar /home/hscissors/AndroidStudioProjects/Timeline2/app/build/intermediates/pre-dexed/debug/classes-6dd3177a93feead5d861b1b85559143eca63001e.jar /home/hscissors/AndroidStudioProjects/Timeline2/app/build/intermediates/pre-dexed/debug/classes-00b5005a5548e5cf13217e43048297c36bb1a2db.jar /home/hscissors/AndroidStudioProjects/Timeline2/app/build/intermediates/pre-dexed/debug/classes-3b591c9b30a756c3f29e545b32d4a95ecfc184ab.jar /home/hscissors/AndroidStudioProjects/Timeline2/app/build/intermediates/pre-dexed/debug/classes-e8611ad7a51905126edbbe4c98d39952d1618542.jar /home/hscissors/AndroidStudioProjects/Timeline2/app/build/intermediates/pre-dexed/debug/jsoup-1.8.1-9a259da9fa0e7058e96f6ef65bd9e0021e1b16d0.jar /home/hscissors/AndroidStudioProjects/Timeline2/app/build/intermediates/pre-dexed/debug/classes-50199ec07f9d9d472c182077083cd1d342c256d5.jar /home/hscissors/AndroidStudioProjects/Timeline2/app/build/intermediates/pre-dexed/debug/classes-2c71d107f464df7bc62c9183b04f2fb6e90fe61a.jar /home/hscissors/AndroidStudioProjects/Timeline2/app/build/intermediates/pre-dexed/debug/support-annotations-21.0.0-556e1dd9a86db7803ce7fed8037a0424696cc604.jar
Launcher Type: SUN_STANDARD

Environment Variables:
CLASSPATH=./../lib/bootstrap.jar:./../lib/extensions.jar:./../lib/util.jar:./../lib/jdom.jar:./../lib/log4j.jar:./../lib/trove4j.jar:./../lib/jna.jar:/usr/lib/jvm/java-7-openjdk-amd64/lib/tools.jar
PATH=/home/hscissors/.rvm/gems/ruby-1.9.3-p547/bin:/home/hscissors/.rvm/gems/ruby-1.9.3-p547@global/bin:/home/hscissors/.rvm/rubies/ruby-1.9.3-p547/bin:/usr/local/sbin:/usr/local/bin:/usr/sbin:/usr/bin:/sbin:/bin:/usr/games:/usr/local/games:/home/hscissors/.rvm/bin:/home/hscissors/.rvm/bin
LD_LIBRARY_PATH=.:
SHELL=/bin/bash
DISPLAY=:0

Signal Handlers:
SIGSEGV: [libjvm.so+0x949180], sa_mask[0]=0x7ffbfeff, sa_flags=0x10000004
SIGBUS: [libjvm.so+0x949180], sa_mask[0]=0x7ffbfeff, sa_flags=0x10000004
SIGFPE: [libjvm.so+0x7c2ec0], sa_mask[0]=0x7ffbfeff, sa_flags=0x10000004
SIGPIPE: [libjvm.so+0x7c2ec0], sa_mask[0]=0x7ffbfeff, sa_flags=0x10000004
SIGXFSZ: [libjvm.so+0x7c2ec0], sa_mask[0]=0x7ffbfeff, sa_flags=0x10000004
SIGILL: [libjvm.so+0x7c2ec0], sa_mask[0]=0x7ffbfeff, sa_flags=0x10000004
SIGUSR1: SIG_DFL, sa_mask[0]=0x00000000, sa_flags=0x00000000
SIGUSR2: [libjvm.so+0x7c2d60], sa_mask[0]=0x00000004, sa_flags=0x10000004
SIGHUP: [libjvm.so+0x7c2f40], sa_mask[0]=0x7ffbfeff, sa_flags=0x10000004
SIGINT: [libjvm.so+0x7c2f40], sa_mask[0]=0x7ffbfeff, sa_flags=0x10000004
SIGTERM: [libjvm.so+0x7c2f40], sa_mask[0]=0x7ffbfeff, sa_flags=0x10000004
SIGQUIT: [libjvm.so+0x7c2f40], sa_mask[0]=0x7ffbfeff, sa_flags=0x10000004
SIGTRAP: SIG_DFL, sa_mask[0]=0x00000000, sa_flags=0x00000000


---------------  S Y S T E M  ---------------

OS:Ubuntu 14.04 (trusty)
uname:Linux 3.13.0-36-generic #63-Ubuntu SMP Wed Sep 3 21:30:07 UTC 2014 x86_64
libc:glibc 2.19 NPTL 2.19 
rlimit: STACK 8192k, CORE 0k, NPROC 46371, NOFILE 4096, AS infinity
load average:0.65 0.77 0.76

/proc/meminfo:
MemTotal:        5965356 kB
MemFree:          102924 kB
Buffers:             380 kB
Cached:           436004 kB
SwapCached:            0 kB
Active:          5241600 kB
Inactive:         374152 kB
Active(anon):    5240780 kB
Inactive(anon):   365236 kB
Active(file):        820 kB
Inactive(file):     8916 kB
Unevictable:          32 kB
Mlocked:              32 kB
SwapTotal:             0 kB
SwapFree:              0 kB
Dirty:                16 kB
Writeback:           220 kB
AnonPages:       5180504 kB
Mapped:           131604 kB
Shmem:            425772 kB
Slab:              94408 kB
SReclaimable:      35552 kB
SUnreclaim:        58856 kB
KernelStack:        6536 kB
PageTables:        64908 kB
NFS_Unstable:          0 kB
Bounce:                0 kB
WritebackTmp:          0 kB
CommitLimit:     2982676 kB
Committed_AS:   12397984 kB
VmallocTotal:   34359738367 kB
VmallocUsed:      354728 kB
VmallocChunk:   34359374860 kB
HardwareCorrupted:     0 kB
AnonHugePages:   2557952 kB
HugePages_Total:       0
HugePages_Free:        0
HugePages_Rsvd:        0
HugePages_Surp:        0
Hugepagesize:       2048 kB
DirectMap4k:       97088 kB
DirectMap2M:     6047744 kB


CPU:total 4 (2 cores per cpu, 2 threads per core) family 6 model 58 stepping 9, cmov, cx8, fxsr, mmx, sse, sse2, sse3, ssse3, sse4.1, sse4.2, popcnt, avx, aes, erms, ht, tsc, tscinvbit, tscinv

/proc/cpuinfo:
processor	: 0
vendor_id	: GenuineIntel
cpu family	: 6
model		: 58
model name	: Intel(R) Core(TM) i5-3230M CPU @ 2.60GHz
stepping	: 9
microcode	: 0x15
cpu MHz		: 2601.000
cache size	: 3072 KB
physical id	: 0
siblings	: 4
core id		: 0
cpu cores	: 2
apicid		: 0
initial apicid	: 0
fpu		: yes
fpu_exception	: yes
cpuid level	: 13
wp		: yes
flags		: fpu vme de pse tsc msr pae mce cx8 apic sep mtrr pge mca cmov pat pse36 clflush dts acpi mmx fxsr sse sse2 ss ht tm pbe syscall nx rdtscp lm constant_tsc arch_perfmon pebs bts rep_good nopl xtopology nonstop_tsc aperfmperf eagerfpu pni pclmulqdq dtes64 monitor ds_cpl vmx est tm2 ssse3 cx16 xtpr pdcm pcid sse4_1 sse4_2 x2apic popcnt tsc_deadline_timer aes xsave avx f16c rdrand lahf_lm ida arat epb xsaveopt pln pts dtherm tpr_shadow vnmi flexpriority ept vpid fsgsbase smep erms
bogomips	: 5188.59
clflush size	: 64
cache_alignment	: 64
address sizes	: 36 bits physical, 48 bits virtual
power management:

processor	: 1
vendor_id	: GenuineIntel
cpu family	: 6
model		: 58
model name	: Intel(R) Core(TM) i5-3230M CPU @ 2.60GHz
stepping	: 9
microcode	: 0x15
cpu MHz		: 1300.000
cache size	: 3072 KB
physical id	: 0
siblings	: 4
core id		: 0
cpu cores	: 2
apicid		: 1
initial apicid	: 1
fpu		: yes
fpu_exception	: yes
cpuid level	: 13
wp		: yes
flags		: fpu vme de pse tsc msr pae mce cx8 apic sep mtrr pge mca cmov pat pse36 clflush dts acpi mmx fxsr sse sse2 ss ht tm pbe syscall nx rdtscp lm constant_tsc arch_perfmon pebs bts rep_good nopl xtopology nonstop_tsc aperfmperf eagerfpu pni pclmulqdq dtes64 monitor ds_cpl vmx est tm2 ssse3 cx16 xtpr pdcm pcid sse4_1 sse4_2 x2apic popcnt tsc_deadline_timer aes xsave avx f16c rdrand lahf_lm ida arat epb xsaveopt pln pts dtherm tpr_shadow vnmi flexpriority ept vpid fsgsbase smep erms
bogomips	: 5188.59
clflush size	: 64
cache_alignment	: 64
address sizes	: 36 bits physical, 48 bits virtual
power management:

processor	: 2
vendor_id	: GenuineIntel
cpu family	: 6
model		: 58
model name	: Intel(R) Core(TM) i5-3230M CPU @ 2.60GHz
stepping	: 9
microcode	: 0x15
cpu MHz		: 2601.000
cache size	: 3072 KB
physical id	: 0
siblings	: 4
core id		: 1
cpu cores	: 2
apicid		: 2
initial apicid	: 2
fpu		: yes
fpu_exception	: yes
cpuid level	: 13
wp		: yes
flags		: fpu vme de pse tsc msr pae mce cx8 apic sep mtrr pge mca cmov pat pse36 clflush dts acpi mmx fxsr sse sse2 ss ht tm pbe syscall nx rdtscp lm constant_tsc arch_perfmon pebs bts rep_good nopl xtopology nonstop_tsc aperfmperf eagerfpu pni pclmulqdq dtes64 monitor ds_cpl vmx est tm2 ssse3 cx16 xtpr pdcm pcid sse4_1 sse4_2 x2apic popcnt tsc_deadline_timer aes xsave avx f16c rdrand lahf_lm ida arat epb xsaveopt pln pts dtherm tpr_shadow vnmi flexpriority ept vpid fsgsbase smep erms
bogomips	: 5188.59
clflush size	: 64
cache_alignment	: 64
address sizes	: 36 bits physical, 48 bits virtual
power management:

processor	: 3
vendor_id	: GenuineIntel
cpu family	: 6
model		: 58
model name	: Intel(R) Core(TM) i5-3230M CPU @ 2.60GHz
stepping	: 9
microcode	: 0x15
cpu MHz		: 2601.000
cache size	: 3072 KB
physical id	: 0
siblings	: 4
core id		: 1
cpu cores	: 2
apicid		: 3
initial apicid	: 3
fpu		: yes
fpu_exception	: yes
cpuid level	: 13
wp		: yes
flags		: fpu vme de pse tsc msr pae mce cx8 apic sep mtrr pge mca cmov pat pse36 clflush dts acpi mmx fxsr sse sse2 ss ht tm pbe syscall nx rdtscp lm constant_tsc arch_perfmon pebs bts rep_good nopl xtopology nonstop_tsc aperfmperf eagerfpu pni pclmulqdq dtes64 monitor ds_cpl vmx est tm2 ssse3 cx16 xtpr pdcm pcid sse4_1 sse4_2 x2apic popcnt tsc_deadline_timer aes xsave avx f16c rdrand lahf_lm ida arat epb xsaveopt pln pts dtherm tpr_shadow vnmi flexpriority ept vpid fsgsbase smep erms
bogomips	: 5188.59
clflush size	: 64
cache_alignment	: 64
address sizes	: 36 bits physical, 48 bits virtual
power management:



Memory: 4k page, physical 5965356k(102180k free), swap 0k(0k free)

vm_info: OpenJDK 64-Bit Server VM (24.65-b04) for linux-amd64 JRE (1.7.0_65-b32), built on Sep 10 2014 05:56:05 by "buildd" with gcc 4.8.2

time: Wed Oct 29 23:45:22 2014
elapsed time: 3 seconds

